
       <<            hh                    tt  >> 
     <<              hh       ii           tt    >>
   <<                hh                  tttttt    >>
 <<        ppppp     hhhhhh   ii           tt        >>
   <<      pp  pp    hhh  hh  ii  -----    tt      >>
     <<    pp  pp    hh   hh  ii  -----    tt    >>
       <<  ppppp     hh   hh  ii           tt  >>
           pp          
           pp  //////////////////////////////
           pp  \\\\\\\\\\\\\\\   Phi-T(R) NeuroBayes(R) Teacher
      
  Algorithms by Michael Feindt 
  Implementation by Phi-T Project 2001-2003
  Copyright Phi-T GmbH 
  Version  20101206
  Library compiled with:
   NB_MAXPATTERN= 1500000
   NB_MAXNODE   = 100
  -----------------------------------
 found 31440 samples to learn from

 preprocessing flags/parameters:
 global preprocessing flag: 612
 individual preprocessing:
 variable # 2 : PreproFlag = 18
    parameter # 1 =  0.
    parameter # 2 =  0.
    parameter # 3 =  0.
    parameter # 4 =  0.
    parameter # 5 =  0.
    parameter # 6 =  0.
    parameter # 7 =  0.
    parameter # 8 =  0.
    parameter # 9 =  0.
    parameter # 10 =  0.
 variable # 3 : PreproFlag = 18
    parameter # 1 =  0.
    parameter # 2 =  0.
    parameter # 3 =  0.
    parameter # 4 =  0.
    parameter # 5 =  0.
    parameter # 6 =  0.
    parameter # 7 =  0.
    parameter # 8 =  0.
    parameter # 9 =  0.
    parameter # 10 =  0.
 variable # 4 : PreproFlag = 34
    parameter # 1 =  0.
    parameter # 2 =  0.
    parameter # 3 =  0.
    parameter # 4 =  0.
    parameter # 5 =  0.
    parameter # 6 =  0.
    parameter # 7 =  0.
    parameter # 8 =  0.
    parameter # 9 =  0.
    parameter # 10 =  0.
 variable # 5 : PreproFlag = 34
    parameter # 1 =  0.
    parameter # 2 =  0.
    parameter # 3 =  0.
    parameter # 4 =  0.
    parameter # 5 =  0.
    parameter # 6 =  0.
    parameter # 7 =  0.
    parameter # 8 =  0.
    parameter # 9 =  0.
    parameter # 10 =  0.
 variable # 6 : PreproFlag = 34
    parameter # 1 =  0.
    parameter # 2 =  0.
    parameter # 3 =  0.
    parameter # 4 =  0.
    parameter # 5 =  0.
    parameter # 6 =  0.
    parameter # 7 =  0.
    parameter # 8 =  0.
    parameter # 9 =  0.
    parameter # 10 =  0.
 variable # 7 : PreproFlag = 34
    parameter # 1 =  0.
    parameter # 2 =  0.
    parameter # 3 =  0.
    parameter # 4 =  0.
    parameter # 5 =  0.
    parameter # 6 =  0.
    parameter # 7 =  0.
    parameter # 8 =  0.
    parameter # 9 =  0.
    parameter # 10 =  0.
 variable # 8 : PreproFlag = 34
    parameter # 1 =  0.
    parameter # 2 =  0.
    parameter # 3 =  0.
    parameter # 4 =  0.
    parameter # 5 =  0.
    parameter # 6 =  0.
    parameter # 7 =  0.
    parameter # 8 =  0.
    parameter # 9 =  0.
    parameter # 10 =  0.
 variable # 9 : PreproFlag = 34
    parameter # 1 =  0.
    parameter # 2 =  0.
    parameter # 3 =  0.
    parameter # 4 =  0.
    parameter # 5 =  0.
    parameter # 6 =  0.
    parameter # 7 =  0.
    parameter # 8 =  0.
    parameter # 9 =  0.
    parameter # 10 =  0.
 variable # 10 : PreproFlag = 34
    parameter # 1 =  0.
    parameter # 2 =  0.
    parameter # 3 =  0.
    parameter # 4 =  0.
    parameter # 5 =  0.
    parameter # 6 =  0.
    parameter # 7 =  0.
    parameter # 8 =  0.
    parameter # 9 =  0.
    parameter # 10 =  0.
 variable # 11 : PreproFlag = 34
    parameter # 1 =  0.
    parameter # 2 =  0.
    parameter # 3 =  0.
    parameter # 4 =  0.
    parameter # 5 =  0.
    parameter # 6 =  0.
    parameter # 7 =  0.
    parameter # 8 =  0.
    parameter # 9 =  0.
    parameter # 10 =  0.
 variable # 12 : PreproFlag = 34
    parameter # 1 =  0.
    parameter # 2 =  0.
    parameter # 3 =  0.
    parameter # 4 =  0.
    parameter # 5 =  0.
    parameter # 6 =  0.
    parameter # 7 =  0.
    parameter # 8 =  0.
    parameter # 9 =  0.
    parameter # 10 =  0.
 variable # 13 : PreproFlag = 34
    parameter # 1 =  0.
    parameter # 2 =  0.
    parameter # 3 =  0.
    parameter # 4 =  0.
    parameter # 5 =  0.
    parameter # 6 =  0.
    parameter # 7 =  0.
    parameter # 8 =  0.
    parameter # 9 =  0.
    parameter # 10 =  0.
 variable # 14 : PreproFlag = 34
    parameter # 1 =  0.
    parameter # 2 =  0.
    parameter # 3 =  0.
    parameter # 4 =  0.
    parameter # 5 =  0.
    parameter # 6 =  0.
    parameter # 7 =  0.
    parameter # 8 =  0.
    parameter # 9 =  0.
    parameter # 10 =  0.
 variable # 15 : PreproFlag = 34
    parameter # 1 =  0.
    parameter # 2 =  0.
    parameter # 3 =  0.
    parameter # 4 =  0.
    parameter # 5 =  0.
    parameter # 6 =  0.
    parameter # 7 =  0.
    parameter # 8 =  0.
    parameter # 9 =  0.
    parameter # 10 =  0.
 variable # 16 : PreproFlag = 34
    parameter # 1 =  0.
    parameter # 2 =  0.
    parameter # 3 =  0.
    parameter # 4 =  0.
    parameter # 5 =  0.
    parameter # 6 =  0.
    parameter # 7 =  0.
    parameter # 8 =  0.
    parameter # 9 =  0.
    parameter # 10 =  0.
 variable # 17 : PreproFlag = 34
    parameter # 1 =  0.
    parameter # 2 =  0.
    parameter # 3 =  0.
    parameter # 4 =  0.
    parameter # 5 =  0.
    parameter # 6 =  0.
    parameter # 7 =  0.
    parameter # 8 =  0.
    parameter # 9 =  0.
    parameter # 10 =  0.
 variable # 18 : PreproFlag = 34
    parameter # 1 =  0.
    parameter # 2 =  0.
    parameter # 3 =  0.
    parameter # 4 =  0.
    parameter # 5 =  0.
    parameter # 6 =  0.
    parameter # 7 =  0.
    parameter # 8 =  0.
    parameter # 9 =  0.
    parameter # 10 =  0.
 variable # 19 : PreproFlag = 34
    parameter # 1 =  0.
    parameter # 2 =  0.
    parameter # 3 =  0.
    parameter # 4 =  0.
    parameter # 5 =  0.
    parameter # 6 =  0.
    parameter # 7 =  0.
    parameter # 8 =  0.
    parameter # 9 =  0.
    parameter # 10 =  0.
 variable # 20 : PreproFlag = 34
    parameter # 1 =  0.
    parameter # 2 =  0.
    parameter # 3 =  0.
    parameter # 4 =  0.
    parameter # 5 =  0.
    parameter # 6 =  0.
    parameter # 7 =  0.
    parameter # 8 =  0.
    parameter # 9 =  0.
    parameter # 10 =  0.
 variable # 21 : PreproFlag = 34
    parameter # 1 =  0.
    parameter # 2 =  0.
    parameter # 3 =  0.
    parameter # 4 =  0.
    parameter # 5 =  0.
    parameter # 6 =  0.
    parameter # 7 =  0.
    parameter # 8 =  0.
    parameter # 9 =  0.
    parameter # 10 =  0.
 variable # 22 : PreproFlag = 34
    parameter # 1 =  0.
    parameter # 2 =  0.
    parameter # 3 =  0.
    parameter # 4 =  0.
    parameter # 5 =  0.
    parameter # 6 =  0.
    parameter # 7 =  0.
    parameter # 8 =  0.
    parameter # 9 =  0.
    parameter # 10 =  0.
 variable # 23 : PreproFlag = 34
    parameter # 1 =  0.
    parameter # 2 =  0.
    parameter # 3 =  0.
    parameter # 4 =  0.
    parameter # 5 =  0.
    parameter # 6 =  0.
    parameter # 7 =  0.
    parameter # 8 =  0.
    parameter # 9 =  0.
    parameter # 10 =  0.
 variable # 24 : PreproFlag = 34
    parameter # 1 =  0.
    parameter # 2 =  0.
    parameter # 3 =  0.
    parameter # 4 =  0.
    parameter # 5 =  0.
    parameter # 6 =  0.
    parameter # 7 =  0.
    parameter # 8 =  0.
    parameter # 9 =  0.
    parameter # 10 =  0.

 Using weight factor:  1.
 now perform preprocessing
 ***  called with option   12
 ***  This will do for you:
 ***    input variable equalisation 
 ***    to Gaussian distribution with mean=0 and sigma=1
 ***    Then variables are decorrelated 
 ************************************
 Signal fraction:  50. %
 ------------------------------
 Transdef: Tab for variable  1   -1. -1. -1. -1. -1. -1. -1. -1. -1. -1. -1.
 -1. -1. -1. -1. -1. -1. -1. -1. -1. -1. -1. -1. -1. -1. -1. -1. -1. -1. -1.
 -1. -1. -1. -1. -1. -1. -1. -1. -1. -1. -1. -1. -1. -1. -1. -1. -1. -1. -1.
 -1.  0.  1.  1.  1.  1.  1.  1.  1.  1.  1.  1.  1.  1.  1.  1.  1.  1.  1.
  1.  1.  1.  1.  1.  1.  1.  1.  1.  1.  1.  1.  1.  1.  1.  1.  1.  1.  1.
  1.  1.  1.  1.  1.  1.  1.  1.  1.  1.  1.  1.  1.  1.
 ------------------------------
 Transdef: Tab for variable  2    0.  0.  0.  0.  0.  0.  0.  0.  0.  0.  0.
  0.  0.  0.  0.  0.  0.  0.  0.  0.  0.  0.  0.  0.  0.  0.  0.  0.  0.  0.
  0.  0.  0.  0.  0.  0.  0.  0.  0.  0.  0.  0.  0.  0.  0.  0.  0.  0.  0.
  0.  0.  0.  0.  0.  0.  0.  0.  0.  0.  0.  0.  0.  0.  0.  0.  0.  0.  0.
  0.  0.  0.  0.  0.  0.  0.  0.  0.  0.  0.  0.  0.  0.  0.  0.  0.  0.  0.
  0.  0.  0.  0.  0.  0.  0.  0.  0.  0.  0.  0.  1.  1.
 build map for variable # 2
 Only one class left for trimmed mean, or sigma very small
  -> take "normal" mean
 ------------------------------
 Transdef: Tab for variable  3    0.  0.  0.  0.  0.  0.  0.  0.  0.  0.  0.
  0.  0.  0.  0.  0.  0.  0.  0.  0.  0.  0.  0.  0.  0.  0.  0.  0.  0.  0.
  0.  0.  0.  0.  0.  0.  0.  0.  0.  0.  0.  0.  0.  0.  0.  0.  0.  0.  0.
  0.  0.  0.  0.  0.  0.  0.  0.  0.  0.  0.  0.  0.  0.  0.  0.  0.  0.  0.
  0.  0.  0.  0.  0.  0.  0.  0.  0.  0.  0.  0.  0.  0.  0.  0.  0.  0.  0.
  0.  0.  0.  0.  0.  0.  0.  0.  0.  0.  0.  0.  1.  1.
 build map for variable # 3
 Only one class left for trimmed mean, or sigma very small
  -> take "normal" mean
 ------------------------------
 Transdef: Tab for variable  4   -164.645294 -82.8621521 -68.5722504
 -60.4896011 -54.6483994 -49.8658981 -45.7410507 -42.1291504 -38.7586517
 -35.3628006 -32.4398499 -29.6216507 -26.7443008 -24.2618504 -21.796299
 -19.5047493 -17.5371513 -15.4503994 -13.5988503 -11.6019001 -9.87380028
 -8.21154976 -6.65110016 -5.22599983 -3.93009996 -2.89529991 -2.07620001
 -1.29544997 -0.705250025 -0.218500003  0.308699995  0.544399977  0.797800004
  1.09099996  1.34665  1.61835003  1.91415  2.19834995  2.49819994  2.78474998
  3.09070015  3.43540001  3.78520012  4.1647501  4.61530018  5.06550026
  5.49450016  5.93365002  6.4375  6.95354986  7.52400017  8.07349968
  8.66670036  9.30190086  9.92155075  10.6768494  11.4580002  12.1928501
  12.9200001  13.7027998  14.4268494  15.3247499  16.0741501  16.8307991
  17.5851002  18.4477501  19.2733994  20.1441002  21.0001507  22.0389996
  22.9971504  23.9762993  24.8957996  25.8180504  26.8098984  27.825901
  28.8867493  29.8777008  30.952549  32.1037979  33.2061501  34.4574509
  35.6833  37.0607491  38.4291534  39.8590012  41.3516006  42.8779984
  44.6183014  46.303299  48.1026001  50.2857513  52.7381516  55.177002
  58.3481522  61.953701  65.9353485  70.9396515  77.109848  87.4570999
  153.071594
 do regularised spline fit for input variable # 4
 build map for variable # 4
 ------------------------------
 Transdef: Tab for variable  5   -155.759796 -84.168396 -71.2157516 -62.9734497
 -56.7758026 -52.0055008 -47.9100494 -44.2733498 -40.8962479 -37.6808472
 -34.9211998 -32.1793518 -29.5632515 -27.2038002 -24.60355 -22.4771004
 -20.4956512 -18.6868 -16.8381996 -15.1506996 -13.2951508 -11.6578503
 -9.91284943 -8.49715042 -6.91860008 -5.60735035 -4.35385036 -3.28769994
 -2.39074993 -1.71895003 -1.12969995 -0.676649988 -0.271149993  0.164099991
  0.33919999  0.519999981  0.710500002  0.917050004  1.1263001  1.35979998
  1.60899997  1.88870001  2.17614985  2.49635005  2.84049988  3.18429995
  3.53534985  3.95830011  4.34415007  4.77375031  5.24059963  5.8187499
  6.36434984  6.98759985  7.58144999  8.22024918  8.98150063  9.68709946
  10.3400002  11.1352997  11.8612499  12.6553993  13.5007496  14.3546505
  15.1830502  16.0528507  16.9831505  17.8928986  18.8288994  19.7332993
  20.6748009  21.6357498  22.5353508  23.4542007  24.34375  25.3486996
  26.3968506  27.4105988  28.4533005  29.6082993  30.922699  32.1170502
  33.4397507  34.6934013  36.1051483  37.4400482  38.953949  40.5774994
  42.1828995  44.0261993  45.9224014  47.9992523  50.3418503  53.1310501
  56.1868515  59.6282005  63.3582993  68.3628998  74.5361023  85.4799042
  154.713806
 do regularised spline fit for input variable # 5
 build map for variable # 5
 warning: map is empty for variable 5
 ------------------------------
 Transdef: Tab for variable  6    4.24865448E-06  0.000248086901
  0.000442606746  0.000681381149  0.000898707309  0.00111207296  0.00134332594
  0.00156521751  0.0018317299  0.00205077184  0.00228371145  0.00251447642
  0.00274332613  0.0029752783  0.0032046889  0.00343019189  0.00363884796
  0.00385877118  0.00409281347  0.00432828814  0.00455146004  0.00478354748
  0.00498966593  0.00522778975  0.00545747625  0.00572313135  0.00595785538
  0.00620045979  0.0064330725  0.00667857798  0.00693607889  0.00716207828
  0.00740564987  0.007613861  0.00782524142  0.00806145743  0.0083142519
  0.00855098665  0.00878144521  0.00901016034  0.0092655234  0.0095326677
  0.00981152151  0.01010051  0.0103944335  0.0107069518  0.0110578369
  0.0114152357  0.0118284002  0.0122568542  0.012785038  0.0133156357
  0.0138560664  0.0144490991  0.0151088592  0.0158831663  0.0167278275
  0.0175464973  0.018598672  0.0197692309  0.0209608078  0.0222943723
  0.0236812569  0.0251233671  0.027082637  0.0289686676  0.0311801992
  0.0336953849  0.0370344259  0.0402930453  0.0439476483  0.0470443666
  0.0498666726  0.0523180515  0.0548608452  0.0583643988  0.0626258403
  0.0675733164  0.0732114464  0.0805750042  0.0892876685  0.098454088
  0.108499274  0.122563764  0.138681829  0.157678261  0.176958978  0.200757682
  0.228820816  0.260715306  0.297924042  0.337894499  0.388161063  0.452045798
  0.549086154  0.688220799  0.771092832  0.824567974  0.856672108  0.90000999
  1.
 do regularised spline fit for input variable # 6
 build map for variable # 6
 ------------------------------
 Transdef: Tab for variable  7    1.3702512E-06  0.000226458418  0.000431425229
  0.00065014523  0.000870798423  0.00108172442  0.00130917202  0.00152257725
  0.00179510936  0.00202156277  0.00227548881  0.00250315759  0.00270570931
  0.00295635732  0.00319124991  0.00343824551  0.00365764438  0.00388210127
  0.00409898069  0.00432056468  0.00454928726  0.00478464086  0.00503542181
  0.00526795257  0.00548476446  0.0057288548  0.00598402787  0.00623475574
  0.00647697924  0.00670821778  0.00697555486  0.00720373914  0.00743791461
  0.00766750239  0.00792415813  0.00814858917  0.00839651376  0.00862835813
  0.00887009688  0.0091197174  0.00939302053  0.00963812508  0.00994597189
  0.0102231493  0.0105161462  0.010864215  0.0112233199  0.0116767418
  0.0120715518  0.0125315003  0.0130405594  0.0136161949  0.0141609311
  0.0148171112  0.015454594  0.0162408054  0.0170013085  0.0179945976
  0.0188804753  0.0199639834  0.0210727677  0.0222050138  0.0236855298
  0.025421273  0.027207505  0.0292817019  0.0315538272  0.0342648923
  0.0369605124  0.0403028131  0.0441906787  0.0472708941  0.0499500781
  0.0528721474  0.0557399765  0.0590925142  0.0635168403  0.0694535673
  0.0754606575  0.083287403  0.0913018212  0.10090521  0.11202313  0.125353187
  0.141054481  0.159180313  0.179857865  0.203220725  0.228004426  0.259193033
  0.295816004  0.341116726  0.380251616  0.443251669  0.538791418  0.668173492
  0.766546845  0.82437861  0.859536588  0.901437581  1.
 do regularised spline fit for input variable # 7
 build map for variable # 7
 ------------------------------
 Transdef: Tab for variable  8   -12.363061 -9.19766235 -8.44361115 -7.98065424
 -7.66089535 -7.43750715 -7.25337791 -7.09559011 -6.97843266 -6.87540722
 -6.77425194 -6.61624956 -6.46990299 -6.33363342 -6.19553614 -6.07878876
 -5.97078896 -5.86255455 -5.76075935 -5.65139484 -5.55892706 -5.46776819
 -5.38065434 -5.2857542 -5.19303846 -5.09193802 -4.99568176 -4.89513636
 -4.80922985 -4.72412872 -4.64645767 -4.56318903 -4.47985983 -4.399261
 -4.31034946 -4.23174381 -4.15844059 -4.08124828 -4.00697041 -3.93679762
 -3.86309814 -3.78465867 -3.70242071 -3.6171689 -3.54231405 -3.47124696
 -3.40259004 -3.32021713 -3.24706149 -3.17193818 -3.09418488 -3.01596403
 -2.94209909 -2.85906029 -2.77679634 -2.7021637 -2.6119554 -2.54250836
 -2.46577477 -2.38646698 -2.3103199 -2.23409557 -2.15727234 -2.07550287
 -2.00090647 -1.93009984 -1.85360575 -1.77828193 -1.70929503 -1.63533998
 -1.54365003 -1.43869567 -1.33217502 -1.21447778 -1.10609412 -0.981851578
 -0.848698676 -0.723301649 -0.602043152 -0.484675258 -0.372472644 -0.280800045
 -0.210356638 -0.157403469 -0.111010693 -0.0781867504 -0.0466893092
 -0.0223817583  0.00867999624  0.0757370442  0.21893537  0.430113077
  0.608209968  0.867318749  1.16063023  1.4705832  1.9155575  2.45325041
  3.19806767  4.72949791  14.241045
 do regularised spline fit for input variable # 8
 build map for variable # 8
 warning: map is empty for variable 8
 ------------------------------
 Transdef: Tab for variable  9   -12.8475723 -9.43645477 -8.65716648
 -8.17574501 -7.86699104 -7.59803295 -7.38481426 -7.22214937 -7.08553028
 -6.97731209 -6.88594627 -6.80358315 -6.68049908 -6.53719997 -6.40520382
 -6.28099537 -6.17477036 -6.06736088 -5.95914173 -5.86843348 -5.77216911
 -5.68459225 -5.59336185 -5.49629784 -5.40132427 -5.31040096 -5.22804213
 -5.14046097 -5.05200958 -4.9752636 -4.89016533 -4.80965614 -4.72530317
 -4.63805676 -4.56006622 -4.48424339 -4.40838814 -4.33118677 -4.25334454
 -4.18765926 -4.10463762 -4.03482676 -3.96826267 -3.90049887 -3.82299709
 -3.74844027 -3.67351866 -3.59784603 -3.52515793 -3.45117426 -3.37962198
 -3.30055428 -3.22924948 -3.14670992 -3.06957102 -2.9886682 -2.91620636
 -2.84506845 -2.76943111 -2.69174719 -2.61008453 -2.53671122 -2.46029663
 -2.38385868 -2.31357765 -2.24461794 -2.16383839 -2.09030962 -2.01171112
 -1.9347744 -1.86529613 -1.78281665 -1.702389 -1.61601329 -1.52408075
 -1.4301883 -1.32109404 -1.21419978 -1.08466566 -0.958527207 -0.84226954
 -0.719482064 -0.604411244 -0.492500424 -0.382147431 -0.287478387 -0.212174997
 -0.149917066 -0.10639181  0.0498391576  0.178343445  0.370705664  0.599152207
  0.87897408  1.17232013  1.49060333  1.90586686  2.46840334  3.2080512
  4.63478184  12.8386068
 do regularised spline fit for input variable # 9
 build map for variable # 9
 ------------------------------
 Transdef: Tab for variable  10    1.50007856  1.51110673  1.5232147
  1.53403234  1.5449698  1.55620956  1.56669712  1.57728541  1.58977187
  1.60118389  1.61199141  1.62282312  1.63480687  1.64713454  1.65892076
  1.67002344  1.68195343  1.69319463  1.7053653  1.71672022  1.72884393
  1.74121428  1.75441456  1.76634383  1.77834225  1.79040766  1.80195761
  1.81465459  1.82602894  1.8389802  1.85105681  1.86267471  1.87531519
  1.88804364  1.90030897  1.91284275  1.92601907  1.9383502  1.95099545
  1.9629488  1.97701132  1.98994207  2.00348806  2.01571512  2.02870774
  2.04164982  2.05479527  2.06794071  2.08308792  2.09576368  2.10967445
  2.12372255  2.13669109  2.14975214  2.16260815  2.17713451  2.19249797
  2.20623207  2.22245502  2.23793721  2.25255728  2.26867151  2.28398657
  2.29932332  2.31544304  2.33228254  2.34698915  2.36284208  2.37938261
  2.39561605  2.41389108  2.43283224  2.45374155  2.47370958  2.49325657
  2.51502275  2.53649569  2.55938959  2.58122587  2.60659862  2.63719463
  2.67512608  2.71212626  2.75198126  2.80231357  2.85289788  2.91247606
  2.98293757  3.04683781  3.12724924  3.21163893  3.31184411  3.43958712
  3.57734966  3.74461555  3.94904995  4.1961174  4.55217171  5.05512714
  5.98782444  23.9545555
 do regularised spline fit for input variable # 10
 build map for variable # 10
 warning: map is empty for variable 10
 ------------------------------
 Transdef: Tab for variable  11    2.00004053  2.06660128  2.1282804
  2.18431997  2.23438454  2.27913284  2.31955051  2.36037302  2.39744186
  2.43226957  2.46682501  2.5010705  2.5316186  2.55944872  2.58592606
  2.6110611  2.63320827  2.65912342  2.68285537  2.7021656  2.7232635
  2.74442673  2.76554012  2.78630948  2.8039031  2.82477045  2.84605265
  2.86767673  2.89036751  2.91303444  2.93293095  2.95608807  2.9774127
  2.99759865  3.01873493  3.04216337  3.06472063  3.08499789  3.10816908
  3.13401556  3.15894079  3.18273282  3.20659065  3.23077226  3.25627899
  3.27921534  3.30382943  3.32864094  3.3557229  3.38157368  3.40765476
  3.43493509  3.4654758  3.49551868  3.52571464  3.55728245  3.58861613
  3.61892724  3.65054274  3.68815422  3.72130179  3.75690699  3.79273081
  3.8262887  3.86444092  3.90557718  3.94656038  3.99058414  4.03440046
  4.08358622  4.12944031  4.17463112  4.2287879  4.28650284  4.34734392
  4.41172266  4.47907543  4.54537106  4.62222004  4.70208025  4.78989983
  4.88503456  4.97756338  5.08482742  5.19841862  5.31748581  5.45018482
  5.61492062  5.7659831  5.96079969  6.19136524  6.42918968  6.66299343
  7.01434612  7.4171505  7.86322594  8.44128704  9.21036148  10.4366455
  12.6236439  46.1104164
 do regularised spline fit for input variable # 11
 build map for variable # 11
 warning: map is empty for variable 11
 ------------------------------
 Transdef: Tab for variable  12    10.00214  10.3188343  10.6063051  10.9010258
  11.2261648  11.5443897  11.8858852  12.2133656  12.5394754  12.8665504
  13.1943808  13.5607948  13.9021511  14.2630253  14.6177855  14.9996605
  15.3730297  15.7754002  16.1653099  16.5281982  16.8709698  17.2549744
  17.6676445  18.0955791  18.5225792  18.9170685  19.3428116  19.788147
  20.26227  20.7725487  21.2527599  21.6446495  22.1089954  22.6061935
  23.1056557  23.6160851  24.1266251  24.7396736  25.2966061  25.8808498
  26.44104  27.0566006  27.6952248  28.2949886  28.9909306  29.6633949
  30.3777199  31.0379295  31.7672005  32.5164032  33.3075447  34.0487442
  34.9240112  35.7217865  36.6449966  37.4969063  38.4666138  39.3184052
  40.3395233  41.3001709  42.328125  43.3758545  44.4510498  45.4992218
  46.6657639  47.7390976  48.9087639  50.0627213  51.347641  52.6982422
  54.081749  55.5990753  57.1001434  58.5651169  60.076561  61.6454468
  63.4138756  65.1636963  67.2177124  68.9730759  71.2209549  73.3321381
  75.650444  78.1777802  80.7749023  83.4409943  86.5636139  89.7648239
  93.581749  96.7994156  100.78775  104.906494  109.012444  113.979904
  120.114761  127.250198  136.85585  148.32724  165.30603  200.33844
  533.151306
 do regularised spline fit for input variable # 12
 build map for variable # 12
 warning: map is empty for variable 12
 ------------------------------
 Transdef: Tab for variable  13    10.0017195  10.3225851  10.6083899
  10.9492054  11.2443247  11.57617  11.8775501  12.1873703  12.4665108
  12.8018198  13.1315002  13.4488201  13.7588596  14.1073208  14.4385548
  14.7927246  15.1590548  15.5209951  15.8938694  16.2710247  16.6405945
  17.0101242  17.3838997  17.7530098  18.1294594  18.5578384  18.9680309
  19.3374863  19.7833061  20.2718048  20.7057896  21.1832905  21.6468601
  22.1542549  22.6654587  23.1683598  23.7233162  24.2493362  24.8129044
  25.4080811  26.0415001  26.6729431  27.2448044  27.8856697  28.5645905
  29.222414  29.8581696  30.5931854  31.3245144  32.0638847  32.7420959
  33.5497665  34.3280182  35.1474495  35.9823761  36.852375  37.7248764
  38.5653038  39.4609146  40.3773689  41.2978287  42.3261948  43.4188461
  44.488224  45.6484833  46.7891197  47.9344597  49.0509949  50.3358612
  51.4718819  52.8533936  54.2130203  55.5400467  57.0186996  58.5880508
  60.3194695  61.8718948  63.4772606  65.3096313  67.3701553  69.3235779
  71.3926315  73.6127319  76.1408691  78.7950592  81.277832  84.0951767
  87.396431  90.7136993  93.9902267  97.721344  101.626846  106.815857
  112.39045  118.264732  125.60463  135.001312  147.317017  164.775253
  199.240234  449.798676
 do regularised spline fit for input variable # 13
 build map for variable # 13
 warning: map is empty for variable 13
 ------------------------------
 Transdef: Tab for variable  14   -169.608704 -86.8124542 -74.4670029
 -65.1708527 -59.5210991 -54.7647018 -50.8924026 -47.7715988 -44.8280029
 -42.4161987 -40.2122498 -38.1760483 -36.4766502 -34.8434982 -33.1150513
 -31.40625 -29.8902512 -28.4295006 -27.0315495 -25.8168488 -24.6221504
 -23.5377007 -22.4675503 -21.451149 -20.3429985 -19.3865013 -18.4603996
 -17.5373993 -16.5711002 -15.7137508 -14.8825998 -14.0200996 -13.2755499
 -12.5417995 -11.7909498 -11.0807495 -10.3749008 -9.71809959 -9.02479935
 -8.34235001 -7.71140003 -7.04115009 -6.45434999 -5.93280029 -5.36794996
 -4.81204987 -4.27085018 -3.7114501 -3.2109499 -2.6243 -2.08004999 -1.60210001
 -1.0789001 -0.579050004 -0.0538000017  0.491050005  0.975649953  1.47119999
  2.00110006  2.49300003  3.05730009  3.72139978  4.37489986  5.01119995
  5.76300001  6.60610008  7.40939999  8.21800041  9.11639977  9.83380032
  10.6949501  11.4854498  12.3768005  13.1968994  13.9793501  14.6723003
  15.4293499  16.1897507  16.9608994  17.7654495  18.5881004  19.2895012
  20.0198498  20.785099  21.5902004  22.4173012  23.1659012  23.9689999
  24.7417984  25.4794502  26.3554497  27.2659988  28.3752003  29.4450493
  30.71455  32.0984001  33.7793503  35.803299  38.6185493  44.3727493
  134.551605
 do regularised spline fit for input variable # 14
 build map for variable # 14
 ------------------------------
 Transdef: Tab for variable  15   -182.238205 -90.205246 -76.854248 -68.2405014
 -62.169548 -57.8217506 -53.9183502 -50.6604996 -47.9516983 -45.4018021
 -42.8785477 -40.8910522 -38.8601532 -37.0203476 -35.4179497 -33.7923508
 -32.1786995 -30.7430992 -29.3985996 -28.028801 -26.9177017 -25.7186012
 -24.53335 -23.3563995 -22.2614002 -21.2200508 -20.2579498 -19.2742996
 -18.3522987 -17.4400005 -16.5058498 -15.5946503 -14.8497 -14.0756998
 -13.3129997 -12.4593506 -11.7640495 -11.0681 -10.4021997 -9.78614998
 -9.12145042 -8.55319977 -7.89914989 -7.31089973 -6.6626997 -6.05484962
 -5.45004988 -4.87979984 -4.32495022 -3.76804996 -3.21895003 -2.63600016
 -2.10724998 -1.58395004 -1.08965003 -0.590299964 -0.0887999982  0.413600028
  0.927450001  1.38470006  1.96790004  2.51005006  3.13709998  3.78760004
  4.47420025  5.25479984  5.99224997  6.83599997  7.64484978  8.56430054
  9.43284988  10.2934494  11.1260996  12.0291996  12.8775005  13.7086
  14.5299997  15.4161501  16.2779503  17.0810509  17.9267998  18.7043495
  19.3945999  20.1623993  20.9766502  21.7628002  22.5229988  23.3712006
  24.2517014  25.1580009  26.1124496  27.2255497  28.21875  29.3256493
  30.5151501  31.7841492  33.4183502  35.6486511  38.9372482  44.6320496
  131.569199
 do regularised spline fit for input variable # 15
 build map for variable # 15
 ------------------------------
 Transdef: Tab for variable  16   -116.496002  23.5029984  117.056999
  228.065002  331.632996  392.049988  412.832001  425.515015  438.264008
  448.411987  458.712006  470.32901  484.104004  499.606995  517.875977
  542.250977  568.874023  602.450012  640.092041  688.392944  743.999023
  807.407959  876.734985  943.801025  1036.79297  1114.30493  1217.21094
  1309.18799  1413.48499  1516.552  1637.82397  1736.74609  1852.50403
  1972.95093  2090.61914  2208.41602  2317.08301  2431.16211  2555.604
  2696.98096  2821.20605  2940.7019  3077.12402  3212.49805  3349.34619
  3482.2002  3633.81201  3782.06396  3923.11499  4086.73193  4240.06592
  4390.88965  4542.50586  4695.69141  4848.51416  5021.72607  5186.88184
  5348.87109  5518.09619  5693.24902  5880.96191  6051.58984  6261.67285
  6452.4292  6631.5752  6830.84912  7019.92969  7221.28809  7443.21777
  7630.9043  7881.12207  8100.26514  8338.9541  8600.2959  8866.29297
  9110.07617  9414.08398  9751.10742  10086.6113  10443.8418  10814.0742
  11207.8184  11606.1934  12052.2061  12515.5371  13052.7002  13579.6611
  14170.9277  14827.7266  15584.1797  16403.0703  17485.2344  18657.043
  19972.4512  21487.6035  23345.8125  25884.7891  29433.2109  33679.6758
  43362.1484  154980.703
 do regularised spline fit for input variable # 16
 build map for variable # 16
 ------------------------------
 Transdef: Tab for variable  17   -215.636002  30.2560005  130.106995
  229.053009  336.888977  397.632996  417.070007  432.78302  444.959991
  458.835999  474.390991  491.025024  509.801025  535.918945  566.531006
  603.698975  643.11499  704.921021  768.339966  845.605957  918.738037
  1012.79901  1099.53406  1218.21704  1329.88794  1434.28101  1570.09595
  1707.70703  1829.73999  1948.69507  2078.60986  2211.49805  2329.96704
  2465.36401  2639.76416  2786.30103  2917.40894  3059.67383  3210.63086
  3358.94897  3525.24707  3673.34619  3818.20996  3978.91699  4128.83008
  4282.91992  4438.5498  4587.7041  4750.47998  4908.16699  5082.65723
  5235.35596  5415.06396  5598.5752  5753.51172  5948.18359  6109.71777
  6282.36621  6437.57812  6623.74902  6815.60059  7016.53223  7239.99316
  7448.77393  7639.68701  7851.51123  8067.25293  8277.80273  8514.43555
  8741.58008  8988.5459  9244.09473  9494.97266  9758.98438  10022.7754
  10334.2363  10651.6318  11032.3311  11414.6895  11815.0723  12236.2783
  12641.5918  13127.1094  13639.8154  14231.1689  14902.6553  15544.5479
  16159.1602  16956.6016  17890.1484  18865.0078  19902.6895  21261.7109
  22703.6875  24530.2207  26811.5781  29763.168  33597.0547  38954.0625
  50047.1719  252925.359
 do regularised spline fit for input variable # 17
 build map for variable # 17
 ------------------------------
 Transdef: Tab for variable  18    4.9255009E-09  0.000281292974  0.00114769803
  0.00243380386  0.00431459583  0.00663473085  0.00946190767  0.0124684535
  0.0158994645  0.0199553147  0.0246880334  0.0300712753  0.0359966606
  0.0424839966  0.0489066727  0.0563076138  0.0643644035  0.0727042332
  0.0813600793  0.0910213217  0.100682728  0.111590266  0.122796223
  0.134635121  0.147662148  0.159872755  0.173190802  0.186507732  0.199267775
  0.216006815  0.231801569  0.248534828  0.266133904  0.284147918  0.300935954
  0.321423084  0.341254294  0.363639414  0.386755854  0.408610165  0.435801536
  0.461337596  0.488081127  0.516024232  0.542091727  0.569467068  0.601637244
  0.633677602  0.665935516  0.700516701  0.733296633  0.77188164  0.813478947
  0.849967539  0.884182453  0.924485683  0.970533609  1.01624417  1.06322539
  1.11322999  1.16497123  1.21726894  1.27233088  1.33238578  1.38994646
  1.4528178  1.52100706  1.59381247  1.66068125  1.73471522  1.8205359
  1.89823616  1.98544383  2.07612085  2.17384815  2.27544403  2.38471127
  2.49491167  2.60957146  2.74399304  2.86839747  3.0212698  3.18003416
  3.32429361  3.50375223  3.70807362  3.92439246  4.15431213  4.4047823
  4.70680666  5.02870846  5.36209393  5.7924099  6.35020733  6.99648333
  7.85498905  8.83355808  10.200325  12.2551222  15.5471439  24.6969204
 do regularised spline fit for input variable # 18
 build map for variable # 18
 warning: map is empty for variable 18
 ------------------------------
 Transdef: Tab for variable  19    0.00789215695  0.0114946915  0.0117817465
  0.0120123671  0.0121634454  0.0123038981  0.0124283312  0.0125365425
  0.0126335481  0.0127270669  0.0128080491  0.0128991809  0.0129862111
  0.0130726676  0.0131529458  0.0132287974  0.0133081619  0.013377348
  0.0134464307  0.0135127008  0.0135722216  0.0136430077  0.0137056801
  0.0137723684  0.013835175  0.0139003806  0.0139624923  0.0140238386
  0.0140871946  0.0141540347  0.0142131178  0.0142721375  0.0143318092
  0.014397081  0.0144557236  0.0145161636  0.0145785604  0.0146348085
  0.014697114  0.0147538334  0.0148198921  0.0148833785  0.0149466824
  0.0150102908  0.0150819412  0.0151553694  0.0152224377  0.0153020527
  0.0153695941  0.0154404128  0.0155125195  0.0155876223  0.0156587213
  0.0157419853  0.0158184953  0.0159011669  0.0159853902  0.0160725974
  0.0161637813  0.0162486173  0.016340496  0.0164339207  0.0165238306
  0.0166152306  0.0167053808  0.0167967416  0.0169002712  0.0170122646
  0.0171280503  0.0172391441  0.0173643772  0.0174976252  0.0176406018
  0.0177791249  0.0179246143  0.0180768333  0.0182376653  0.0184176862
  0.0186134335  0.0188286416  0.0190312639  0.0192463808  0.0194643252
  0.0197191499  0.019999776  0.020321101  0.0206539351  0.0210750997
  0.0215005558  0.0219615065  0.0225373749  0.0231858082  0.0239532869
  0.0247956589  0.0257623419  0.0268523954  0.0280535296  0.0296473764
  0.0319687277  0.0360525101  0.271236271
 do regularised spline fit for input variable # 19
 build map for variable # 19
 warning: map is empty for variable 19
 ------------------------------
 Transdef: Tab for variable  20    19.5560722  24.8955193  26.953125
  28.5512772  29.9923706  31.2297688  32.2862244  33.3750381  34.525383
  35.5560303  36.605957  37.6001053  38.5656509  39.4839478  40.3702431
  41.2782288  42.3208008  43.2141876  44.1719017  45.037487  45.9259987
  46.8870087  47.7337227  48.6639709  49.5098724  50.5285492  51.542305
  52.4669762  53.3902817  54.344883  55.3008842  56.2629852  57.2250748
  58.2822571  59.2954941  60.2876282  61.2308273  62.2760925  63.2414551
  64.2407303  65.2703857  66.3116989  67.4621887  68.5891876  69.6975403
  70.9162445  72.0771713  73.1721649  74.3882294  75.6606903  76.8339539
  78.0497055  79.1950989  80.5700073  81.7851028  83.1339722  84.5521088
  85.9182739  87.5331573  89.0332336  90.5695038  92.1807785  93.8839874
  95.5563507  97.2407608  98.9115753  100.581841  102.352234  104.279114
  106.135956  108.134979  109.891731  112.033646  114.172836  116.169479
  118.571213  120.882294  123.3591  125.990242  128.616486  131.474182
  134.51709  137.741364  140.913879  144.509277  147.968491  151.74707
  156.044556  160.588654  165.452591  170.753769  176.694458  183.534668
  190.965393  200.101562  210.795044  224.185852  241.31218  269.371643
  318.389893  712.987915
 do regularised spline fit for input variable # 20
 build map for variable # 20
 warning: map is empty for variable 20
 ------------------------------
 Transdef: Tab for variable  21    1.66567395E-06  0.000406446488
  0.000775803346  0.00117675296  0.00154376635  0.00192531571  0.00228268746
  0.00265749521  0.00301423902  0.00338785071  0.00375853945  0.00412571151
  0.00447555445  0.00483747758  0.00524333119  0.00562719256  0.00601587445
  0.0064070709  0.00682010222  0.00720615312  0.00754608866  0.00795880705
  0.00836114772  0.00874866731  0.00913936459  0.00951994117  0.00991241168
  0.0103194304  0.0106728561  0.011130156  0.0115718199  0.0119842906
  0.0124017792  0.0128061399  0.0131917791  0.0135934493  0.0140359085
  0.0145054953  0.0149565004  0.015408949  0.0159256421  0.016414158
  0.0168871582  0.0173896234  0.0178672634  0.0184175856  0.0189096592
  0.0194337498  0.0199280772  0.0204698909  0.0210547522  0.0215639193
  0.0220936537  0.0226267092  0.0231957659  0.0238080621  0.0243691634
  0.0250102133  0.0256388225  0.0263531767  0.0270163156  0.0276889913
  0.028462261  0.0292358063  0.0299171247  0.0306823868  0.0314623602
  0.0322446227  0.0330895558  0.0339267626  0.0347906835  0.0357314274
  0.0366800725  0.037561655  0.0385821536  0.0396204591  0.0406240784
  0.0417209193  0.0428186543  0.0441104323  0.0453041196  0.0466682203
  0.048220247  0.0497440509  0.0512960777  0.0530090779  0.0548011288
  0.056670513  0.0586024337  0.0606071278  0.0630625933  0.0656603053
  0.0684088618  0.0712087452  0.0739935711  0.0775083452  0.0812399909
  0.0853872001  0.0893714055  0.0942592248  0.0999944508
 do regularised spline fit for input variable # 21
 build map for variable # 21
 warning: map is empty for variable 21
 ------------------------------
 Transdef: Tab for variable  22    0.290730447  0.512174129  0.565790355
  0.597514212  0.622054219  0.643979847  0.661855757  0.678131461  0.693043947
  0.708036721  0.720807135  0.732561171  0.742957592  0.753999412  0.764495432
  0.774364591  0.784446299  0.793236375  0.801808357  0.810097575  0.818053842
  0.82739985  0.835227907  0.843365312  0.851358831  0.858608127  0.866775334
  0.874308169  0.882550418  0.889868617  0.897137702  0.903963566  0.91116631
  0.918381095  0.925050735  0.932591438  0.939568698  0.946712852  0.953820229
  0.960355878  0.967849195  0.974681795  0.982016027  0.989380717  0.996645033
  1.00400829  1.01168776  1.01882946  1.02595901  1.0329802  1.04017055
  1.04715002  1.05514431  1.06243312  1.07089961  1.07886171  1.08625948
  1.09383476  1.10241675  1.11122453  1.11896181  1.12779331  1.13666177
  1.14592719  1.15491891  1.1647476  1.17437243  1.18457866  1.19411993
  1.20527124  1.21673632  1.22819364  1.24048913  1.2522701  1.26574636
  1.27942014  1.29311156  1.30772769  1.32345462  1.34006691  1.35823846
  1.37744176  1.39886153  1.4246062  1.4524461  1.48221612  1.5195787
  1.55712044  1.60667801  1.65881419  1.73624885  1.82821405  1.94863856
  2.11439466  2.34308434  2.64048052  2.99477673  3.45737743  3.9188385
  4.42866516  4.99870157
 do regularised spline fit for input variable # 22
 build map for variable # 22
 warning: map is empty for variable 22
 ------------------------------
 Transdef: Tab for variable  23    0.162374943  0.515814304  0.566268861
  0.597183526  0.621501923  0.643495977  0.662871659  0.680260241  0.694310308
  0.707795262  0.721546471  0.733265042  0.743874609  0.753783047  0.763710916
  0.774173141  0.783684731  0.793349862  0.802766204  0.812029421  0.820289373
  0.829005957  0.836557508  0.844522059  0.852533817  0.861103773  0.868354797
  0.874986589  0.883105159  0.88962394  0.896861792  0.904218316  0.911541224
  0.918798566  0.925469637  0.933098316  0.940369964  0.947732091  0.954490781
  0.96182698  0.9682464  0.975078523  0.981778026  0.98951447  0.996955752
  1.00432014  1.01140022  1.01946974  1.02592516  1.03336799  1.04052019
  1.04770172  1.05515134  1.0630486  1.07066524  1.07879722  1.08713245
  1.09501743  1.10268736  1.11052752  1.11846066  1.12653911  1.1351428
  1.14428389  1.1534251  1.16244698  1.1720612  1.181476  1.19345462
  1.20413387  1.21583748  1.22556424  1.23758435  1.25059962  1.26448274
  1.27879691  1.29309034  1.30976808  1.32629895  1.34365749  1.36194348
  1.38239312  1.40321803  1.42718339  1.45573401  1.48919261  1.52666032
  1.5732131  1.62336397  1.6852715  1.75404966  1.85516834  1.99489665
  2.16940665  2.40824652  2.67574835  3.06493926  3.48657608  3.93654728
  4.46035576  4.99978018
 do regularised spline fit for input variable # 23
 build map for variable # 23
 warning: map is empty for variable 23
 ------------------------------
 Transdef: Tab for variable  24    4.76375535E-05  0.00674071303  0.0137664676
  0.0212057121  0.0280497745  0.0354329459  0.042358011  0.0504163057
  0.0586506501  0.065649204  0.0724815801  0.079926841  0.0873068199
  0.0943341404  0.101796843  0.108842999  0.116482139  0.123523183  0.129914433
  0.13762036  0.145225406  0.152893305  0.160577714  0.1684677  0.176223695
  0.183784589  0.191131502  0.198962867  0.206217498  0.213586152  0.221335381
  0.228860706  0.236344546  0.244098455  0.251861215  0.259886026  0.266853034
  0.274695218  0.28243497  0.289725095  0.297583699  0.304160297  0.311527848
  0.319541544  0.326531708  0.334575564  0.341592193  0.34953633  0.357057989
  0.364717543  0.372623801  0.379906714  0.38767305  0.396075189  0.403998852
  0.411113918  0.418566644  0.426338136  0.43412596  0.442491949  0.450386316
  0.458653241  0.465806067  0.473406971  0.481045157  0.488626957  0.497032315
  0.505456805  0.51282531  0.520256639  0.528334737  0.536617041  0.543780923
  0.552256525  0.56033814  0.568451881  0.576544404  0.584954977  0.593278289
  0.60185504  0.609586358  0.617560983  0.625647962  0.634174824  0.642580032
  0.651467323  0.659631014  0.669180989  0.677680492  0.688010097  0.698033452
  0.708259881  0.719068527  0.731542945  0.742956877  0.755990922  0.769777656
  0.786843002  0.805691481  0.835586667  0.919151843
 do regularised spline fit for input variable # 24
 build map for variable # 24
 warning: map is empty for variable 24
  
  
  
 COVARIANCE MATRIX (IN PERCENT)
  
 0    1.0    2.0    3.0    4.0    5.0    6.0    7.0    8.0    9.0   10.0   11.0   12.0   13.0   14.0   15.0   16.0   17.0   18.0   19.0   20.0   21.0   22.0   23.0   24.0
 0    1.0    1.0    1.0    1.0    1.0    1.0    1.0    1.0    1.0    1.0    1.0    1.0    1.0    1.0    1.0    1.0    1.0    1.0    1.0    1.0    1.0    1.0    1.0    1.0
  
 1  100.0    4.7    4.7   32.9   29.8   24.4   24.4   15.5   15.0   42.2   41.8   12.2   12.8   14.6   16.5    8.7   12.1   19.7    9.6   11.3   28.8   22.4   22.2   20.6
 2    4.7  100.0   -0.2    2.2    0.2    1.1    0.3   30.3    0.9    2.0    0.9    1.7    1.1   -3.6    1.6    0.3    0.0    2.4    0.9    1.1    2.5    2.3    0.2    1.4
 3    4.7   -0.2  100.0    0.5    1.3    1.3    1.4    0.8   31.3    1.6    2.1    0.7    3.2    2.3   -2.1    2.5    3.9    3.1    1.5    1.1    2.8    1.3    2.4    0.6
 4   32.9    2.2    0.5  100.0   11.9   13.7   14.7   14.2    6.5   12.2    7.3  -11.6    0.7  -19.1   21.7   -3.6    5.4    5.7   -7.1  -15.3   11.7   13.0   12.9   14.6
 5   29.8    0.2    1.3   11.9  100.0   13.4   13.6    5.6   12.7    9.8    6.2    0.5  -18.4   18.0  -12.0    4.7   -5.4    5.0   -6.8  -14.9   10.4   11.8   13.1   13.0
 6   24.4    1.1    1.3   13.7   13.4  100.0   21.8   13.3    6.9    8.1    5.6    9.4    3.1   17.9    8.3   14.3    5.8   11.7    1.2    5.8   15.0   79.1   16.8    2.5
 7   24.4    0.3    1.4   14.7   13.6   21.8  100.0    6.1   14.9    8.2    5.9    2.8    8.7    7.3   17.9    4.5   14.9   11.4    2.2    4.8   15.2   17.4   78.8    3.2
 8   15.5   30.3    0.8   14.2    5.6   13.3    6.1  100.0    3.6   13.1   16.3    9.5    0.5    9.7    2.9   19.7    3.1    2.3   10.8  -12.6    9.6   13.9    5.9   11.8
 9   15.0    0.9   31.3    6.5   12.7    6.9   14.9    3.6  100.0   12.9   15.1    0.2    5.7    4.3    7.4    3.8   25.7    3.1   10.0   -9.5    9.3    6.7   16.1   10.4
10   42.2    2.0    1.6   12.2    9.8    8.1    8.2   13.1   12.9  100.0   38.2   14.2   15.4    9.5   10.3    9.9   13.8    3.8    8.2   13.7   20.6    9.3    9.8   29.0
11   41.8    0.9    2.1    7.3    6.2    5.6    5.9   16.3   15.1   38.2  100.0   20.1   21.3    9.5    9.6   11.4   13.9    1.2   12.7   22.7   18.6    6.7    7.1   22.4
12   12.2    1.7    0.7  -11.6    0.5    9.4    2.8    9.5    0.2   14.2   20.1  100.0   -1.6   16.4   -0.6    9.4    0.3    1.9   23.6   28.9    3.4    2.4    1.3   14.1
13   12.8    1.1    3.2    0.7  -18.4    3.1    8.7    0.5    5.7   15.4   21.3   -1.6  100.0    0.6   13.9   -1.1   19.1    3.1   22.5   39.9    3.4    2.0    2.3    8.9
14   14.6   -3.6    2.3  -19.1   18.0   17.9    7.3    9.7    4.3    9.5    9.5   16.4    0.6  100.0   -9.5    9.5    1.0    2.3   10.4    0.1    5.0   14.2    4.9    4.3
15   16.5    1.6   -2.1   21.7  -12.0    8.3   17.9    2.9    7.4   10.3    9.6   -0.6   13.9   -9.5  100.0   -0.6   10.3    2.4    8.2   -0.8    5.5    6.4   14.7    5.2
16    8.7    0.3    2.5   -3.6    4.7   14.3    4.5   19.7    3.8    9.9   11.4    9.4   -1.1    9.5   -0.6  100.0    1.2    2.9    4.6    3.2    4.8   13.9    3.1    2.7
17   12.1    0.0    3.9    5.4   -5.4    5.8   14.9    3.1   25.7   13.8   13.9    0.3   19.1    1.0   10.3    1.2  100.0    2.9    9.2    6.5    5.5    4.8   14.6    3.6
18   19.7    2.4    3.1    5.7    5.0   11.7   11.4    2.3    3.1    3.8    1.2    1.9    3.1    2.3    2.4    2.9    2.9  100.0    2.2    4.3   83.8   11.8   10.5   -0.1
19    9.6    0.9    1.5   -7.1   -6.8    1.2    2.2   10.8   10.0    8.2   12.7   23.6   22.5   10.4    8.2    4.6    9.2    2.2  100.0  -12.4    2.8   -1.6   -1.2  -10.5
20   11.3    1.1    1.1  -15.3  -14.9    5.8    4.8  -12.6   -9.5   13.7   22.7   28.9   39.9    0.1   -0.8    3.2    6.5    4.3  -12.4  100.0   -0.5    3.4    2.5   -7.9
21   28.8    2.5    2.8   11.7   10.4   15.0   15.2    9.6    9.3   20.6   18.6    3.4    3.4    5.0    5.5    4.8    5.5   83.8    2.8   -0.5  100.0   13.7   13.7    8.3
22   22.4    2.3    1.3   13.0   11.8   79.1   17.4   13.9    6.7    9.3    6.7    2.4    2.0   14.2    6.4   13.9    4.8   11.8   -1.6    3.4   13.7  100.0   13.7    4.4
23   22.2    0.2    2.4   12.9   13.1   16.8   78.8    5.9   16.1    9.8    7.1    1.3    2.3    4.9   14.7    3.1   14.6   10.5   -1.2    2.5   13.7   13.7  100.0    4.4
24   20.6    1.4    0.6   14.6   13.0    2.5    3.2   11.8   10.4   29.0   22.4   14.1    8.9    4.3    5.2    2.7    3.6   -0.1  -10.5   -7.9    8.3    4.4    4.4  100.0
 TOTAL CORRELATION TO TARGET (diagonal)  105.214897
 TOTAL CORRELATION OF ALL VARIABLES   67.3649207
 ROUND 1: MAX CORR (  67.3649182)  AFTER KILLING INPUT VARIABLE 16 CONTR  0.0182821086
 ROUND 2: MAX CORR (  67.3646971)  AFTER KILLING INPUT VARIABLE 9 CONTR  0.172576565
 ROUND 3: MAX CORR (  67.3642799)  AFTER KILLING INPUT VARIABLE 8 CONTR  0.237099958
 ROUND 4: MAX CORR (  67.3637275)  AFTER KILLING INPUT VARIABLE 21 CONTR  0.272803948
 ROUND 5: MAX CORR (  67.3629741)  AFTER KILLING INPUT VARIABLE 13 CONTR  0.318597138
 ROUND 6: MAX CORR (  67.3615782)  AFTER KILLING INPUT VARIABLE 12 CONTR  0.433654168
 ROUND 7: MAX CORR (  67.3524844)  AFTER KILLING INPUT VARIABLE 17 CONTR  1.10682512
 ROUND 8: MAX CORR (  67.3364705)  AFTER KILLING INPUT VARIABLE 23 CONTR  1.46863768
 ROUND 9: MAX CORR (  67.3189434)  AFTER KILLING INPUT VARIABLE 22 CONTR  1.53626795
 ROUND 10: MAX CORR (  67.2726622)  AFTER KILLING INPUT VARIABLE 3 CONTR  2.49581086
 ROUND 11: MAX CORR (  67.221269)  AFTER KILLING INPUT VARIABLE 24 CONTR  2.62908185
 ROUND 12: MAX CORR (  67.1512087)  AFTER KILLING INPUT VARIABLE 2 CONTR  3.06825153
 ROUND 13: MAX CORR (  66.8554235)  AFTER KILLING INPUT VARIABLE 15 CONTR  6.29580717
 ROUND 14: MAX CORR (  66.4791246)  AFTER KILLING INPUT VARIABLE 19 CONTR  7.08333565
 ROUND 15: MAX CORR (  66.1321797)  AFTER KILLING INPUT VARIABLE 20 CONTR  6.78297962
 ROUND 16: MAX CORR (  65.7039211)  AFTER KILLING INPUT VARIABLE 14 CONTR  7.51398353
 ROUND 17: MAX CORR (  64.873506)  AFTER KILLING INPUT VARIABLE 7 CONTR  10.4131391
 ROUND 18: MAX CORR (  63.5696235)  AFTER KILLING INPUT VARIABLE 6 CONTR  12.9412036
 ROUND 19: MAX CORR (  61.5549469)  AFTER KILLING INPUT VARIABLE 18 CONTR  15.877202
 ROUND 20: MAX CORR (  57.3799593)  AFTER KILLING INPUT VARIABLE 5 CONTR  22.2834414
 ROUND 21: MAX CORR (  51.4142516)  AFTER KILLING INPUT VARIABLE 10 CONTR  25.4761546
 ROUND 22: MAX CORR (  41.816424)  AFTER KILLING INPUT VARIABLE 4 CONTR  29.9134076
 LAST REMAINING VARIABLE:  11
 total correlation to target:  67.3649207 %
 total significance:  119.446952 sigma
 correlations of single variables to target:
 variable 2:  4.74425863 %  ,  in sigma:  8.41220069
 variable 3:  4.65547298 %  ,  in sigma:  8.25477194
 variable 4:  32.8687212 %  ,  in sigma:  58.2806083
 variable 5:  29.8483406 %  ,  in sigma:  52.9250723
 variable 6:  24.4089154 %  ,  in sigma:  43.280249
 variable 7:  24.387035 %  ,  in sigma:  43.2414522
 variable 8:  15.5446622 %  ,  in sigma:  27.5627507
 variable 9:  14.9728209 %  ,  in sigma:  26.5488002
 variable 10:  42.2137297 %  ,  in sigma:  74.8505497
 variable 11:  41.816424 %  ,  in sigma:  74.1460738
 variable 12:  12.1855106 %  ,  in sigma:  21.6065287
 variable 13:  12.812955 %  ,  in sigma:  22.719071
 variable 14:  14.5631158 %  ,  in sigma:  25.8223385
 variable 15:  16.4946639 %  ,  in sigma:  29.2472299
 variable 16:  8.67773527 %  ,  in sigma:  15.3867772
 variable 17:  12.0747197 %  ,  in sigma:  21.4100819
 variable 18:  19.7301459 %  ,  in sigma:  34.9841692
 variable 19:  9.57316812 %  ,  in sigma:  16.9744986
 variable 20:  11.2780671 %  ,  in sigma:  19.9975109
 variable 21:  28.7554543 %  ,  in sigma:  50.9872399
 variable 22:  22.3628028 %  ,  in sigma:  39.6522195
 variable 23:  22.1514951 %  ,  in sigma:  39.2775429
 variable 24:  20.5927758 %  ,  in sigma:  36.5137267
 variables sorted by significance:
 1 most relevant variable 11 corr  41.8164253 , in sigma:  74.1460762
 2 most relevant variable 4 corr  29.9134083 , in sigma:  53.040446
 3 most relevant variable 10 corr  25.4761543 , in sigma:  45.1726054
 4 most relevant variable 5 corr  22.2834415 , in sigma:  39.5115016
 5 most relevant variable 18 corr  15.877202 , in sigma:  28.152388
 6 most relevant variable 6 corr  12.9412031 , in sigma:  22.946472
 7 most relevant variable 7 corr  10.4131393 , in sigma:  18.4638791
 8 most relevant variable 14 corr  7.51398373 , in sigma:  13.3232912
 9 most relevant variable 20 corr  6.78297949 , in sigma:  12.0271236
 10 most relevant variable 19 corr  7.08333588 , in sigma:  12.5596953
 11 most relevant variable 15 corr  6.29580736 , in sigma:  11.1633027
 12 most relevant variable 2 corr  3.06825161 , in sigma:  5.44041763
 13 most relevant variable 24 corr  2.62908196 , in sigma:  4.66171152
 14 most relevant variable 3 corr  2.49581075 , in sigma:  4.42540395
 15 most relevant variable 22 corr  1.536268 , in sigma:  2.7240072
 16 most relevant variable 23 corr  1.4686377 , in sigma:  2.60408972
 17 most relevant variable 17 corr  1.10682511 , in sigma:  1.96254794
 18 most relevant variable 12 corr  0.433654159 , in sigma:  0.768926423
 19 most relevant variable 13 corr  0.318597138 , in sigma:  0.564915042
 20 most relevant variable 21 corr  0.272803962 , in sigma:  0.483717659
 21 most relevant variable 8 corr  0.23709996 , in sigma:  0.420409722
 22 most relevant variable 9 corr  0.172576562 , in sigma:  0.306001165
 23 most relevant variable 16 corr  0.018282108 , in sigma:  0.0324166057
 global correlations between input variables:
 variable 2:  32.6067933 %
 variable 3:  32.820636 %
 variable 4:  45.0944047 %
 variable 5:  41.1431317 %
 variable 6:  80.5237219 %
 variable 7:  80.1854026 %
 variable 8:  47.1562164 %
 variable 9:  47.3247484 %
 variable 10:  51.8910773 %
 variable 11:  55.2402216 %
 variable 12:  55.189467 %
 variable 13:  60.8828396 %
 variable 14:  39.4166027 %
 variable 15:  35.6780973 %
 variable 16:  27.8668137 %
 variable 17:  35.545717 %
 variable 18:  86.1749973 %
 variable 19:  54.6843132 %
 variable 20:  68.0020987 %
 variable 21:  87.1604251 %
 variable 22:  79.6222109 %
 variable 23:  79.3511402 %
 variable 24:  47.7299408 %
 significance loss when removing single variables:
 variable 2: corr =  2.80148027 %  ,  sigma =  4.96739661
 variable 3: corr =  2.35205397 %  ,  sigma =  4.1705041
 variable 4: corr =  21.6034323 %  ,  sigma =  38.3057548
 variable 5: corr =  19.2350902 %  ,  sigma =  34.1063697
 variable 6: corr =  4.17399263 %  ,  sigma =  7.40104332
 variable 7: corr =  4.10733863 %  ,  sigma =  7.28285694
 variable 8: corr =  0.222484073 %  ,  sigma =  0.394493812
 variable 9: corr =  0.17280839 %  ,  sigma =  0.306412229
 variable 10: corr =  18.4711858 %  ,  sigma =  32.7518657
 variable 11: corr =  19.9888105 %  ,  sigma =  35.4428159
 variable 12: corr =  0.527730559 %  ,  sigma =  0.935736374
 variable 13: corr =  0.317981205 %  ,  sigma =  0.56382291
 variable 14: corr =  7.68144635 %  ,  sigma =  13.6202246
 variable 15: corr =  6.23669301 %  ,  sigma =  11.0584851
 variable 16: corr =  0.0182821086 %  ,  sigma =  0.0324166068
 variable 17: corr =  1.1172677 %  ,  sigma =  1.98106403
 variable 18: corr =  6.80753167 %  ,  sigma =  12.0706578
 variable 19: corr =  6.38128567 %  ,  sigma =  11.3148671
 variable 20: corr =  7.13169111 %  ,  sigma =  12.6454356
 variable 21: corr =  0.275775238 %  ,  sigma =  0.488986126
 variable 22: corr =  1.46366962 %  ,  sigma =  2.59528063
 variable 23: corr =  1.38941411 %  ,  sigma =  2.46361575
 variable 24: corr =  2.64835247 %  ,  sigma =  4.69588069
 Keep only 14 most significant input variables
 NVar:   15. 1979
 -------------------------------------
 Teacher: actual network topology:
 Nodes(1)     =  15
 Nodes(2)     =  23
 Nodes(3)     =  1
 -------------------------------------
  
 ---------------------------------------------------
  
 Iteration :  1
 SIGNIFICANCE OF OUTPUTS IN LAYER 1
 RANK 1 NODE 12 -->  34.834034 sigma out 23 active outputs
 RANK 2 NODE 8 -->  30.628212 sigma out 23 active outputs
 RANK 3 NODE 2 -->  30.6262531 sigma out 23 active outputs
 RANK 4 NODE 3 -->  30.1405087 sigma out 23 active outputs
 RANK 5 NODE 6 -->  29.5620079 sigma out 23 active outputs
 RANK 6 NODE 9 -->  28.1528034 sigma out 23 active outputs
 RANK 7 NODE 14 -->  27.2941151 sigma out 23 active outputs
 RANK 8 NODE 15 -->  26.394104 sigma out 23 active outputs
 RANK 9 NODE 5 -->  26.1370544 sigma out 23 active outputs
 RANK 10 NODE 10 -->  26.0857811 sigma out 23 active outputs
 RANK 11 NODE 4 -->  25.8327942 sigma out 23 active outputs
 RANK 12 NODE 11 -->  24.5789318 sigma out 23 active outputs
 RANK 13 NODE 7 -->  24.0554905 sigma out 23 active outputs
 RANK 14 NODE 13 -->  18.3307705 sigma out 23 active outputs
 RANK 15 NODE 1 -->  13.4148893 sigma out 23 active outputs
 SIGNIFICANCE OF INPUTS TO LAYER 2 
     sorted by input significance 
 RANK 1 NODE 12 -->  32.0294685 sigma in 15act. (  32.8002472 sig out 1act.)
 RANK 2 NODE 17 -->  30.7609043 sigma in 15act. (  25.158865 sig out 1act.)
 RANK 3 NODE 21 -->  26.2107029 sigma in 15act. (  3.79080486 sig out 1act.)
 RANK 4 NODE 13 -->  25.2199574 sigma in 15act. (  15.6146688 sig out 1act.)
 RANK 5 NODE 7 -->  25.0203705 sigma in 15act. (  12.3677731 sig out 1act.)
 RANK 6 NODE 2 -->  23.8680973 sigma in 15act. (  1.22851455 sig out 1act.)
 RANK 7 NODE 3 -->  23.7663879 sigma in 15act. (  3.86539578 sig out 1act.)
 RANK 8 NODE 16 -->  23.1097736 sigma in 15act. (  11.7133493 sig out 1act.)
 RANK 9 NODE 18 -->  22.402483 sigma in 15act. (  23.2783241 sig out 1act.)
 RANK 10 NODE 4 -->  22.0541153 sigma in 15act. (  7.78578281 sig out 1act.)
 RANK 11 NODE 10 -->  21.0338764 sigma in 15act. (  8.33040237 sig out 1act.)
 RANK 12 NODE 8 -->  20.811615 sigma in 15act. (  17.0199165 sig out 1act.)
 RANK 13 NODE 19 -->  20.5811462 sigma in 15act. (  1.73689783 sig out 1act.)
 RANK 14 NODE 9 -->  19.4708443 sigma in 15act. (  10.8132782 sig out 1act.)
 RANK 15 NODE 15 -->  19.3753357 sigma in 15act. (  7.24837971 sig out 1act.)
 RANK 16 NODE 14 -->  18.7733231 sigma in 15act. (  13.1085529 sig out 1act.)
 RANK 17 NODE 11 -->  18.2693481 sigma in 15act. (  2.10366774 sig out 1act.)
 RANK 18 NODE 6 -->  17.2991467 sigma in 15act. (  3.35934091 sig out 1act.)
 RANK 19 NODE 23 -->  17.0928688 sigma in 15act. (  0.254871577 sig out 1act.)
 RANK 20 NODE 20 -->  16.4580688 sigma in 15act. (  2.20355868 sig out 1act.)
 RANK 21 NODE 22 -->  15.4659815 sigma in 15act. (  4.47685814 sig out 1act.)
 RANK 22 NODE 1 -->  15.24541 sigma in 15act. (  5.31525612 sig out 1act.)
 RANK 23 NODE 5 -->  13.562439 sigma in 15act. (  1.92941904 sig out 1act.)
     sorted by output significance 
 RANK 1 NODE 12 -->  32.8002472 sigma out 1act.(  32.0294685 sig in 15act.)
 RANK 2 NODE 17 -->  25.158865 sigma out 1act.(  30.7609043 sig in 15act.)
 RANK 3 NODE 18 -->  23.2783241 sigma out 1act.(  22.402483 sig in 15act.)
 RANK 4 NODE 8 -->  17.0199165 sigma out 1act.(  20.811615 sig in 15act.)
 RANK 5 NODE 13 -->  15.6146688 sigma out 1act.(  25.2199574 sig in 15act.)
 RANK 6 NODE 14 -->  13.1085529 sigma out 1act.(  18.7733231 sig in 15act.)
 RANK 7 NODE 7 -->  12.3677731 sigma out 1act.(  25.0203705 sig in 15act.)
 RANK 8 NODE 16 -->  11.7133493 sigma out 1act.(  23.1097736 sig in 15act.)
 RANK 9 NODE 9 -->  10.8132782 sigma out 1act.(  19.4708443 sig in 15act.)
 RANK 10 NODE 10 -->  8.33040237 sigma out 1act.(  21.0338764 sig in 15act.)
 RANK 11 NODE 4 -->  7.78578281 sigma out 1act.(  22.0541153 sig in 15act.)
 RANK 12 NODE 15 -->  7.24837971 sigma out 1act.(  19.3753357 sig in 15act.)
 RANK 13 NODE 1 -->  5.31525612 sigma out 1act.(  15.24541 sig in 15act.)
 RANK 14 NODE 22 -->  4.47685814 sigma out 1act.(  15.4659815 sig in 15act.)
 RANK 15 NODE 3 -->  3.86539578 sigma out 1act.(  23.7663879 sig in 15act.)
 RANK 16 NODE 21 -->  3.79080486 sigma out 1act.(  26.2107029 sig in 15act.)
 RANK 17 NODE 6 -->  3.35934091 sigma out 1act.(  17.2991467 sig in 15act.)
 RANK 18 NODE 20 -->  2.20355868 sigma out 1act.(  16.4580688 sig in 15act.)
 RANK 19 NODE 11 -->  2.10366774 sigma out 1act.(  18.2693481 sig in 15act.)
 RANK 20 NODE 5 -->  1.92941904 sigma out 1act.(  13.562439 sig in 15act.)
 RANK 21 NODE 19 -->  1.73689783 sigma out 1act.(  20.5811462 sig in 15act.)
 RANK 22 NODE 2 -->  1.22851455 sigma out 1act.(  23.8680973 sig in 15act.)
 RANK 23 NODE 23 -->  0.254871577 sigma out 1act.(  17.0928688 sig in 15act.)
 SIGNIFICANCE OF INPUTS TO LAYER 3 
 RANK  1 NODE 1 -->  60.4331436 sigma in 23 active inputs
 SIGNIFICANCE OF OUTPUTS IN LAYER 1
 RANK 1 NODE 12 -->  21.0916309 sigma out 23 active outputs
 RANK 2 NODE 1 -->  15.5456848 sigma out 23 active outputs
 RANK 3 NODE 3 -->  15.0473566 sigma out 23 active outputs
 RANK 4 NODE 2 -->  14.6875734 sigma out 23 active outputs
 RANK 5 NODE 9 -->  14.4851589 sigma out 23 active outputs
 RANK 6 NODE 14 -->  12.6187372 sigma out 23 active outputs
 RANK 7 NODE 8 -->  12.515193 sigma out 23 active outputs
 RANK 8 NODE 5 -->  12.2724228 sigma out 23 active outputs
 RANK 9 NODE 4 -->  11.6897383 sigma out 23 active outputs
 RANK 10 NODE 10 -->  10.9977789 sigma out 23 active outputs
 RANK 11 NODE 6 -->  10.0829096 sigma out 23 active outputs
 RANK 12 NODE 7 -->  9.83307552 sigma out 23 active outputs
 RANK 13 NODE 15 -->  8.93397617 sigma out 23 active outputs
 RANK 14 NODE 11 -->  8.74045277 sigma out 23 active outputs
 RANK 15 NODE 13 -->  7.94299126 sigma out 23 active outputs
 SIGNIFICANCE OF INPUTS TO LAYER 2 
     sorted by input significance 
 RANK 1 NODE 12 -->  25.6641178 sigma in 15act. (  26.9747982 sig out 1act.)
 RANK 2 NODE 17 -->  20.5757637 sigma in 15act. (  21.4866943 sig out 1act.)
 RANK 3 NODE 18 -->  17.0426426 sigma in 15act. (  17.7702885 sig out 1act.)
 RANK 4 NODE 13 -->  14.038291 sigma in 15act. (  13.0801716 sig out 1act.)
 RANK 5 NODE 8 -->  13.3528795 sigma in 15act. (  13.4359446 sig out 1act.)
 RANK 6 NODE 7 -->  11.522275 sigma in 15act. (  10.7496843 sig out 1act.)
 RANK 7 NODE 14 -->  9.94057751 sigma in 15act. (  10.5327215 sig out 1act.)
 RANK 8 NODE 16 -->  9.73793697 sigma in 15act. (  9.61020374 sig out 1act.)
 RANK 9 NODE 9 -->  8.86793995 sigma in 15act. (  8.48702145 sig out 1act.)
 RANK 10 NODE 10 -->  7.24598217 sigma in 15act. (  6.50573826 sig out 1act.)
 RANK 11 NODE 4 -->  6.81041479 sigma in 15act. (  6.3600297 sig out 1act.)
 RANK 12 NODE 15 -->  6.40980291 sigma in 15act. (  5.67242146 sig out 1act.)
 RANK 13 NODE 21 -->  5.54382086 sigma in 15act. (  3.41859102 sig out 1act.)
 RANK 14 NODE 1 -->  5.43175936 sigma in 15act. (  4.23212671 sig out 1act.)
 RANK 15 NODE 3 -->  4.89880037 sigma in 15act. (  3.28789258 sig out 1act.)
 RANK 16 NODE 22 -->  4.52835894 sigma in 15act. (  3.29020739 sig out 1act.)
 RANK 17 NODE 2 -->  4.07064152 sigma in 15act. (  1.19171262 sig out 1act.)
 RANK 18 NODE 11 -->  3.89820886 sigma in 15act. (  1.43326092 sig out 1act.)
 RANK 19 NODE 6 -->  3.87861156 sigma in 15act. (  2.68548322 sig out 1act.)
 RANK 20 NODE 19 -->  3.34958863 sigma in 15act. (  1.31314301 sig out 1act.)
 RANK 21 NODE 20 -->  3.0757618 sigma in 15act. (  1.80787313 sig out 1act.)
 RANK 22 NODE 23 -->  2.89162397 sigma in 15act. (  0.181472495 sig out 1act.)
 RANK 23 NODE 5 -->  2.60408497 sigma in 15act. (  1.50321674 sig out 1act.)
     sorted by output significance 
 RANK 1 NODE 12 -->  26.9747982 sigma out 1act.(  25.6641178 sig in 15act.)
 RANK 2 NODE 17 -->  21.4866943 sigma out 1act.(  20.5757637 sig in 15act.)
 RANK 3 NODE 18 -->  17.7702885 sigma out 1act.(  17.0426426 sig in 15act.)
 RANK 4 NODE 8 -->  13.4359446 sigma out 1act.(  13.3528795 sig in 15act.)
 RANK 5 NODE 13 -->  13.0801716 sigma out 1act.(  14.038291 sig in 15act.)
 RANK 6 NODE 7 -->  10.7496843 sigma out 1act.(  11.522275 sig in 15act.)
 RANK 7 NODE 14 -->  10.5327215 sigma out 1act.(  9.94057751 sig in 15act.)
 RANK 8 NODE 16 -->  9.61020374 sigma out 1act.(  9.73793697 sig in 15act.)
 RANK 9 NODE 9 -->  8.48702145 sigma out 1act.(  8.86793995 sig in 15act.)
 RANK 10 NODE 10 -->  6.50573826 sigma out 1act.(  7.24598217 sig in 15act.)
 RANK 11 NODE 4 -->  6.3600297 sigma out 1act.(  6.81041479 sig in 15act.)
 RANK 12 NODE 15 -->  5.67242146 sigma out 1act.(  6.40980291 sig in 15act.)
 RANK 13 NODE 1 -->  4.23212671 sigma out 1act.(  5.43175936 sig in 15act.)
 RANK 14 NODE 21 -->  3.41859102 sigma out 1act.(  5.54382086 sig in 15act.)
 RANK 15 NODE 22 -->  3.29020739 sigma out 1act.(  4.52835894 sig in 15act.)
 RANK 16 NODE 3 -->  3.28789258 sigma out 1act.(  4.89880037 sig in 15act.)
 RANK 17 NODE 6 -->  2.68548322 sigma out 1act.(  3.87861156 sig in 15act.)
 RANK 18 NODE 20 -->  1.80787313 sigma out 1act.(  3.0757618 sig in 15act.)
 RANK 19 NODE 5 -->  1.50321674 sigma out 1act.(  2.60408497 sig in 15act.)
 RANK 20 NODE 11 -->  1.43326092 sigma out 1act.(  3.89820886 sig in 15act.)
 RANK 21 NODE 19 -->  1.31314301 sigma out 1act.(  3.34958863 sig in 15act.)
 RANK 22 NODE 2 -->  1.19171262 sigma out 1act.(  4.07064152 sig in 15act.)
 RANK 23 NODE 23 -->  0.181472495 sigma out 1act.(  2.89162397 sig in 15act.)
 SIGNIFICANCE OF INPUTS TO LAYER 3 
 RANK  1 NODE 1 -->  49.3127975 sigma in 23 active inputs
  ***********************************************
  *** Learn Path  1
  *** loss function: -0.0461570136
  *** contribution from regularisation:  0.00528359693
  *** contribution from error: -0.0514406115
  *** contribution from DIAG:  0.00850261003
  ***********************************************
  
 ---------------------------------------------------
  
 Iteration :  2
  ***********************************************
  *** Learn Path  2
  *** loss function: -0.0860059634
  *** contribution from regularisation:  0.0150859179
  *** contribution from error: -0.101091884
  *** contribution from DIAG:  0.00627737585
  ***********************************************
  ENTER BFGS code START      -2509.81083 -0.155501887 -0.077958867
  EXIT FROM BFGS code FG_START    0. -0.155501887  0.
  
 ---------------------------------------------------
  
 Iteration :  3
  ***********************************************
  *** Learn Path  3
  *** loss function: -0.111973003
  *** contribution from regularisation:  0.0106732929
  *** contribution from error: -0.122646295
  *** contribution from DIAG:  0.00697289361
  ***********************************************
  ENTER BFGS code FG_START   -3301.20348 -0.155501887 -8.90052605
  EXIT FROM BFGS code FG_LNSRCH   0. -0.156331331  0.
  
 ---------------------------------------------------
  
 Iteration :  4
  ***********************************************
  *** Learn Path  4
  *** loss function: -0.221132398
  *** contribution from regularisation:  0.0134467073
  *** contribution from error: -0.234579101
  *** contribution from DIAG:  0.00237382343
  ***********************************************
  ENTER BFGS code FG_LNSRCH  -6877.76941 -0.156331331 -167.971527
  EXIT FROM BFGS code NEW_X      -6877.76941 -0.156331331 -167.971527
  ENTER BFGS code NEW_X      -6877.76941 -0.156331331 -167.971527
  EXIT FROM BFGS code FG_LNSRCH   0. -0.183444932  0.
  
 ---------------------------------------------------
  
 Iteration :  5
  ***********************************************
  *** Learn Path  5
  *** loss function: -0.260088563
  *** contribution from regularisation:  0.0190769937
  *** contribution from error: -0.279165566
  *** contribution from DIAG:  0.0037098194
  ***********************************************
  ENTER BFGS code FG_LNSRCH  -8060.54758 -0.183444932  118.538277
  EXIT FROM BFGS code NEW_X      -8060.54758 -0.183444932  118.538277
  ENTER BFGS code NEW_X      -8060.54758 -0.183444932  118.538277
  EXIT FROM BFGS code FG_LNSRCH   0. -0.167881683  0.
  
 ---------------------------------------------------
  
 Iteration :  6
  ***********************************************
  *** Learn Path  6
  *** loss function: -0.27460283
  *** contribution from regularisation:  0.0171560664
  *** contribution from error: -0.291758895
  *** contribution from DIAG:  0.00486493623
  ***********************************************
  ENTER BFGS code FG_LNSRCH  -8480.55912 -0.167881683 -174.442459
  EXIT FROM BFGS code NEW_X      -8480.55912 -0.167881683 -174.442459
  ENTER BFGS code NEW_X      -8480.55912 -0.167881683 -174.442459
  EXIT FROM BFGS code FG_LNSRCH   0. -0.180812821  0.
  
 ---------------------------------------------------
  
 Iteration :  7
  ***********************************************
  *** Learn Path  7
  *** loss function: -0.276705772
  *** contribution from regularisation:  0.0160894413
  *** contribution from error: -0.292795211
  *** contribution from DIAG:  0.00556488149
  ***********************************************
  ENTER BFGS code FG_LNSRCH  -8524.66926 -0.180812821  61.7928391
  EXIT FROM BFGS code NEW_X      -8524.66926 -0.180812821  61.7928391
  ENTER BFGS code NEW_X      -8524.66926 -0.180812821  61.7928391
  EXIT FROM BFGS code FG_LNSRCH   0. -0.178346708  0.
  
 ---------------------------------------------------
  
 Iteration :  8
  ***********************************************
  *** Learn Path  8
  *** loss function: -0.276630789
  *** contribution from regularisation:  0.0165321771
  *** contribution from error: -0.293162972
  *** contribution from DIAG:  0.00568585098
  ***********************************************
  ENTER BFGS code FG_LNSRCH  -8518.50928 -0.178346708  6.93501949
  EXIT FROM BFGS code FG_LNSRCH   0. -0.180082768  0.
  
 ---------------------------------------------------
  
 Iteration :  9
  ***********************************************
  *** Learn Path  9
  *** loss function: -0.276634067
  *** contribution from regularisation:  0.0163592566
  *** contribution from error: -0.292993337
  *** contribution from DIAG:  0.0055423798
  ***********************************************
  ENTER BFGS code FG_LNSRCH  -8523.12251 -0.180082768  50.033783
  EXIT FROM BFGS code FG_LNSRCH   0. -0.180653408  0.
  
 ---------------------------------------------------
  
 Iteration :  10
 SIGNIFICANCE OF OUTPUTS IN LAYER 1
 RANK 1 NODE 2 -->  37.7326965 sigma out 23 active outputs
 RANK 2 NODE 12 -->  30.3383102 sigma out 23 active outputs
 RANK 3 NODE 9 -->  24.6165638 sigma out 23 active outputs
 RANK 4 NODE 10 -->  21.3345909 sigma out 23 active outputs
 RANK 5 NODE 1 -->  21.3318119 sigma out 23 active outputs
 RANK 6 NODE 14 -->  21.088726 sigma out 23 active outputs
 RANK 7 NODE 8 -->  20.5183983 sigma out 23 active outputs
 RANK 8 NODE 3 -->  19.7394905 sigma out 23 active outputs
 RANK 9 NODE 5 -->  19.3949451 sigma out 23 active outputs
 RANK 10 NODE 6 -->  19.0082035 sigma out 23 active outputs
 RANK 11 NODE 4 -->  17.5183449 sigma out 23 active outputs
 RANK 12 NODE 7 -->  16.2990437 sigma out 23 active outputs
 RANK 13 NODE 11 -->  15.8723183 sigma out 23 active outputs
 RANK 14 NODE 15 -->  14.8175735 sigma out 23 active outputs
 RANK 15 NODE 13 -->  12.4518976 sigma out 23 active outputs
 SIGNIFICANCE OF INPUTS TO LAYER 2 
     sorted by input significance 
 RANK 1 NODE 12 -->  39.2153816 sigma in 15act. (  37.9190483 sig out 1act.)
 RANK 2 NODE 7 -->  31.0471745 sigma in 15act. (  31.0717297 sig out 1act.)
 RANK 3 NODE 17 -->  28.52351 sigma in 15act. (  30.8951855 sig out 1act.)
 RANK 4 NODE 13 -->  25.3871994 sigma in 15act. (  23.4132004 sig out 1act.)
 RANK 5 NODE 21 -->  17.9846745 sigma in 15act. (  16.1338863 sig out 1act.)
 RANK 6 NODE 18 -->  17.9724598 sigma in 15act. (  18.5308628 sig out 1act.)
 RANK 7 NODE 14 -->  17.6622238 sigma in 15act. (  18.7704811 sig out 1act.)
 RANK 8 NODE 9 -->  15.5238304 sigma in 15act. (  14.7830038 sig out 1act.)
 RANK 9 NODE 16 -->  14.4749966 sigma in 15act. (  13.4048929 sig out 1act.)
 RANK 10 NODE 2 -->  14.3453951 sigma in 15act. (  13.1029253 sig out 1act.)
 RANK 11 NODE 8 -->  14.0452633 sigma in 15act. (  12.7329922 sig out 1act.)
 RANK 12 NODE 1 -->  14.0286322 sigma in 15act. (  12.1860571 sig out 1act.)
 RANK 13 NODE 3 -->  13.7048969 sigma in 15act. (  11.4516115 sig out 1act.)
 RANK 14 NODE 20 -->  13.6315308 sigma in 15act. (  13.2921848 sig out 1act.)
 RANK 15 NODE 6 -->  13.019187 sigma in 15act. (  11.7083836 sig out 1act.)
 RANK 16 NODE 5 -->  12.6901531 sigma in 15act. (  12.2662868 sig out 1act.)
 RANK 17 NODE 4 -->  8.94543743 sigma in 15act. (  6.52952671 sig out 1act.)
 RANK 18 NODE 19 -->  8.84833908 sigma in 15act. (  6.33346176 sig out 1act.)
 RANK 19 NODE 22 -->  7.24017954 sigma in 15act. (  4.85798359 sig out 1act.)
 RANK 20 NODE 15 -->  7.08117676 sigma in 15act. (  3.94438958 sig out 1act.)
 RANK 21 NODE 11 -->  6.90948486 sigma in 15act. (  3.60865736 sig out 1act.)
 RANK 22 NODE 10 -->  6.19625092 sigma in 15act. (  0.307901382 sig out 1act.)
 RANK 23 NODE 23 -->  5.69676208 sigma in 15act. (  1.07655478 sig out 1act.)
     sorted by output significance 
 RANK 1 NODE 12 -->  37.9190483 sigma out 1act.(  39.2153816 sig in 15act.)
 RANK 2 NODE 7 -->  31.0717297 sigma out 1act.(  31.0471745 sig in 15act.)
 RANK 3 NODE 17 -->  30.8951855 sigma out 1act.(  28.52351 sig in 15act.)
 RANK 4 NODE 13 -->  23.4132004 sigma out 1act.(  25.3871994 sig in 15act.)
 RANK 5 NODE 14 -->  18.7704811 sigma out 1act.(  17.6622238 sig in 15act.)
 RANK 6 NODE 18 -->  18.5308628 sigma out 1act.(  17.9724598 sig in 15act.)
 RANK 7 NODE 21 -->  16.1338863 sigma out 1act.(  17.9846745 sig in 15act.)
 RANK 8 NODE 9 -->  14.7830038 sigma out 1act.(  15.5238304 sig in 15act.)
 RANK 9 NODE 16 -->  13.4048929 sigma out 1act.(  14.4749966 sig in 15act.)
 RANK 10 NODE 20 -->  13.2921848 sigma out 1act.(  13.6315308 sig in 15act.)
 RANK 11 NODE 2 -->  13.1029253 sigma out 1act.(  14.3453951 sig in 15act.)
 RANK 12 NODE 8 -->  12.7329922 sigma out 1act.(  14.0452633 sig in 15act.)
 RANK 13 NODE 5 -->  12.2662868 sigma out 1act.(  12.6901531 sig in 15act.)
 RANK 14 NODE 1 -->  12.1860571 sigma out 1act.(  14.0286322 sig in 15act.)
 RANK 15 NODE 6 -->  11.7083836 sigma out 1act.(  13.019187 sig in 15act.)
 RANK 16 NODE 3 -->  11.4516115 sigma out 1act.(  13.7048969 sig in 15act.)
 RANK 17 NODE 4 -->  6.52952671 sigma out 1act.(  8.94543743 sig in 15act.)
 RANK 18 NODE 19 -->  6.33346176 sigma out 1act.(  8.84833908 sig in 15act.)
 RANK 19 NODE 22 -->  4.85798359 sigma out 1act.(  7.24017954 sig in 15act.)
 RANK 20 NODE 15 -->  3.94438958 sigma out 1act.(  7.08117676 sig in 15act.)
 RANK 21 NODE 11 -->  3.60865736 sigma out 1act.(  6.90948486 sig in 15act.)
 RANK 22 NODE 23 -->  1.07655478 sigma out 1act.(  5.69676208 sig in 15act.)
 RANK 23 NODE 10 -->  0.307901382 sigma out 1act.(  6.19625092 sig in 15act.)
 SIGNIFICANCE OF INPUTS TO LAYER 3 
 RANK  1 NODE 1 -->  80.4619064 sigma in 23 active inputs
  ***********************************************
  *** Learn Path  10
  *** loss function: -0.276569635
  *** contribution from regularisation:  0.0162765123
  *** contribution from error: -0.292846143
  *** contribution from DIAG:  0.00552011048
  ***********************************************
  ENTER BFGS code FG_LNSRCH  -8521.79725 -0.180653408  60.2571259
  EXIT FROM BFGS code FG_LNSRCH   0. -0.180792138  0.
  
 ---------------------------------------------------
  
 Iteration :  11
  ***********************************************
  *** Learn Path  11
  *** loss function: -0.27649197
  *** contribution from regularisation:  0.0163102262
  *** contribution from error: -0.292802185
  *** contribution from DIAG:  0.00554564176
  ***********************************************
  ENTER BFGS code FG_LNSRCH  -8518.55266 -0.180792138  62.2637177
  EXIT FROM BFGS code FG_LNSRCH   0. -0.180812433  0.
  
 ---------------------------------------------------
  
 Iteration :  12
  ***********************************************
  *** Learn Path  12
  *** loss function: -0.276564479
  *** contribution from regularisation:  0.0162309781
  *** contribution from error: -0.292795449
  *** contribution from DIAG:  0.00554411625
  ***********************************************
  ENTER BFGS code FG_LNSRCH  -8520.87974 -0.180812433  63.130394
  EXIT FROM BFGS code FG_LNSRCH   0. -0.180812821  0.
  
 ---------------------------------------------------
  
 Iteration :  13
  ***********************************************
  *** Learn Path  13
  *** loss function: -0.276468992
  *** contribution from regularisation:  0.0163262114
  *** contribution from error: -0.292795211
  *** contribution from DIAG:  0.00554879894
  ***********************************************
  ENTER BFGS code FG_LNSRCH  -8517.73082 -0.180812821  63.4191513
  EXIT FROM BFGS code FG_LNSRCH   0. -0.180812821  0.
  
 ---------------------------------------------------
  
 Iteration :  14
  ***********************************************
  *** Learn Path  14
  *** loss function: -0.276406795
  *** contribution from regularisation:  0.0163884014
  *** contribution from error: -0.292795181
  *** contribution from DIAG:  0.00555249583
  ***********************************************
  ENTER BFGS code FG_LNSRCH  -8515.65934 -0.180812821  63.6322517
  EXIT FROM BFGS code FG_LNSRCH   0. -0.180812821  0.
  
 ---------------------------------------------------
  
 Iteration :  15
  ***********************************************
  *** Learn Path  15
  *** loss function: -0.276469529
  *** contribution from regularisation:  0.0163256638
  *** contribution from error: -0.292795181
  *** contribution from DIAG:  0.00555568002
  ***********************************************
  ENTER BFGS code FG_LNSRCH  -8517.5317 -0.180812821  63.8106575
  EXIT FROM BFGS code FG_LNSRCH   0. -0.180812821  0.
  
 ---------------------------------------------------
  
 Iteration :  16
  ***********************************************
  *** Learn Path  16
  *** loss function: -0.276453882
  *** contribution from regularisation:  0.0163413305
  *** contribution from error: -0.292795211
  *** contribution from DIAG:  0.00555841532
  ***********************************************
  ENTER BFGS code FG_LNSRCH  -8516.95314 -0.180812821  63.9738464
  EXIT FROM BFGS code NEW_X      -8516.95314 -0.180812821  63.9738464
  ENTER BFGS code NEW_X      -8516.95314 -0.180812821  63.9738464
  EXIT FROM BFGS code CONVERGENC -8516.95314 -0.180812821  63.9738464
  
 ---------------------------------------------------
  
 Iteration :  100
 SIGNIFICANCE OF OUTPUTS IN LAYER 1
 RANK 1 NODE 2 -->  37.8272362 sigma out 23 active outputs
 RANK 2 NODE 12 -->  31.0697613 sigma out 23 active outputs
 RANK 3 NODE 9 -->  24.9116745 sigma out 23 active outputs
 RANK 4 NODE 1 -->  21.5088139 sigma out 23 active outputs
 RANK 5 NODE 10 -->  21.4491844 sigma out 23 active outputs
 RANK 6 NODE 14 -->  20.9479885 sigma out 23 active outputs
 RANK 7 NODE 8 -->  20.6591778 sigma out 23 active outputs
 RANK 8 NODE 3 -->  20.1243 sigma out 23 active outputs
 RANK 9 NODE 5 -->  19.6478481 sigma out 23 active outputs
 RANK 10 NODE 6 -->  18.9280434 sigma out 23 active outputs
 RANK 11 NODE 4 -->  17.7615242 sigma out 23 active outputs
 RANK 12 NODE 7 -->  16.546196 sigma out 23 active outputs
 RANK 13 NODE 11 -->  15.7810459 sigma out 23 active outputs
 RANK 14 NODE 15 -->  15.1551714 sigma out 23 active outputs
 RANK 15 NODE 13 -->  12.8552465 sigma out 23 active outputs
 SIGNIFICANCE OF INPUTS TO LAYER 2 
     sorted by input significance 
 RANK 1 NODE 12 -->  39.6448822 sigma in 15act. (  38.5575027 sig out 1act.)
 RANK 2 NODE 7 -->  31.2849731 sigma in 15act. (  31.3118801 sig out 1act.)
 RANK 3 NODE 17 -->  28.7389202 sigma in 15act. (  31.0768509 sig out 1act.)
 RANK 4 NODE 13 -->  25.7366905 sigma in 15act. (  23.6679745 sig out 1act.)
 RANK 5 NODE 21 -->  18.1615868 sigma in 15act. (  16.3221169 sig out 1act.)
 RANK 6 NODE 18 -->  18.1237717 sigma in 15act. (  18.5616817 sig out 1act.)
 RANK 7 NODE 14 -->  17.8834076 sigma in 15act. (  18.7192669 sig out 1act.)
 RANK 8 NODE 9 -->  15.6776867 sigma in 15act. (  14.9766302 sig out 1act.)
 RANK 9 NODE 16 -->  14.6336908 sigma in 15act. (  13.5544348 sig out 1act.)
 RANK 10 NODE 2 -->  14.5374899 sigma in 15act. (  13.1910477 sig out 1act.)
 RANK 11 NODE 1 -->  14.1806993 sigma in 15act. (  12.200181 sig out 1act.)
 RANK 12 NODE 8 -->  14.1327562 sigma in 15act. (  12.7955904 sig out 1act.)
 RANK 13 NODE 3 -->  13.753931 sigma in 15act. (  11.5135326 sig out 1act.)
 RANK 14 NODE 20 -->  13.7056713 sigma in 15act. (  13.3567095 sig out 1act.)
 RANK 15 NODE 6 -->  13.3011761 sigma in 15act. (  11.5348339 sig out 1act.)
 RANK 16 NODE 5 -->  12.7046213 sigma in 15act. (  12.3576746 sig out 1act.)
 RANK 17 NODE 4 -->  9.0358696 sigma in 15act. (  6.56695795 sig out 1act.)
 RANK 18 NODE 19 -->  8.89364338 sigma in 15act. (  6.37831974 sig out 1act.)
 RANK 19 NODE 22 -->  7.26753473 sigma in 15act. (  4.9377594 sig out 1act.)
 RANK 20 NODE 15 -->  7.12434626 sigma in 15act. (  3.99421859 sig out 1act.)
 RANK 21 NODE 11 -->  6.92671251 sigma in 15act. (  3.60621262 sig out 1act.)
 RANK 22 NODE 10 -->  6.19729805 sigma in 15act. (  0.303538293 sig out 1act.)
 RANK 23 NODE 23 -->  5.71068811 sigma in 15act. (  1.07324183 sig out 1act.)
     sorted by output significance 
 RANK 1 NODE 12 -->  38.5575027 sigma out 1act.(  39.6448822 sig in 15act.)
 RANK 2 NODE 7 -->  31.3118801 sigma out 1act.(  31.2849731 sig in 15act.)
 RANK 3 NODE 17 -->  31.0768509 sigma out 1act.(  28.7389202 sig in 15act.)
 RANK 4 NODE 13 -->  23.6679745 sigma out 1act.(  25.7366905 sig in 15act.)
 RANK 5 NODE 14 -->  18.7192669 sigma out 1act.(  17.8834076 sig in 15act.)
 RANK 6 NODE 18 -->  18.5616817 sigma out 1act.(  18.1237717 sig in 15act.)
 RANK 7 NODE 21 -->  16.3221169 sigma out 1act.(  18.1615868 sig in 15act.)
 RANK 8 NODE 9 -->  14.9766302 sigma out 1act.(  15.6776867 sig in 15act.)
 RANK 9 NODE 16 -->  13.5544348 sigma out 1act.(  14.6336908 sig in 15act.)
 RANK 10 NODE 20 -->  13.3567095 sigma out 1act.(  13.7056713 sig in 15act.)
 RANK 11 NODE 2 -->  13.1910477 sigma out 1act.(  14.5374899 sig in 15act.)
 RANK 12 NODE 8 -->  12.7955904 sigma out 1act.(  14.1327562 sig in 15act.)
 RANK 13 NODE 5 -->  12.3576746 sigma out 1act.(  12.7046213 sig in 15act.)
 RANK 14 NODE 1 -->  12.200181 sigma out 1act.(  14.1806993 sig in 15act.)
 RANK 15 NODE 6 -->  11.5348339 sigma out 1act.(  13.3011761 sig in 15act.)
 RANK 16 NODE 3 -->  11.5135326 sigma out 1act.(  13.753931 sig in 15act.)
 RANK 17 NODE 4 -->  6.56695795 sigma out 1act.(  9.0358696 sig in 15act.)
 RANK 18 NODE 19 -->  6.37831974 sigma out 1act.(  8.89364338 sig in 15act.)
 RANK 19 NODE 22 -->  4.9377594 sigma out 1act.(  7.26753473 sig in 15act.)
 RANK 20 NODE 15 -->  3.99421859 sigma out 1act.(  7.12434626 sig in 15act.)
 RANK 21 NODE 11 -->  3.60621262 sigma out 1act.(  6.92671251 sig in 15act.)
 RANK 22 NODE 23 -->  1.07324183 sigma out 1act.(  5.71068811 sig in 15act.)
 RANK 23 NODE 10 -->  0.303538293 sigma out 1act.(  6.19729805 sig in 15act.)
 SIGNIFICANCE OF INPUTS TO LAYER 3 
 RANK  1 NODE 1 -->  81.1426773 sigma in 23 active inputs
  ***********************************************
  *** Learn Path  100
  *** loss function: -0.276456445
  *** contribution from regularisation:  0.0163387507
  *** contribution from error: -0.292795181
  *** contribution from DIAG:  0.0055935788
  ***********************************************
 -----------------> Test sample
 Sum of Weights for output node  2  31440.
 FLAT2DEF: TAB(KK=1, II= 2) =  -6.16421556
 create test 22 plots 9100/9200:  2
 END OF LEARNING , export EXPERTISE
 WRITE NETWORK WEIGHTS TO EXPERTISE
 SAVING EXPERTISE TO bshhet.nb
 NB_AHISTOUT: storage space 65947
