JobOptionsSvc        INFO 
//GP:================================================================================
//GP: include ../options/fillCondDB.opts                                      (0,0)
//GP: include /scratch/marcocle/Devel/LHCB/Ex/DetCondExample/v9r2/options/cool.opts (6,10)
ApplicationMgr.DLLs +=  [ "DetCond" ] ;                                 //GP: (10,1)
CondDBAccessSvc.ConnectionString = "$CONDDBCONNECTIONSTRING";           //GP: (17,1)
//GP: end  /scratch/marcocle/Devel/LHCB/Ex/DetCondExample/v9r2/options/cool.opts (27,1)
CondDBAccessSvc.ReadOnly = 0;                                           //GP: (13,1)
ApplicationMgr.TopAlg =  [ "PopulateDB" ] ;                             //GP: (18,1)
ApplicationMgr.EvtSel = "NONE";                                         //GP: (25,1)
ApplicationMgr.EvtMax = 1;                                              //GP: (28,1)
MessageSvc.OutputLevel = 1;                                             //GP: (36,1)
//GP: end  ../options/fillCondDB.opts                                         (41,1)
//GP:================================================================================

JobOptionsSvc        INFO Job options successfully read in from ../options/fillCondDB.opts
ApplicationMgr      DEBUG Getting my own properties
ApplicationMgr    SUCCESS 
====================================================================================================================================
                                                   Welcome to DetCondExample version v9r2
                                          running on pclhcb55.cern.ch on Wed Oct 25 15:32:20 2006
====================================================================================================================================
DllClassManager     DEBUG Found factory RelyConverter
ConverterFactory    DEBUG Added converter for class:RelyConverter Storage id:9 clID:0
DllClassManager     DEBUG Found factory Service CondDBLayeringSvc
DllClassManager     DEBUG Found factory Service CondDBDispatcherSvc
DllClassManager     DEBUG Found factory Service CondDBCnvSvc
DllClassManager     DEBUG Found factory Service CondDBAccessSvc
DllClassManager     DEBUG Loaded 5 factories from module DetCond
ApplicationMgr       INFO Successfully loaded modules : DetCond
ApplicationMgr       INFO Application Manager Configured successfully
ServiceManager      DEBUG Initializing service AppMgrRunable
AppMgrRunable       DEBUG Service base class initialized successfully
ServiceManager      DEBUG Initializing service EventLoopMgr
EventLoopMgr        DEBUG Service base class initialized successfully
EventLoopMgr        DEBUG Creating Top Algorithm PopulateDB with name PopulateDB
PopulateDB          DEBUG Releasing service 'JobOptionsSvc'
PopulateDB          DEBUG Property update for OutputLevel : new value = 1
PopulateDB          DEBUG Initialize base class GaudiCommon<PBASE>
PopulateDB          DEBUG List of ALL properties of PopulateDB/PopulateDB  #properties = 14
PopulateDB          DEBUG Property ['Name': Value] =  'GlobalTimeOffset':0
PopulateDB          DEBUG Property ['Name': Value] =  'RootOnTES':
PopulateDB          DEBUG Property ['Name': Value] =  'Context':
PopulateDB          DEBUG Property ['Name': Value] =  'TypePrint':True
PopulateDB          DEBUG Property ['Name': Value] =  'StatPrint':True
PopulateDB          DEBUG Property ['Name': Value] =  'PropertiesPrint':False
PopulateDB          DEBUG Property ['Name': Value] =  'ErrorsPrint':True
PopulateDB          DEBUG Property ['Name': Value] =  'AuditFinalize':False
PopulateDB          DEBUG Property ['Name': Value] =  'AuditExecute':True
PopulateDB          DEBUG Property ['Name': Value] =  'AuditInitialize':False
PopulateDB          DEBUG Property ['Name': Value] =  'ErrorCount':0
PopulateDB          DEBUG Property ['Name': Value] =  'ErrorMax':1
PopulateDB          DEBUG Property ['Name': Value] =  'Enable':True
PopulateDB          DEBUG Property ['Name': Value] =  'OutputLevel':1
PopulateDB          DEBUG ==> Initialize
CondDBAccessSvc     DEBUG Service base class initialized successfully
CondDBAccessSvc     DEBUG Initialize
CondDBAccessSvc     DEBUG Connection string = "sqlite://none;schema=CONDDB.sqlite;dbname=CONDDB"
CondDBAccessSvc     DEBUG Get cool::DatabaseSvc
ConfigurationService: level[Warning] Configuration file /scratch/marcocle/Devel/LHCB/Ex/DetCondExample/v9r2/cmt/seal.opts does not exist or is not readable!
ConfigurationService: level[Warning] Please check env. variable SEAL_CONFIGURATION_FILE!
 Application     Info Instantiate a COOL Application
 Application     Info Load the COOL database service
RalDatabaseSvc     Info Instantiate the RalDatabaseSvc
CondDBAccessSvc     DEBUG cool::DatabaseSvc got
CondDBAccessSvc     DEBUG Opening connection
RalSessionMgr     Info Instantiate a RalSessionMgr for 'sqlite://none;schema=CONDDB.sqlite;dbname=CONDDB'
RalSessionMgr     Info Load the CORAL connection service
CORAL/Services/ConnectionService     Info Loading default plugin for coral::IRelationalService: CORAL/Services/RelationalService
CORAL/Services/RelationalService     Info Found plugin for RDBMS technology "frontier" with native implementation
CORAL/Services/RelationalService     Info Found plugin for RDBMS technology "mysql" with native implementation
CORAL/Services/RelationalService     Info Found plugin for RDBMS technology "oracle" with native implementation
CORAL/Services/RelationalService     Info Found plugin for RDBMS technology "sqlite" with native implementation
CORAL/Services/RelationalService     Info Default implementation for RDBMS technology "frontier" is native
CORAL/Services/RelationalService     Info Default implementation for RDBMS technology "mysql" is native
CORAL/Services/RelationalService     Info Default implementation for RDBMS technology "oracle" is native
CORAL/Services/RelationalService     Info Default implementation for RDBMS technology "sqlite" is native
CORAL/Services/ConnectionService     Info Loading default plugin for coral::IAuthenticationService: CORAL/Services/XMLAuthenticationService
CORAL/Services/XMLAuthenticationService    Error Could not open "authentication.xml" for reading
CORAL/Services/ConnectionService  Warning Failure while retrieving credential parameter "user" from authentication service: Connection string "sqlite_file:CONDDB.sqlite" is not known to the service ( CORAL : "IAuthenticationService::credentials" from "CORAL/Services/XMLAuthenticationService" )
CORAL/Services/XMLAuthenticationService    Error Could not open "authentication.xml" for reading
CORAL/Services/ConnectionService  Warning Failure while retrieving credential parameter "password" from authentication service: Connection string "sqlite_file:CONDDB.sqlite" is not known to the service ( CORAL : "IAuthenticationService::credentials" from "CORAL/Services/XMLAuthenticationService" )
CORAL/Services/XMLAuthenticationService    Error Could not open "authentication.xml" for reading
CORAL/Services/ConnectionService  Warning Failure while retrieving credential parameter "user" from authentication service: Connection string "sqlite_file:CONDDB.sqlite" is not known to the service ( CORAL : "IAuthenticationService::credentials" from "CORAL/Services/XMLAuthenticationService" )
CORAL/Services/XMLAuthenticationService    Error Could not open "authentication.xml" for reading
CORAL/Services/ConnectionService  Warning Failure while retrieving credential parameter "password" from authentication service: Connection string "sqlite_file:CONDDB.sqlite" is not known to the service ( CORAL : "IAuthenticationService::credentials" from "CORAL/Services/XMLAuthenticationService" )
CORAL/Services/ConnectionService     Info Update Connection to service  established. Id=3da70ade-642d-11db-961b-001320a397bc
CORAL/Services/ConnectionService     Info Session on connection to service  started for user . Id=3da70ade-642d-11db-961b-001320a397bc
CondDBAccessSvc     DEBUG Retrieve the root folderset.
CondDBAccessSvc   VERBOSE Check availability of tag ""
CondDBAccessSvc   VERBOSE "" is a HEAD tag: OK
CondDBAccessSvc     DEBUG Initialize CondDB cache.
CondDBAccessSvc...  DEBUG Cache initialized with high/low levels = 100/10
PopulateDB           INFO Store sample data in the database if empty
PopulateDB           INFO ============= condDBStoreSampleData() starting =====================
PopulateDB           INFO Checking if CondDB tree has been already filled
PopulateDB           INFO Now store sample data into the CondDB
PopulateDB          DEBUG Create foldersets
PopulateDB          DEBUG Create folders (multi-version)
PopulateDB          DEBUG Create folders (single-version)
PopulateDB          DEBUG Create folder for many files
PopulateDB          DEBUG Create folder /a_folder.xml
PopulateDB          DEBUG Create COLD version data
PopulateDB        VERBOSE Encoding XML string for name=scLHCb and temperature=5
PopulateDB        VERBOSE Encoded XML string is:<?xml version="1.0" encoding="UTF-8"?><!DOCTYPE DDDB SYSTEM "structure.dtd"><DDDB><condition classID="5" name="scLHCb"><param name="Temperature" type="double">5</param></condition></DDDB>

PopulateDB        VERBOSE Encoding XML string for name=scHcal and temperature=4.2
PopulateDB        VERBOSE Encoded XML string is:<?xml version="1.0" encoding="UTF-8"?><!DOCTYPE DDDB SYSTEM "structure.dtd"><DDDB><condition classID="5" name="scHcal"><param name="Temperature" type="double">4.2</param></condition></DDDB>

PopulateDB        VERBOSE Encoding XML string for name=scLHCb and temperature=15
PopulateDB        VERBOSE Encoded XML string is:<?xml version="1.0" encoding="UTF-8"?><!DOCTYPE DDDB SYSTEM "structure.dtd"><DDDB><condition classID="5" name="scLHCb"><param name="Temperature" type="double">15</param></condition></DDDB>

PopulateDB        VERBOSE Encoding XML string for name=scHcal and temperature=14.6
PopulateDB        VERBOSE Encoded XML string is:<?xml version="1.0" encoding="UTF-8"?><!DOCTYPE DDDB SYSTEM "structure.dtd"><DDDB><condition classID="5" name="scHcal"><param name="Temperature" type="double">14.6</param></condition></DDDB>

PopulateDB        VERBOSE Encoding XML string for name=scLHCb and temperature=25
PopulateDB        VERBOSE Encoded XML string is:<?xml version="1.0" encoding="UTF-8"?><!DOCTYPE DDDB SYSTEM "structure.dtd"><DDDB><condition classID="5" name="scLHCb"><param name="Temperature" type="double">25</param></condition></DDDB>

PopulateDB        VERBOSE Encoding XML string for name=scHcal and temperature=25
PopulateDB        VERBOSE Encoded XML string is:<?xml version="1.0" encoding="UTF-8"?><!DOCTYPE DDDB SYSTEM "structure.dtd"><DDDB><condition classID="5" name="scHcal"><param name="Temperature" type="double">25</param></condition></DDDB>

PopulateDB        VERBOSE Encoding XML string for name=DummyDE and temperature=25.16
PopulateDB        VERBOSE Encoded XML string is:<?xml version="1.0" encoding="UTF-8"?><!DOCTYPE DDDB SYSTEM "structure.dtd"><DDDB><condition classID="5" name="DummyDE"><param name="Temperature" type="double">25.16</param></condition></DDDB>

PopulateDB        VERBOSE Encoding XML string for name=DummyDE and temperature=29.33
PopulateDB        VERBOSE Encoded XML string is:<?xml version="1.0" encoding="UTF-8"?><!DOCTYPE DDDB SYSTEM "structure.dtd"><DDDB><condition classID="5" name="DummyDE"><param name="Temperature" type="double">29.33</param></condition></DDDB>

PopulateDB        VERBOSE Encoding XML string for name=DummyDE and temperature=33.5
PopulateDB        VERBOSE Encoded XML string is:<?xml version="1.0" encoding="UTF-8"?><!DOCTYPE DDDB SYSTEM "structure.dtd"><DDDB><condition classID="5" name="DummyDE"><param name="Temperature" type="double">33.5</param></condition></DDDB>

PopulateDB        VERBOSE /ReadOut/DummyDE: <?xml version="1.0" encoding="UTF-8"?><!DOCTYPE DDDB SYSTEM "structure.dtd"><DDDB><condition classID="5" name="DummyDE"><paramVector name="Channels" type="int">0 1 2 3 4 5 6 7 8 9</paramVector><paramVector name="CrateTemps" type="double">20.16 19.24 18.32 17.4 16.48 15.56 14.64 13.72 12.8 11.88</paramVector><param name="NChannels" type="int">10</param></condition></DDDB>

PopulateDB        VERBOSE /ReadOut/DummyDE: <?xml version="1.0" encoding="UTF-8"?><!DOCTYPE DDDB SYSTEM "structure.dtd"><DDDB><condition classID="5" name="DummyDE"><paramVector name="Channels" type="int">0 2 4 6 8</paramVector><paramVector name="CrateTemps" type="double">24.33 23.41 22.49 21.57 20.65 19.73 18.81 17.89 16.97 16.05</paramVector><param name="NChannels" type="int">10</param></condition></DDDB>

PopulateDB        VERBOSE /ReadOut/DummyDE: <?xml version="1.0" encoding="UTF-8"?><!DOCTYPE DDDB SYSTEM "structure.dtd"><DDDB><condition classID="5" name="DummyDE"><paramVector name="Channels" type="int">0 3 6 9</paramVector><paramVector name="CrateTemps" type="double">28.5 27.58 26.66 25.74 24.82 23.9 22.98 22.06 21.14 20.22</paramVector><param name="NChannels" type="int">10</param></condition></DDDB>

AlignmentConditionVERBOSE Constructing AlignmentCondition from transformation parameters. classID 6
AlignmentConditionVERBOSE Making transformation matrix
AlignmentConditionVERBOSE Constructing AlignmentCondition from transformation parameters. classID 6
AlignmentConditionVERBOSE Making transformation matrix
PopulateDB          DEBUG Create objects in folder /Geometry/LHCb
PopulateDB          DEBUG Reading XML data from file: 
PopulateDB          DEBUG ../XMLDDDB/LHCb/geometry.xml
PopulateDB        VERBOSE Remove DTD relative path in the XML
PopulateDB        VERBOSE DTD literal was: "../DTD/geometry.dtd"
PopulateDB        VERBOSE DTD literal is now: "geometry.dtd"
PopulateDB        VERBOSE XML data is:
<?xml version="1.0" encoding="UTF-8"?>
<!DOCTYPE DDDB SYSTEM "geometry.dtd">
<DDDB>
<!-- $Id: geometry.xml,v 1.2 2001/12/17 19:47:40 andreav Exp $ -->
  <catalog name="LHCb">
  <!-- LHCb detector geometry  catalog -->

    <logvol material="Vacuum" name="lvLHCb">
    <!-- Geometry for LHCb detector -->

      <box name  = "caveBox" 
           sizeX = "50000*mm" 
           sizeY = "50000*mm" 
           sizeZ = "50000*mm" />

      <physvol logvol="/dd/Geometry/Ecal/lvEcal" name="EcalSubsystem">
          <posXYZ x="0*mm" y="0*mm" z="12907.5*mm"/>        
      </physvol>

      <physvol logvol="/dd/Geometry/Hcal/lvHcal" name="HcalSubsystem">
          <posXYZ x="0*mm" y="0*mm" z="14162.5*mm"/>      
      </physvol>

    </logvol>  

  </catalog>

</DDDB>

PopulateDB        VERBOSE Store it in the database with [-inf,+inf] validity range
PopulateDB        VERBOSE Folder name: /Geometry/LHCb
PopulateDB        VERBOSE Create object with validity range: [0(0x0),9223372036854775807(0x7fffffffffffffff)]
PopulateDB          DEBUG Add a TabulatedProperty from 0 to 30
PopulateDB          DEBUG Add a second TabulatedProperty from 30 to +inf
PopulateDB          DEBUG Apply (global) tag "COLD"
RndmGenSvc          DEBUG Service base class initialized successfully
RndmGenSvc.Engine   DEBUG Service base class initialized successfully
IncidentSvc         DEBUG Service base class initialized successfully
RndmGenSvc.Engine    INFO Generator engine type:CLHEP::RanluxEngine
RndmGenSvc.Engine    INFO Current Seed:1234567 Luxury:3
RndmGenSvc           INFO Using Random engine:HepRndm::Engine<CLHEP::RanluxEngine>
CondDBAccessSvc   VERBOSE ServiceLocatorHelper::createService: got service RndmGenSvc
PopulateDB          DEBUG Create HOT version data
PopulateDB        VERBOSE Encoding XML string for name=scLHCb and temperature=105
PopulateDB        VERBOSE Encoded XML string is:<?xml version="1.0" encoding="UTF-8"?><!DOCTYPE DDDB SYSTEM "structure.dtd"><DDDB><condition classID="5" name="scLHCb"><param name="Temperature" type="double">105</param></condition></DDDB>

PopulateDB        VERBOSE Encoding XML string for name=scHcal and temperature=105
PopulateDB        VERBOSE Encoded XML string is:<?xml version="1.0" encoding="UTF-8"?><!DOCTYPE DDDB SYSTEM "structure.dtd"><DDDB><condition classID="5" name="scHcal"><param name="Temperature" type="double">105</param></condition></DDDB>

PopulateDB        VERBOSE Encoding XML string for name=scLHCb and temperature=115
PopulateDB        VERBOSE Encoded XML string is:<?xml version="1.0" encoding="UTF-8"?><!DOCTYPE DDDB SYSTEM "structure.dtd"><DDDB><condition classID="5" name="scLHCb"><param name="Temperature" type="double">115</param></condition></DDDB>

PopulateDB        VERBOSE Encoding XML string for name=scHcal and temperature=115
PopulateDB        VERBOSE Encoded XML string is:<?xml version="1.0" encoding="UTF-8"?><!DOCTYPE DDDB SYSTEM "structure.dtd"><DDDB><condition classID="5" name="scHcal"><param name="Temperature" type="double">115</param></condition></DDDB>

PopulateDB        VERBOSE Encoding XML string for name=scLHCb and temperature=125
PopulateDB        VERBOSE Encoded XML string is:<?xml version="1.0" encoding="UTF-8"?><!DOCTYPE DDDB SYSTEM "structure.dtd"><DDDB><condition classID="5" name="scLHCb"><param name="Temperature" type="double">125</param></condition></DDDB>

PopulateDB        VERBOSE Encoding XML string for name=scHcal and temperature=125
PopulateDB        VERBOSE Encoded XML string is:<?xml version="1.0" encoding="UTF-8"?><!DOCTYPE DDDB SYSTEM "structure.dtd"><DDDB><condition classID="5" name="scHcal"><param name="Temperature" type="double">125</param></condition></DDDB>

PopulateDB          DEBUG Apply (global) tag "HOT"
PopulateDB          DEBUG Create new HEAD version data
PopulateDB          DEBUG Put in a new HEAD
PopulateDB        VERBOSE Encoding XML string for name=scLHCb and temperature=9.2
PopulateDB        VERBOSE Encoded XML string is:<?xml version="1.0" encoding="UTF-8"?><!DOCTYPE DDDB SYSTEM "structure.dtd"><DDDB><condition classID="5" name="scLHCb"><param name="Temperature" type="double">9.199999999999999</param></condition></DDDB>

PopulateDB        VERBOSE Encoding XML string for name=scLHCb and temperature=14.2
PopulateDB        VERBOSE Encoded XML string is:<?xml version="1.0" encoding="UTF-8"?><!DOCTYPE DDDB SYSTEM "structure.dtd"><DDDB><condition classID="5" name="scLHCb"><param name="Temperature" type="double">14.2</param></condition></DDDB>

PopulateDB        VERBOSE Encoding XML string for name=scHcal and temperature=9
PopulateDB        VERBOSE Encoded XML string is:<?xml version="1.0" encoding="UTF-8"?><!DOCTYPE DDDB SYSTEM "structure.dtd"><DDDB><condition classID="5" name="scHcal"><param name="Temperature" type="double">9</param></condition></DDDB>

PopulateDB        VERBOSE Encoding XML string for name=scHcal and temperature=14.4
PopulateDB        VERBOSE Encoded XML string is:<?xml version="1.0" encoding="UTF-8"?><!DOCTYPE DDDB SYSTEM "structure.dtd"><DDDB><condition classID="5" name="scHcal"><param name="Temperature" type="double">14.4</param></condition></DDDB>

PopulateDB        VERBOSE Encoding XML string for name=scHcal and temperature=19.8
PopulateDB        VERBOSE Encoded XML string is:<?xml version="1.0" encoding="UTF-8"?><!DOCTYPE DDDB SYSTEM "structure.dtd"><DDDB><condition classID="5" name="scHcal"><param name="Temperature" type="double">19.8</param></condition></DDDB>

PopulateDB        VERBOSE Encoding XML string for name=scHcal and temperature=25.2
PopulateDB        VERBOSE Encoded XML string is:<?xml version="1.0" encoding="UTF-8"?><!DOCTYPE DDDB SYSTEM "structure.dtd"><DDDB><condition classID="5" name="scHcal"><param name="Temperature" type="double">25.2</param></condition></DDDB>

PopulateDB        VERBOSE Encoding XML string for name=scHcal and temperature=30.6
PopulateDB        VERBOSE Encoded XML string is:<?xml version="1.0" encoding="UTF-8"?><!DOCTYPE DDDB SYSTEM "structure.dtd"><DDDB><condition classID="5" name="scHcal"><param name="Temperature" type="double">30.6</param></condition></DDDB>

PopulateDB        VERBOSE Encoding XML string for name=scHcal and temperature=36
PopulateDB        VERBOSE Encoded XML string is:<?xml version="1.0" encoding="UTF-8"?><!DOCTYPE DDDB SYSTEM "structure.dtd"><DDDB><condition classID="5" name="scHcal"><param name="Temperature" type="double">36</param></condition></DDDB>

PopulateDB        VERBOSE Encoding XML string for name=scHcal and temperature=41.4
PopulateDB        VERBOSE Encoded XML string is:<?xml version="1.0" encoding="UTF-8"?><!DOCTYPE DDDB SYSTEM "structure.dtd"><DDDB><condition classID="5" name="scHcal"><param name="Temperature" type="double">41.40000000000001</param></condition></DDDB>

PopulateDB        VERBOSE Encoding XML string for name=scHcal and temperature=46.8
PopulateDB        VERBOSE Encoded XML string is:<?xml version="1.0" encoding="UTF-8"?><!DOCTYPE DDDB SYSTEM "structure.dtd"><DDDB><condition classID="5" name="scHcal"><param name="Temperature" type="double">46.8</param></condition></DDDB>

PopulateDB        VERBOSE Encoding XML string for name=scHcal and temperature=52.2
PopulateDB        VERBOSE Encoded XML string is:<?xml version="1.0" encoding="UTF-8"?><!DOCTYPE DDDB SYSTEM "structure.dtd"><DDDB><condition classID="5" name="scHcal"><param name="Temperature" type="double">52.2</param></condition></DDDB>

PopulateDB        VERBOSE Encoding XML string for name=scHcal and temperature=57.6
PopulateDB        VERBOSE Encoded XML string is:<?xml version="1.0" encoding="UTF-8"?><!DOCTYPE DDDB SYSTEM "structure.dtd"><DDDB><condition classID="5" name="scHcal"><param name="Temperature" type="double">57.6</param></condition></DDDB>

PopulateDB          DEBUG Apply (global) tag "FORFUN"
PopulateDB           INFO Creating signature folderSet
PopulateDB           INFO Signature folderSet created
PopulateDB           INFO ============= condDBStoreSampleData() ending =======================
PopulateDB           INFO Dump sample data from the database
PopulateDB           INFO ============= condDBDumpSampleData() starting ======================
PopulateDB           INFO  --> List of CondDB Folders
PopulateDB           INFO  S /  
PopulateDB           INFO  S /Alignment  
PopulateDB           INFO  S /Alignment/Velo  
PopulateDB           INFO    /Alignment/Velo/Modules  
PopulateDB           INFO     | using tag ="COLD"
PopulateDB           INFO     | 1 objects in folder
PopulateDB           INFO     | 0 -> 9223372036854775807
PopulateDB           INFO       size = 1
PopulateDB           INFO       [data (string) : <?xml version="1.0" encoding="UTF-8"?><!DOCTYPE DDDB SYSTEM "structure.dtd"><DDDB><condition classID="6" name="Module00"><paramVector name="dPosXYZ" type="double">0 0 0</paramVector><paramVector name="dRotXYZ" type="double">0 0 0</paramVector><paramVector name="pivotXYZ" type="double">0 0 0</paramVector></condition></DDDB>
]
PopulateDB           INFO     | using tag ="HOT"
PopulateDB           INFO     | 1 objects in folder
PopulateDB           INFO     | 0 -> 9223372036854775807
PopulateDB           INFO       size = 1
PopulateDB           INFO       [data (string) : <?xml version="1.0" encoding="UTF-8"?><!DOCTYPE DDDB SYSTEM "structure.dtd"><DDDB><condition classID="6" name="Module00"><paramVector name="dPosXYZ" type="double">0 0 0</paramVector><paramVector name="dRotXYZ" type="double">0 0 0</paramVector><paramVector name="pivotXYZ" type="double">0 0 0</paramVector></condition></DDDB>
]
PopulateDB           INFO     | using tag ="HEAD"
PopulateDB           INFO     | 1 objects in folder
PopulateDB           INFO     | 0 -> 9223372036854775807
PopulateDB           INFO       size = 1
PopulateDB           INFO       [data (string) : <?xml version="1.0" encoding="UTF-8"?><!DOCTYPE DDDB SYSTEM "structure.dtd"><DDDB><condition classID="6" name="Module00"><paramVector name="dPosXYZ" type="double">0 0 0</paramVector><paramVector name="dRotXYZ" type="double">0 0 0</paramVector><paramVector name="pivotXYZ" type="double">0 0 0</paramVector></condition></DDDB>
]
PopulateDB           INFO     | using tag ="FORFUN"
PopulateDB           INFO     | 1 objects in folder
PopulateDB           INFO     | 0 -> 9223372036854775807
PopulateDB           INFO       size = 1
PopulateDB           INFO       [data (string) : <?xml version="1.0" encoding="UTF-8"?><!DOCTYPE DDDB SYSTEM "structure.dtd"><DDDB><condition classID="6" name="Module00"><paramVector name="dPosXYZ" type="double">0 0 0</paramVector><paramVector name="dRotXYZ" type="double">0 0 0</paramVector><paramVector name="pivotXYZ" type="double">0 0 0</paramVector></condition></DDDB>
]
PopulateDB           INFO  S /Geometry  
PopulateDB           INFO    /Geometry/LHCb  
PopulateDB           INFO     | using tag ="COLD"
PopulateDB           INFO     | 1 objects in folder
PopulateDB           INFO     | 0 -> 9223372036854775807
PopulateDB           INFO       size = 1
PopulateDB           INFO       [data (string) : <?xml version="1.0" encoding="UTF-8"?>
<!DOCTYPE DDDB SYSTEM "geometry.dtd">
<DDDB>
<!-- $Id: geometry.xml,v 1.2 2001/12/17 19:47:40 andreav Exp $ -->
  <catalog name="LHCb">
  <!-- LHCb detector geometry  catalog -->

    <logvol material="Vacuum" name="lvLHCb">
    <!-- Geometry for LHCb detector -->

      <box name  = "caveBox" 
           sizeX = "50000*mm" 
           sizeY = "50000*mm" 
           sizeZ = "50000*mm" />

      <physvol logvol="/dd/Geometry/Ecal/lvEcal" name="EcalSubsystem">
          <posXYZ x="0*mm" y="0*mm" z="12907.5*mm"/>        
      </physvol>

      <physvol logvol="/dd/Geometry/Hcal/lvHcal" name="HcalSubsystem">
          <posXYZ x="0*mm" y="0*mm" z="14162.5*mm"/>      
      </physvol>

    </logvol>  

  </catalog>

</DDDB>
]
PopulateDB           INFO     | using tag ="HOT"
PopulateDB           INFO     | 1 objects in folder
PopulateDB           INFO     | 0 -> 9223372036854775807
PopulateDB           INFO       size = 1
PopulateDB           INFO       [data (string) : <?xml version="1.0" encoding="UTF-8"?>
<!DOCTYPE DDDB SYSTEM "geometry.dtd">
<DDDB>
<!-- $Id: geometry.xml,v 1.2 2001/12/17 19:47:40 andreav Exp $ -->
  <catalog name="LHCb">
  <!-- LHCb detector geometry  catalog -->

    <logvol material="Vacuum" name="lvLHCb">
    <!-- Geometry for LHCb detector -->

      <box name  = "caveBox" 
           sizeX = "50000*mm" 
           sizeY = "50000*mm" 
           sizeZ = "50000*mm" />

      <physvol logvol="/dd/Geometry/Ecal/lvEcal" name="EcalSubsystem">
          <posXYZ x="0*mm" y="0*mm" z="12907.5*mm"/>        
      </physvol>

      <physvol logvol="/dd/Geometry/Hcal/lvHcal" name="HcalSubsystem">
          <posXYZ x="0*mm" y="0*mm" z="14162.5*mm"/>      
      </physvol>

    </logvol>  

  </catalog>

</DDDB>
]
PopulateDB           INFO     | using tag ="HEAD"
PopulateDB           INFO     | 1 objects in folder
PopulateDB           INFO     | 0 -> 9223372036854775807
PopulateDB           INFO       size = 1
PopulateDB           INFO       [data (string) : <?xml version="1.0" encoding="UTF-8"?>
<!DOCTYPE DDDB SYSTEM "geometry.dtd">
<DDDB>
<!-- $Id: geometry.xml,v 1.2 2001/12/17 19:47:40 andreav Exp $ -->
  <catalog name="LHCb">
  <!-- LHCb detector geometry  catalog -->

    <logvol material="Vacuum" name="lvLHCb">
    <!-- Geometry for LHCb detector -->

      <box name  = "caveBox" 
           sizeX = "50000*mm" 
           sizeY = "50000*mm" 
           sizeZ = "50000*mm" />

      <physvol logvol="/dd/Geometry/Ecal/lvEcal" name="EcalSubsystem">
          <posXYZ x="0*mm" y="0*mm" z="12907.5*mm"/>        
      </physvol>

      <physvol logvol="/dd/Geometry/Hcal/lvHcal" name="HcalSubsystem">
          <posXYZ x="0*mm" y="0*mm" z="14162.5*mm"/>      
      </physvol>

    </logvol>  

  </catalog>

</DDDB>
]
PopulateDB           INFO     | using tag ="FORFUN"
PopulateDB           INFO     | 1 objects in folder
PopulateDB           INFO     | 0 -> 9223372036854775807
PopulateDB           INFO       size = 1
PopulateDB           INFO       [data (string) : <?xml version="1.0" encoding="UTF-8"?>
<!DOCTYPE DDDB SYSTEM "geometry.dtd">
<DDDB>
<!-- $Id: geometry.xml,v 1.2 2001/12/17 19:47:40 andreav Exp $ -->
  <catalog name="LHCb">
  <!-- LHCb detector geometry  catalog -->

    <logvol material="Vacuum" name="lvLHCb">
    <!-- Geometry for LHCb detector -->

      <box name  = "caveBox" 
           sizeX = "50000*mm" 
           sizeY = "50000*mm" 
           sizeZ = "50000*mm" />

      <physvol logvol="/dd/Geometry/Ecal/lvEcal" name="EcalSubsystem">
          <posXYZ x="0*mm" y="0*mm" z="12907.5*mm"/>        
      </physvol>

      <physvol logvol="/dd/Geometry/Hcal/lvHcal" name="HcalSubsystem">
          <posXYZ x="0*mm" y="0*mm" z="14162.5*mm"/>      
      </physvol>

    </logvol>  

  </catalog>

</DDDB>
]
PopulateDB           INFO  S /Geometry2  
PopulateDB           INFO    /Geometry2/LHCb  
PopulateDB           INFO     | using tag ="COLD"
PopulateDB           INFO     | 1 objects in folder
PopulateDB           INFO     | 0 -> 9223372036854775807
PopulateDB           INFO       size = 1
PopulateDB           INFO       [data (string) : <?xml version="1.0" encoding="UTF-8"?><!DOCTYPE DDDB SYSTEM "geometry.dtd"><DDDB><catalog name="LHCb"><logvolref href="conddb:/Geometry2/lvLHCb#lvLHCb"/></catalog></DDDB>]
PopulateDB           INFO     | using tag ="HOT"
PopulateDB           INFO     | 1 objects in folder
PopulateDB           INFO     | 0 -> 9223372036854775807
PopulateDB           INFO       size = 1
PopulateDB           INFO       [data (string) : <?xml version="1.0" encoding="UTF-8"?><!DOCTYPE DDDB SYSTEM "geometry.dtd"><DDDB><catalog name="LHCb"><logvolref href="conddb:/Geometry2/lvLHCb#lvLHCb"/></catalog></DDDB>]
PopulateDB           INFO     | using tag ="HEAD"
PopulateDB           INFO     | 1 objects in folder
PopulateDB           INFO     | 0 -> 9223372036854775807
PopulateDB           INFO       size = 1
PopulateDB           INFO       [data (string) : <?xml version="1.0" encoding="UTF-8"?><!DOCTYPE DDDB SYSTEM "geometry.dtd"><DDDB><catalog name="LHCb"><logvolref href="conddb:/Geometry2/lvLHCb#lvLHCb"/></catalog></DDDB>]
PopulateDB           INFO     | using tag ="FORFUN"
PopulateDB           INFO     | 1 objects in folder
PopulateDB           INFO     | 0 -> 9223372036854775807
PopulateDB           INFO       size = 1
PopulateDB           INFO       [data (string) : <?xml version="1.0" encoding="UTF-8"?><!DOCTYPE DDDB SYSTEM "geometry.dtd"><DDDB><catalog name="LHCb"><logvolref href="conddb:/Geometry2/lvLHCb#lvLHCb"/></catalog></DDDB>]
PopulateDB           INFO    /Geometry2/lvLHCb  
PopulateDB           INFO     | using tag ="COLD"
PopulateDB           INFO     | 1 objects in folder
PopulateDB           INFO     | 0 -> 9223372036854775807
PopulateDB           INFO       size = 1
PopulateDB           INFO       [data (string) : <?xml version="1.0" encoding="UTF-8"?><!DOCTYPE DDDB SYSTEM "geometry.dtd"><DDDB><logvol material="Vacuum" name="lvLHCb"><box name="caveBox" sizeX="50000*mm" sizeY="50000*mm" sizeZ="50000*mm"/><physvol logvol="/dd/Geometry/Ecal/lvEcal" name="EcalSubsystem"><posXYZ x="0*mm" y="0*mm" z="12907.5*mm"/></physvol><physvol logvol="/dd/Geometry/Hcal/lvHcal" name="HcalSubsystem"><posXYZ x="0*mm" y="0*mm" z="14162.5*mm"/></physvol></logvol></DDDB>]
PopulateDB           INFO     | using tag ="HOT"
PopulateDB           INFO     | 1 objects in folder
PopulateDB           INFO     | 0 -> 9223372036854775807
PopulateDB           INFO       size = 1
PopulateDB           INFO       [data (string) : <?xml version="1.0" encoding="UTF-8"?><!DOCTYPE DDDB SYSTEM "geometry.dtd"><DDDB><logvol material="Vacuum" name="lvLHCb"><box name="caveBox" sizeX="50000*mm" sizeY="50000*mm" sizeZ="50000*mm"/><physvol logvol="/dd/Geometry/Ecal/lvEcal" name="EcalSubsystem"><posXYZ x="0*mm" y="0*mm" z="12907.5*mm"/></physvol><physvol logvol="/dd/Geometry/Hcal/lvHcal" name="HcalSubsystem"><posXYZ x="0*mm" y="0*mm" z="14162.5*mm"/></physvol></logvol></DDDB>]
PopulateDB           INFO     | using tag ="HEAD"
PopulateDB           INFO     | 1 objects in folder
PopulateDB           INFO     | 0 -> 9223372036854775807
PopulateDB           INFO       size = 1
PopulateDB           INFO       [data (string) : <?xml version="1.0" encoding="UTF-8"?><!DOCTYPE DDDB SYSTEM "geometry.dtd"><DDDB><logvol material="Vacuum" name="lvLHCb"><box name="caveBox" sizeX="50000*mm" sizeY="50000*mm" sizeZ="50000*mm"/><physvol logvol="/dd/Geometry/Ecal/lvEcal" name="EcalSubsystem"><posXYZ x="0*mm" y="0*mm" z="12907.5*mm"/></physvol><physvol logvol="/dd/Geometry/Hcal/lvHcal" name="HcalSubsystem"><posXYZ x="0*mm" y="0*mm" z="14162.5*mm"/></physvol></logvol></DDDB>]
PopulateDB           INFO     | using tag ="FORFUN"
PopulateDB           INFO     | 1 objects in folder
PopulateDB           INFO     | 0 -> 9223372036854775807
PopulateDB           INFO       size = 1
PopulateDB           INFO       [data (string) : <?xml version="1.0" encoding="UTF-8"?><!DOCTYPE DDDB SYSTEM "geometry.dtd"><DDDB><logvol material="Vacuum" name="lvLHCb"><box name="caveBox" sizeX="50000*mm" sizeY="50000*mm" sizeZ="50000*mm"/><physvol logvol="/dd/Geometry/Ecal/lvEcal" name="EcalSubsystem"><posXYZ x="0*mm" y="0*mm" z="12907.5*mm"/></physvol><physvol logvol="/dd/Geometry/Hcal/lvHcal" name="HcalSubsystem"><posXYZ x="0*mm" y="0*mm" z="14162.5*mm"/></physvol></logvol></DDDB>]
PopulateDB           INFO    /ManiFolder  
PopulateDB           INFO     | using tag ="COLD"
PopulateDB           INFO     | 1 objects in folder
PopulateDB           INFO     | 0 -> 9223372036854775807
PopulateDB           INFO       size = 3
PopulateDB           INFO       [A (string) : <?xml version="1.0" encoding="UTF-8"?><!DOCTYPE DDDB SYSTEM "structure.dtd"><DDDB><condition classID="5" name="Object"><param name="Datum" type="other">A</param></condition></DDDB>
], [B (string) : <?xml version="1.0" encoding="UTF-8"?><!DOCTYPE DDDB SYSTEM "structure.dtd"><DDDB><condition classID="5" name="Object"><param name="Datum" type="other">B</param></condition></DDDB>
], [C (string) : <?xml version="1.0" encoding="UTF-8"?><!DOCTYPE DDDB SYSTEM "structure.dtd"><DDDB><condition classID="5" name="Object"><param name="Datum" type="other">C</param></condition></DDDB>
]
PopulateDB           INFO     | using tag ="HOT"
PopulateDB           INFO     | 1 objects in folder
PopulateDB           INFO     | 0 -> 9223372036854775807
PopulateDB           INFO       size = 3
PopulateDB           INFO       [A (string) : <?xml version="1.0" encoding="UTF-8"?><!DOCTYPE DDDB SYSTEM "structure.dtd"><DDDB><condition classID="5" name="Object"><param name="Datum" type="other">A</param></condition></DDDB>
], [B (string) : <?xml version="1.0" encoding="UTF-8"?><!DOCTYPE DDDB SYSTEM "structure.dtd"><DDDB><condition classID="5" name="Object"><param name="Datum" type="other">B</param></condition></DDDB>
], [C (string) : <?xml version="1.0" encoding="UTF-8"?><!DOCTYPE DDDB SYSTEM "structure.dtd"><DDDB><condition classID="5" name="Object"><param name="Datum" type="other">C</param></condition></DDDB>
]
PopulateDB           INFO     | using tag ="HEAD"
PopulateDB           INFO     | 1 objects in folder
PopulateDB           INFO     | 0 -> 9223372036854775807
PopulateDB           INFO       size = 3
PopulateDB           INFO       [A (string) : <?xml version="1.0" encoding="UTF-8"?><!DOCTYPE DDDB SYSTEM "structure.dtd"><DDDB><condition classID="5" name="Object"><param name="Datum" type="other">A</param></condition></DDDB>
], [B (string) : <?xml version="1.0" encoding="UTF-8"?><!DOCTYPE DDDB SYSTEM "structure.dtd"><DDDB><condition classID="5" name="Object"><param name="Datum" type="other">B</param></condition></DDDB>
], [C (string) : <?xml version="1.0" encoding="UTF-8"?><!DOCTYPE DDDB SYSTEM "structure.dtd"><DDDB><condition classID="5" name="Object"><param name="Datum" type="other">C</param></condition></DDDB>
]
PopulateDB           INFO     | using tag ="FORFUN"
PopulateDB           INFO     | 1 objects in folder
PopulateDB           INFO     | 0 -> 9223372036854775807
PopulateDB           INFO       size = 3
PopulateDB           INFO       [A (string) : <?xml version="1.0" encoding="UTF-8"?><!DOCTYPE DDDB SYSTEM "structure.dtd"><DDDB><condition classID="5" name="Object"><param name="Datum" type="other">A</param></condition></DDDB>
], [B (string) : <?xml version="1.0" encoding="UTF-8"?><!DOCTYPE DDDB SYSTEM "structure.dtd"><DDDB><condition classID="5" name="Object"><param name="Datum" type="other">B</param></condition></DDDB>
], [C (string) : <?xml version="1.0" encoding="UTF-8"?><!DOCTYPE DDDB SYSTEM "structure.dtd"><DDDB><condition classID="5" name="Object"><param name="Datum" type="other">C</param></condition></DDDB>
]
PopulateDB           INFO  S /OnLine  
PopulateDB           INFO  S /OnLine/Cave  
PopulateDB           INFO    /OnLine/Cave/P1  
PopulateDB           INFO     | using tag ="HEAD"
PopulateDB           INFO     | no objects in folder
PopulateDB           INFO    /OnLine/Cave/T1  
PopulateDB           INFO     | using tag ="HEAD"
PopulateDB           INFO     | no objects in folder
PopulateDB           INFO    /OnLine/Cave/T2  
PopulateDB           INFO     | using tag ="HEAD"
PopulateDB           INFO     | no objects in folder
PopulateDB           INFO  S /Properties  
PopulateDB           INFO    /Properties/TestFunction  
PopulateDB           INFO     | using tag ="COLD"
PopulateDB           INFO     | 2 objects in folder
PopulateDB           INFO     | 0 -> 30
PopulateDB           INFO       size = 1
PopulateDB           INFO       [data (string) : <?xml version="1.0" encoding="UTF-8"?><!DOCTYPE DDDB SYSTEM "geometry.dtd"><DDDB><tabproperty name="TestFunction" type="(Unknown)" xaxis="(empty)" yaxis="(empty)"><entry x = '0'  y = '0' /><entry x = '0.2'  y = '0.04000000000000001' /><entry x = '0.4'  y = '0.16' /><entry x = '0.6000000000000001'  y = '0.3600000000000001' /><entry x = '0.8'  y = '0.6400000000000001' /><entry x = '1'  y = '1' /><entry x = '1.2'  y = '1.44' /><entry x = '1.4'  y = '1.96' /><entry x = '1.6'  y = '2.56' /><entry x = '1.8'  y = '3.239999999999999' /><entry x = '2'  y = '3.999999999999999' /></tabproperty></DDDB>
]
PopulateDB           INFO     | 30 -> 9223372036854775807
PopulateDB           INFO       size = 1
PopulateDB           INFO       [data (string) : <?xml version="1.0" encoding="UTF-8"?><!DOCTYPE DDDB SYSTEM "geometry.dtd"><DDDB><tabproperty name="TestFunction" type="(Unknown)" xaxis="(empty)" yaxis="(empty)"><entry x = '0'  y = '0' /><entry x = '0.2'  y = '0.02' /><entry x = '0.4'  y = '0.08000000000000002' /><entry x = '0.6000000000000001'  y = '0.18' /><entry x = '0.8'  y = '0.3200000000000001' /><entry x = '1'  y = '0.5' /><entry x = '1.2'  y = '0.72' /><entry x = '1.4'  y = '0.9799999999999999' /><entry x = '1.6'  y = '1.28' /><entry x = '1.8'  y = '1.62' /><entry x = '2'  y = '2' /></tabproperty></DDDB>
]
PopulateDB           INFO     | using tag ="HOT"
PopulateDB           INFO     | 2 objects in folder
PopulateDB           INFO     | 0 -> 30
PopulateDB           INFO       size = 1
PopulateDB           INFO       [data (string) : <?xml version="1.0" encoding="UTF-8"?><!DOCTYPE DDDB SYSTEM "geometry.dtd"><DDDB><tabproperty name="TestFunction" type="(Unknown)" xaxis="(empty)" yaxis="(empty)"><entry x = '0'  y = '0' /><entry x = '0.2'  y = '0.04000000000000001' /><entry x = '0.4'  y = '0.16' /><entry x = '0.6000000000000001'  y = '0.3600000000000001' /><entry x = '0.8'  y = '0.6400000000000001' /><entry x = '1'  y = '1' /><entry x = '1.2'  y = '1.44' /><entry x = '1.4'  y = '1.96' /><entry x = '1.6'  y = '2.56' /><entry x = '1.8'  y = '3.239999999999999' /><entry x = '2'  y = '3.999999999999999' /></tabproperty></DDDB>
]
PopulateDB           INFO     | 30 -> 9223372036854775807
PopulateDB           INFO       size = 1
PopulateDB           INFO       [data (string) : <?xml version="1.0" encoding="UTF-8"?><!DOCTYPE DDDB SYSTEM "geometry.dtd"><DDDB><tabproperty name="TestFunction" type="(Unknown)" xaxis="(empty)" yaxis="(empty)"><entry x = '0'  y = '0' /><entry x = '0.2'  y = '0.02' /><entry x = '0.4'  y = '0.08000000000000002' /><entry x = '0.6000000000000001'  y = '0.18' /><entry x = '0.8'  y = '0.3200000000000001' /><entry x = '1'  y = '0.5' /><entry x = '1.2'  y = '0.72' /><entry x = '1.4'  y = '0.9799999999999999' /><entry x = '1.6'  y = '1.28' /><entry x = '1.8'  y = '1.62' /><entry x = '2'  y = '2' /></tabproperty></DDDB>
]
PopulateDB           INFO     | using tag ="HEAD"
PopulateDB           INFO     | 2 objects in folder
PopulateDB           INFO     | 0 -> 30
PopulateDB           INFO       size = 1
PopulateDB           INFO       [data (string) : <?xml version="1.0" encoding="UTF-8"?><!DOCTYPE DDDB SYSTEM "geometry.dtd"><DDDB><tabproperty name="TestFunction" type="(Unknown)" xaxis="(empty)" yaxis="(empty)"><entry x = '0'  y = '0' /><entry x = '0.2'  y = '0.04000000000000001' /><entry x = '0.4'  y = '0.16' /><entry x = '0.6000000000000001'  y = '0.3600000000000001' /><entry x = '0.8'  y = '0.6400000000000001' /><entry x = '1'  y = '1' /><entry x = '1.2'  y = '1.44' /><entry x = '1.4'  y = '1.96' /><entry x = '1.6'  y = '2.56' /><entry x = '1.8'  y = '3.239999999999999' /><entry x = '2'  y = '3.999999999999999' /></tabproperty></DDDB>
]
PopulateDB           INFO     | 30 -> 9223372036854775807
PopulateDB           INFO       size = 1
PopulateDB           INFO       [data (string) : <?xml version="1.0" encoding="UTF-8"?><!DOCTYPE DDDB SYSTEM "geometry.dtd"><DDDB><tabproperty name="TestFunction" type="(Unknown)" xaxis="(empty)" yaxis="(empty)"><entry x = '0'  y = '0' /><entry x = '0.2'  y = '0.02' /><entry x = '0.4'  y = '0.08000000000000002' /><entry x = '0.6000000000000001'  y = '0.18' /><entry x = '0.8'  y = '0.3200000000000001' /><entry x = '1'  y = '0.5' /><entry x = '1.2'  y = '0.72' /><entry x = '1.4'  y = '0.9799999999999999' /><entry x = '1.6'  y = '1.28' /><entry x = '1.8'  y = '1.62' /><entry x = '2'  y = '2' /></tabproperty></DDDB>
]
PopulateDB           INFO     | using tag ="FORFUN"
PopulateDB           INFO     | 2 objects in folder
PopulateDB           INFO     | 0 -> 30
PopulateDB           INFO       size = 1
PopulateDB           INFO       [data (string) : <?xml version="1.0" encoding="UTF-8"?><!DOCTYPE DDDB SYSTEM "geometry.dtd"><DDDB><tabproperty name="TestFunction" type="(Unknown)" xaxis="(empty)" yaxis="(empty)"><entry x = '0'  y = '0' /><entry x = '0.2'  y = '0.04000000000000001' /><entry x = '0.4'  y = '0.16' /><entry x = '0.6000000000000001'  y = '0.3600000000000001' /><entry x = '0.8'  y = '0.6400000000000001' /><entry x = '1'  y = '1' /><entry x = '1.2'  y = '1.44' /><entry x = '1.4'  y = '1.96' /><entry x = '1.6'  y = '2.56' /><entry x = '1.8'  y = '3.239999999999999' /><entry x = '2'  y = '3.999999999999999' /></tabproperty></DDDB>
]
PopulateDB           INFO     | 30 -> 9223372036854775807
PopulateDB           INFO       size = 1
PopulateDB           INFO       [data (string) : <?xml version="1.0" encoding="UTF-8"?><!DOCTYPE DDDB SYSTEM "geometry.dtd"><DDDB><tabproperty name="TestFunction" type="(Unknown)" xaxis="(empty)" yaxis="(empty)"><entry x = '0'  y = '0' /><entry x = '0.2'  y = '0.02' /><entry x = '0.4'  y = '0.08000000000000002' /><entry x = '0.6000000000000001'  y = '0.18' /><entry x = '0.8'  y = '0.3200000000000001' /><entry x = '1'  y = '0.5' /><entry x = '1.2'  y = '0.72' /><entry x = '1.4'  y = '0.9799999999999999' /><entry x = '1.6'  y = '1.28' /><entry x = '1.8'  y = '1.62' /><entry x = '2'  y = '2' /></tabproperty></DDDB>
]
PopulateDB           INFO  S /ReadOut  
PopulateDB           INFO    /ReadOut/DummyDE  
PopulateDB           INFO     | using tag ="COLD"
PopulateDB           INFO     | 3 objects in folder
PopulateDB           INFO     | 0 -> 24
PopulateDB           INFO       size = 1
PopulateDB           INFO       [data (string) : <?xml version="1.0" encoding="UTF-8"?><!DOCTYPE DDDB SYSTEM "structure.dtd"><DDDB><condition classID="5" name="DummyDE"><paramVector name="Channels" type="int">0 1 2 3 4 5 6 7 8 9</paramVector><paramVector name="CrateTemps" type="double">20.16 19.24 18.32 17.4 16.48 15.56 14.64 13.72 12.8 11.88</paramVector><param name="NChannels" type="int">10</param></condition></DDDB>
]
PopulateDB           INFO     | 24 -> 48
PopulateDB           INFO       size = 1
PopulateDB           INFO       [data (string) : <?xml version="1.0" encoding="UTF-8"?><!DOCTYPE DDDB SYSTEM "structure.dtd"><DDDB><condition classID="5" name="DummyDE"><paramVector name="Channels" type="int">0 2 4 6 8</paramVector><paramVector name="CrateTemps" type="double">24.33 23.41 22.49 21.57 20.65 19.73 18.81 17.89 16.97 16.05</paramVector><param name="NChannels" type="int">10</param></condition></DDDB>
]
PopulateDB           INFO     | 48 -> 72
PopulateDB           INFO       size = 1
PopulateDB           INFO       [data (string) : <?xml version="1.0" encoding="UTF-8"?><!DOCTYPE DDDB SYSTEM "structure.dtd"><DDDB><condition classID="5" name="DummyDE"><paramVector name="Channels" type="int">0 3 6 9</paramVector><paramVector name="CrateTemps" type="double">28.5 27.58 26.66 25.74 24.82 23.9 22.98 22.06 21.14 20.22</paramVector><param name="NChannels" type="int">10</param></condition></DDDB>
]
PopulateDB           INFO     | using tag ="HOT"
PopulateDB           INFO     | 3 objects in folder
PopulateDB           INFO     | 0 -> 24
PopulateDB           INFO       size = 1
PopulateDB           INFO       [data (string) : <?xml version="1.0" encoding="UTF-8"?><!DOCTYPE DDDB SYSTEM "structure.dtd"><DDDB><condition classID="5" name="DummyDE"><paramVector name="Channels" type="int">0 1 2 3 4 5 6 7 8 9</paramVector><paramVector name="CrateTemps" type="double">20.16 19.24 18.32 17.4 16.48 15.56 14.64 13.72 12.8 11.88</paramVector><param name="NChannels" type="int">10</param></condition></DDDB>
]
PopulateDB           INFO     | 24 -> 48
PopulateDB           INFO       size = 1
PopulateDB           INFO       [data (string) : <?xml version="1.0" encoding="UTF-8"?><!DOCTYPE DDDB SYSTEM "structure.dtd"><DDDB><condition classID="5" name="DummyDE"><paramVector name="Channels" type="int">0 2 4 6 8</paramVector><paramVector name="CrateTemps" type="double">24.33 23.41 22.49 21.57 20.65 19.73 18.81 17.89 16.97 16.05</paramVector><param name="NChannels" type="int">10</param></condition></DDDB>
]
PopulateDB           INFO     | 48 -> 72
PopulateDB           INFO       size = 1
PopulateDB           INFO       [data (string) : <?xml version="1.0" encoding="UTF-8"?><!DOCTYPE DDDB SYSTEM "structure.dtd"><DDDB><condition classID="5" name="DummyDE"><paramVector name="Channels" type="int">0 3 6 9</paramVector><paramVector name="CrateTemps" type="double">28.5 27.58 26.66 25.74 24.82 23.9 22.98 22.06 21.14 20.22</paramVector><param name="NChannels" type="int">10</param></condition></DDDB>
]
PopulateDB           INFO     | using tag ="HEAD"
PopulateDB           INFO     | 3 objects in folder
PopulateDB           INFO     | 0 -> 24
PopulateDB           INFO       size = 1
PopulateDB           INFO       [data (string) : <?xml version="1.0" encoding="UTF-8"?><!DOCTYPE DDDB SYSTEM "structure.dtd"><DDDB><condition classID="5" name="DummyDE"><paramVector name="Channels" type="int">0 1 2 3 4 5 6 7 8 9</paramVector><paramVector name="CrateTemps" type="double">20.16 19.24 18.32 17.4 16.48 15.56 14.64 13.72 12.8 11.88</paramVector><param name="NChannels" type="int">10</param></condition></DDDB>
]
PopulateDB           INFO     | 24 -> 48
PopulateDB           INFO       size = 1
PopulateDB           INFO       [data (string) : <?xml version="1.0" encoding="UTF-8"?><!DOCTYPE DDDB SYSTEM "structure.dtd"><DDDB><condition classID="5" name="DummyDE"><paramVector name="Channels" type="int">0 2 4 6 8</paramVector><paramVector name="CrateTemps" type="double">24.33 23.41 22.49 21.57 20.65 19.73 18.81 17.89 16.97 16.05</paramVector><param name="NChannels" type="int">10</param></condition></DDDB>
]
PopulateDB           INFO     | 48 -> 72
PopulateDB           INFO       size = 1
PopulateDB           INFO       [data (string) : <?xml version="1.0" encoding="UTF-8"?><!DOCTYPE DDDB SYSTEM "structure.dtd"><DDDB><condition classID="5" name="DummyDE"><paramVector name="Channels" type="int">0 3 6 9</paramVector><paramVector name="CrateTemps" type="double">28.5 27.58 26.66 25.74 24.82 23.9 22.98 22.06 21.14 20.22</paramVector><param name="NChannels" type="int">10</param></condition></DDDB>
]
PopulateDB           INFO     | using tag ="FORFUN"
PopulateDB           INFO     | 3 objects in folder
PopulateDB           INFO     | 0 -> 24
PopulateDB           INFO       size = 1
PopulateDB           INFO       [data (string) : <?xml version="1.0" encoding="UTF-8"?><!DOCTYPE DDDB SYSTEM "structure.dtd"><DDDB><condition classID="5" name="DummyDE"><paramVector name="Channels" type="int">0 1 2 3 4 5 6 7 8 9</paramVector><paramVector name="CrateTemps" type="double">20.16 19.24 18.32 17.4 16.48 15.56 14.64 13.72 12.8 11.88</paramVector><param name="NChannels" type="int">10</param></condition></DDDB>
]
PopulateDB           INFO     | 24 -> 48
PopulateDB           INFO       size = 1
PopulateDB           INFO       [data (string) : <?xml version="1.0" encoding="UTF-8"?><!DOCTYPE DDDB SYSTEM "structure.dtd"><DDDB><condition classID="5" name="DummyDE"><paramVector name="Channels" type="int">0 2 4 6 8</paramVector><paramVector name="CrateTemps" type="double">24.33 23.41 22.49 21.57 20.65 19.73 18.81 17.89 16.97 16.05</paramVector><param name="NChannels" type="int">10</param></condition></DDDB>
]
PopulateDB           INFO     | 48 -> 72
PopulateDB           INFO       size = 1
PopulateDB           INFO       [data (string) : <?xml version="1.0" encoding="UTF-8"?><!DOCTYPE DDDB SYSTEM "structure.dtd"><DDDB><condition classID="5" name="DummyDE"><paramVector name="Channels" type="int">0 3 6 9</paramVector><paramVector name="CrateTemps" type="double">28.5 27.58 26.66 25.74 24.82 23.9 22.98 22.06 21.14 20.22</paramVector><param name="NChannels" type="int">10</param></condition></DDDB>
]
PopulateDB           INFO  S /SlowControl  
PopulateDB           INFO    /SlowControl/DummyDE  
PopulateDB           INFO     | using tag ="COLD"
PopulateDB           INFO     | 3 objects in folder
PopulateDB           INFO     | 0 -> 24
PopulateDB           INFO       size = 1
PopulateDB           INFO       [data (string) : <?xml version="1.0" encoding="UTF-8"?><!DOCTYPE DDDB SYSTEM "structure.dtd"><DDDB><condition classID="5" name="DummyDE"><param name="Temperature" type="double">25.16</param></condition></DDDB>
]
PopulateDB           INFO     | 24 -> 48
PopulateDB           INFO       size = 1
PopulateDB           INFO       [data (string) : <?xml version="1.0" encoding="UTF-8"?><!DOCTYPE DDDB SYSTEM "structure.dtd"><DDDB><condition classID="5" name="DummyDE"><param name="Temperature" type="double">29.33</param></condition></DDDB>
]
PopulateDB           INFO     | 48 -> 72
PopulateDB           INFO       size = 1
PopulateDB           INFO       [data (string) : <?xml version="1.0" encoding="UTF-8"?><!DOCTYPE DDDB SYSTEM "structure.dtd"><DDDB><condition classID="5" name="DummyDE"><param name="Temperature" type="double">33.5</param></condition></DDDB>
]
PopulateDB           INFO     | using tag ="HOT"
PopulateDB           INFO     | 3 objects in folder
PopulateDB           INFO     | 0 -> 24
PopulateDB           INFO       size = 1
PopulateDB           INFO       [data (string) : <?xml version="1.0" encoding="UTF-8"?><!DOCTYPE DDDB SYSTEM "structure.dtd"><DDDB><condition classID="5" name="DummyDE"><param name="Temperature" type="double">25.16</param></condition></DDDB>
]
PopulateDB           INFO     | 24 -> 48
PopulateDB           INFO       size = 1
PopulateDB           INFO       [data (string) : <?xml version="1.0" encoding="UTF-8"?><!DOCTYPE DDDB SYSTEM "structure.dtd"><DDDB><condition classID="5" name="DummyDE"><param name="Temperature" type="double">29.33</param></condition></DDDB>
]
PopulateDB           INFO     | 48 -> 72
PopulateDB           INFO       size = 1
PopulateDB           INFO       [data (string) : <?xml version="1.0" encoding="UTF-8"?><!DOCTYPE DDDB SYSTEM "structure.dtd"><DDDB><condition classID="5" name="DummyDE"><param name="Temperature" type="double">33.5</param></condition></DDDB>
]
PopulateDB           INFO     | using tag ="HEAD"
PopulateDB           INFO     | 3 objects in folder
PopulateDB           INFO     | 0 -> 24
PopulateDB           INFO       size = 1
PopulateDB           INFO       [data (string) : <?xml version="1.0" encoding="UTF-8"?><!DOCTYPE DDDB SYSTEM "structure.dtd"><DDDB><condition classID="5" name="DummyDE"><param name="Temperature" type="double">25.16</param></condition></DDDB>
]
PopulateDB           INFO     | 24 -> 48
PopulateDB           INFO       size = 1
PopulateDB           INFO       [data (string) : <?xml version="1.0" encoding="UTF-8"?><!DOCTYPE DDDB SYSTEM "structure.dtd"><DDDB><condition classID="5" name="DummyDE"><param name="Temperature" type="double">29.33</param></condition></DDDB>
]
PopulateDB           INFO     | 48 -> 72
PopulateDB           INFO       size = 1
PopulateDB           INFO       [data (string) : <?xml version="1.0" encoding="UTF-8"?><!DOCTYPE DDDB SYSTEM "structure.dtd"><DDDB><condition classID="5" name="DummyDE"><param name="Temperature" type="double">33.5</param></condition></DDDB>
]
PopulateDB           INFO     | using tag ="FORFUN"
PopulateDB           INFO     | 3 objects in folder
PopulateDB           INFO     | 0 -> 24
PopulateDB           INFO       size = 1
PopulateDB           INFO       [data (string) : <?xml version="1.0" encoding="UTF-8"?><!DOCTYPE DDDB SYSTEM "structure.dtd"><DDDB><condition classID="5" name="DummyDE"><param name="Temperature" type="double">25.16</param></condition></DDDB>
]
PopulateDB           INFO     | 24 -> 48
PopulateDB           INFO       size = 1
PopulateDB           INFO       [data (string) : <?xml version="1.0" encoding="UTF-8"?><!DOCTYPE DDDB SYSTEM "structure.dtd"><DDDB><condition classID="5" name="DummyDE"><param name="Temperature" type="double">29.33</param></condition></DDDB>
]
PopulateDB           INFO     | 48 -> 72
PopulateDB           INFO       size = 1
PopulateDB           INFO       [data (string) : <?xml version="1.0" encoding="UTF-8"?><!DOCTYPE DDDB SYSTEM "structure.dtd"><DDDB><condition classID="5" name="DummyDE"><param name="Temperature" type="double">33.5</param></condition></DDDB>
]
PopulateDB           INFO  S /SlowControl/Hcal  
PopulateDB           INFO    /SlowControl/Hcal/scHcal  
PopulateDB           INFO     | using tag ="COLD"
PopulateDB           INFO     | 3 objects in folder
PopulateDB           INFO     | 0 -> 16
PopulateDB           INFO       size = 1
PopulateDB           INFO       [data (string) : <?xml version="1.0" encoding="UTF-8"?><!DOCTYPE DDDB SYSTEM "structure.dtd"><DDDB><condition classID="5" name="scHcal"><param name="Temperature" type="double">4.2</param></condition></DDDB>
]
PopulateDB           INFO     | 16 -> 32
PopulateDB           INFO       size = 1
PopulateDB           INFO       [data (string) : <?xml version="1.0" encoding="UTF-8"?><!DOCTYPE DDDB SYSTEM "structure.dtd"><DDDB><condition classID="5" name="scHcal"><param name="Temperature" type="double">14.6</param></condition></DDDB>
]
PopulateDB           INFO     | 32 -> 48
PopulateDB           INFO       size = 1
PopulateDB           INFO       [data (string) : <?xml version="1.0" encoding="UTF-8"?><!DOCTYPE DDDB SYSTEM "structure.dtd"><DDDB><condition classID="5" name="scHcal"><param name="Temperature" type="double">25</param></condition></DDDB>
]
PopulateDB           INFO     | using tag ="HOT"
PopulateDB           INFO     | 3 objects in folder
PopulateDB           INFO     | 0 -> 16
PopulateDB           INFO       size = 1
PopulateDB           INFO       [data (string) : <?xml version="1.0" encoding="UTF-8"?><!DOCTYPE DDDB SYSTEM "structure.dtd"><DDDB><condition classID="5" name="scHcal"><param name="Temperature" type="double">105</param></condition></DDDB>
]
PopulateDB           INFO     | 16 -> 32
PopulateDB           INFO       size = 1
PopulateDB           INFO       [data (string) : <?xml version="1.0" encoding="UTF-8"?><!DOCTYPE DDDB SYSTEM "structure.dtd"><DDDB><condition classID="5" name="scHcal"><param name="Temperature" type="double">115</param></condition></DDDB>
]
PopulateDB           INFO     | 32 -> 48
PopulateDB           INFO       size = 1
PopulateDB           INFO       [data (string) : <?xml version="1.0" encoding="UTF-8"?><!DOCTYPE DDDB SYSTEM "structure.dtd"><DDDB><condition classID="5" name="scHcal"><param name="Temperature" type="double">125</param></condition></DDDB>
]
PopulateDB           INFO     | using tag ="HEAD"
PopulateDB           INFO     | 10 objects in folder
PopulateDB           INFO     | 0 -> 10
PopulateDB           INFO       size = 1
PopulateDB           INFO       [data (string) : <?xml version="1.0" encoding="UTF-8"?><!DOCTYPE DDDB SYSTEM "structure.dtd"><DDDB><condition classID="5" name="scHcal"><param name="Temperature" type="double">9</param></condition></DDDB>
]
PopulateDB           INFO     | 10 -> 20
PopulateDB           INFO       size = 1
PopulateDB           INFO       [data (string) : <?xml version="1.0" encoding="UTF-8"?><!DOCTYPE DDDB SYSTEM "structure.dtd"><DDDB><condition classID="5" name="scHcal"><param name="Temperature" type="double">14.4</param></condition></DDDB>
]
PopulateDB           INFO     | 20 -> 30
PopulateDB           INFO       size = 1
PopulateDB           INFO       [data (string) : <?xml version="1.0" encoding="UTF-8"?><!DOCTYPE DDDB SYSTEM "structure.dtd"><DDDB><condition classID="5" name="scHcal"><param name="Temperature" type="double">19.8</param></condition></DDDB>
]
PopulateDB           INFO     | 30 -> 40
PopulateDB           INFO       size = 1
PopulateDB           INFO       [data (string) : <?xml version="1.0" encoding="UTF-8"?><!DOCTYPE DDDB SYSTEM "structure.dtd"><DDDB><condition classID="5" name="scHcal"><param name="Temperature" type="double">25.2</param></condition></DDDB>
]
PopulateDB           INFO     | 40 -> 50
PopulateDB           INFO       size = 1
PopulateDB           INFO       [data (string) : <?xml version="1.0" encoding="UTF-8"?><!DOCTYPE DDDB SYSTEM "structure.dtd"><DDDB><condition classID="5" name="scHcal"><param name="Temperature" type="double">30.6</param></condition></DDDB>
]
PopulateDB           INFO     | 50 -> 60
PopulateDB           INFO       size = 1
PopulateDB           INFO       [data (string) : <?xml version="1.0" encoding="UTF-8"?><!DOCTYPE DDDB SYSTEM "structure.dtd"><DDDB><condition classID="5" name="scHcal"><param name="Temperature" type="double">36</param></condition></DDDB>
]
PopulateDB           INFO     | 60 -> 70
PopulateDB           INFO       size = 1
PopulateDB           INFO       [data (string) : <?xml version="1.0" encoding="UTF-8"?><!DOCTYPE DDDB SYSTEM "structure.dtd"><DDDB><condition classID="5" name="scHcal"><param name="Temperature" type="double">41.40000000000001</param></condition></DDDB>
]
PopulateDB           INFO     | 70 -> 80
PopulateDB           INFO       size = 1
PopulateDB           INFO       [data (string) : <?xml version="1.0" encoding="UTF-8"?><!DOCTYPE DDDB SYSTEM "structure.dtd"><DDDB><condition classID="5" name="scHcal"><param name="Temperature" type="double">46.8</param></condition></DDDB>
]
PopulateDB           INFO     | 80 -> 90
PopulateDB           INFO       size = 1
PopulateDB           INFO       [data (string) : <?xml version="1.0" encoding="UTF-8"?><!DOCTYPE DDDB SYSTEM "structure.dtd"><DDDB><condition classID="5" name="scHcal"><param name="Temperature" type="double">52.2</param></condition></DDDB>
]
PopulateDB           INFO     | 90 -> 100
PopulateDB           INFO       size = 1
PopulateDB           INFO       [data (string) : <?xml version="1.0" encoding="UTF-8"?><!DOCTYPE DDDB SYSTEM "structure.dtd"><DDDB><condition classID="5" name="scHcal"><param name="Temperature" type="double">57.6</param></condition></DDDB>
]
PopulateDB           INFO     | using tag ="FORFUN"
PopulateDB           INFO     | 10 objects in folder
PopulateDB           INFO     | 0 -> 10
PopulateDB           INFO       size = 1
PopulateDB           INFO       [data (string) : <?xml version="1.0" encoding="UTF-8"?><!DOCTYPE DDDB SYSTEM "structure.dtd"><DDDB><condition classID="5" name="scHcal"><param name="Temperature" type="double">9</param></condition></DDDB>
]
PopulateDB           INFO     | 10 -> 20
PopulateDB           INFO       size = 1
PopulateDB           INFO       [data (string) : <?xml version="1.0" encoding="UTF-8"?><!DOCTYPE DDDB SYSTEM "structure.dtd"><DDDB><condition classID="5" name="scHcal"><param name="Temperature" type="double">14.4</param></condition></DDDB>
]
PopulateDB           INFO     | 20 -> 30
PopulateDB           INFO       size = 1
PopulateDB           INFO       [data (string) : <?xml version="1.0" encoding="UTF-8"?><!DOCTYPE DDDB SYSTEM "structure.dtd"><DDDB><condition classID="5" name="scHcal"><param name="Temperature" type="double">19.8</param></condition></DDDB>
]
PopulateDB           INFO     | 30 -> 40
PopulateDB           INFO       size = 1
PopulateDB           INFO       [data (string) : <?xml version="1.0" encoding="UTF-8"?><!DOCTYPE DDDB SYSTEM "structure.dtd"><DDDB><condition classID="5" name="scHcal"><param name="Temperature" type="double">25.2</param></condition></DDDB>
]
PopulateDB           INFO     | 40 -> 50
PopulateDB           INFO       size = 1
PopulateDB           INFO       [data (string) : <?xml version="1.0" encoding="UTF-8"?><!DOCTYPE DDDB SYSTEM "structure.dtd"><DDDB><condition classID="5" name="scHcal"><param name="Temperature" type="double">30.6</param></condition></DDDB>
]
PopulateDB           INFO     | 50 -> 60
PopulateDB           INFO       size = 1
PopulateDB           INFO       [data (string) : <?xml version="1.0" encoding="UTF-8"?><!DOCTYPE DDDB SYSTEM "structure.dtd"><DDDB><condition classID="5" name="scHcal"><param name="Temperature" type="double">36</param></condition></DDDB>
]
PopulateDB           INFO     | 60 -> 70
PopulateDB           INFO       size = 1
PopulateDB           INFO       [data (string) : <?xml version="1.0" encoding="UTF-8"?><!DOCTYPE DDDB SYSTEM "structure.dtd"><DDDB><condition classID="5" name="scHcal"><param name="Temperature" type="double">41.40000000000001</param></condition></DDDB>
]
PopulateDB           INFO     | 70 -> 80
PopulateDB           INFO       size = 1
PopulateDB           INFO       [data (string) : <?xml version="1.0" encoding="UTF-8"?><!DOCTYPE DDDB SYSTEM "structure.dtd"><DDDB><condition classID="5" name="scHcal"><param name="Temperature" type="double">46.8</param></condition></DDDB>
]
PopulateDB           INFO     | 80 -> 90
PopulateDB           INFO       size = 1
PopulateDB           INFO       [data (string) : <?xml version="1.0" encoding="UTF-8"?><!DOCTYPE DDDB SYSTEM "structure.dtd"><DDDB><condition classID="5" name="scHcal"><param name="Temperature" type="double">52.2</param></condition></DDDB>
]
PopulateDB           INFO     | 90 -> 100
PopulateDB           INFO       size = 1
PopulateDB           INFO       [data (string) : <?xml version="1.0" encoding="UTF-8"?><!DOCTYPE DDDB SYSTEM "structure.dtd"><DDDB><condition classID="5" name="scHcal"><param name="Temperature" type="double">57.6</param></condition></DDDB>
]
PopulateDB           INFO  S /SlowControl/LHCb  
PopulateDB           INFO    /SlowControl/LHCb/scLHCb  
PopulateDB           INFO     | using tag ="COLD"
PopulateDB           INFO     | 3 objects in folder
PopulateDB           INFO     | 0 -> 16
PopulateDB           INFO       size = 1
PopulateDB           INFO       [data (string) : <?xml version="1.0" encoding="UTF-8"?><!DOCTYPE DDDB SYSTEM "structure.dtd"><DDDB><condition classID="5" name="scLHCb"><param name="Temperature" type="double">5</param></condition></DDDB>
]
PopulateDB           INFO     | 16 -> 32
PopulateDB           INFO       size = 1
PopulateDB           INFO       [data (string) : <?xml version="1.0" encoding="UTF-8"?><!DOCTYPE DDDB SYSTEM "structure.dtd"><DDDB><condition classID="5" name="scLHCb"><param name="Temperature" type="double">15</param></condition></DDDB>
]
PopulateDB           INFO     | 32 -> 48
PopulateDB           INFO       size = 1
PopulateDB           INFO       [data (string) : <?xml version="1.0" encoding="UTF-8"?><!DOCTYPE DDDB SYSTEM "structure.dtd"><DDDB><condition classID="5" name="scLHCb"><param name="Temperature" type="double">25</param></condition></DDDB>
]
PopulateDB           INFO     | using tag ="HOT"
PopulateDB           INFO     | 3 objects in folder
PopulateDB           INFO     | 0 -> 16
PopulateDB           INFO       size = 1
PopulateDB           INFO       [data (string) : <?xml version="1.0" encoding="UTF-8"?><!DOCTYPE DDDB SYSTEM "structure.dtd"><DDDB><condition classID="5" name="scLHCb"><param name="Temperature" type="double">105</param></condition></DDDB>
]
PopulateDB           INFO     | 16 -> 32
PopulateDB           INFO       size = 1
PopulateDB           INFO       [data (string) : <?xml version="1.0" encoding="UTF-8"?><!DOCTYPE DDDB SYSTEM "structure.dtd"><DDDB><condition classID="5" name="scLHCb"><param name="Temperature" type="double">115</param></condition></DDDB>
]
PopulateDB           INFO     | 32 -> 48
PopulateDB           INFO       size = 1
PopulateDB           INFO       [data (string) : <?xml version="1.0" encoding="UTF-8"?><!DOCTYPE DDDB SYSTEM "structure.dtd"><DDDB><condition classID="5" name="scLHCb"><param name="Temperature" type="double">125</param></condition></DDDB>
]
PopulateDB           INFO     | using tag ="HEAD"
PopulateDB           INFO     | 2 objects in folder
PopulateDB           INFO     | 0 -> 24
PopulateDB           INFO       size = 1
PopulateDB           INFO       [data (string) : <?xml version="1.0" encoding="UTF-8"?><!DOCTYPE DDDB SYSTEM "structure.dtd"><DDDB><condition classID="5" name="scLHCb"><param name="Temperature" type="double">9.199999999999999</param></condition></DDDB>
]
PopulateDB           INFO     | 24 -> 48
PopulateDB           INFO       size = 1
PopulateDB           INFO       [data (string) : <?xml version="1.0" encoding="UTF-8"?><!DOCTYPE DDDB SYSTEM "structure.dtd"><DDDB><condition classID="5" name="scLHCb"><param name="Temperature" type="double">14.2</param></condition></DDDB>
]
PopulateDB           INFO     | using tag ="FORFUN"
PopulateDB           INFO     | 2 objects in folder
PopulateDB           INFO     | 0 -> 24
PopulateDB           INFO       size = 1
PopulateDB           INFO       [data (string) : <?xml version="1.0" encoding="UTF-8"?><!DOCTYPE DDDB SYSTEM "structure.dtd"><DDDB><condition classID="5" name="scLHCb"><param name="Temperature" type="double">9.199999999999999</param></condition></DDDB>
]
PopulateDB           INFO     | 24 -> 48
PopulateDB           INFO       size = 1
PopulateDB           INFO       [data (string) : <?xml version="1.0" encoding="UTF-8"?><!DOCTYPE DDDB SYSTEM "structure.dtd"><DDDB><condition classID="5" name="scLHCb"><param name="Temperature" type="double">14.2</param></condition></DDDB>
]
PopulateDB           INFO    /TestFolder  
PopulateDB           INFO     | using tag ="COLD"
PopulateDB           INFO     | 1 objects in folder
PopulateDB           INFO     | 0 -> 9223372036854775807
PopulateDB           INFO       size = 1
PopulateDB           INFO       [data (string) : <?xml version="1.0" encoding="UTF-8"?><!DOCTYPE DDDB SYSTEM "structure.dtd"><DDDB><catalog name="TestFolder"><catalog name="TestSubFolder"><conditionref href="#TestCondition"/></catalog></catalog><condition name="TestCondition"><paramVector name="ChannelMap" type="int">1 2 3 4</paramVector></condition></DDDB>]
PopulateDB           INFO     | using tag ="HOT"
PopulateDB           INFO     | 1 objects in folder
PopulateDB           INFO     | 0 -> 9223372036854775807
PopulateDB           INFO       size = 1
PopulateDB           INFO       [data (string) : <?xml version="1.0" encoding="UTF-8"?><!DOCTYPE DDDB SYSTEM "structure.dtd"><DDDB><catalog name="TestFolder"><catalog name="TestSubFolder"><conditionref href="#TestCondition"/></catalog></catalog><condition name="TestCondition"><paramVector name="ChannelMap" type="int">1 2 3 4</paramVector></condition></DDDB>]
PopulateDB           INFO     | using tag ="HEAD"
PopulateDB           INFO     | 1 objects in folder
PopulateDB           INFO     | 0 -> 9223372036854775807
PopulateDB           INFO       size = 1
PopulateDB           INFO       [data (string) : <?xml version="1.0" encoding="UTF-8"?><!DOCTYPE DDDB SYSTEM "structure.dtd"><DDDB><catalog name="TestFolder"><catalog name="TestSubFolder"><conditionref href="#TestCondition"/></catalog></catalog><condition name="TestCondition"><paramVector name="ChannelMap" type="int">1 2 3 4</paramVector></condition></DDDB>]
PopulateDB           INFO     | using tag ="FORFUN"
PopulateDB           INFO     | 1 objects in folder
PopulateDB           INFO     | 0 -> 9223372036854775807
PopulateDB           INFO       size = 1
PopulateDB           INFO       [data (string) : <?xml version="1.0" encoding="UTF-8"?><!DOCTYPE DDDB SYSTEM "structure.dtd"><DDDB><catalog name="TestFolder"><catalog name="TestSubFolder"><conditionref href="#TestCondition"/></catalog></catalog><condition name="TestCondition"><paramVector name="ChannelMap" type="int">1 2 3 4</paramVector></condition></DDDB>]
PopulateDB           INFO  S /_PopulateDB  
PopulateDB           INFO    /a_folder.xml  
PopulateDB           INFO     | using tag ="COLD"
PopulateDB           INFO     | 1 objects in folder
PopulateDB           INFO     | 0 -> 9223372036854775807
PopulateDB           INFO       size = 1
PopulateDB           INFO       [data (string) : <?xml version="1.0" encoding="UTF-8"?><!DOCTYPE DDDB SYSTEM "structure.dtd"><DDDB><condition classID="5" name="TestXmlObject"><param name="Datum" type="other">Hi there!</param></condition></DDDB>
]
PopulateDB           INFO     | using tag ="HOT"
PopulateDB           INFO     | 1 objects in folder
PopulateDB           INFO     | 0 -> 9223372036854775807
PopulateDB           INFO       size = 1
PopulateDB           INFO       [data (string) : <?xml version="1.0" encoding="UTF-8"?><!DOCTYPE DDDB SYSTEM "structure.dtd"><DDDB><condition classID="5" name="TestXmlObject"><param name="Datum" type="other">Hi there!</param></condition></DDDB>
]
PopulateDB           INFO     | using tag ="HEAD"
PopulateDB           INFO     | 1 objects in folder
PopulateDB           INFO     | 0 -> 9223372036854775807
PopulateDB           INFO       size = 1
PopulateDB           INFO       [data (string) : <?xml version="1.0" encoding="UTF-8"?><!DOCTYPE DDDB SYSTEM "structure.dtd"><DDDB><condition classID="5" name="TestXmlObject"><param name="Datum" type="other">Hi there!</param></condition></DDDB>
]
PopulateDB           INFO     | using tag ="FORFUN"
PopulateDB           INFO     | 1 objects in folder
PopulateDB           INFO     | 0 -> 9223372036854775807
PopulateDB           INFO       size = 1
PopulateDB           INFO       [data (string) : <?xml version="1.0" encoding="UTF-8"?><!DOCTYPE DDDB SYSTEM "structure.dtd"><DDDB><condition classID="5" name="TestXmlObject"><param name="Datum" type="other">Hi there!</param></condition></DDDB>
]
PopulateDB           INFO ============= condDBDumpSampleData() ending ========================
PopulateDB           INFO Initialization completed
EventDataSvc        DEBUG Service base class initialized successfully
EventDataSvc      VERBOSE ServiceLocatorHelper::createService: found service IncidentSvc
EventPersistenc...  DEBUG Service base class initialized successfully
EventLoopMgr      WARNING Unable to locate service "EventSelector" 
EventLoopMgr      WARNING No events will be processed from external input.
HistogramDataSvc    DEBUG Service base class initialized successfully
HistogramDataSvc  VERBOSE ServiceLocatorHelper::createService: found service IncidentSvc
HistogramPersis...   INFO  'CnvServices':[ 'HbookHistSvc' , 'RootHistSvc' ]
HistogramPersis...  DEBUG Service base class initialized successfully
HistogramPersis...WARNING Histograms saving not required.
ApplicationMgr       INFO Application Manager Initialized successfully
AuditorSvc          DEBUG Service base class initialized successfully
PopulateDB        VERBOSE ServiceLocatorHelper::createService: got service AuditorSvc
PopulateDB          DEBUG ==> Finalize
PopulateDB          DEBUG Finalize base class GaudiAlgorithm
PopulateDB          DEBUG Tools to release :
PopulateDB          DEBUG Services to release : CondDBAccessSvc
PopulateDB          DEBUG Releasing service 'CondDBAccessSvc'
EventLoopMgr         INFO Histograms converted successfully according to request.
ServiceManager      DEBUG Finalizing service EventLoopMgr
ServiceManager      DEBUG Finalizing service AppMgrRunable
ServiceManager      DEBUG Finalizing service AuditorSvc
ServiceManager      DEBUG Finalizing service HistogramDataSvc
ServiceManager      DEBUG Finalizing service HistogramPersistencySvc
ServiceManager      DEBUG Finalizing service EventDataSvc
ServiceManager      DEBUG Finalizing service EventPersistencySvc
ServiceManager      DEBUG Finalizing service RndmGenSvc
ServiceManager      DEBUG Finalizing service IncidentSvc
CondDBAccessSvc     DEBUG Finalize
CondDBAccessSvc...  DEBUG Cache content dump --------------------- BEGIN
CondDBAccessSvc...  DEBUG  Thresholds (high/low) -> 100/10
CondDBAccessSvc...  DEBUG  Level = 0
CondDBAccessSvc...  DEBUG Cache content dump --------------------- END
CondDBAccessSvc...  DEBUG Cache deleted. Level was = 0
ServiceManager      DEBUG Finalizing service CondDBAccessSvc
RelationalDatabase     Info Delete the RalDatabase for 'sqlite://none;schema=CONDDB.sqlite;dbname=CONDDB'
RalSessionMgr     Info Delete the RalSessionMgr for 'sqlite://none;schema=CONDDB.sqlite;dbname=CONDDB'
CORAL/RelationalPlugins/sqlite  Warning No active transaction to roll back
ApplicationMgr       INFO Application Manager Finalized successfully
 Application     Info Delete the COOL Application
RalDatabaseSvc     Info Delete the RalDatabaseSvc
