makedepend: warning:  ChainTuples.cpp (reading ChainTuples.h, line 4): cannot find include file "iostream"
	not in /opt/local/include/iostream
	not in /usr/include/iostream
makedepend: warning:  ChainTuples.cpp (reading ChainTuples.h, line 5): cannot find include file "vector"
	not in /opt/local/include/vector
	not in /usr/include/vector
makedepend: warning:  ChainTuples.cpp (reading ChainTuples.h, line 6): cannot find include file "fstream"
	not in /opt/local/include/fstream
	not in /usr/include/fstream
makedepend: warning:  ChainTuples.cpp (reading ChainTuples.h, line 7): cannot find include file "TChain.h"
	not in TChain.h
	not in TChain.h
	not in /opt/local/include/TChain.h
	not in /usr/include/TChain.h
makedepend: warning:  ChainTuples.cpp (reading ChainTuples.h, line 8): cannot find include file "TTree.h"
	not in TTree.h
	not in TTree.h
	not in /opt/local/include/TTree.h
	not in /usr/include/TTree.h
makedepend: warning:  ChainTuples.cpp (reading ReadFile.h, line 4): cannot find include file "iostream"
	not in /opt/local/include/iostream
	not in /usr/include/iostream
makedepend: warning:  ChainTuples.cpp (reading ReadFile.h, line 5): cannot find include file "ifstream"
	not in /opt/local/include/ifstream
	not in /usr/include/ifstream
makedepend: warning:  ChainTuples.cpp (reading ReadFile.h, line 6): cannot find include file "string"
	not in /opt/local/include/string
	not in /usr/include/string
makedepend: warning:  ChainTuples.cpp (reading ReadFile.h, line 7): cannot find include file "vector"
	not in /opt/local/include/vector
	not in /usr/include/vector
makedepend: warning:  RemoveOutlyers.cpp, line 8: cannot find include file "RemoveOutlyers.h"
	not in RemoveOutlyers.h
	not in RemoveOutlyers.h
	not in /opt/local/include/RemoveOutlyers.h
	not in /usr/include/RemoveOutlyers.h
makedepend: warning:  RichParticleFinder.cpp (reading RichParticleFinder.h, line 4): cannot find include file "iostream"
	not in /opt/local/include/iostream
	not in /usr/include/iostream
makedepend: warning:  RichParticleFinder.cpp (reading RichParticleFinder.h, line 6): cannot find include file "TTree.h"
	not in TTree.h
	not in TTree.h
	not in /opt/local/include/TTree.h
	not in /usr/include/TTree.h
makedepend: warning:  RichParticleFinder.cpp (reading RichParticleFinder.h, line 7): cannot find include file "TChain.h"
	not in TChain.h
	not in TChain.h
	not in /opt/local/include/TChain.h
	not in /usr/include/TChain.h
makedepend: warning:  RichParticleFinder.cpp (reading RichParticleFinder.h, line 8): cannot find include file "TFile.h"
	not in TFile.h
	not in TFile.h
	not in /opt/local/include/TFile.h
	not in /usr/include/TFile.h
makedepend: warning:  main.cpp, line 1: cannot find include file "iostream"
	not in /opt/local/include/iostream
	not in /usr/include/iostream
makedepend: warning:  main.cpp, line 3: cannot find include file "RichParticleSearch.h"
	not in RichParticleSearch.h
	not in RichParticleSearch.h
	not in /opt/local/include/RichParticleSearch.h
	not in /usr/include/RichParticleSearch.h
makedepend: warning:  main.cpp, line 4: cannot find include file "utility"
	not in /opt/local/include/utility
	not in /usr/include/utility
