perl: warning: Setting locale failed.
perl: warning: Please check that your locale settings:
	LANGUAGE = (unset),
	LC_ALL = "ru_RU.KOI8-R",
	LC_NUMERIC = "C",
	LC_COLLATE = "C",
	LANG = "en_US"
    are supported and installed on your system.
perl: warning: Falling back to the standard locale ("C").
perl: warning: Setting locale failed.
perl: warning: Please check that your locale settings:
	LANGUAGE = (unset),
	LC_ALL = "ru_RU.KOI8-R",
	LC_NUMERIC = "C",
	LC_COLLATE = "C",
	LANG = "en_US"
    are supported and installed on your system.
perl: warning: Falling back to the standard locale ("C").
perl: warning: Setting locale failed.
perl: warning: Please check that your locale settings:
	LANGUAGE = (unset),
	LC_ALL = "ru_RU.KOI8-R",
	LC_NUMERIC = "C",
	LC_COLLATE = "C",
	LANG = "en_US"
    are supported and installed on your system.
perl: warning: Falling back to the standard locale ("C").
@(#)CERN job starter 01/08/2003
Working directory is </pool/lsf/ibelyaev/387310> on <lxb0430>

perl: warning: Setting locale failed.
perl: warning: Please check that your locale settings:
	LANGUAGE = (unset),
	LC_ALL = "ru_RU.KOI8-R",
	LC_NUMERIC = "C",
	LC_COLLATE = "C",
	LANG = "en_US"
    are supported and installed on your system.
perl: warning: Falling back to the standard locale ("C").
Setting DaVinci environment
 ---> DaVinci environment set for version v11r11 <---
 ------------------------------------------------------------------------
 ---> packages searched for in /afs/cern.ch/user/i/ibelyaev/newmycmt:/afs/cern.ch/lhcb/software/releases/DAVINCI/DAVINCI_v11r11:/afs/cern.ch/lhcb/software/releases/LHCB/LHCB_v15r13:/afs/cern.ch/lhcb/software/releases/DBASE:/afs/cern.ch/lhcb/software/releases/PARAM:/afs/cern.ch/sw/Gaudi/releases/GAUDI_v14r6 <--- 
 ------------------------------------------------------------------------
 * DaVinci.zjob ************************************************************ 
 * DaVinci.zjob *       Start                                              * 
 * DaVinci.zjob ************************************************************ 
 * DaVinci.zjob * parameter 1        = "DV_LoKi_MCEvent"
 * DaVinci.zjob * parameter 2        = "10000"
 * DaVinci.zjob * File               = "DV_LoKi_MCEvent.opts"
 * DaVinci.zjob * N_events           = "10000"
 * DaVinci.zjob * Run mode           = "rh73_gcc32"
 * DaVinci.zjob * CMTCONFIG          = "rh73_gcc32"
 * DaVinci.zjob * DaVinci version    = "v11r11"
 * DaVinci.zjob * Job directory      = "/afs/cern.ch/user/i/ibelyaev/newmycmt/Phys/DaVinci/v11r11"
 * DaVinci.zjob * Start directory    = "/pool/lsf/ibelyaev/387310"
 * DaVinci.zjob ************************************************************ 
 * DaVinci.zjob ************************************************************ 
 * DaVinci.zjob * After . setup.sh -tag=$MODE                              * 
 * DaVinci.zjob ************************************************************ 
 * DaVinci.zjob * LHCBDBASEVERSION   = ""
 * DaVinci.zjob * WORKDIR            = "/pool/lsf/ibelyaev/387310"
 * DaVinci.zjob * TMPJOBROOT         = "/afs/cern.ch/user/i/ibelyaev/newmycmt/Phys/DaVinci/v11r11"
 * DaVinci.zjob * PWD                = "/pool/lsf/ibelyaev/387310"
 * DaVinci.zjob ************************************************************ 
 * DaVinci.zjob * see the actual list of packages in used.packages file    * 
 * DaVinci.zjob ************************************************************ 
**********************************************************
*                                                        *
                DaVinci version v11r11

*                                                        *
**********************************************************
JobOptionsSvc        INFO 

// $Id: MCEvent.out,v 1.1 2004-08-05 09:54:06 ibelyaev Exp $
// ============================================================================
// CVS tag $Name: not supported by cvs2svn $
// ============================================================================
// $Log: not supported by cvs2svn $
// ============================================================================
// include files 
// ============================================================================ // Printing switched off in job.opts Line 9

// --> Including file $DAVINCIROOT/options/DaVinciCommon.opts

// --> Including file $STDOPTS/DetDesc.opts
// <-- End of including file $STDOPTS/DetDesc.opts

// --> Including file $GAUDIPOOLDBROOT/options/GaudiPoolDbRoot.opts
// <-- End of including file $GAUDIPOOLDBROOT/options/GaudiPoolDbRoot.opts

// --> Including file $EVENTSYSROOT/options/PoolDicts.opts
// <-- End of including file $EVENTSYSROOT/options/PoolDicts.opts

// --> Including file $STDOPTS/RootDb.opts
// <-- End of including file $STDOPTS/RootDb.opts

// --> Including file $DAVINCIASSOCIATORSROOT/options/DaVinciAssociators.opts

// --> Including file $DAVINCIASSOCIATORSROOT/options/Particle2MCChi2.opts
// <-- End of including file $DAVINCIASSOCIATORSROOT/options/Particle2MCChi2.opts

// --> Including file $DAVINCIASSOCIATORSROOT/options/Particle2MCWithChi2.opts
// <-- End of including file $DAVINCIASSOCIATORSROOT/options/Particle2MCWithChi2.opts

// --> Including file $DAVINCIASSOCIATORSROOT/options/CompositeParticle2MCLinks.opts
// <-- End of including file $DAVINCIASSOCIATORSROOT/options/CompositeParticle2MCLinks.opts

// --> Including file $DAVINCIASSOCIATORSROOT/options/Particle2MCLinks.opts
// <-- End of including file $DAVINCIASSOCIATORSROOT/options/Particle2MCLinks.opts

// --> Including file $DAVINCIASSOCIATORSROOT/options/ChargedPP2MC.opts
// <-- End of including file $DAVINCIASSOCIATORSROOT/options/ChargedPP2MC.opts

// --> Including file $DAVINCIASSOCIATORSROOT/options/NeutralPP2MC.opts

// --> Including file $CALOASSOCIATORSOPTS/CCs2MCPs.opts

// --> Including file $CALOASSOCIATORSOPTS/CCs2MCPs_Alg5.opts
// <-- End of including file $CALOASSOCIATORSOPTS/CCs2MCPs_Alg5.opts
// <-- End of including file $CALOASSOCIATORSOPTS/CCs2MCPs.opts
// <-- End of including file $DAVINCIASSOCIATORSROOT/options/NeutralPP2MC.opts
// <-- End of including file $DAVINCIASSOCIATORSROOT/options/DaVinciAssociators.opts

// --> Including file $GLOBALRECOROOT/options/GlobalReco.opts

// --> Including file $GLOBALRECOROOT/options/ChargedProtoPAlg.opts

#pragma print on // Printing switched on in ChargedProtoPAlg.opts Line 21


// Track Selections
//  Note that Uptream tracks with special cuts for Ks are made with
//    UpstreamProtoPAlg: do not execute at the same time that algorithm
//    and ChargedProtoPAlg with the DownstreamTracks flag true
//  ChargedProtoPAlg.DownstreamTracks = true;  // default = false
//  ChargedProtoPAlg.VeloTTTracks = true;     // default = false
ChargedProtoPAlg.ITFracTrackClass = 0.4;    // default = 0.4
ChargedProtoPAlg.Chi2NdFofITracks = 500.0;  // default = 500.0
ChargedProtoPAlg.Chi2NdFofOTracks = 100.0;  // default = 100.0

// Calorimeter pID associators used are public instances configured by
// DaVinciCommon via
//   $CALORECOOPTS/PhotonMatch.opts
//   $CALORECOOPTS/ElectronMatch.opts
//   $CALORECOOPTS/BremMatch.opts


// <-- End of including file $GLOBALRECOROOT/options/ChargedProtoPAlg.opts

// --> Including file $GLOBALRECOROOT/options/NeutralProtoPAlg.opts

#pragma print on // Printing switched on in NeutralProtoPAlg.opts Line 20



// <-- End of including file $GLOBALRECOROOT/options/NeutralProtoPAlg.opts
// <-- End of including file $GLOBALRECOROOT/options/GlobalReco.opts

// --> Including file $DAVINCIMCTOOLSROOT/options/MCPIDProtoPAlg.opts

#pragma print on // Printing switched on in MCPIDProtoPAlg.opts Line 20

MCPIDProtoPAlg.ITFracTrackClass = 0.4;    // default = 0.4
MCPIDProtoPAlg.Chi2NdFofITracks = 500.0;  // default = 500.0
MCPIDProtoPAlg.Chi2NdFofOTracks = 100.0;  // default = 100.0

// Track associator 
MCPIDProtoPAlg.TrackAsct = "Track2MCAsct";
ToolSvc.Track2MCAsct.Location = "Rec/Relations/Tr2MCP";

// Monitoring ntuple
// MCPIDProtoPAlg.Monitor = true;  // default = false

// <-- End of including file $DAVINCIMCTOOLSROOT/options/MCPIDProtoPAlg.opts

// --> Including file $CALORECOOPTS/Reco.opts

// --> Including file $CALORECOOPTS/EcalClust.opts
// <-- End of including file $CALORECOOPTS/EcalClust.opts

// --> Including file $CALORECOOPTS/EcalShare.opts
// <-- End of including file $CALORECOOPTS/EcalShare.opts

// --> Including file $CALORECOOPTS/EcalCovar.opts
// <-- End of including file $CALORECOOPTS/EcalCovar.opts

// --> Including file $CALORECOOPTS/PhotonMatch.opts
// <-- End of including file $CALORECOOPTS/PhotonMatch.opts

// --> Including file $CALORECOOPTS/Pi0Rec.opts
// <-- End of including file $CALORECOOPTS/Pi0Rec.opts

// --> Including file $CALORECOOPTS/PhotonRec.opts
// <-- End of including file $CALORECOOPTS/PhotonRec.opts

// --> Including file $CALORECOOPTS/ElectronRec.opts
// <-- End of including file $CALORECOOPTS/ElectronRec.opts

// --> Including file $CALORECOOPTS/ElectronMatch.opts
// <-- End of including file $CALORECOOPTS/ElectronMatch.opts

// --> Including file $CALORECOOPTS/BremMatch.opts
// <-- End of including file $CALORECOOPTS/BremMatch.opts

// --> Including file $CALORECOOPTS/CaloMerge.opts
// <-- End of including file $CALORECOOPTS/CaloMerge.opts

// --> Including file $CALORECOOPTS/NeutralCluster.opts
// <-- End of including file $CALORECOOPTS/NeutralCluster.opts

// --> Including file $CALORECOOPTS/ChargedCluster.opts
// <-- End of including file $CALORECOOPTS/ChargedCluster.opts

// --> Including file $CALORECOOPTS/ElectronSelect.opts
// <-- End of including file $CALORECOOPTS/ElectronSelect.opts

// --> Including file $CALORECOOPTS/ExtraDigits.opts
// <-- End of including file $CALORECOOPTS/ExtraDigits.opts

// --> Including file $CALORECOOPTS/ElectronCorrections.opts

// --> Including file $CALORECOOPTS/PrsCorrE.opts
// <-- End of including file $CALORECOOPTS/PrsCorrE.opts
// <-- End of including file $CALORECOOPTS/ElectronCorrections.opts

// --> Including file $CALORECOOPTS/PhotonCalibration04.opts

// --> Including file $CALORECOOPTS/Calo04ECorrectionParam.opts
// <-- End of including file $CALORECOOPTS/Calo04ECorrectionParam.opts

// --> Including file $CALORECOOPTS/Calo04SCorrectionParam.opts
// <-- End of including file $CALORECOOPTS/Calo04SCorrectionParam.opts

// --> Including file $CALORECOOPTS/Calo04LCorrectionParam.opts
// <-- End of including file $CALORECOOPTS/Calo04LCorrectionParam.opts
// <-- End of including file $CALORECOOPTS/PhotonCalibration04.opts

// --> Including file $CALORECOOPTS/PrsCorrG.opts
// <-- End of including file $CALORECOOPTS/PrsCorrG.opts

// --> Including file $CALORECOOPTS/SShape2Tanh.opts
// <-- End of including file $CALORECOOPTS/SShape2Tanh.opts
// <-- End of including file $CALORECOOPTS/Reco.opts

// --> Including file $CALOPIDSOPTS/CaloPIDs.opts

// --> Including file $CALOPIDSOPTS/CaloPIDsROOT.opts

// --> Including file $CALOPIDSOPTS/HcalE.opts
// <-- End of including file $CALOPIDSOPTS/HcalE.opts

// --> Including file $CALOPIDSOPTS/PrsE.opts
// <-- End of including file $CALOPIDSOPTS/PrsE.opts

// --> Including file $CALOPIDSOPTS/EcalE.opts
// <-- End of including file $CALOPIDSOPTS/EcalE.opts

// --> Including file $CALOPIDSOPTS/PrsPIDe.opts
// <-- End of including file $CALOPIDSOPTS/PrsPIDe.opts

// --> Including file $CALOPIDSOPTS/HcalPIDe.opts
// <-- End of including file $CALOPIDSOPTS/HcalPIDe.opts

// --> Including file $CALOPIDSOPTS/EcalPIDe.opts
// <-- End of including file $CALOPIDSOPTS/EcalPIDe.opts

// --> Including file $CALOPIDSOPTS/BremPIDe.opts
// <-- End of including file $CALOPIDSOPTS/BremPIDe.opts

// --> Including file $CALOPIDSOPTS/EcalPIDmu.opts
// <-- End of including file $CALOPIDSOPTS/EcalPIDmu.opts

// --> Including file $CALOPIDSOPTS/HcalPIDmu.opts
// <-- End of including file $CALOPIDSOPTS/HcalPIDmu.opts

// --> Including file $CALOPIDSOPTS/EcalChi2.opts
// <-- End of including file $CALOPIDSOPTS/EcalChi2.opts

// --> Including file $CALOPIDSOPTS/BremChi2.opts
// <-- End of including file $CALOPIDSOPTS/BremChi2.opts
// <-- End of including file $CALOPIDSOPTS/CaloPIDsROOT.opts

// --> Including file $CALOPIDSOPTS/PhotonPDF.opts
// <-- End of including file $CALOPIDSOPTS/PhotonPDF.opts
// <-- End of including file $CALOPIDSOPTS/CaloPIDs.opts

// --> Including file $MUONIDROOT/options/MuonIDDLLTool.opts
// <-- End of including file $MUONIDROOT/options/MuonIDDLLTool.opts

#pragma print on // Printing switched on in DaVinciCommon.opts Line 81

AuditorSvc.Auditors  = { "NameAuditor", "ChronoAuditor", "MemoryAuditor" };
NameAuditor.Enable   = false;
ChronoAuditor.Enable = true;
MemoryAuditor.Enable = false;

// General output levels (2=DEBUG, 3=INFO, 4=WARNING, 5=ERROR, 6=FATAL)
MessageSvc.OutputLevel                  = 3;
ToolSvc.OutputLevel                     = 3;
XmlParserSvc.OutputLevel                = 4;

// Print algorithm name with 40 characters
MessageSvc.Format = "% F%40W%S%7W%R%T %0W%M";

// Print Frequency
EventSelector.PrintFreq  = 1;


//--------------------------------------------------------------
// Histogram persistency 
// Root DLL for histogram persistency is needed for CALOPID. Hbook 
// might be needed for users. 
ApplicationMgr.DLLs += { "RootHistCnv" };
ApplicationMgr.DLLs += { "HbookCnv" };
// Need a histogram persistency or Calo crashes :-(
ApplicationMgr.HistogramPersistency = "ROOT";

//--------------------------------------------------------------
// Pre DaVinci algorithm. MUST BE FIRST.
ApplicationMgr.TopAlg += { "PreDV" };

// Default Database dependent configurations. The latest
// compatible database is included from here.
// --> Including file $DAVINCIROOT/options/DaVinciDDDB.opts


/** @file 
 * 
 *  Configuration file to run using the latest compatible 
 *  Detector Description Data Base  
 *  This is the file that should be included by default in
 *  a "DaVinci.opts" file
 * 
 *  @author G.Corti
 *  @date 2004-01-26
 */

// When using LHCb v15r3
// --> Including file $DAVINCIROOT/options/lhcb-200402.opts


//****************************************************************************
/// Job options for DaVinci, for data produced by Gauss v12r5 or greater and
/// with XmlDDDB v19r0 or greater and geometry compatible with lhcb-200311
// ---------------------------------------------------------------------------

// Database specific options
DetectorDataSvc.DetDbLocation = "$XMLDDDBROOT/DDDB/lhcb-200402.xml";

// Velo 45 degrees sectors
DeVelo.Design = 1;

// <-- End of including file $DAVINCIROOT/options/lhcb-200402.opts

#include "$DAVINCIROOT/options/lhcb-200402.opts" 

// <-- End of including file $DAVINCIROOT/options/DaVinciDDDB.opts



// <-- End of including file $DAVINCIROOT/options/DaVinciCommon.opts

// --> Including file $STDOPTS/RootHist.opts
// <-- End of including file $STDOPTS/RootHist.opts

// --> Including file $STDOPTS/Hbook.opts
// <-- End of including file $STDOPTS/Hbook.opts
 // Printing switched on in job.opts Line 13

#pragma   print on 
// ============================================================================

// ============================================================================
/** @file 
 *  Options file to drive the simple LoKi example LoKi_MCEvent algorithm
 *  @see LoKi_MCEvent
 *  @author Vanya BELYAEV  Ivan.Belyaev@itep.ru
 *  @date 2003-05-12
 */
// ============================================================================

// load nesessary libraries 
ApplicationMgr.DLLs   += { "LoKiExample" , "LoKi" } ;

// top level algorithms 
ApplicationMgr.TopAlg  =  {"LoKi_MCEvent/MCEvent" };

// configuration of algorithm 'MCEvent' 
MCEvent.NTupleLUN                        = "TUPLES"  ; // logical file unit 

// N-Tuples
ApplicationMgr.ExtSvc += { "NTupleSvc" } ;
NTupleSvc.Output      += 
  {"TUPLES DATAFILE='MCEvent.hbook' TYP='HBOOK' OPT='NEW'" } ;

HistogramPersistencySvc.OutputFile = "DVHistos.root";

// The number of events to process 
ApplicationMgr.EvtMax  = 1000 ;

// control for printout 
MessageSvc.OutputLevel       =   3 ;  // "WARNING" printout level
EventSelector.PrintFreq      = 100 ;  // make a print only each 10th event 

ChronoStatSvc.NumberOfSkippedEventsForMemStat = -1 ;

// input data set: DC04 mixture of bb-inclusive + minbias   // Printing switched off in job.opts Line 51

// --> Including file $LOKIEXAMPLEOPTS/Mixture_DC04.opts
// <-- End of including file $LOKIEXAMPLEOPTS/Mixture_DC04.opts
 // Printing switched on in job.opts Line 53

#pragma   print on 

PoolDbCacheSvc.Catalog = 
  { 
    "xmlcatalog_file:$LOKIEXAMPLEOPTS/LoKiExampleMutableCatalog.xml"  ,
    "xmlcatalog_file:$LOKIEXAMPLEOPTS/Mixture_DC04.xml"          
  };

// The number of events to process 
ApplicationMgr.EvtMax  = 1000 ;


// ============================================================================
// The END 
// ============================================================================
//                                                  
// ************************************************ 
// * redefined parameters from batch stript       * 
// ************************************************ 
//                                                  
// ************************************************ 
// * (re)define number of events to be processed  * 
// ************************************************ 
 ApplicationMgr.EvtMax    = 10000  ;           
//                                                  
 EventSelector.PrintFreq = 100 ;                    
//                                                  
// ************************************************ 

Job options successfully read in from ./job.opts
ConverterFactory                        WARNING Converter for class:RootHistCnv::RRWNTupleCnv already exists.
ConverterFactory                        WARNING Converter for class:RootHistCnv::RFileCnv already exists.
ConverterFactory                        WARNING Converter for class:RootHistCnv::RDirectoryCnv already exists.
ConverterFactory                        WARNING Converter for class:RootHistCnv::RCWNTupleCnv already exists.
ServiceManager                          WARNING Service factory for type RootHistCnv::PersSvc already declared
ConverterFactory                        WARNING Converter for class:RootHistCnv::H3DCnv already exists.
ConverterFactory                        WARNING Converter for class:RootHistCnv::H2DCnv already exists.
ConverterFactory                        WARNING Converter for class:RootHistCnv::H1DCnv already exists.
ConverterFactory                        WARNING Converter for class:RootHistCnv::DirectoryCnv already exists.
ServiceManager                          WARNING Service factory for type HbookCnv::PersSvc already declared
ConverterFactory                        WARNING Converter for class:HbookCnv::HRWNTupleCnv already exists.
ConverterFactory                        WARNING Converter for class:HbookCnv::HFileCnv already exists.
ConverterFactory                        WARNING Converter for class:HbookCnv::HDirectoryCnv already exists.
ConverterFactory                        WARNING Converter for class:HbookCnv::HCWNTupleCnv already exists.
ConverterFactory                        WARNING Converter for class:HbookCnv::H2DCnv already exists.
ConverterFactory                        WARNING Converter for class:HbookCnv::H1DCnv already exists.
ConverterFactory                        WARNING Converter for class:HbookCnv::DirectoryCnv already exists.
ServiceManager                          WARNING Service factory for type HbookCnv::ConvSvc already declared
ObjectManager                           WARNING Factory for class:DataObjectFactory<RelationWeighted1D<ProtoParticle,MCParticle,double> > already exists.
ApplicationMgr                             INFO Successfully loaded modules: GaudiAud, GaudiAlg, DetDesc, XmlTools, DetDescCnv, Magnet, VeloDet, OTDet, STDet, MuonDet, CaloDet, CaloDetXmlCnv, GaudiPoolDb, GaudiDb, GaudiRootDb, ITAssociators, OTAssociators, VeloAssociators, MuonAssociators, CaloEvent, CaloAssociators, TrAssociators, Associators, DaVinciAssociators, GlobalReco, CaloReco, CaloPIDs, MuonID, MuonTools, DaVinciTools, TrExtrapolator, MCTools, DaVinciMCTools, DaVinciEff, Ks2PiPiSel, FlavourTagging, RecoTools, Utilities, RootHistCnv, HbookCnv, RootHistCnv, HbookCnv, LoKiExample, LoKi
ApplicationMgr                             INFO Application Manager Configured successfully
ParticlePropertySvc                        INFO Opened particle properties file : /afs/cern.ch/lhcb/software/releases/PARAM/ParamFiles/v3r8/data/ParticleTable.txt
MagneticFieldSvc                           INFO Opened magnetic field file : /afs/cern.ch/lhcb/software/releases/DBASE/FieldMap/v4r5/cdf/field045.cdf
ROOT                                       INFO --> Open     DbSession     Mode:UPDATE   
ROOT                                       INFO --> Access   DbFederation 
NTupleSvc                                  INFO Added stream file:MCEvent.hbook as TUPLES


Welcome Welcome Welcome Welcome Welcome Welcome Welcome Welcome Welcome Welcome Welcome Welcome Wel
Welcome Welcome Welcome Welcome Welcome Welcome Welcome Welcome Welcome Welcome Welcome Welcome Wel
LoKi                                                                                           LoKi 
LoKi                                                                                           LoKi 
LoKi                                      Welcome to LoKi!                                     LoKi 
LoKi                                                                                           LoKi 
LoKi                                    (LOops & KInematics)                                   LoKi 
LoKi                                                                                           LoKi 
LoKi                       Smart & Friendly C++ Physics Analysis Tool Kit                      LoKi 
LoKi                                                                                           LoKi 
LoKi                                                                                           LoKi 
LoKi                 Author:  Vanya BELYAEV (ITEP/Moscow) Ivan.Belyaev@itep.ru                 LoKi 
LoKi                   With the kind help of Galina Pakhlova & Sergey Barsuk                   LoKi 
LoKi                                                                                           LoKi 
LoKi                                     Have fun and enjoy!                                   LoKi 
LoKi                                                                                           LoKi 
Welcome Welcome Welcome Welcome Welcome Welcome Welcome Welcome Welcome Welcome Welcome Welcome Wel
Welcome Welcome Welcome Welcome Welcome Welcome Welcome Welcome Welcome Welcome Welcome Welcome Wel


HistogramPersistencySvc                    INFO "CnvServices": ["HbookHistSvc", "RootHistSvc"]
HbookHistSvc                               INFO Setting /PAWC/ common block size to 250000
HistogramPersistencySvc                    INFO Added successfully Conversion service:HbookHistSvc
HistogramDataSvc                           INFO Added stream file:/afs/cern.ch/lhcb/software/releases/PARAM/ParamFiles/v3r8/data/CaloPIDs.root as CaloPIDs
MCEvent                                 WARNING LoKi_MCEvent Production of Evt Collections is switched OFF  StatusCode=FAILURE
EventPersistencySvc                        INFO "CnvServices": ["PoolRootEvtCnvSvc", "PoolRootTreeEvtCnvSvc", "PoolRootKeyEvtCnvSvc", "RootEvtCnvSvc"]
DetectorPersistencySvc                     INFO "CnvServices": ["XmlCnvSvc"]
DetectorPersistencySvc                     INFO Added successfully Conversion service:XmlCnvSvc
DetectorDataSvc                         SUCCESS Detector description database: /afs/cern.ch/lhcb/software/releases/DBASE/Det/XmlDDDB/v22r2/DDDB/lhcb-200402.xml
DeVelo                                     INFO Using VELO R Detector design 1
MCEvent                                 WARNING LoKi_MCEvent Decay descriptor is '' (empty)  StatusCode=FAILURE
EventPersistencySvc                        INFO Added successfully Conversion service:PoolRootEvtCnvSvc
EventPersistencySvc                        INFO Added successfully Conversion service:PoolRootTreeEvtCnvSvc
EventSelector_1                            INFO Selection root:/Event CLID:1
EventSelector                              INFO Stream:EventSelector_1 Def:DATAFILE='LFN:/lhcb/production/DC04/v1/DST/00000541_00000001_9.dst' TYP='POOL_ROOTTREE' OPT='READ'
EventSelector                           SUCCESS Reading Event record 1. Record number within stream 0: 1
ApplicationMgr                             INFO Application Manager Initialized successfully
ChronoStatSvc                              INFO  Number of skipped events for MemStat-1
HbookNFileCnv                              INFO Opened NEW HBook RZ file:MCEvent.hbook as TUPLES
HCWNTupleCnv                               INFO Booked Column wise HBOOK N tuple with ID:1 "EventType tuple " in directory <//TUPLES/MCEvent>
EventSelector                           SUCCESS Reading Event record 101. Record number within stream 0: 101
EventSelector                           SUCCESS Reading Event record 201. Record number within stream 0: 201
EventSelector                           SUCCESS Reading Event record 301. Record number within stream 0: 301
EventSelector                           SUCCESS Reading Event record 401. Record number within stream 0: 401
EventSelector                           SUCCESS Reading Event record 501. Record number within stream 0: 501
EventSelector                           SUCCESS Reading Event record 601. Record number within stream 0: 601
EventSelector                           SUCCESS Reading Event record 701. Record number within stream 0: 701
EventSelector                           SUCCESS Reading Event record 801. Record number within stream 0: 801
EventSelector                           SUCCESS Reading Event record 901. Record number within stream 0: 901
EventSelector_2                            INFO Selection root:/Event CLID:1
EventSelector                              INFO Stream:EventSelector_2 Def:DATAFILE='LFN:/lhcb/production/DC04/v1/DST/00000541_00000001_10.dst' TYP='POOL_ROOTTREE' OPT='READ'
EventSelector                           SUCCESS Reading Event record 1001. Record number within stream 1: 1
EventSelector                           SUCCESS Reading Event record 1101. Record number within stream 1: 101
EventSelector                           SUCCESS Reading Event record 1201. Record number within stream 1: 201
EventSelector                           SUCCESS Reading Event record 1301. Record number within stream 1: 301
EventSelector                           SUCCESS Reading Event record 1401. Record number within stream 1: 401
EventSelector                           SUCCESS Reading Event record 1501. Record number within stream 1: 501
EventSelector                           SUCCESS Reading Event record 1601. Record number within stream 1: 601
EventSelector                           SUCCESS Reading Event record 1701. Record number within stream 1: 701
EventSelector                           SUCCESS Reading Event record 1801. Record number within stream 1: 801
EventSelector                           SUCCESS Reading Event record 1901. Record number within stream 1: 901
EventSelector                           SUCCESS Reading Event record 2001. Record number within stream 1: 1001
EventSelector                           SUCCESS Reading Event record 2101. Record number within stream 1: 1101
EventSelector                           SUCCESS Reading Event record 2201. Record number within stream 1: 1201
EventSelector                           SUCCESS Reading Event record 2301. Record number within stream 1: 1301
EventSelector                           SUCCESS Reading Event record 2401. Record number within stream 1: 1401
EventSelector                           SUCCESS Reading Event record 2501. Record number within stream 1: 1501
EventSelector                           SUCCESS Reading Event record 2601. Record number within stream 1: 1601
EventSelector                           SUCCESS Reading Event record 2701. Record number within stream 1: 1701
EventSelector_3                            INFO Selection root:/Event CLID:1
EventSelector                              INFO Stream:EventSelector_3 Def:DATAFILE='LFN:/lhcb/production/DC04/v1/DST/00000541_00000002_9.dst' TYP='POOL_ROOTTREE' OPT='READ'
EventSelector                           SUCCESS Reading Event record 2801. Record number within stream 2: 1
EventSelector                           SUCCESS Reading Event record 2901. Record number within stream 2: 101
EventSelector                           SUCCESS Reading Event record 3001. Record number within stream 2: 201
EventSelector                           SUCCESS Reading Event record 3101. Record number within stream 2: 301
EventSelector                           SUCCESS Reading Event record 3201. Record number within stream 2: 401
EventSelector                           SUCCESS Reading Event record 3301. Record number within stream 2: 501
EventSelector                           SUCCESS Reading Event record 3401. Record number within stream 2: 601
EventSelector                           SUCCESS Reading Event record 3501. Record number within stream 2: 701
EventSelector                           SUCCESS Reading Event record 3601. Record number within stream 2: 801
EventSelector                           SUCCESS Reading Event record 3701. Record number within stream 2: 901
EventSelector_4                            INFO Selection root:/Event CLID:1
EventSelector                              INFO Stream:EventSelector_4 Def:DATAFILE='LFN:/lhcb/production/DC04/v1/DST/00000541_00000002_10.dst' TYP='POOL_ROOTTREE' OPT='READ'
EventSelector                           SUCCESS Reading Event record 3801. Record number within stream 3: 1
EventSelector                           SUCCESS Reading Event record 3901. Record number within stream 3: 101
EventSelector                           SUCCESS Reading Event record 4001. Record number within stream 3: 201
EventSelector                           SUCCESS Reading Event record 4101. Record number within stream 3: 301
EventSelector                           SUCCESS Reading Event record 4201. Record number within stream 3: 401
EventSelector                           SUCCESS Reading Event record 4301. Record number within stream 3: 501
EventSelector                           SUCCESS Reading Event record 4401. Record number within stream 3: 601
EventSelector                           SUCCESS Reading Event record 4501. Record number within stream 3: 701
EventSelector                           SUCCESS Reading Event record 4601. Record number within stream 3: 801
EventSelector                           SUCCESS Reading Event record 4701. Record number within stream 3: 901
EventSelector                           SUCCESS Reading Event record 4801. Record number within stream 3: 1001
EventSelector                           SUCCESS Reading Event record 4901. Record number within stream 3: 1101
EventSelector                           SUCCESS Reading Event record 5001. Record number within stream 3: 1201
EventSelector                           SUCCESS Reading Event record 5101. Record number within stream 3: 1301
EventSelector                           SUCCESS Reading Event record 5201. Record number within stream 3: 1401
EventSelector                           SUCCESS Reading Event record 5301. Record number within stream 3: 1501
EventSelector                           SUCCESS Reading Event record 5401. Record number within stream 3: 1601
EventSelector                           SUCCESS Reading Event record 5501. Record number within stream 3: 1701
EventSelector_5                            INFO Selection root:/Event CLID:1
EventSelector                              INFO Stream:EventSelector_5 Def:DATAFILE='LFN:/lhcb/production/DC04/v1/DST/00000541_00000003_9.dst' TYP='POOL_ROOTTREE' OPT='READ'
EventSelector                           SUCCESS Reading Event record 5601. Record number within stream 4: 1
EventSelector                           SUCCESS Reading Event record 5701. Record number within stream 4: 101
EventSelector                           SUCCESS Reading Event record 5801. Record number within stream 4: 201
EventSelector                           SUCCESS Reading Event record 5901. Record number within stream 4: 301
EventSelector                           SUCCESS Reading Event record 6001. Record number within stream 4: 401
EventSelector                           SUCCESS Reading Event record 6101. Record number within stream 4: 501
EventSelector                           SUCCESS Reading Event record 6201. Record number within stream 4: 601
EventSelector                           SUCCESS Reading Event record 6301. Record number within stream 4: 701
EventSelector                           SUCCESS Reading Event record 6401. Record number within stream 4: 801
EventSelector                           SUCCESS Reading Event record 6501. Record number within stream 4: 901
EventSelector_6                            INFO Selection root:/Event CLID:1
EventSelector                              INFO Stream:EventSelector_6 Def:DATAFILE='LFN:/lhcb/production/DC04/v1/DST/00000541_00000003_10.dst' TYP='POOL_ROOTTREE' OPT='READ'
EventSelector                           SUCCESS Reading Event record 6601. Record number within stream 5: 1
EventSelector                           SUCCESS Reading Event record 6701. Record number within stream 5: 101
EventSelector                           SUCCESS Reading Event record 6801. Record number within stream 5: 201
EventSelector                           SUCCESS Reading Event record 6901. Record number within stream 5: 301
EventSelector                           SUCCESS Reading Event record 7001. Record number within stream 5: 401
EventSelector                           SUCCESS Reading Event record 7101. Record number within stream 5: 501
EventSelector                           SUCCESS Reading Event record 7201. Record number within stream 5: 601
EventSelector                           SUCCESS Reading Event record 7301. Record number within stream 5: 701
EventSelector                           SUCCESS Reading Event record 7401. Record number within stream 5: 801
EventSelector                           SUCCESS Reading Event record 7501. Record number within stream 5: 901
EventSelector                           SUCCESS Reading Event record 7601. Record number within stream 5: 1001
EventSelector                           SUCCESS Reading Event record 7701. Record number within stream 5: 1101
EventSelector                           SUCCESS Reading Event record 7801. Record number within stream 5: 1201
EventSelector                           SUCCESS Reading Event record 7901. Record number within stream 5: 1301
EventSelector                           SUCCESS Reading Event record 8001. Record number within stream 5: 1401
EventSelector                           SUCCESS Reading Event record 8101. Record number within stream 5: 1501
EventSelector                           SUCCESS Reading Event record 8201. Record number within stream 5: 1601
EventSelector                           SUCCESS Reading Event record 8301. Record number within stream 5: 1701
EventSelector_7                            INFO Selection root:/Event CLID:1
EventSelector                              INFO Stream:EventSelector_7 Def:DATAFILE='LFN:/lhcb/production/DC04/v1/DST/00000541_00000005_9.dst' TYP='POOL_ROOTTREE' OPT='READ'
EventSelector                           SUCCESS Reading Event record 8401. Record number within stream 6: 1
EventSelector                           SUCCESS Reading Event record 8501. Record number within stream 6: 101
EventSelector                           SUCCESS Reading Event record 8601. Record number within stream 6: 201
EventSelector                           SUCCESS Reading Event record 8701. Record number within stream 6: 301
EventSelector                           SUCCESS Reading Event record 8801. Record number within stream 6: 401
EventSelector                           SUCCESS Reading Event record 8901. Record number within stream 6: 501
EventSelector                           SUCCESS Reading Event record 9001. Record number within stream 6: 601
EventSelector                           SUCCESS Reading Event record 9101. Record number within stream 6: 701
EventSelector                           SUCCESS Reading Event record 9201. Record number within stream 6: 801
EventSelector                           SUCCESS Reading Event record 9301. Record number within stream 6: 901
EventSelector_8                            INFO Selection root:/Event CLID:1
EventSelector                              INFO Stream:EventSelector_8 Def:DATAFILE='LFN:/lhcb/production/DC04/v1/DST/00000541_00000005_10.dst' TYP='POOL_ROOTTREE' OPT='READ'
EventSelector                           SUCCESS Reading Event record 9401. Record number within stream 7: 1
EventSelector                           SUCCESS Reading Event record 9501. Record number within stream 7: 101
EventSelector                           SUCCESS Reading Event record 9601. Record number within stream 7: 201
EventSelector                           SUCCESS Reading Event record 9701. Record number within stream 7: 301
EventSelector                           SUCCESS Reading Event record 9801. Record number within stream 7: 401
EventSelector                           SUCCESS Reading Event record 9901. Record number within stream 7: 501
EventSelector                           SUCCESS Reading Event record 10001. Record number within stream 7: 601
MCEvent                                 SUCCESS  Exceptions/Errors/Warnings statistics:  0/0/2
MCEvent                                 SUCCESS  #WARNINGS  = 1 Message='Decay descriptor is '' (empty) '
MCEvent                                 SUCCESS  #WARNINGS  = 1 Message='Production of Evt Collections is switched OFF '
EventLoopMgr                               INFO Histograms converted successfully according to request.
*****Chrono*****                           INFO ****************************************************************************************************
*****Chrono*****                           INFO  The Final CPU consumption ( Chrono ) Table (ordered)
*****Chrono*****                           INFO ****************************************************************************************************
MCEvent:execute                            INFO Time User   : Tot=  242  [s] Ave/Min/Max= 24.2(+- 21.1)/    0/  180 [ms] #=10000
ChronoStatSvc                              INFO Time User   : Tot=  277  [s]                                             #=  1
*****Chrono*****                           INFO ****************************************************************************************************
ChronoStatSvc.finalize()                   INFO  Service finalized succesfully 
HNTupleCnv                                 INFO Saving:/NTUPLES/TUPLES/MCEvent/1 with ID:1


 ******************************************************************
 * Ntuple ID = 1      Entries = 10000     EventType tuple
 ******************************************************************
 * Var numb * Type * Packing *    Range     *  Block   *  Name    *
 ******************************************************************
 *      1   * I*4  *         * [-2147483648 * AUTO_BLK * EvtType
 *      2   * I*4  *         * [-2147483648 * AUTO_BLK * Coll
 *      3   * I*4  *         * [-2147483648 * AUTO_BLK * nB
 *      4   * I*4  *         * [-2147483648 * AUTO_BLK * nC
 ******************************************************************
 *  Block   *  Entries  * Unpacked * Packed *   Packing Factor    *
 ******************************************************************
 * AUTO_BLK *  10000    * 16       * 16     *       1.000         *
 * Total    *    ---    * 16       * 16     *       1.000         *
 ******************************************************************
 * Blocks = 1            Variables = 4            Columns = 4     *
 ******************************************************************

HbookNFileCnv                              INFO Closing HBook RZ file:MCEvent.hbook as /NTUPLES/TUPLES
NTupleSvc                                  INFO NTuples saved successfully
ROOT                                       INFO --> Deaccess DbFederation  Mode:READ     
ROOT                                       INFO --> Closed   DbSession     Mode:UPDATE   RootEvtCnvSvc.DataBase 
PoolRootTreeEvtCnvSvc                      INFO POOL conversion service PoolRootTreeEvtCnvSvc successfully finalized.
PoolRootKeyEvtCnvSvc                       INFO POOL conversion service PoolRootKeyEvtCnvSvc successfully finalized.
PoolRootEvtCnvSvc                          INFO POOL conversion service PoolRootEvtCnvSvc successfully finalized.
PoolDbCacheSvc                          SUCCESS POOL Cache size:1
MagneticFieldSvc                           INFO Service finalized successfully
ParticlePropertySvc                        INFO Service finalised successfully
ToolSvc                                    INFO Removing all tools created by ToolSvc
ApplicationMgr                             INFO Application Manager Finalized successfully


Good Bye Good Bye Good Bye Good Bye Good Bye Good Bye Good Bye Good Bye Good Bye Good Bye Good Bye 
Good Bye Good Bye Good Bye Good Bye Good Bye Good Bye Good Bye Good Bye Good Bye Good Bye Good Bye 
LoKi                                                                                           LoKi 
LoKi                                                                                           LoKi 
LoKi                                     Good Bye from LoKi!                                   LoKi 
LoKi                                                                                           LoKi 
LoKi                                    (LOops & KInematics)                                   LoKi 
LoKi                                                                                           LoKi 
LoKi                       Smart & Friendly C++ Physics Analysis Tool Kit                      LoKi 
LoKi                                                                                           LoKi 
LoKi                                                                                           LoKi 
LoKi                    LoKi mailing list ('LoKi-club') : lhcb-loki@cern.ch                    LoKi 
LoKi    Comments, suggestions, criticism, ideas, questions and requests are *ALWAYS* welcome   LoKi 
LoKi                                                                                           LoKi 
Good Bye Good Bye Good Bye Good Bye Good Bye Good Bye Good Bye Good Bye Good Bye Good Bye Good Bye 
Good Bye Good Bye Good Bye Good Bye Good Bye Good Bye Good Bye Good Bye Good Bye Good Bye Good Bye 


./_DaVinci.exe ./job.opts  288.81s user 4.80s system 5% cpu 1:31:39.58 total
 * DaVinci.zjob ************************************************************ 
 * DaVinci.zjob * Check for ./core file                                    * 
 * DaVinci.zjob ************************************************************ 
 * DaVinci.zjob ************************************************************ 
 * DaVinci.zjob *       End                                                * 
 * DaVinci.zjob ************************************************************ 
 * DaVinci.zjob * parameter 1        = "DV_LoKi_MCEvent"
 * DaVinci.zjob * parameter 2        = "10000"
 * DaVinci.zjob * File               = "DV_LoKi_MCEvent.opts"
 * DaVinci.zjob * N_events           = "10000"
 * DaVinci.zjob * CMTCONFIG          = "rh73_gcc32"
 * DaVinci.zjob * DaVinci version    = "v11r11"
 * DaVinci.zjob * Job directory      = "/afs/cern.ch/user/i/ibelyaev/newmycmt/Phys/DaVinci/v11r11"
 * DaVinci.zjob * Start directory    = "/pool/lsf/ibelyaev/387310"
 * DaVinci.zjob * WORKDIR            = "/pool/lsf/ibelyaev/387310"
 * DaVinci.zjob * TMPJOBROOT         = "/afs/cern.ch/user/i/ibelyaev/newmycmt/Phys/DaVinci/v11r11"
 * DaVinci.zjob * PWD                = "/pool/lsf/ibelyaev/387310"
 * DaVinci.zjob ************************************************************ 
 * DaVinci.zjob * see the actual list of packages in used.packages file    * 
 * DaVinci.zjob ************************************************************ 


CERN statistics: This job used 0:16:14 NCU hours (974 NCU seconds)

