makedepend: warning:  ../../Events/src/EventAccess.cpp (reading /Users/rademack/MintSource/Mint/Mint/EventAccess.h, line 6): cannot find include file "iostream"
	not in /usr/local/include/root/iostream
	not in /Users/rademack/MintSource/Mint/iostream
	not in /usr/include/iostream
makedepend: warning:  ../../Events/src/EventAccess.cpp (reading /Users/rademack/MintSource/Mint/Mint/EventAccess.h, line 7): cannot find include file "deque"
	not in /usr/local/include/root/deque
	not in /Users/rademack/MintSource/Mint/deque
	not in /usr/include/deque
makedepend: warning:  ../../Events/src/EventAccess.cpp (reading /Users/rademack/MintSource/Mint/Mint/EventAccess.h, line 8): cannot find include file "map"
	not in /usr/local/include/root/map
	not in /Users/rademack/MintSource/Mint/map
	not in /usr/include/map
makedepend: warning:  ../../Events/src/EventAccess.cpp (reading /Users/rademack/MintSource/Mint/Mint/Utils.h, line 6): cannot find include file "iostream"
	not in /usr/local/include/root/iostream
	not in /Users/rademack/MintSource/Mint/iostream
	not in /usr/include/iostream
makedepend: warning:  ../../Events/src/EventAccess.cpp (reading /usr/local/include/root/Rtypeinfo.h, line 32): cannot find include file "typeinfo"
	not in /usr/local/include/root/typeinfo
	not in /Users/rademack/MintSource/Mint/typeinfo
	not in /usr/include/typeinfo
makedepend: warning:  ../../Events/src/EventAccess.cpp (reading /usr/local/include/root/TGenericClassInfo.h, line 15): cannot find include file "vector"
	not in /usr/local/include/root/vector
	not in /Users/rademack/MintSource/Mint/vector
	not in /usr/include/vector
makedepend: warning:  ../../Events/src/EventAccess.cpp (reading /usr/local/include/root/TSchemaHelper.h, line 7): cannot find include file "string"
	not in /usr/local/include/root/string
	not in /Users/rademack/MintSource/Mint/string
	not in /usr/include/string
makedepend: warning:  ../../Events/src/EventAccess.cpp (reading /usr/include/stdarg.h, line 4): cannot find include file "stdarg.h"
makedepend: warning:  ../../Events/src/EventAccess.cpp (reading /usr/local/include/root/TMath.h, line 34): cannot find include file "algorithm"
	not in /usr/local/include/root/algorithm
	not in /Users/rademack/MintSource/Mint/algorithm
	not in /usr/include/algorithm
makedepend: warning:  ../../Events/src/EventAccess.cpp (reading /usr/local/include/root/TMath.h, line 35): cannot find include file "limits"
	not in /usr/local/include/root/limits
	not in /Users/rademack/MintSource/Mint/limits
	not in /usr/include/limits
makedepend: warning:  ../../Events/src/EventAccess.cpp (reading /usr/include/float.h, line 8): cannot find include file "float.h"
makedepend: warning:  ../../Events/src/EventAccess.cpp (reading /usr/local/include/root/Riosfwd.h, line 33): cannot find include file "iosfwd"
	not in /usr/local/include/root/iosfwd
	not in /Users/rademack/MintSource/Mint/iosfwd
	not in /usr/include/iosfwd
makedepend: warning:  ../../Events/src/EventAccess.cpp (reading /usr/local/include/root/TMatrixTBase.h, line 68): cannot find include file "limits"
	not in /usr/local/include/root/limits
	not in /Users/rademack/MintSource/Mint/limits
	not in /usr/include/limits
makedepend: warning:  ../../Events/src/EventAccess.cpp (reading /usr/local/include/root/TString.h, line 40): cannot find include file "string"
	not in /usr/local/include/root/string
	not in /Users/rademack/MintSource/Mint/string
	not in /usr/include/string
makedepend: warning:  ../../Events/src/EventAccess.cpp (reading /Users/rademack/MintSource/Mint/Mint/Utils.h, line 8): cannot find include file "sstream"
	not in /usr/local/include/root/sstream
	not in /Users/rademack/MintSource/Mint/sstream
	not in /usr/include/sstream
makedepend: warning:  ../../Events/src/EventAccess.cpp (reading /Users/rademack/MintSource/Mint/Mint/Utils.h, line 9): cannot find include file "string"
	not in /usr/local/include/root/string
	not in /Users/rademack/MintSource/Mint/string
	not in /usr/include/string
makedepend: warning:  ../../Events/src/EventAccess.cpp (reading /Users/rademack/MintSource/Mint/Mint/Utils.h, line 10): cannot find include file "map"
	not in /usr/local/include/root/map
	not in /Users/rademack/MintSource/Mint/map
	not in /usr/include/map
makedepend: warning:  ../../Events/src/EventAccess.cpp (reading /Users/rademack/MintSource/Mint/Mint/Utils.h, line 11): cannot find include file "vector"
	not in /usr/local/include/root/vector
	not in /Users/rademack/MintSource/Mint/vector
	not in /usr/include/vector
makedepend: warning:  ../../Events/src/EventAccess.cpp (reading /Users/rademack/MintSource/Mint/Mint/EventList.h, line 6): cannot find include file "iostream"
	not in /usr/local/include/root/iostream
	not in /Users/rademack/MintSource/Mint/iostream
	not in /usr/include/iostream
makedepend: warning:  ../../Events/src/EventAccess.cpp (reading /Users/rademack/MintSource/Mint/Mint/EventList.h, line 7): cannot find include file "vector"
	not in /usr/local/include/root/vector
	not in /Users/rademack/MintSource/Mint/vector
	not in /usr/include/vector
makedepend: warning:  ../../Events/src/EventAccess.cpp (reading /Users/rademack/MintSource/Mint/Mint/EventList.h, line 8): cannot find include file "ctime"
	not in /usr/local/include/root/ctime
	not in /Users/rademack/MintSource/Mint/ctime
	not in /usr/include/ctime
makedepend: warning:  ../../Events/src/EventAccess.cpp (reading /Users/rademack/MintSource/Mint/Mint/EventList.h, line 9): cannot find include file "cmath"
	not in /usr/local/include/root/cmath
	not in /Users/rademack/MintSource/Mint/cmath
	not in /usr/include/cmath
makedepend: warning:  ../../Events/src/EventAccess.cpp (reading /Users/rademack/MintSource/Mint/Mint/IReturnReal.h, line 7): cannot find include file "complex"
	not in /usr/local/include/root/complex
	not in /Users/rademack/MintSource/Mint/complex
	not in /usr/include/complex
makedepend: warning:  ../../Events/src/EventAccess.cpp (reading /Users/rademack/MintSource/Mint/Mint/GeneralisedPareto.h, line 7): cannot find include file "vector"
	not in /usr/local/include/root/vector
	not in /Users/rademack/MintSource/Mint/vector
	not in /usr/include/vector
makedepend: warning:  ../../Events/src/EventAccess.cpp (reading /Users/rademack/MintSource/Mint/Mint/MinuitParameterSet.h, line 6): cannot find include file "vector"
	not in /usr/local/include/root/vector
	not in /Users/rademack/MintSource/Mint/vector
	not in /usr/include/vector
makedepend: warning:  ../../Events/src/EventAccess.cpp (reading /Users/rademack/MintSource/Mint/Mint/MinuitParameterSet.h, line 7): cannot find include file "iostream"
	not in /usr/local/include/root/iostream
	not in /Users/rademack/MintSource/Mint/iostream
	not in /usr/include/iostream
makedepend: warning:  ../../Events/src/EventAccess.cpp (reading /Users/rademack/MintSource/Mint/Mint/IMinuitParameter.h, line 6): cannot find include file "iostream"
	not in /usr/local/include/root/iostream
	not in /Users/rademack/MintSource/Mint/iostream
	not in /usr/include/iostream
makedepend: warning:  ../../Events/src/EventAccess.cpp (reading /Users/rademack/MintSource/Mint/Mint/NamedParameterBase.h, line 6): cannot find include file "string"
	not in /usr/local/include/root/string
	not in /Users/rademack/MintSource/Mint/string
	not in /usr/include/string
makedepend: warning:  ../../Events/src/EventAccess.cpp (reading /Users/rademack/MintSource/Mint/Mint/NamedParameterBase.h, line 7): cannot find include file "istream"
	not in /usr/local/include/root/istream
	not in /Users/rademack/MintSource/Mint/istream
	not in /usr/include/istream
makedepend: warning:  ../../Events/src/EventAccess.cpp (reading /Users/rademack/MintSource/Mint/Mint/NamedParameterBase.h, line 8): cannot find include file "sstream"
	not in /usr/local/include/root/sstream
	not in /Users/rademack/MintSource/Mint/sstream
	not in /usr/include/sstream
makedepend: warning:  ../../Events/src/EventAccess.cpp (reading /Users/rademack/MintSource/Mint/Mint/NamedParameterBase.h, line 9): cannot find include file "iostream"
	not in /usr/local/include/root/iostream
	not in /Users/rademack/MintSource/Mint/iostream
	not in /usr/include/iostream
makedepend: warning:  ../../Events/src/EventAccess.cpp (reading /Users/rademack/MintSource/Mint/Mint/NamedParameterBase.h, line 10): cannot find include file "vector"
	not in /usr/local/include/root/vector
	not in /Users/rademack/MintSource/Mint/vector
	not in /usr/include/vector
makedepend: warning:  ../../Events/src/EventAccess.cpp (reading /Users/rademack/MintSource/Mint/Mint/INamedParameter.h, line 6): cannot find include file "string"
	not in /usr/local/include/root/string
	not in /Users/rademack/MintSource/Mint/string
	not in /usr/include/string
makedepend: warning:  ../../Events/src/EventAccess.cpp (reading /Users/rademack/MintSource/Mint/Mint/ParsedParameterLine.h, line 6): cannot find include file "string"
	not in /usr/local/include/root/string
	not in /Users/rademack/MintSource/Mint/string
	not in /usr/include/string
makedepend: warning:  ../../Events/src/EventAccess.cpp (reading /Users/rademack/MintSource/Mint/Mint/ParsedParameterLine.h, line 7): cannot find include file "iostream"
	not in /usr/local/include/root/iostream
	not in /Users/rademack/MintSource/Mint/iostream
	not in /usr/include/iostream
makedepend: warning:  ../../Events/src/EventAccess.cpp (reading /Users/rademack/MintSource/Mint/Mint/ParsedParameterLine.h, line 8): cannot find include file "vector"
	not in /usr/local/include/root/vector
	not in /Users/rademack/MintSource/Mint/vector
	not in /usr/include/vector
makedepend: warning:  ../../Events/src/EventAccess.cpp (reading /Users/rademack/MintSource/Mint/Mint/NamedParameter.h, line 6): cannot find include file "string"
	not in /usr/local/include/root/string
	not in /Users/rademack/MintSource/Mint/string
	not in /usr/include/string
makedepend: warning:  ../../Events/src/EventAccess.cpp (reading /Users/rademack/MintSource/Mint/Mint/NamedParameter.h, line 7): cannot find include file "vector"
	not in /usr/local/include/root/vector
	not in /Users/rademack/MintSource/Mint/vector
	not in /usr/include/vector
makedepend: warning:  ../../Events/src/EventAccess.cpp (reading /Users/rademack/MintSource/Mint/Mint/NamedParameter.h, line 8): cannot find include file "iostream"
	not in /usr/local/include/root/iostream
	not in /Users/rademack/MintSource/Mint/iostream
	not in /usr/include/iostream
makedepend: warning:  ../../Events/src/EventAccess.cpp (reading /Users/rademack/MintSource/Mint/Mint/NamedParameterStream.h, line 14): cannot find include file "string"
	not in /usr/local/include/root/string
	not in /Users/rademack/MintSource/Mint/string
	not in /usr/include/string
makedepend: warning:  ../../Events/src/EventAccess.cpp (reading /Users/rademack/MintSource/Mint/Mint/NamedParameterStream.h, line 15): cannot find include file "sstream"
	not in /usr/local/include/root/sstream
	not in /Users/rademack/MintSource/Mint/sstream
	not in /usr/include/sstream
makedepend: warning:  ../../Events/src/EventAccess.cpp (reading /Users/rademack/MintSource/Mint/Mint/FitParameter.h, line 13): cannot find include file "complex"
	not in /usr/local/include/root/complex
	not in /Users/rademack/MintSource/Mint/complex
	not in /usr/include/complex
makedepend: warning:  ../../Events/src/EventLoop.cpp (reading /Users/rademack/MintSource/Mint/Mint/EventLoop.h, line 6): cannot find include file "iostream"
	not in /usr/local/include/root/iostream
	not in /Users/rademack/MintSource/Mint/iostream
	not in /usr/include/iostream
makedepend: warning:  ../../FitParameter/src/FitComplex.cpp, line 3: cannot find include file "cmath"
	not in /usr/local/include/root/cmath
	not in /Users/rademack/MintSource/Mint/cmath
	not in /usr/include/cmath
makedepend: warning:  ../../FitParameter/src/FitComplex.cpp, line 4: cannot find include file "string"
	not in /usr/local/include/root/string
	not in /Users/rademack/MintSource/Mint/string
	not in /usr/include/string
makedepend: warning:  ../../FitParameter/src/FitComplex.cpp (reading /Users/rademack/MintSource/Mint/Mint/FitComplex.h, line 6): cannot find include file "string"
	not in /usr/local/include/root/string
	not in /Users/rademack/MintSource/Mint/string
	not in /usr/include/string
makedepend: warning:  ../../FitParameter/src/FitComplex.cpp (reading /Users/rademack/MintSource/Mint/Mint/FitComplex.h, line 7): cannot find include file "iostream"
	not in /usr/local/include/root/iostream
	not in /Users/rademack/MintSource/Mint/iostream
	not in /usr/include/iostream
makedepend: warning:  ../../FitParameter/src/FitComplex.cpp (reading /Users/rademack/MintSource/Mint/Mint/FitComplex.h, line 8): cannot find include file "complex"
	not in /usr/local/include/root/complex
	not in /Users/rademack/MintSource/Mint/complex
	not in /usr/include/complex
makedepend: warning:  ../../FitParameter/src/FitComplex.cpp (reading /Users/rademack/MintSource/Mint/Mint/FitComplex.h, line 9): cannot find include file "string"
	not in /usr/local/include/root/string
	not in /Users/rademack/MintSource/Mint/string
	not in /usr/include/string
makedepend: warning:  ../../FitParameter/src/FitComplex.cpp (reading /Users/rademack/MintSource/Mint/Mint/IReturnComplex.h, line 6): cannot find include file "complex"
	not in /usr/local/include/root/complex
	not in /Users/rademack/MintSource/Mint/complex
	not in /usr/include/complex
makedepend: warning:  ../../FitParameter/src/FitComplex.cpp (reading /Users/rademack/MintSource/Mint/Mint/Phase.h, line 6): cannot find include file "iostream"
	not in /usr/local/include/root/iostream
	not in /Users/rademack/MintSource/Mint/iostream
	not in /usr/include/iostream
makedepend: warning:  ../../FitParameter/src/FitComplex.cpp (reading /Users/rademack/MintSource/Mint/Mint/FitComplexPolar.h, line 6): cannot find include file "string"
	not in /usr/local/include/root/string
	not in /Users/rademack/MintSource/Mint/string
	not in /usr/include/string
makedepend: warning:  ../../FitParameter/src/FitComplex.cpp (reading /Users/rademack/MintSource/Mint/Mint/FitComplexPolar.h, line 7): cannot find include file "iostream"
	not in /usr/local/include/root/iostream
	not in /Users/rademack/MintSource/Mint/iostream
	not in /usr/include/iostream
makedepend: warning:  ../../FitParameter/src/FitComplex.cpp (reading /Users/rademack/MintSource/Mint/Mint/FitComplexPolar.h, line 8): cannot find include file "complex"
	not in /usr/local/include/root/complex
	not in /Users/rademack/MintSource/Mint/complex
	not in /usr/include/complex
makedepend: warning:  ../../FitParameter/src/FitComplex.cpp (reading /Users/rademack/MintSource/Mint/Mint/FitComplexPolar.h, line 9): cannot find include file "string"
	not in /usr/local/include/root/string
	not in /Users/rademack/MintSource/Mint/string
	not in /usr/include/string
makedepend: warning:  ../../FitParameter/src/FitComplex.cpp (reading /Users/rademack/MintSource/Mint/Mint/FitComplexCart.h, line 6): cannot find include file "string"
	not in /usr/local/include/root/string
	not in /Users/rademack/MintSource/Mint/string
	not in /usr/include/string
makedepend: warning:  ../../FitParameter/src/FitComplex.cpp (reading /Users/rademack/MintSource/Mint/Mint/FitComplexCart.h, line 7): cannot find include file "iostream"
	not in /usr/local/include/root/iostream
	not in /Users/rademack/MintSource/Mint/iostream
	not in /usr/include/iostream
makedepend: warning:  ../../FitParameter/src/FitComplex.cpp (reading /Users/rademack/MintSource/Mint/Mint/FitComplexCart.h, line 8): cannot find include file "complex"
	not in /usr/local/include/root/complex
	not in /Users/rademack/MintSource/Mint/complex
	not in /usr/include/complex
makedepend: warning:  ../../FitParameter/src/FitComplex.cpp (reading /Users/rademack/MintSource/Mint/Mint/FitComplexCart.h, line 9): cannot find include file "string"
	not in /usr/local/include/root/string
	not in /Users/rademack/MintSource/Mint/string
	not in /usr/include/string
makedepend: warning:  ../../FitParameter/src/FitComplexCart.cpp, line 3: cannot find include file "cmath"
	not in /usr/local/include/root/cmath
	not in /Users/rademack/MintSource/Mint/cmath
	not in /usr/include/cmath
makedepend: warning:  ../../FitParameter/src/FitComplexCart.cpp, line 4: cannot find include file "string"
	not in /usr/local/include/root/string
	not in /Users/rademack/MintSource/Mint/string
	not in /usr/include/string
makedepend: warning:  ../../FitParameter/src/FitComplexPolar.cpp, line 3: cannot find include file "cmath"
	not in /usr/local/include/root/cmath
	not in /Users/rademack/MintSource/Mint/cmath
	not in /usr/include/cmath
makedepend: warning:  ../../FitParameter/src/FitComplexPolar.cpp, line 4: cannot find include file "string"
	not in /usr/local/include/root/string
	not in /Users/rademack/MintSource/Mint/string
	not in /usr/include/string
makedepend: warning:  ../../FitParameter/src/FitParameter.cpp, line 6: cannot find include file "iostream"
	not in /usr/local/include/root/iostream
	not in /Users/rademack/MintSource/Mint/iostream
	not in /usr/include/iostream
makedepend: warning:  ../../IReturnIntefaces/src/BasicComplex.cpp (reading /Users/rademack/MintSource/Mint/Mint/BasicComplex.h, line 6): cannot find include file "complex"
	not in /usr/local/include/root/complex
	not in /Users/rademack/MintSource/Mint/complex
	not in /usr/include/complex
makedepend: warning:  ../../IReturnIntefaces/src/ComplexProduct.cpp (reading /Users/rademack/MintSource/Mint/Mint/ComplexProduct.h, line 8): cannot find include file "vector"
	not in /usr/local/include/root/vector
	not in /Users/rademack/MintSource/Mint/vector
	not in /usr/include/vector
makedepend: warning:  ../../IReturnIntefaces/src/ComplexProduct.cpp (reading /Users/rademack/MintSource/Mint/Mint/ComplexProduct.h, line 9): cannot find include file "complex"
	not in /usr/local/include/root/complex
	not in /Users/rademack/MintSource/Mint/complex
	not in /usr/include/complex
makedepend: warning:  ../../IReturnIntefaces/src/ComplexProduct.cpp, line 4: cannot find include file "iostream"
	not in /usr/local/include/root/iostream
	not in /Users/rademack/MintSource/Mint/iostream
	not in /usr/include/iostream
makedepend: warning:  ../../Minimiser/src/Minimiser.cpp (reading /Users/rademack/MintSource/Mint/Mint/Minimiser.h, line 11): cannot find include file "iostream"
	not in /usr/local/include/root/iostream
	not in /Users/rademack/MintSource/Mint/iostream
	not in /usr/include/iostream
makedepend: warning:  ../../Minimiser/src/Minimiser.cpp (reading /usr/local/include/root/TList.h, line 32): cannot find include file "iterator"
	not in /usr/local/include/root/iterator
	not in /Users/rademack/MintSource/Mint/iterator
	not in /usr/include/iterator
makedepend: warning:  ../../Minimiser/src/Minimiser.cpp (reading /usr/local/include/root/TMap.h, line 35): cannot find include file "iterator"
	not in /usr/local/include/root/iterator
	not in /Users/rademack/MintSource/Mint/iterator
	not in /usr/include/iterator
makedepend: warning:  ../../Minimiser/src/Minimiser.cpp, line 9: cannot find include file "iostream"
	not in /usr/local/include/root/iostream
	not in /Users/rademack/MintSource/Mint/iostream
	not in /usr/include/iostream
makedepend: warning:  ../../Minimiser/src/MinuitParameterSet.cpp (reading /usr/local/include/root/TObjArray.h, line 29): cannot find include file "iterator"
	not in /usr/local/include/root/iterator
	not in /Users/rademack/MintSource/Mint/iterator
	not in /usr/include/iterator
makedepend: warning:  ../../Minimiser/src/MinuitParameterSet.cpp (reading /usr/local/include/root/TClass.h, line 36): cannot find include file "map"
	not in /usr/local/include/root/map
	not in /Users/rademack/MintSource/Mint/map
	not in /usr/include/map
makedepend: warning:  ../../Minimiser/src/MinuitParameterSet.cpp (reading /usr/local/include/root/TClass.h, line 37): cannot find include file "string"
	not in /usr/local/include/root/string
	not in /Users/rademack/MintSource/Mint/string
	not in /usr/include/string
makedepend: warning:  ../../Minimiser/src/MinuitParameterSet.cpp, line 9: cannot find include file "algorithm"
	not in /usr/local/include/root/algorithm
	not in /Users/rademack/MintSource/Mint/algorithm
	not in /usr/include/algorithm
makedepend: warning:  ../../Minimiser/src/MinuitParameterSet.cpp, line 10: cannot find include file "iostream"
	not in /usr/local/include/root/iostream
	not in /Users/rademack/MintSource/Mint/iostream
	not in /usr/include/iostream
makedepend: warning:  ../../NamedParameter/src/NamedParameterBase.cpp (reading /Users/rademack/MintSource/Mint/Mint/ParsedParameterFileList.h, line 6): cannot find include file "map"
	not in /usr/local/include/root/map
	not in /Users/rademack/MintSource/Mint/map
	not in /usr/include/map
makedepend: warning:  ../../NamedParameter/src/NamedParameterBase.cpp (reading /Users/rademack/MintSource/Mint/Mint/ParsedParameterFileList.h, line 7): cannot find include file "string"
	not in /usr/local/include/root/string
	not in /Users/rademack/MintSource/Mint/string
	not in /usr/include/string
makedepend: warning:  ../../NamedParameter/src/NamedParameterBase.cpp (reading /Users/rademack/MintSource/Mint/Mint/ParsedParameterFileList.h, line 8): cannot find include file "iostream"
	not in /usr/local/include/root/iostream
	not in /Users/rademack/MintSource/Mint/iostream
	not in /usr/include/iostream
makedepend: warning:  ../../NamedParameter/src/NamedParameterBase.cpp (reading /Users/rademack/MintSource/Mint/Mint/ParsedParameterFile.h, line 6): cannot find include file "map"
	not in /usr/local/include/root/map
	not in /Users/rademack/MintSource/Mint/map
	not in /usr/include/map
makedepend: warning:  ../../NamedParameter/src/NamedParameterBase.cpp (reading /Users/rademack/MintSource/Mint/Mint/ParsedParameterFile.h, line 7): cannot find include file "string"
	not in /usr/local/include/root/string
	not in /Users/rademack/MintSource/Mint/string
	not in /usr/include/string
makedepend: warning:  ../../NamedParameter/src/NamedParameterBase.cpp (reading /Users/rademack/MintSource/Mint/Mint/ParsedParameterFile.h, line 8): cannot find include file "istream"
	not in /usr/local/include/root/istream
	not in /Users/rademack/MintSource/Mint/istream
	not in /usr/include/istream
makedepend: warning:  ../../NamedParameter/src/NamedParameterBase.cpp (reading /Users/rademack/MintSource/Mint/Mint/ParsedParameterFile.h, line 9): cannot find include file "iostream"
	not in /usr/local/include/root/iostream
	not in /Users/rademack/MintSource/Mint/iostream
	not in /usr/include/iostream
makedepend: warning:  ../../NamedParameter/src/NamedParameterStream.cpp, line 5: cannot find include file "string"
	not in /usr/local/include/root/string
	not in /Users/rademack/MintSource/Mint/string
	not in /usr/include/string
makedepend: warning:  ../../NamedParameter/src/ParsedParameterFile.cpp, line 5: cannot find include file "fstream"
	not in /usr/local/include/root/fstream
	not in /Users/rademack/MintSource/Mint/fstream
	not in /usr/include/fstream
makedepend: warning:  ../../NamedParameter/src/ParsedParameterFile.cpp, line 6: cannot find include file "iostream"
	not in /usr/local/include/root/iostream
	not in /Users/rademack/MintSource/Mint/iostream
	not in /usr/include/iostream
makedepend: warning:  ../../NamedParameter/src/ParsedParameterFileList.cpp, line 6: cannot find include file "string"
	not in /usr/local/include/root/string
	not in /Users/rademack/MintSource/Mint/string
	not in /usr/include/string
makedepend: warning:  ../../NamedParameter/src/ParsedParameterFileList.cpp, line 7: cannot find include file "cassert"
	not in /usr/local/include/root/cassert
	not in /Users/rademack/MintSource/Mint/cassert
	not in /usr/include/cassert
makedepend: warning:  ../../NamedParameter/src/ParsedParameterLine.cpp, line 4: cannot find include file "cctype"
	not in /usr/local/include/root/cctype
	not in /Users/rademack/MintSource/Mint/cctype
	not in /usr/include/cctype
makedepend: warning:  ../../NamedParameter/src/ParsedParameterLine.cpp, line 5: cannot find include file "iostream"
	not in /usr/local/include/root/iostream
	not in /Users/rademack/MintSource/Mint/iostream
	not in /usr/include/iostream
makedepend: warning:  ../../NamedParameter/src/ParsedParameterLine.cpp, line 7: cannot find include file "algorithm"
	not in /usr/local/include/root/algorithm
	not in /Users/rademack/MintSource/Mint/algorithm
	not in /usr/include/algorithm
makedepend: warning:  ../../Pareto/src/GeneralisedPareto.cpp, line 6: cannot find include file "cmath"
	not in /usr/local/include/root/cmath
	not in /Users/rademack/MintSource/Mint/cmath
	not in /usr/include/cmath
makedepend: warning:  ../../Pareto/src/GeneralisedPareto.cpp, line 7: cannot find include file "algorithm"
	not in /usr/local/include/root/algorithm
	not in /Users/rademack/MintSource/Mint/algorithm
	not in /usr/include/algorithm
makedepend: warning:  ../../Pareto/src/GeneralisedPareto.cpp, line 8: cannot find include file "iostream"
	not in /usr/local/include/root/iostream
	not in /Users/rademack/MintSource/Mint/iostream
	not in /usr/include/iostream
makedepend: warning:  ../../PdfAndLogL/src/Neg2LL.cpp (reading /Users/rademack/MintSource/Mint/Mint/Neg2LL.h, line 10): cannot find include file "iostream"
	not in /usr/local/include/root/iostream
	not in /Users/rademack/MintSource/Mint/iostream
	not in /usr/include/iostream
makedepend: warning:  ../../PdfAndLogL/src/Neg2LLSum.cpp (reading /Users/rademack/MintSource/Mint/Mint/Neg2LLSum.h, line 8): cannot find include file "vector"
	not in /usr/local/include/root/vector
	not in /Users/rademack/MintSource/Mint/vector
	not in /usr/include/vector
makedepend: warning:  ../../PdfAndLogL/src/SumPdf.cpp (reading /Users/rademack/MintSource/Mint/Mint/SumPdf.h, line 10): cannot find include file "iostream"
	not in /usr/local/include/root/iostream
	not in /Users/rademack/MintSource/Mint/iostream
	not in /usr/include/iostream
makedepend: warning:  ../../Utils/src/GaussFct.cpp, line 6: cannot find include file "cmath"
	not in /usr/local/include/root/cmath
	not in /Users/rademack/MintSource/Mint/cmath
	not in /usr/include/cmath
makedepend: warning:  ../../Utils/src/Phase.cpp, line 4: cannot find include file "cmath"
	not in /usr/local/include/root/cmath
	not in /Users/rademack/MintSource/Mint/cmath
	not in /usr/include/cmath
makedepend: warning:  pgStats.cpp, line 8: cannot find include file "iostream"
	not in /usr/local/include/root/iostream
	not in /Users/rademack/MintSource/Mint/iostream
	not in /usr/include/iostream
makedepend: warning:  pgStats.cpp, line 9: cannot find include file "fstream"
	not in /usr/local/include/root/fstream
	not in /Users/rademack/MintSource/Mint/fstream
	not in /usr/include/fstream
