#===============================================================================
# Building package Phys/BplusToPhiMuNu [2/3]
#===============================================================================
Wed Feb 24 12:24:48 CET 2016
v1r0 Phys/BplusToPhiMuNu
# Building group all
#CMT---> Info: Execute action make => gmake bin=../x86_64-slc6-gcc48-opt/ all
gmake[1]: Entering directory `/afs/cern.ch/user/i/ismith/cmtuser/DaVinci_v38r1p1/Phys/BplusToPhiMuNu/cmt'
#CMT---> (Makefile.header) Rebuilding ../x86_64-slc6-gcc48-opt/x86_64-slc6-gcc48-opt.make
#CMT---> (Makefile.header) Rebuilding ../x86_64-slc6-gcc48-opt/setup.make
#CMT---> (Makefile.header) Rebuilding ../x86_64-slc6-gcc48-opt/constituents.make
#CMT---> (constituents.make) Rebuilding library links
#CMT---> (constituents.make) all done
#CMT---> (constituents.make) Building BplusToPhiMuNu.make
#CMT---> Info: Library BplusToPhiMuNu
#CMT---> (constituents.make) Starting BplusToPhiMuNu
#CMT---> BplusToPhiMuNu : library ok
#CMT---> BplusToPhiMuNu ok
#CMT---> installation done
#CMT---> (constituents.make) BplusToPhiMuNu done
#CMT---> (constituents.make) Building BplusToPhiMuNuComponentsList.make
#CMT---> Info: Document BplusToPhiMuNuComponentsList
#CMT---> (constituents.make) Creating BplusToPhiMuNuComponentsList.lock and Starting BplusToPhiMuNuComponentsList
#CMT---> (constituents.make) BplusToPhiMuNuComponentsList done
#CMT---> (constituents.make) Building BplusToPhiMuNuMergeComponentsList.make
#CMT---> Info: Document BplusToPhiMuNuMergeComponentsList
#CMT---> (constituents.make) Creating BplusToPhiMuNuMergeComponentsList.lock and Starting BplusToPhiMuNuMergeComponentsList
#CMT---> (constituents.make) BplusToPhiMuNuMergeComponentsList done
#CMT---> (constituents.make) Building BplusToPhiMuNuConf.make
#CMT---> Info: Document BplusToPhiMuNuConf
#CMT---> (constituents.make) Creating BplusToPhiMuNuConf.lock and Starting BplusToPhiMuNuConf
genconf.exe   -o /afs/cern.ch/user/i/ismith/cmtuser/DaVinci_v38r1p1/Phys/BplusToPhiMuNu/x86_64-slc6-gcc48-opt/genConf/BplusToPhiMuNu -p BplusToPhiMuNu \
	  --configurable-module=GaudiKernel.Proxy \
	  --configurable-default-name=Configurable.DefaultName \
	  --configurable-algorithm=ConfigurableAlgorithm \
	  --configurable-algtool=ConfigurableAlgTool \
	  --configurable-auditor=ConfigurableAuditor \
          --configurable-service=ConfigurableService \
	  -i ../x86_64-slc6-gcc48-opt/libBplusToPhiMuNu.so
[info   ] :::::: libraries : [ BplusToPhiMuNu ] ::::::
[info   ] :::: processing library: BplusToPhiMuNu...
[info   ]  - component: TupleToolBu2phimunu (AlgTool)
[info   ]  - component: TupleToolBu2phimunu_2 (AlgTool)
[info   ]  - component: TupleToolSLTools (AlgTool)
[info   ] :::::: libraries : [ BplusToPhiMuNu ] :::::: [DONE]
Installing /afs/cern.ch/user/i/ismith/cmtuser/DaVinci_v38r1p1/Phys/BplusToPhiMuNu/x86_64-slc6-gcc48-opt/genConf/BplusToPhiMuNu in /afs/cern.ch/user/i/ismith/cmtuser/DaVinci_v38r1p1/InstallArea/x86_64-slc6-gcc48-opt/python
Copy '../../../../Phys/BplusToPhiMuNu/x86_64-slc6-gcc48-opt/genConf/BplusToPhiMuNu/BplusToPhiMuNuConf.py' -> '/afs/cern.ch/user/i/ismith/cmtuser/DaVinci_v38r1p1/InstallArea/x86_64-slc6-gcc48-opt/python/BplusToPhiMuNu/BplusToPhiMuNuConf.py'
#CMT---> (constituents.make) BplusToPhiMuNuConf done
#CMT---> (constituents.make) Building BplusToPhiMuNu_python_init.make
#CMT---> Info: Document BplusToPhiMuNu_python_init
#CMT---> (constituents.make) Creating BplusToPhiMuNu_python_init.lock and Starting BplusToPhiMuNu_python_init
#CMT---> (constituents.make) BplusToPhiMuNu_python_init done
#CMT---> (constituents.make) Building BplusToPhiMuNuConfDbMerge.make
#CMT---> Info: Document BplusToPhiMuNuConfDbMerge
#CMT---> (constituents.make) Creating BplusToPhiMuNuConfDbMerge.lock and Starting BplusToPhiMuNuConfDbMerge
Running merge_genconfDb  BplusToPhiMuNuConfDbMerge
python /afs/cern.ch/user/i/ismith/cmtuser/DaVinci_v38r1p1/GaudiPolicy/scripts/merge_files.py \
          --do-merge \
          --input-file /afs/cern.ch/user/i/ismith/cmtuser/DaVinci_v38r1p1/Phys/BplusToPhiMuNu/x86_64-slc6-gcc48-opt/genConf/BplusToPhiMuNu/BplusToPhiMuNu.confdb \
          --merged-file /afs/cern.ch/user/i/ismith/cmtuser/DaVinci_v38r1p1/InstallArea/x86_64-slc6-gcc48-opt/lib/DaVinci_v38r1p1.confdb
INFO:LockFile:2016-02-24_12:25:02 - Locking on /afs/cern.ch/user/i/ismith/cmtuser/DaVinci_v38r1p1/InstallArea/gaudi_build_lock
INFO:LockFile:2016-02-24_12:25:02 - Lock on /afs/cern.ch/user/i/ismith/cmtuser/DaVinci_v38r1p1/InstallArea/gaudi_build_lock released
#CMT---> (constituents.make) BplusToPhiMuNuConfDbMerge done
#CMT---> (constituents.make) Building zip_BplusToPhiMuNu_python_modules.make
#CMT---> Info: Document zip_BplusToPhiMuNu_python_modules
#CMT---> (constituents.make) Creating zip_BplusToPhiMuNu_python_modules.lock and Starting zip_BplusToPhiMuNu_python_modules
test -d /afs/cern.ch/user/i/ismith/cmtuser/DaVinci_v38r1p1/InstallArea/x86_64-slc6-gcc48-opt/python && python /afs/cern.ch/user/i/ismith/cmtuser/DaVinci_v38r1p1/GaudiPolicy/scripts/ZipPythonDir.py /afs/cern.ch/user/i/ismith/cmtuser/DaVinci_v38r1p1/InstallArea/x86_64-slc6-gcc48-opt/python || echo Nothing to zip.
INFO:LockFile:2016-02-24_12:25:04 - Locking on /afs/cern.ch/user/i/ismith/cmtuser/DaVinci_v38r1p1/InstallArea/gaudi_build_lock
INFO:zipdir:Zipping directory '/afs/cern.ch/user/i/ismith/cmtuser/DaVinci_v38r1p1/InstallArea/x86_64-slc6-gcc48-opt/python'
INFO:zipdir: M -> BplusToPhiMuNu/BplusToPhiMuNuConf.py
INFO:zipdir:File '/afs/cern.ch/user/i/ismith/cmtuser/DaVinci_v38r1p1/InstallArea/x86_64-slc6-gcc48-opt/python.zip' closed
INFO:LockFile:2016-02-24_12:25:04 - Lock on /afs/cern.ch/user/i/ismith/cmtuser/DaVinci_v38r1p1/InstallArea/gaudi_build_lock released
#CMT---> (constituents.make) zip_BplusToPhiMuNu_python_modules done
#CMT---> all ok.
gmake[1]: Leaving directory `/afs/cern.ch/user/i/ismith/cmtuser/DaVinci_v38r1p1/Phys/BplusToPhiMuNu/cmt'
Wed Feb 24 12:25:04 CET 2016
# Building group cmt_actions
#CMT---> Info: Execute action make => gmake bin=../x86_64-slc6-gcc48-opt/ cmt_actions
gmake[1]: Entering directory `/afs/cern.ch/user/i/ismith/cmtuser/DaVinci_v38r1p1/Phys/BplusToPhiMuNu/cmt'
#CMT---> (Makefile.header) Rebuilding ../x86_64-slc6-gcc48-opt/x86_64-slc6-gcc48-opt.make
#CMT---> (Makefile.header) Rebuilding ../x86_64-slc6-gcc48-opt/setup.make
#CMT---> (Makefile.header) Rebuilding ../x86_64-slc6-gcc48-opt/constituents.make
#CMT---> cmt_actions ok.
gmake[1]: Leaving directory `/afs/cern.ch/user/i/ismith/cmtuser/DaVinci_v38r1p1/Phys/BplusToPhiMuNu/cmt'
Wed Feb 24 12:25:10 CET 2016
