
       <<            hh                    tt  >> 
     <<              hh       ii           tt    >>
   <<                hh                  tttttt    >>
 <<        ppppp     hhhhhh   ii           tt        >>
   <<      pp  pp    hhh  hh  ii  -----    tt      >>
     <<    pp  pp    hh   hh  ii  -----    tt    >>
       <<  ppppp     hh   hh  ii           tt  >>
           pp          
           pp  //////////////////////////////
           pp  \\\\\\\\\\\\\\\   Phi-T(R) NeuroBayes(R) Teacher
      
  Algorithms by Michael Feindt 
  Implementation by Phi-T Project 2001-2003
  Copyright Phi-T GmbH 
  Version  20101206
  Library compiled with:
   NB_MAXPATTERN= 1500000
   NB_MAXNODE   = 100
  -----------------------------------
 found 254771 samples to learn from

 preprocessing flags/parameters:
 global preprocessing flag: 612
 individual preprocessing:
 variable # 2 : PreproFlag = 14
    parameter # 1 =  0.
    parameter # 2 =  0.
    parameter # 3 =  0.
    parameter # 4 =  0.
    parameter # 5 =  0.
    parameter # 6 =  0.
    parameter # 7 =  0.
    parameter # 8 =  0.
    parameter # 9 =  0.
    parameter # 10 =  0.
 variable # 3 : PreproFlag = 14
    parameter # 1 =  0.
    parameter # 2 =  0.
    parameter # 3 =  0.
    parameter # 4 =  0.
    parameter # 5 =  0.
    parameter # 6 =  0.
    parameter # 7 =  0.
    parameter # 8 =  0.
    parameter # 9 =  0.
    parameter # 10 =  0.
 variable # 4 : PreproFlag = 14
    parameter # 1 =  0.
    parameter # 2 =  0.
    parameter # 3 =  0.
    parameter # 4 =  0.
    parameter # 5 =  0.
    parameter # 6 =  0.
    parameter # 7 =  0.
    parameter # 8 =  0.
    parameter # 9 =  0.
    parameter # 10 =  0.
 variable # 5 : PreproFlag = 14
    parameter # 1 =  0.
    parameter # 2 =  0.
    parameter # 3 =  0.
    parameter # 4 =  0.
    parameter # 5 =  0.
    parameter # 6 =  0.
    parameter # 7 =  0.
    parameter # 8 =  0.
    parameter # 9 =  0.
    parameter # 10 =  0.
 variable # 6 : PreproFlag = 14
    parameter # 1 =  0.
    parameter # 2 =  0.
    parameter # 3 =  0.
    parameter # 4 =  0.
    parameter # 5 =  0.
    parameter # 6 =  0.
    parameter # 7 =  0.
    parameter # 8 =  0.
    parameter # 9 =  0.
    parameter # 10 =  0.
 variable # 7 : PreproFlag = 14
    parameter # 1 =  0.
    parameter # 2 =  0.
    parameter # 3 =  0.
    parameter # 4 =  0.
    parameter # 5 =  0.
    parameter # 6 =  0.
    parameter # 7 =  0.
    parameter # 8 =  0.
    parameter # 9 =  0.
    parameter # 10 =  0.
 variable # 8 : PreproFlag = 15
    parameter # 1 =  0.
    parameter # 2 =  0.
    parameter # 3 =  0.
    parameter # 4 =  0.
    parameter # 5 =  0.
    parameter # 6 =  0.
    parameter # 7 =  0.
    parameter # 8 =  0.
    parameter # 9 =  0.
    parameter # 10 =  0.
 variable # 9 : PreproFlag = 14
    parameter # 1 =  0.
    parameter # 2 =  0.
    parameter # 3 =  0.
    parameter # 4 =  0.
    parameter # 5 =  0.
    parameter # 6 =  0.
    parameter # 7 =  0.
    parameter # 8 =  0.
    parameter # 9 =  0.
    parameter # 10 =  0.
 variable # 10 : PreproFlag = 14
    parameter # 1 =  0.
    parameter # 2 =  0.
    parameter # 3 =  0.
    parameter # 4 =  0.
    parameter # 5 =  0.
    parameter # 6 =  0.
    parameter # 7 =  0.
    parameter # 8 =  0.
    parameter # 9 =  0.
    parameter # 10 =  0.
 variable # 11 : PreproFlag = 34
    parameter # 1 =  0.
    parameter # 2 =  0.
    parameter # 3 =  0.
    parameter # 4 =  0.
    parameter # 5 =  0.
    parameter # 6 =  0.
    parameter # 7 =  0.
    parameter # 8 =  0.
    parameter # 9 =  0.
    parameter # 10 =  0.
 variable # 12 : PreproFlag = 34
    parameter # 1 =  0.
    parameter # 2 =  0.
    parameter # 3 =  0.
    parameter # 4 =  0.
    parameter # 5 =  0.
    parameter # 6 =  0.
    parameter # 7 =  0.
    parameter # 8 =  0.
    parameter # 9 =  0.
    parameter # 10 =  0.
 variable # 13 : PreproFlag = 34
    parameter # 1 =  0.
    parameter # 2 =  0.
    parameter # 3 =  0.
    parameter # 4 =  0.
    parameter # 5 =  0.
    parameter # 6 =  0.
    parameter # 7 =  0.
    parameter # 8 =  0.
    parameter # 9 =  0.
    parameter # 10 =  0.
 variable # 14 : PreproFlag = 34
    parameter # 1 =  0.
    parameter # 2 =  0.
    parameter # 3 =  0.
    parameter # 4 =  0.
    parameter # 5 =  0.
    parameter # 6 =  0.
    parameter # 7 =  0.
    parameter # 8 =  0.
    parameter # 9 =  0.
    parameter # 10 =  0.
 variable # 15 : PreproFlag = 34
    parameter # 1 =  0.
    parameter # 2 =  0.
    parameter # 3 =  0.
    parameter # 4 =  0.
    parameter # 5 =  0.
    parameter # 6 =  0.
    parameter # 7 =  0.
    parameter # 8 =  0.
    parameter # 9 =  0.
    parameter # 10 =  0.
 variable # 16 : PreproFlag = 34
    parameter # 1 =  0.
    parameter # 2 =  0.
    parameter # 3 =  0.
    parameter # 4 =  0.
    parameter # 5 =  0.
    parameter # 6 =  0.
    parameter # 7 =  0.
    parameter # 8 =  0.
    parameter # 9 =  0.
    parameter # 10 =  0.
 variable # 17 : PreproFlag = 34
    parameter # 1 =  0.
    parameter # 2 =  0.
    parameter # 3 =  0.
    parameter # 4 =  0.
    parameter # 5 =  0.
    parameter # 6 =  0.
    parameter # 7 =  0.
    parameter # 8 =  0.
    parameter # 9 =  0.
    parameter # 10 =  0.
 variable # 18 : PreproFlag = 34
    parameter # 1 =  0.
    parameter # 2 =  0.
    parameter # 3 =  0.
    parameter # 4 =  0.
    parameter # 5 =  0.
    parameter # 6 =  0.
    parameter # 7 =  0.
    parameter # 8 =  0.
    parameter # 9 =  0.
    parameter # 10 =  0.
 variable # 19 : PreproFlag = 34
    parameter # 1 =  0.
    parameter # 2 =  0.
    parameter # 3 =  0.
    parameter # 4 =  0.
    parameter # 5 =  0.
    parameter # 6 =  0.
    parameter # 7 =  0.
    parameter # 8 =  0.
    parameter # 9 =  0.
    parameter # 10 =  0.
 variable # 20 : PreproFlag = 34
    parameter # 1 =  0.
    parameter # 2 =  0.
    parameter # 3 =  0.
    parameter # 4 =  0.
    parameter # 5 =  0.
    parameter # 6 =  0.
    parameter # 7 =  0.
    parameter # 8 =  0.
    parameter # 9 =  0.
    parameter # 10 =  0.

 Using weight factor:  1.
 now perform preprocessing
 ***  called with option   12
 ***  This will do for you:
 ***    input variable equalisation 
 ***    to Gaussian distribution with mean=0 and sigma=1
 ***    Then variables are decorrelated 
 ************************************
 The SPLOT flag is set to 1
 Signal fraction:  16.6683254 %
 ------------------------------
 Transdef: Tab for variable  1   -0.219721004 -0.219721004 -0.219721004
 -0.219721004 -0.219721004 -0.219721004 -0.219721004 -0.219721004 -0.219721004
 -0.219721004 -0.219721004 -0.219721004 -0.219721004 -0.219721004 -0.219721004
 -0.219721004 -0.219721004 -0.219721004 -0.219721004 -0.219721004 -0.219721004
 -0.219721004 -0.219721004 -0.219721004 -0.219721004 -0.219721004 -0.219721004
 -0.219721004 -0.219721004 -0.219721004 -0.219721004 -0.219721004 -0.219721004
 -0.219721004 -0.219721004 -0.219721004 -0.219721004 -0.219721004 -0.219721004
 -0.219721004 -0.219721004 -0.219721004 -0.219721004 -0.219721004 -0.219721004
 -0.219721004 -0.219721004 -0.219721004 -0.219721004 -0.219721004 -0.219721004
 -0.219721004 -0.219721004 -0.219721004 -0.219721004 -0.219721004 -0.219721004
 -0.219721004 -0.219721004 -0.219721004 -0.219721004 -0.219721004 -0.219721004
 -0.219721004 -0.219721004 -0.219721004 -0.219721004 -0.219721004 -0.219721004
  1.00476003  1.00476003  1.00476003  1.00476003  1.00476003  1.00476003
  1.00476003  1.00476003  1.00476003  1.00476003  1.00476003  1.00476003
  1.00476003  1.00476003  1.00476003  1.00476003  1.00476003  1.00476003
  1.00476003  1.00476003  1.00476003  1.00476003  1.00476003  1.00476003
  1.00476003  1.00476003  1.00476003  1.00476003  1.00476003  1.00476003
  1.00476003  1.00476003
 ------------------------------
 Transdef: Tab for variable  2    1.00004482  1.06600547  1.13152969  1.1987282
  1.26777983  1.33707666  1.4077301  1.47831559  1.54927301  1.61922407
  1.68872833  1.75459421  1.81894827  1.88084042  1.94233882  1.9989264
  2.05654454  2.11211896  2.16809464  2.22365236  2.27626085  2.33151221
  2.38690567  2.44065499  2.49551463  2.54963923  2.60390329  2.65655136
  2.70889783  2.76164818  2.81350994  2.86642456  2.91751099  2.97064352
  3.02266932  3.07287741  3.12560892  3.17756796  3.22851825  3.279387
  3.3310461  3.38273811  3.43502045  3.48697615  3.53917837  3.59179783
  3.64326477  3.69550109  3.74831676  3.80218124  3.85630512  3.91197228
  3.9673214  4.02162838  4.07901859  4.13566971  4.19489765  4.25327969
  4.31102371  4.37018108  4.43219185  4.49462986  4.55794525  4.62575817
  4.69206524  4.75964975  4.82902622  4.90184402  4.97641182  5.05007696
  5.12735844  5.20651674  5.2886219  5.37069798  5.45875168  5.55167055
  5.6483407  5.75027943  5.85449028  5.96683025  6.08246231  6.20737362
  6.33808517  6.47818804  6.63238525  6.79677296  6.9771862  7.16978455
  7.38722992  7.61417818  7.87972498  8.17168713  8.51605606  8.90381622
  9.3648901  9.96400833  10.6904755  11.678545  13.1610451  15.8272038
  1930.52856
 do regularised spline fit for input variable # 2
 ------------------------------
 Transdef: Tab for variable  3    1.00000155  1.05783975  1.11438298
  1.17450738  1.23669732  1.3005271  1.36161709  1.42629123  1.48807859
  1.55231214  1.6164602  1.68110347  1.74547136  1.80859041  1.86532712
  1.92131877  1.97649264  2.03094864  2.08547115  2.14012766  2.19643569
  2.24898291  2.3043294  2.35954475  2.41370106  2.46825528  2.52281046
  2.57637358  2.6289072  2.68139672  2.7345202  2.784091  2.83350921
  2.88696527  2.93909073  2.99088669  3.04194307  3.0929811  3.14268541
  3.19499922  3.24780917  3.30087233  3.35125828  3.40143776  3.45344472
  3.50490832  3.55559778  3.60730219  3.65874052  3.71201301  3.76450396
  3.82059097  3.87505913  3.93162727  3.98556304  4.04233313  4.09965181
  4.15804577  4.21610975  4.27481556  4.33572102  4.39822483  4.46058559
  4.52679729  4.59431553  4.66105795  4.72951555  4.80123138  4.87375641
  4.95088863  5.02965593  5.10624027  5.1868329  5.26868057  5.35638809
  5.44536686  5.54160404  5.63892746  5.73729324  5.84837246  5.96663284
  6.08837843  6.21550465  6.34913826  6.49258995  6.65078068  6.81959534
  7.007164  7.21103477  7.44089413  7.70398903  7.99508667  8.32128525
  8.69883347  9.1536684  9.72812462  10.4374266  11.3571587  12.8302832
  15.4647865  748.502441
 do regularised spline fit for input variable # 3
 ------------------------------
 Transdef: Tab for variable  4   -0.999598444 -0.980236709 -0.973259687
 -0.965830386 -0.957877755 -0.949864864 -0.941458464 -0.933060288 -0.924417853
 -0.915687203 -0.90682447 -0.897734761 -0.888597608 -0.879065633 -0.869309425
 -0.859230042 -0.849122107 -0.839084029 -0.828390181 -0.817235231 -0.805160642
 -0.793097496 -0.780402839 -0.767768621 -0.754069448 -0.739191175 -0.723789573
 -0.707874894 -0.690585256 -0.673030317 -0.654308319 -0.634265423 -0.614442945
 -0.592398286 -0.570402622 -0.546764791 -0.522615016 -0.497781754 -0.472116679
 -0.444297731 -0.415801287 -0.384197146 -0.351527184 -0.318428814 -0.282901913
 -0.246463537 -0.204415292 -0.161625832 -0.117558032 -0.0716923475
 -0.0236057937  0.02429685  0.0723676682  0.117955297  0.160656869  0.203348994
  0.243842244  0.281805396  0.316591501  0.351441473  0.384380996  0.414559484
  0.443583518  0.471594602  0.498155147  0.52385056  0.548107445  0.571453214
  0.593230247  0.614025712  0.634181857  0.653367043  0.672118068  0.689784348
  0.706348181  0.722946763  0.738352597  0.752674699  0.766541481  0.779837787
  0.792558849  0.804733992  0.816453099  0.828289509  0.83916688  0.849666297
  0.860039353  0.870021939  0.879800916  0.889843524  0.899113178  0.908304334
  0.917411089  0.926489711  0.93519938  0.943698168  0.952598214  0.961789727
  0.97054714  0.978979945  0.999517322
 do regularised spline fit for input variable # 4
 ------------------------------
 Transdef: Tab for variable  5    0.000746395555  0.0588741228  0.0708126724
  0.0795284808  0.0873869359  0.0945318788  0.101026386  0.107173502
  0.11282745  0.118346252  0.123516753  0.128621578  0.13307929  0.137586594
  0.141746968  0.145933717  0.149917662  0.153725728  0.157428503  0.16109097
  0.164514333  0.167905316  0.17127201  0.174509719  0.177475274  0.180572361
  0.183491409  0.186322272  0.18918854  0.191931665  0.194703281  0.197363302
  0.200079918  0.202717513  0.205235362  0.207744956  0.210275143  0.212707818
  0.215174168  0.217576444  0.219942123  0.222237527  0.224533215  0.226873249
  0.22912547  0.231404632  0.233697861  0.235967338  0.238133073  0.240377635
  0.242537588  0.244695485  0.246865332  0.249103948  0.251266301  0.253482044
  0.255627275  0.257863462  0.260042161  0.262317777  0.264584839  0.266852289
  0.269039869  0.271356225  0.273742318  0.276109278  0.278485715  0.281099021
  0.283725023  0.286315352  0.288951159  0.291672081  0.294407368  0.29733783
  0.300290525  0.303350985  0.306527257  0.309809178  0.313106418  0.316691995
  0.32031545  0.324063718  0.327917874  0.33194834  0.336298704  0.340725064
  0.34562391  0.350860357  0.35632965  0.362165153  0.36849016  0.375519753
  0.383382857  0.392153978  0.402084351  0.413638622  0.427967787  0.446229607
  0.471054286  0.509636402  0.725515306
 do regularised spline fit for input variable # 5
 ------------------------------
 Transdef: Tab for variable  6   -12.4943638 -6.12571096 -4.41190386
 -3.43418884 -2.70157981 -2.06636524 -1.47576189 -0.942753613 -0.443416268
 -0.0193927735  0.338299751  0.679957151  0.973971486  1.23044777  1.44773746
  1.63877726  1.80906963  1.96582127  2.10470009  2.24028301  2.37201929
  2.49673057  2.61892557  2.73569822  2.84874797  2.96890545  3.08426332
  3.19881773  3.31059456  3.42120838  3.52720928  3.6260705  3.719203
  3.80519247  3.89194679  3.96884394  4.03142452  4.08250904  4.12441015
  4.15971994  4.18994045  4.2162981  4.24365997  4.29798746  4.38044024
  4.47851992  4.5816288  4.67972136  4.77472878  4.8708744  4.96801376
  5.06375217  5.16007471  5.25201321  5.3401413  5.41674614  5.48382854
  5.55460739  5.63902378  5.72867107  5.81873941  5.90831757  5.99670601
  6.07957268  6.16398144  6.24823999  6.32891417  6.41063166  6.49269676
  6.56766891  6.64292145  6.71619081  6.78715038  6.86048508  6.93537426
  7.00614214  7.07940102  7.15172958  7.22646189  7.30124283  7.3702426
  7.43910789  7.50818014  7.58121538  7.65372229  7.7291379  7.80904198
  7.89304447  7.97633076  8.06550789  8.16471386  8.27256775  8.39006042
  8.52552223  8.69811821  8.93068504  9.23278236  9.65333557  10.2772522
  11.1747036  14.3414612
 do regularised spline fit for input variable # 6
 ------------------------------
 Transdef: Tab for variable  7   -12.5396748 -6.58864689 -4.72188282
 -3.64471483 -2.85134363 -2.16853094 -1.53380847 -0.985170364 -0.494680256
 -0.073625885  0.315492392  0.668903232  0.984849393  1.24690843  1.4700737
  1.66499305  1.83221853  1.98555589  2.12441111  2.25992727  2.39079213
  2.51730466  2.63818145  2.75904274  2.88321042  3.0026989  3.12154055
  3.23679733  3.34891868  3.45966506  3.55865884  3.65445185  3.74837685
  3.83930779  3.92190695  3.99375248  4.05333614  4.09978247  4.13809776
  4.17208099  4.20145988  4.22783995  4.26300001  4.33275604  4.42992878
  4.53180361  4.63511324  4.7325449  4.83090734  4.92540741  5.02208138
  5.11666632  5.20664787  5.29692698  5.38196468  5.45411682  5.52085781
  5.60237503  5.6912756  5.77672386  5.86326981  5.9503994  6.03372717
  6.1154294  6.19894123  6.28267527  6.36650562  6.44602013  6.52711344
  6.60503054  6.67891407  6.75336885  6.82640791  6.89951229  6.97250938
  7.04012299  7.11193466  7.18140125  7.25486088  7.32567596  7.39673805
  7.46500826  7.53843212  7.60836411  7.6831274  7.75999069  7.8383522
  7.9224205  8.01247978  8.10431099  8.20435143  8.3136425  8.44048691
  8.58053493  8.76616764  8.99907875  9.32248974  9.7634697  10.3882132
  11.2717457  14.7372913
 do regularised spline fit for input variable # 7
 ------------------------------
 Transdef: Tab for variable  8    1.42501372E-10  0.000439110736  0.00175865483
  0.00387491286  0.00700196903  0.0108830072  0.0156275742  0.0214428529
  0.0280134454  0.0354557149  0.0438656509  0.0534356609  0.0636287332
  0.0745984763  0.0872720778  0.100539148  0.114565358  0.129119724
  0.145217031  0.162236765  0.180063188  0.19909893  0.219039515  0.23962298
  0.262324512  0.28487426  0.309317827  0.335308135  0.36237812  0.391443878
  0.421872437  0.452469587  0.484899342  0.518596411  0.552790523  0.588665009
  0.626074314  0.664364457  0.70669198  0.751276314  0.795019269  0.841381967
  0.889566422  0.937939525  0.991071343  1.0440495  1.10095692  1.16009784
  1.22187829  1.28674352  1.3519038  1.41914034  1.49037826  1.56436217
  1.64048719  1.72539568  1.81102014  1.89942622  1.99073625  2.08527517
  2.18826866  2.29585075  2.4046123  2.51735878  2.64124179  2.76797295
  2.90119147  3.04141998  3.18467712  3.33560777  3.49694443  3.66412115
  3.84034681  4.03104687  4.23308611  4.45022869  4.67797232  4.92124176
  5.1833148  5.44998503  5.74212313  6.05722618  6.39475441  6.76473999
  7.14606667  7.554636  7.99755383  8.48092079  9.00196552  9.57654381
  10.1989784  10.866869  11.5896549  12.3749943  13.224987  14.1286526
  15.1253424  16.210865  17.3820877  18.6323929  19.9993744
 do monotonous regularised spline fit for input var # 8
 ------------------------------
 Transdef: Tab for variable  9    0.0173270814  0.0214595236  0.0220778696
  0.0224985629  0.0228361879  0.0231153332  0.0233658161  0.0235910285
  0.0238019004  0.0239933133  0.0241721869  0.0243489146  0.024519287
  0.0246840511  0.0248424411  0.0249922872  0.025134299  0.0252792798
  0.0254126806  0.0255489796  0.0256836452  0.0258197524  0.0259509776
  0.026078064  0.0262083318  0.0263369866  0.0264655761  0.0265958291
  0.026722759  0.0268458743  0.0269741714  0.0271062665  0.027235074
  0.0273691621  0.0275019445  0.0276329629  0.0277668312  0.0279028043
  0.0280341059  0.0281755254  0.0283168703  0.0284599718  0.0285983197
  0.028743403  0.0288851075  0.0290299095  0.0291850939  0.0293366984
  0.0294921603  0.029651165  0.0298148375  0.0299769584  0.0301466398
  0.0303173419  0.0304956287  0.0306726545  0.0308541618  0.0310440622
  0.0312396772  0.0314413831  0.0316512287  0.0318644159  0.0320793167
  0.0323094651  0.0325445384  0.0327805206  0.0330348238  0.0332932696
  0.0335665382  0.0338397212  0.0341344997  0.0344315842  0.0347564854
  0.0351062268  0.0354588032  0.0358324349  0.0362374298  0.0366641507
  0.0370971709  0.0375729874  0.038083896  0.0386112928  0.0391913354
  0.0398059934  0.040466249  0.0412094332  0.0419784188  0.0428429022
  0.0437535718  0.0448023342  0.0459362641  0.0471536517  0.0485274978
  0.0501466468  0.0520514771  0.0542224646  0.056732282  0.0597819053
  0.0643410385  0.0762805864  7773.79736
 do regularised spline fit for input variable # 9
 ------------------------------
 Transdef: Tab for variable  10    2.89454746  37.9108047  41.6043701
  44.2926865  46.6080322  48.5444756  50.3550072  52.0002213  53.5580177
  55.1208191  56.6371841  58.1310158  59.4925766  60.8130035  62.0919571
  63.4169655  64.7141266  65.9710388  67.1926422  68.4546967  69.6600647
  70.8464203  72.0456696  73.2274475  74.3713684  75.5515747  76.7349701
  77.9188385  79.1069489  80.3387756  81.4985352  82.7133026  83.8971634
  85.0802765  86.3143005  87.5185547  88.7216873  89.9243011  91.1961975
  92.4096375  93.647438  94.8641281  96.1157913  97.3897552  98.673027
  99.9886627  101.287582  102.666588  104.055946  105.457405  106.900276
  108.395241  109.898682  111.427567  112.944687  114.518082  116.159836
  117.837616  119.504959  121.280045  122.99942  124.819626  126.610672
  128.577667  130.545212  132.552338  134.707062  136.918015  139.200287
  141.471954  143.863159  146.400696  149.040314  151.83725  154.719635
  157.721649  160.879578  164.194672  167.583344  171.190765  174.945587
  178.882416  183.094635  187.482697  192.152344  197.196793  202.888306
  208.716263  215.15332  222.207123  229.877197  238.247131  247.846893
  259.028625  271.588623  286.833344  305.08432  329.860901  365.396118
  427.891113  18673.6309
 do regularised spline fit for input variable # 10
 ------------------------------
 Transdef: Tab for variable  11    0.00100003695  0.00141842384  0.00195468403
  0.00262626004  0.00343601359  0.00439289911  0.00554316305  0.00684689172
  0.00839213096  0.0101752412  0.0121186282  0.0143785048  0.0168638341
  0.0196071118  0.0225411877  0.02587476  0.0294620395  0.0331203714
  0.0371704325  0.04139667  0.046037361  0.0508953445  0.0560727865
  0.0614053719  0.0671150833  0.0730778724  0.0793343782  0.0859764665
  0.0927182287  0.0995266363  0.107023187  0.114662856  0.122561231
  0.130821198  0.13902092  0.147403508  0.156228706  0.16539681  0.17466937
  0.184388533  0.19404541  0.204235703  0.214522839  0.22501345  0.23586522
  0.247213602  0.258076847  0.269531131  0.281018674  0.292802155  0.304591954
  0.316468775  0.328943431  0.341198713  0.353405535  0.365742981  0.37861684
  0.391798526  0.404884905  0.418290377  0.431558728  0.445199013  0.459359765
  0.473711312  0.487470388  0.501576304  0.515902579  0.530225217  0.54482305
  0.559413075  0.573795259  0.588397503  0.603517294  0.617993295  0.633085728
  0.64787966  0.663050294  0.678289056  0.693416595  0.708194017  0.723022759
  0.737509966  0.752522826  0.767503381  0.782316804  0.796912014  0.811677933
  0.826392412  0.840964317  0.856286764  0.870561481  0.884905219  0.898314238
  0.912573516  0.926308274  0.940012097  0.953658164  0.966614544  0.978799701
  0.990070581  0.999997258
 do regularised spline fit for input variable # 11
 build map for variable # 11
 ------------------------------
 Transdef: Tab for variable  12    0.00100082927  0.00142683962  0.00196681498
  0.00263769692  0.00345230452  0.00442712661  0.005612446  0.0070039276
  0.00856270455  0.0103206262  0.0123246741  0.0145980772  0.0170999933
  0.0198279135  0.0228870176  0.0260443576  0.0296032391  0.0334554799
  0.0374943204  0.0419702828  0.0464392975  0.0511790104  0.0563407876
  0.061699599  0.0674668252  0.0735569298  0.0797129571  0.0861606747
  0.0928580984  0.099658072  0.106656611  0.11426644  0.121998362  0.129820704
  0.138109893  0.146552727  0.155033767  0.163858652  0.173137635  0.182792157
  0.19269067  0.202578604  0.21286051  0.223129988  0.233994037  0.244771719
  0.255705118  0.267032057  0.278217286  0.289648712  0.30128786  0.312969714
  0.32543993  0.337936282  0.350244582  0.362857282  0.375419289  0.388914764
  0.401343226  0.414025128  0.427801728  0.441246688  0.454780877  0.468970358
  0.48285836  0.496883214  0.511530995  0.52575326  0.540534377  0.554886818
  0.569386363  0.584096551  0.59845835  0.613225043  0.62790978  0.642275929
  0.657381833  0.67235136  0.687163711  0.7024647  0.71743679  0.732671857
  0.747771621  0.763127327  0.778510571  0.793226957  0.808872759  0.82343483
  0.838324666  0.853239894  0.867901266  0.882644951  0.896824896  0.911727309
  0.92500788  0.938323379  0.951852202  0.965211809  0.977915585  0.989801049
  0.999999523
 do regularised spline fit for input variable # 12
 build map for variable # 12
 ------------------------------
 Transdef: Tab for variable  13   -153.175095 -75.8648529 -66.6706543
 -60.9503479 -56.3502502 -52.7377014 -49.4393501 -46.5890999 -43.964798
 -41.6266022 -39.4398499 -37.3621521 -35.3701477 -33.5563507 -31.786499
 -30.1940498 -28.6860504 -27.2751999 -25.9805489 -24.753849 -23.5583496
 -22.4545994 -21.3807507 -20.3479004 -19.3960991 -18.4741497 -17.5570488
 -16.6632996 -15.8069496 -15.0165501 -14.1864996 -13.4153004 -12.6546497
 -11.9271002 -11.22645 -10.5436497 -9.88564968 -9.23894978 -8.63389969
 -8.05589962 -7.48780012 -6.99049997 -6.47854996 -5.99795008 -5.50325012
 -5.04545021 -4.62769985 -4.22235012 -3.82835007 -3.47370005 -3.13144994
 -2.80824995 -2.51240015 -2.22219992 -1.96570003 -1.72920001 -1.50434995
 -1.30280006 -1.11210001 -0.931850016 -0.769699991 -0.624549985 -0.49090001
 -0.369300008 -0.255850017 -0.152099997 -0.0589499995  0.0419500023
  0.120900005  0.210700005  0.305150002  0.409500003  0.520299971  0.638549984
  0.774399996  0.920799971  1.08329999  1.26585007  1.47239995  1.7042501
  1.96500003  2.26900005  2.60255003  3.01305008  3.49489999  4.08414984
  4.7802  5.6322999  6.68389988  7.99510002  9.68204975  11.7045994  14.0523005
  16.6648998  19.3236504  22.2227001  25.2009506  28.6107502  33.2099991
  41.5054016  108.031303
 do regularised spline fit for input variable # 13
 build map for variable # 13
 ------------------------------
 Transdef: Tab for variable  14   -144.208405 -75.9878006 -66.9299011
 -61.1888504 -56.6385498 -52.8656006 -49.6657982 -46.8247528 -44.2582512
 -41.975647 -39.8012009 -37.7294006 -35.7351532 -34.0063019 -32.2779999
 -30.7266502 -29.2516518 -27.8539505 -26.5095997 -25.2314987 -24.0358505
 -22.9446983 -21.834549 -20.796299 -19.8043499 -18.9087486 -17.9986992
 -17.0893993 -16.2437496 -15.4244499 -14.62605 -13.8523006 -13.1106501
 -12.3859997 -11.6747999 -11.0149002 -10.3420506 -9.71199989 -9.07584953
 -8.47560024 -7.91925001 -7.37765026 -6.86000013 -6.36495018 -5.88564968 -5.421
 -4.97125006 -4.55725002 -4.16149998 -3.79189992 -3.43600011 -3.10615015
 -2.77839994 -2.48519993 -2.21005011 -1.95439994 -1.71270001 -1.48545003
 -1.27919996 -1.08765006 -0.914600015 -0.753600001 -0.601999998 -0.46724999
 -0.342000008 -0.229000002 -0.120549999 -0.0277999993  0.076700002  0.167199999
  0.265700012  0.369500011  0.483900011  0.605799973  0.739250004  0.889050007
  1.0476501  1.22694993  1.43554997  1.66320002  1.92149997  2.20900011
  2.54575014  2.94075012  3.39529991  3.94044995  4.60524988  5.43914986
  6.43834972  7.7565999  9.34000015  11.2427998  13.5377502  16.0910492
  18.8250504  21.7478504  24.668499  28.0868492  32.6555481  41.1052017
  108.3853
 do regularised spline fit for input variable # 14
 build map for variable # 14
 ------------------------------
 Transdef: Tab for variable  15   -15.3173084 -11.7536173 -10.6099911
 -9.89082146 -9.4242363 -9.10526085 -8.86653328 -8.67760181 -8.52754974
 -8.40270615 -8.29319382 -8.19651222 -8.10775375 -8.03013229 -7.95544577
 -7.8871274 -7.82312489 -7.76213884 -7.70079231 -7.64105129 -7.58598804
 -7.5310173 -7.47887373 -7.42687607 -7.37781143 -7.32831001 -7.28007793
 -7.23347187 -7.18798018 -7.14318419 -7.09714985 -7.05214214 -7.00710869
 -6.96193218 -6.91588116 -6.87067032 -6.82436275 -6.77839851 -6.73536587
 -6.69219494 -6.64934731 -6.60462713 -6.56070232 -6.51225281 -6.4607563
 -6.41018009 -6.35766172 -6.30456209 -6.25091076 -6.19549751 -6.1409626
 -6.08336544 -6.02525043 -5.96743488 -5.91052914 -5.85458565 -5.79898882
 -5.74068928 -5.68391418 -5.61854458 -5.54178619 -5.46786308 -5.40035629
 -5.32868004 -5.25187731 -5.16790819 -5.07592392 -4.97387648 -4.85845184
 -4.73629093 -4.62544155 -4.51245785 -4.39432096 -4.28638315 -4.17573404
 -4.01194191 -3.79720163 -3.60410786 -3.48308945 -3.26672649 -3.01594687
 -2.77925777 -2.51880169 -2.32571077 -2.11204529 -1.85316789 -1.62260723
 -1.45952439 -1.36499381 -1.34570861 -1.29890382 -1.24646962 -1.20638394
 -1.07551873 -0.948578715 -0.905440807 -0.8739236 -0.759984314 -0.546675324
  0.558418632  13.7181969
 do regularised spline fit for input variable # 15
 build map for variable # 15
 ------------------------------
 Transdef: Tab for variable  16   -15.4497967 -12.0442667 -10.8396978
 -10.0635738 -9.56090355 -9.19776344 -8.94561386 -8.7469883 -8.58457375
 -8.44755268 -8.3332634 -8.23258209 -8.14403152 -8.06137466 -7.98611212
 -7.91699028 -7.85127497 -7.78728342 -7.72507954 -7.6660738 -7.60778809
 -7.55399179 -7.50146389 -7.45057154 -7.39928627 -7.34825039 -7.30036545
 -7.25420475 -7.20905495 -7.16455936 -7.11985588 -7.07463837 -7.02953625
 -6.98624229 -6.94284439 -6.89979458 -6.85486984 -6.81197929 -6.76708364
 -6.7240386 -6.68046999 -6.63877583 -6.59494066 -6.54865646 -6.50043011
 -6.45000505 -6.39861012 -6.34563828 -6.29284477 -6.23771 -6.18431187
 -6.13222885 -6.07612848 -6.01751518 -5.95931625 -5.9032774 -5.84411144
 -5.78755379 -5.73195362 -5.67403793 -5.6031971 -5.52708292 -5.45581388
 -5.38735771 -5.31286144 -5.23387957 -5.14722061 -5.05331039 -4.94508839
 -4.81954002 -4.70522833 -4.59231281 -4.47920704 -4.36309338 -4.26304293
 -4.13757133 -3.95188856 -3.7299931 -3.57423401 -3.42457509 -3.19067073
 -2.93775773 -2.69864368 -2.42754507 -2.2812891 -1.95648742 -1.78116322
 -1.57383513 -1.38777304 -1.35556114 -1.33416736 -1.25818872 -1.22712886
 -1.1412034 -0.972692609 -0.920491815 -0.886105299 -0.81636107 -0.610420108
  0.54660821  15.3931847
 do regularised spline fit for input variable # 16
 build map for variable # 16
 ------------------------------
 Transdef: Tab for variable  17   -162.427704 -80.173996 -70.4627533
 -64.5063934 -60.0585022 -56.5054016 -53.6295509 -51.2120514 -48.9225502
 -46.8861008 -44.9942474 -43.2443504 -41.6376495 -40.1079025 -38.6137505
 -37.226799 -35.9241486 -34.6476517 -33.4369965 -32.3212509 -31.2186508
 -30.1882 -29.2127495 -28.2224007 -27.2933998 -26.3917007 -25.5105 -24.645401
 -23.8020992 -22.9939499 -22.2122993 -21.4445992 -20.6988487 -19.9739494
 -19.2533989 -18.5527496 -17.8552513 -17.2000999 -16.5499496 -15.9147997
 -15.3116999 -14.6955004 -14.0846996 -13.4706497 -12.8748999 -12.3032999
 -11.7558498 -11.19765 -10.6674995 -10.1350994 -9.61555004 -9.12180042
 -8.63870049 -8.15989971 -7.68525028 -7.22800016 -6.78744984 -6.3671999
 -5.94385004 -5.53464985 -5.11264992 -4.71700001 -4.32705021 -3.94145012
 -3.55744982 -3.19724989 -2.83100009 -2.47355008 -2.12879992 -1.80069995
 -1.48450005 -1.17215002 -0.872900009 -0.586700022 -0.31795001 -0.0584000014
  0.207100004  0.455200016  0.724099994  1.01734996  1.35010004  1.72710001
  2.12645006  2.57439995  3.07655001  3.65374994  4.29984999  5.0767498
  5.96164989  7.00460005  8.1929493  9.64374924  11.2619495  13.1427002
  15.3981495  17.7542  20.169651  22.72435  25.6823006  29.6157494  85.9027023
 do regularised spline fit for input variable # 17
 build map for variable # 17
 ------------------------------
 Transdef: Tab for variable  18   -155.712204 -80.7566528 -70.9635468
 -64.8598022 -60.4489517 -56.9051514 -53.9116516 -51.3265991 -49.0547028
 -46.9852486 -45.1155014 -43.3667526 -41.7516479 -40.2002983 -38.7602005
 -37.3860016 -36.1217995 -34.8477478 -33.6473503 -32.5338516 -31.4117012
 -30.3451996 -29.3503494 -28.3792992 -27.4211998 -26.5277996 -25.6332512
 -24.7752991 -23.9678001 -23.1571007 -22.3666496 -21.6035995 -20.8734512
 -20.1581993 -19.4492493 -18.7355995 -18.0415993 -17.3736 -16.7216492
 -16.0865498 -15.44275 -14.8171005 -14.1975002 -13.6131001 -13.0251999
 -12.4546003 -11.8954 -11.3537998 -10.8229504 -10.3036499 -9.80274963
 -9.30150032 -8.81760025 -8.32564926 -7.84579992 -7.39244986 -6.96010017
 -6.5229001 -6.10445023 -5.69460011 -5.28460026 -4.88665009 -4.50465012
 -4.12650013 -3.73675013 -3.36369991 -2.99370003 -2.64389992 -2.28945017
 -1.93814993 -1.60959995 -1.29879999 -0.980049968 -0.682099998 -0.405200005
 -0.144400001  0.1338  0.398199975  0.67930001  0.985849977  1.30980003
  1.67495  2.08940005  2.54110003  3.04589987  3.62594986  4.29545021
  5.04984999  5.91954994  6.94980001  8.15984917  9.52375031  11.1380997
  13.0408497  15.1914501  17.5192986  19.905899  22.6213989  25.6653004
  29.6007004  83.4753036
 do regularised spline fit for input variable # 18
 build map for variable # 18
 ------------------------------
 Transdef: Tab for variable  19    0.135053024  55.519928  113.678741
  161.569641  204.203934  242.355835  268.577087  284.920532  295.548828
  303.310913  309.622314  315.50177  320.848389  325.319336  329.628326
  333.470093  337.402771  341.105957  344.806366  348.296875  351.748962
  354.980225  358.374054  361.924011  365.28717  368.591614  371.97522
  375.320953  378.763428  382.211243  385.844727  389.593506  393.35199
  397.14151  401.147369  405.258301  409.648254  413.9646  418.544861
  423.236572  428.160278  433.646301  439.240021  445.181458  451.787903
  458.380432  465.918762  473.551605  481.354248  489.699951  498.665222
  508.435303  518.734131  530.413086  542.912109  555.188232  568.719055
  583.414124  598.490479  615.420044  632.384155  652.413574  672.584351
  694.89325  717.637939  743.39978  769.911621  801.125854  832.503784
  868.108032  905.749878  948.192017  993.161133  1043.98157  1097.75781
  1157.55627  1226.65796  1302.25464  1385.78638  1479.91577  1588.35999
  1707.57947  1836.54858  1989.98535  2166.60059  2367.3335  2620.23633
  2928.65234  3294.92041  3748.19336  4309.70801  5032.12939  5993.90088
  7267.92188  8873.46094  11246.7402  14795.9619  20215.916  29813.9141
  50401.0938  843734.062
 do regularised spline fit for input variable # 19
 build map for variable # 19
 ------------------------------
 Transdef: Tab for variable  20    0.18651709  53.0672531  112.324615
  158.631683  201.647003  241.028625  267.334167  283.108826  294.575317
  302.442444  308.858398  314.59906  319.809998  324.466888  328.557739
  332.756378  336.783936  340.418579  344.042633  347.404297  350.765747
  354.050201  357.384247  360.786072  364.219543  367.600861  370.945801
  374.389313  377.85791  381.38208  385.058167  388.883606  392.752289
  396.577789  400.519714  404.434998  408.617859  413.078003  417.59906
  422.470093  427.197205  432.240784  437.640228  443.513214  449.734436
  456.018219  462.47345  469.489258  477.249023  485.151001  494.27594
  503.132355  513.063782  523.821716  535.423462  547.698975  561.021973
  574.551025  589.376343  605.763428  622.626404  639.710815  659.621338
  680.794556  702.786621  726.053223  751.360229  778.120239  808.896973
  842.883179  879.235962  920.642456  964.931274  1012.52716  1061.68848
  1118.43469  1179.39722  1248.67505  1328.77881  1416.02612  1509.58838
  1621.61621  1745.47314  1883.40137  2034.76794  2219.56104  2443.25146
  2705.66797  3017.10303  3413.58545  3889.39795  4475.68652  5295.36377
  6285.42773  7658.89795  9698.41016  12688.7598  17136.2969  24934.0742
  42065.0781  524409.562
 do regularised spline fit for input variable # 20
 build map for variable # 20
  
  
  
 COVARIANCE MATRIX (IN PERCENT)
  
 0    1.0    2.0    3.0    4.0    5.0    6.0    7.0    8.0    9.0   10.0   11.0   12.0   13.0   14.0   15.0   16.0   17.0   18.0   19.0   20.0
 0    0.4    1.0    1.0    1.0    1.0    1.0    1.0    1.0    1.0    1.0    1.0    1.0    1.0    1.0    1.0    1.0    1.0    1.0    1.0    1.0
  
 1  100.0   26.3   27.0   27.9   24.5   27.8   27.8   16.4   23.7    9.3   14.8   15.1   19.6   18.2   18.0   17.8   25.7   24.6   11.1   11.0
 2   26.3  100.0  -32.9   33.4   17.0   32.6    4.6    2.9   -3.4   -0.4    6.4    4.2   11.3    8.0   29.3    3.0   22.4    8.6   -4.0   10.1
 3   27.0  -32.9  100.0   33.7   17.3    6.1   35.6    2.2   -4.0   -2.2    4.3    7.1    8.5   11.8    3.4   31.0    9.1   22.7   11.4   -4.4
 4   27.9   33.4   33.7  100.0   20.7   27.7   28.2    2.1  -22.5  -28.3    6.2    6.7   15.4   14.8   30.4   31.2   32.7   31.8    4.6    3.6
 5   24.5   17.0   17.3   20.7  100.0   13.6   14.2    3.8   17.4   63.8   14.8   14.6    2.8    2.7    8.8    8.3   -0.2   -0.2    8.2    9.2
 6   27.8   32.6    6.1   27.7   13.6  100.0   13.6    0.1    3.0   -9.8    8.3    8.7   21.8   10.2   48.0   10.1   26.6   13.2   31.0    7.3
 7   27.8    4.6   35.6   28.2   14.2   13.6  100.0    0.3    2.8   -9.5    8.5    8.3   10.6   20.6    9.3   47.7   13.8   25.7    8.4   29.4
 8   16.4    2.9    2.2    2.1    3.8    0.1    0.3  100.0    1.9    3.2    3.6    2.7   -1.3   -1.6    0.3    0.1    1.1    1.1    0.4    0.8
 9   23.7   -3.4   -4.0  -22.5   17.4    3.0    2.8    1.9  100.0   18.8    5.2    5.2   -1.9   -1.5   -1.0   -2.2   -5.8   -5.5    5.6    6.8
10    9.3   -0.4   -2.2  -28.3   63.8   -9.8   -9.5    3.2   18.8  100.0    7.0    5.4   -4.7   -4.8  -18.3  -19.5  -15.8  -15.4    2.8    4.3
11   14.8    6.4    4.3    6.2   14.8    8.3    8.5    3.6    5.2    7.0  100.0    0.8   10.2    5.2    6.0    1.8   11.1    8.1    9.9    2.6
12   15.1    4.2    7.1    6.7   14.6    8.7    8.3    2.7    5.2    5.4    0.8  100.0    5.1   10.3    2.2    5.9    7.7   10.9    3.5   10.1
13   19.6   11.3    8.5   15.4    2.8   21.8   10.6   -1.3   -1.9   -4.7   10.2    5.1  100.0    8.5    4.8    6.4   69.8   11.7    5.8    3.6
14   18.2    8.0   11.8   14.8    2.7   10.2   20.6   -1.6   -1.5   -4.8    5.2   10.3    8.5  100.0    6.1    4.0   11.7   69.8    4.0    5.9
15   18.0   29.3    3.4   30.4    8.8   48.0    9.3    0.3   -1.0  -18.3    6.0    2.2    4.8    6.1  100.0    7.8   13.3    9.3   -1.1    3.6
16   17.8    3.0   31.0   31.2    8.3   10.1   47.7    0.1   -2.2  -19.5    1.8    5.9    6.4    4.0    7.8  100.0    9.7   13.1    4.3   -2.9
17   25.7   22.4    9.1   32.7   -0.2   26.6   13.8    1.1   -5.8  -15.8   11.1    7.7   69.8   11.7   13.3    9.7  100.0   18.7    6.9    6.1
18   24.6    8.6   22.7   31.8   -0.2   13.2   25.7    1.1   -5.5  -15.4    8.1   10.9   11.7   69.8    9.3   13.1   18.7  100.0    6.4    6.8
19   11.1   -4.0   11.4    4.6    8.2   31.0    8.4    0.4    5.6    2.8    9.9    3.5    5.8    4.0   -1.1    4.3    6.9    6.4  100.0    2.9
20   11.0   10.1   -4.4    3.6    9.2    7.3   29.4    0.8    6.8    4.3    2.6   10.1    3.6    5.9    3.6   -2.9    6.1    6.8    2.9  100.0
 TOTAL CORRELATION TO TARGET (diagonal)  92.6469133
 TOTAL CORRELATION OF ALL VARIABLES   61.2651821
 ROUND 1: MAX CORR (  61.2515459)  AFTER KILLING INPUT VARIABLE 14 CONTR  1.29253954
 ROUND 2: MAX CORR (  61.2301331)  AFTER KILLING INPUT VARIABLE 19 CONTR  1.6194688
 ROUND 3: MAX CORR (  61.1963747)  AFTER KILLING INPUT VARIABLE 20 CONTR  2.03295804
 ROUND 4: MAX CORR (  61.1662437)  AFTER KILLING INPUT VARIABLE 16 CONTR  1.9201333
 ROUND 5: MAX CORR (  61.1320334)  AFTER KILLING INPUT VARIABLE 13 CONTR  2.04544955
 ROUND 6: MAX CORR (  61.097591)  AFTER KILLING INPUT VARIABLE 15 CONTR  2.05179821
 ROUND 7: MAX CORR (  61.0387972)  AFTER KILLING INPUT VARIABLE 5 CONTR  2.67971363
 ROUND 8: MAX CORR (  60.9203347)  AFTER KILLING INPUT VARIABLE 4 CONTR  3.80099704
 ROUND 9: MAX CORR (  60.6893892)  AFTER KILLING INPUT VARIABLE 11 CONTR  5.29954934
 ROUND 10: MAX CORR (  60.4259231)  AFTER KILLING INPUT VARIABLE 12 CONTR  5.64887395
 ROUND 11: MAX CORR (  59.733208)  AFTER KILLING INPUT VARIABLE 7 CONTR  9.12337879
 ROUND 12: MAX CORR (  58.9233903)  AFTER KILLING INPUT VARIABLE 10 CONTR  9.80256167
 ROUND 13: MAX CORR (  58.2104948)  AFTER KILLING INPUT VARIABLE 6 CONTR  9.13806444
 ROUND 14: MAX CORR (  56.9897675)  AFTER KILLING INPUT VARIABLE 18 CONTR  11.858672
 ROUND 15: MAX CORR (  55.2923586)  AFTER KILLING INPUT VARIABLE 8 CONTR  13.8053858
 ROUND 16: MAX CORR (  53.2400232)  AFTER KILLING INPUT VARIABLE 17 CONTR  14.9246393
 ROUND 17: MAX CORR (  46.068276)  AFTER KILLING INPUT VARIABLE 9 CONTR  26.6873381
 ROUND 18: MAX CORR (  27.0329993)  AFTER KILLING INPUT VARIABLE 2 CONTR  37.3028552
 LAST REMAINING VARIABLE:  3
 total correlation to target:  61.2651821 %
 total significance:  309.235058 sigma
 correlations of single variables to target:
 variable 2:  26.3288029 %  ,  in sigma:  132.894225
 variable 3:  27.0329993 %  ,  in sigma:  136.448645
 variable 4:  27.8698635 %  ,  in sigma:  140.672705
 variable 5:  24.5467219 %  ,  in sigma:  123.899199
 variable 6:  27.8096989 %  ,  in sigma:  140.369025
 variable 7:  27.8418798 %  ,  in sigma:  140.531458
 variable 8:  16.3695363 %  ,  in sigma:  82.6249813
 variable 9:  23.7087992 %  ,  in sigma:  119.669797
 variable 10:  9.26201985 %  ,  in sigma:  46.7499019
 variable 11:  14.849809 %  ,  in sigma:  74.9541812
 variable 12:  15.1126809 %  ,  in sigma:  76.2810229
 variable 13:  19.6335438 %  ,  in sigma:  99.1000082
 variable 14:  18.2169786 %  ,  in sigma:  91.9499173
 variable 15:  17.9905991 %  ,  in sigma:  90.8072704
 variable 16:  17.7709552 %  ,  in sigma:  89.6986212
 variable 17:  25.6686135 %  ,  in sigma:  129.561929
 variable 18:  24.623244 %  ,  in sigma:  124.285443
 variable 19:  11.0978995 %  ,  in sigma:  56.0164757
 variable 20:  11.0330972 %  ,  in sigma:  55.6893873
 variables sorted by significance:
 1 most relevant variable 3 corr  27.032999 , in sigma:  136.448644
 2 most relevant variable 2 corr  37.3028564 , in sigma:  188.285591
 3 most relevant variable 9 corr  26.6873379 , in sigma:  134.703925
 4 most relevant variable 17 corr  14.9246397 , in sigma:  75.3318879
 5 most relevant variable 8 corr  13.8053856 , in sigma:  69.6824701
 6 most relevant variable 18 corr  11.8586721 , in sigma:  59.8564641
 7 most relevant variable 6 corr  9.13806438 , in sigma:  46.1242385
 8 most relevant variable 10 corr  9.80256176 , in sigma:  49.4782788
 9 most relevant variable 7 corr  9.12337875 , in sigma:  46.050113
 10 most relevant variable 12 corr  5.64887381 , in sigma:  28.5126031
 11 most relevant variable 11 corr  5.2995491 , in sigma:  26.7493921
 12 most relevant variable 4 corr  3.80099702 , in sigma:  19.1854736
 13 most relevant variable 5 corr  2.67971373 , in sigma:  13.5258136
 14 most relevant variable 15 corr  2.05179811 , in sigma:  10.3564192
 15 most relevant variable 13 corr  2.0454495 , in sigma:  10.3243747
 16 most relevant variable 16 corr  1.92013335 , in sigma:  9.69184338
 17 most relevant variable 20 corr  2.03295803 , in sigma:  10.2613242
 18 most relevant variable 19 corr  1.61946881 , in sigma:  8.17424374
 19 most relevant variable 14 corr  1.2925396 , in sigma:  6.52407361
 global correlations between input variables:
 variable 2:  65.8008385 %
 variable 3:  66.7032359 %
 variable 4:  75.3203167 %
 variable 5:  78.9008662 %
 variable 6:  63.917038 %
 variable 7:  63.9108901 %
 variable 8:  8.44333981 %
 variable 9:  34.4321925 %
 variable 10:  79.052857 %
 variable 11:  22.81165 %
 variable 12:  22.5823104 %
 variable 13:  71.0866658 %
 variable 14:  70.9871751 %
 variable 15:  56.6114434 %
 variable 16:  57.0055881 %
 variable 17:  74.5862058 %
 variable 18:  74.3547069 %
 variable 19:  39.6510429 %
 variable 20:  39.3966649 %
 significance loss when removing single variables:
 variable 2: corr =  19.6908357 %  ,  sigma =  99.3891883
 variable 3: corr =  20.0016921 %  ,  sigma =  100.958231
 variable 4: corr =  4.49774223 %  ,  sigma =  22.7022843
 variable 5: corr =  3.20871287 %  ,  sigma =  16.1959285
 variable 6: corr =  6.21174124 %  ,  sigma =  31.3536678
 variable 7: corr =  5.92513648 %  ,  sigma =  29.9070347
 variable 8: corr =  13.5252 %  ,  sigma =  68.2682376
 variable 9: corr =  23.4336838 %  ,  sigma =  118.281157
 variable 10: corr =  9.20543172 %  ,  sigma =  46.4642741
 variable 11: corr =  5.34164374 %  ,  sigma =  26.9618641
 variable 12: corr =  5.81180627 %  ,  sigma =  29.3350022
 variable 13: corr =  2.09829203 %  ,  sigma =  10.5910966
 variable 14: corr =  1.29253954 %  ,  sigma =  6.52407332
 variable 15: corr =  2.50673547 %  ,  sigma =  12.6527085
 variable 16: corr =  2.3463304 %  ,  sigma =  11.8430664
 variable 17: corr =  6.38222891 %  ,  sigma =  32.2142017
 variable 18: corr =  6.10784337 %  ,  sigma =  30.8292449
 variable 19: corr =  1.63572826 %  ,  sigma =  8.25631306
 variable 20: corr =  2.06642448 %  ,  sigma =  10.4302456
 Keep only 19 most significant input variables
 NVar:   20. 2650
 -------------------------------------
 Teacher: actual network topology:
 Nodes(1)     =  20
 Nodes(2)     =  19
 Nodes(3)     =  1
 -------------------------------------
  
 ---------------------------------------------------
  
 Iteration :  1
 SIGNIFICANCE OF OUTPUTS IN LAYER 1
 RANK 1 NODE 10 -->  35.3425102 sigma out 19 active outputs
 RANK 2 NODE 1 -->  34.3993759 sigma out 19 active outputs
 RANK 3 NODE 13 -->  30.6292992 sigma out 19 active outputs
 RANK 4 NODE 5 -->  28.0900517 sigma out 19 active outputs
 RANK 5 NODE 3 -->  25.8667221 sigma out 19 active outputs
 RANK 6 NODE 6 -->  25.7923069 sigma out 19 active outputs
 RANK 7 NODE 15 -->  24.5161095 sigma out 19 active outputs
 RANK 8 NODE 9 -->  24.3349323 sigma out 19 active outputs
 RANK 9 NODE 2 -->  24.0529385 sigma out 19 active outputs
 RANK 10 NODE 12 -->  23.9946747 sigma out 19 active outputs
 RANK 11 NODE 4 -->  21.4506836 sigma out 19 active outputs
 RANK 12 NODE 20 -->  21.2799492 sigma out 19 active outputs
 RANK 13 NODE 16 -->  21.2146683 sigma out 19 active outputs
 RANK 14 NODE 7 -->  20.7904377 sigma out 19 active outputs
 RANK 15 NODE 18 -->  20.6335182 sigma out 19 active outputs
 RANK 16 NODE 14 -->  20.4819126 sigma out 19 active outputs
 RANK 17 NODE 17 -->  18.8282852 sigma out 19 active outputs
 RANK 18 NODE 11 -->  18.3135929 sigma out 19 active outputs
 RANK 19 NODE 8 -->  16.4119759 sigma out 19 active outputs
 RANK 20 NODE 19 -->  15.6723881 sigma out 19 active outputs
 SIGNIFICANCE OF INPUTS TO LAYER 2 
     sorted by input significance 
 RANK 1 NODE 14 -->  46.9472733 sigma in 20act. (  56.8334885 sig out 1act.)
 RANK 2 NODE 11 -->  46.8198547 sigma in 20act. (  48.4262276 sig out 1act.)
 RANK 3 NODE 9 -->  34.8927422 sigma in 20act. (  46.8378792 sig out 1act.)
 RANK 4 NODE 8 -->  31.0956421 sigma in 20act. (  42.8308716 sig out 1act.)
 RANK 5 NODE 3 -->  29.909071 sigma in 20act. (  38.5415344 sig out 1act.)
 RANK 6 NODE 13 -->  28.5849876 sigma in 20act. (  26.7292175 sig out 1act.)
 RANK 7 NODE 2 -->  27.9885712 sigma in 20act. (  30.9081535 sig out 1act.)
 RANK 8 NODE 4 -->  21.5671349 sigma in 20act. (  27.4911156 sig out 1act.)
 RANK 9 NODE 15 -->  21.3565693 sigma in 20act. (  6.93454981 sig out 1act.)
 RANK 10 NODE 7 -->  19.8706036 sigma in 20act. (  22.4180584 sig out 1act.)
 RANK 11 NODE 18 -->  14.6398573 sigma in 20act. (  26.0162849 sig out 1act.)
 RANK 12 NODE 6 -->  14.6044502 sigma in 20act. (  2.24999762 sig out 1act.)
 RANK 13 NODE 17 -->  13.6138477 sigma in 20act. (  14.990099 sig out 1act.)
 RANK 14 NODE 10 -->  12.8244781 sigma in 20act. (  7.10048246 sig out 1act.)
 RANK 15 NODE 16 -->  11.6564283 sigma in 20act. (  17.8008595 sig out 1act.)
 RANK 16 NODE 12 -->  11.3220272 sigma in 20act. (  13.0077085 sig out 1act.)
 RANK 17 NODE 5 -->  11.0757618 sigma in 20act. (  10.6536436 sig out 1act.)
 RANK 18 NODE 1 -->  10.0026388 sigma in 20act. (  17.3585567 sig out 1act.)
 RANK 19 NODE 19 -->  5.56436634 sigma in 20act. (  10.4885473 sig out 1act.)
     sorted by output significance 
 RANK 1 NODE 14 -->  56.8334885 sigma out 1act.(  46.9472733 sig in 20act.)
 RANK 2 NODE 11 -->  48.4262276 sigma out 1act.(  46.8198547 sig in 20act.)
 RANK 3 NODE 9 -->  46.8378792 sigma out 1act.(  34.8927422 sig in 20act.)
 RANK 4 NODE 8 -->  42.8308716 sigma out 1act.(  31.0956421 sig in 20act.)
 RANK 5 NODE 3 -->  38.5415344 sigma out 1act.(  29.909071 sig in 20act.)
 RANK 6 NODE 2 -->  30.9081535 sigma out 1act.(  27.9885712 sig in 20act.)
 RANK 7 NODE 4 -->  27.4911156 sigma out 1act.(  21.5671349 sig in 20act.)
 RANK 8 NODE 13 -->  26.7292175 sigma out 1act.(  28.5849876 sig in 20act.)
 RANK 9 NODE 18 -->  26.0162849 sigma out 1act.(  14.6398573 sig in 20act.)
 RANK 10 NODE 7 -->  22.4180584 sigma out 1act.(  19.8706036 sig in 20act.)
 RANK 11 NODE 16 -->  17.8008595 sigma out 1act.(  11.6564283 sig in 20act.)
 RANK 12 NODE 1 -->  17.3585567 sigma out 1act.(  10.0026388 sig in 20act.)
 RANK 13 NODE 17 -->  14.990099 sigma out 1act.(  13.6138477 sig in 20act.)
 RANK 14 NODE 12 -->  13.0077085 sigma out 1act.(  11.3220272 sig in 20act.)
 RANK 15 NODE 5 -->  10.6536436 sigma out 1act.(  11.0757618 sig in 20act.)
 RANK 16 NODE 19 -->  10.4885473 sigma out 1act.(  5.56436634 sig in 20act.)
 RANK 17 NODE 10 -->  7.10048246 sigma out 1act.(  12.8244781 sig in 20act.)
 RANK 18 NODE 15 -->  6.93454981 sigma out 1act.(  21.3565693 sig in 20act.)
 RANK 19 NODE 6 -->  2.24999762 sigma out 1act.(  14.6044502 sig in 20act.)
 SIGNIFICANCE OF INPUTS TO LAYER 3 
 RANK  1 NODE 1 -->  126.621399 sigma in 19 active inputs
 SIGNIFICANCE OF OUTPUTS IN LAYER 1
 RANK 1 NODE 1 -->  55.6636772 sigma out 19 active outputs
 RANK 2 NODE 10 -->  43.6748657 sigma out 19 active outputs
 RANK 3 NODE 13 -->  34.2046967 sigma out 19 active outputs
 RANK 4 NODE 5 -->  33.2231102 sigma out 19 active outputs
 RANK 5 NODE 9 -->  29.8638039 sigma out 19 active outputs
 RANK 6 NODE 6 -->  29.517767 sigma out 19 active outputs
 RANK 7 NODE 2 -->  27.5219097 sigma out 19 active outputs
 RANK 8 NODE 12 -->  26.9344482 sigma out 19 active outputs
 RANK 9 NODE 15 -->  26.6729641 sigma out 19 active outputs
 RANK 10 NODE 3 -->  25.5150814 sigma out 19 active outputs
 RANK 11 NODE 14 -->  24.6055012 sigma out 19 active outputs
 RANK 12 NODE 18 -->  24.2881584 sigma out 19 active outputs
 RANK 13 NODE 4 -->  23.8862782 sigma out 19 active outputs
 RANK 14 NODE 20 -->  23.0998573 sigma out 19 active outputs
 RANK 15 NODE 7 -->  22.7663345 sigma out 19 active outputs
 RANK 16 NODE 17 -->  22.4752426 sigma out 19 active outputs
 RANK 17 NODE 16 -->  21.9616718 sigma out 19 active outputs
 RANK 18 NODE 11 -->  19.545332 sigma out 19 active outputs
 RANK 19 NODE 8 -->  19.2641964 sigma out 19 active outputs
 RANK 20 NODE 19 -->  15.8331137 sigma out 19 active outputs
 SIGNIFICANCE OF INPUTS TO LAYER 2 
     sorted by input significance 
 RANK 1 NODE 14 -->  56.4075546 sigma in 20act. (  51.3921623 sig out 1act.)
 RANK 2 NODE 9 -->  47.8142204 sigma in 20act. (  44.9811363 sig out 1act.)
 RANK 3 NODE 11 -->  46.4995995 sigma in 20act. (  44.1995621 sig out 1act.)
 RANK 4 NODE 8 -->  43.0197296 sigma in 20act. (  40.0623093 sig out 1act.)
 RANK 5 NODE 3 -->  38.5422287 sigma in 20act. (  35.2947769 sig out 1act.)
 RANK 6 NODE 18 -->  30.7562103 sigma in 20act. (  27.7396317 sig out 1act.)
 RANK 7 NODE 2 -->  29.3793602 sigma in 20act. (  28.209156 sig out 1act.)
 RANK 8 NODE 4 -->  27.4147282 sigma in 20act. (  25.6369591 sig out 1act.)
 RANK 9 NODE 13 -->  25.3519249 sigma in 20act. (  24.6664619 sig out 1act.)
 RANK 10 NODE 7 -->  22.7355118 sigma in 20act. (  20.6586704 sig out 1act.)
 RANK 11 NODE 1 -->  20.8324966 sigma in 20act. (  17.1249542 sig out 1act.)
 RANK 12 NODE 16 -->  19.0960846 sigma in 20act. (  17.7107716 sig out 1act.)
 RANK 13 NODE 12 -->  15.4498005 sigma in 20act. (  11.8758707 sig out 1act.)
 RANK 14 NODE 17 -->  15.2519236 sigma in 20act. (  14.058917 sig out 1act.)
 RANK 15 NODE 19 -->  14.5991869 sigma in 20act. (  11.9333248 sig out 1act.)
 RANK 16 NODE 10 -->  12.7302837 sigma in 20act. (  6.38244057 sig out 1act.)
 RANK 17 NODE 5 -->  12.402957 sigma in 20act. (  9.90927124 sig out 1act.)
 RANK 18 NODE 15 -->  10.7573109 sigma in 20act. (  5.71774578 sig out 1act.)
 RANK 19 NODE 6 -->  9.79060841 sigma in 20act. (  1.65974784 sig out 1act.)
     sorted by output significance 
 RANK 1 NODE 14 -->  51.3921623 sigma out 1act.(  56.4075546 sig in 20act.)
 RANK 2 NODE 9 -->  44.9811363 sigma out 1act.(  47.8142204 sig in 20act.)
 RANK 3 NODE 11 -->  44.1995621 sigma out 1act.(  46.4995995 sig in 20act.)
 RANK 4 NODE 8 -->  40.0623093 sigma out 1act.(  43.0197296 sig in 20act.)
 RANK 5 NODE 3 -->  35.2947769 sigma out 1act.(  38.5422287 sig in 20act.)
 RANK 6 NODE 2 -->  28.209156 sigma out 1act.(  29.3793602 sig in 20act.)
 RANK 7 NODE 18 -->  27.7396317 sigma out 1act.(  30.7562103 sig in 20act.)
 RANK 8 NODE 4 -->  25.6369591 sigma out 1act.(  27.4147282 sig in 20act.)
 RANK 9 NODE 13 -->  24.6664619 sigma out 1act.(  25.3519249 sig in 20act.)
 RANK 10 NODE 7 -->  20.6586704 sigma out 1act.(  22.7355118 sig in 20act.)
 RANK 11 NODE 16 -->  17.7107716 sigma out 1act.(  19.0960846 sig in 20act.)
 RANK 12 NODE 1 -->  17.1249542 sigma out 1act.(  20.8324966 sig in 20act.)
 RANK 13 NODE 17 -->  14.058917 sigma out 1act.(  15.2519236 sig in 20act.)
 RANK 14 NODE 19 -->  11.9333248 sigma out 1act.(  14.5991869 sig in 20act.)
 RANK 15 NODE 12 -->  11.8758707 sigma out 1act.(  15.4498005 sig in 20act.)
 RANK 16 NODE 5 -->  9.90927124 sigma out 1act.(  12.402957 sig in 20act.)
 RANK 17 NODE 10 -->  6.38244057 sigma out 1act.(  12.7302837 sig in 20act.)
 RANK 18 NODE 15 -->  5.71774578 sigma out 1act.(  10.7573109 sig in 20act.)
 RANK 19 NODE 6 -->  1.65974784 sigma out 1act.(  9.79060841 sig in 20act.)
 SIGNIFICANCE OF INPUTS TO LAYER 3 
 RANK  1 NODE 1 -->  118.274628 sigma in 19 active inputs
  ***********************************************
  *** Learn Path  1
  *** loss function: -0.657083154
  *** contribution from regularisation:  0.00324041443
  *** contribution from error: -0.66032356
  *** contribution from DIAG:  0.00159892091
  ***********************************************
  
 ---------------------------------------------------
  
 Iteration :  2
  ***********************************************
  *** Learn Path  2
  *** loss function: -0.775586009
  *** contribution from regularisation:  0.00239755749
  *** contribution from error: -0.777983546
  *** contribution from DIAG:  0.000682068872
  ***********************************************
  ENTER BFGS code START      -197448.536 -0.359477371 -1.44895935
  EXIT FROM BFGS code FG_START    0. -0.359477371  0.
  
 ---------------------------------------------------
  
 Iteration :  3
  ***********************************************
  *** Learn Path  3
  *** loss function: -0.801587403
  *** contribution from regularisation:  0.00240389979
  *** contribution from error: -0.803991318
  *** contribution from DIAG:  0.000136479779
  ***********************************************
  ENTER BFGS code FG_START   -204186.455 -0.359477371  2428.93994
  EXIT FROM BFGS code FG_LNSRCH   0. -0.218288139  0.
  
 ---------------------------------------------------
  
 Iteration :  4
  ***********************************************
  *** Learn Path  4
  *** loss function: -0.744546592
  *** contribution from regularisation:  0.00269608735
  *** contribution from error: -0.747242689
  *** contribution from DIAG:  0.00106771884
  ***********************************************
  ENTER BFGS code FG_LNSRCH  -189416.854 -0.218288139  1380.7616
  EXIT FROM BFGS code FG_LNSRCH   0. -0.343929738  0.
  
 ---------------------------------------------------
  
 Iteration :  5
  ***********************************************
  *** Learn Path  5
  *** loss function: -0.799514234
  *** contribution from regularisation:  0.00239564944
  *** contribution from error: -0.801909864
  *** contribution from DIAG:  0.00120699254
  ***********************************************
  ENTER BFGS code FG_LNSRCH  -203385.538 -0.343929738  2255.78809
  EXIT FROM BFGS code FG_LNSRCH   0. -0.357307404  0.
  
 ---------------------------------------------------
  
 Iteration :  6
  ***********************************************
  *** Learn Path  6
  *** loss function: -0.801384032
  *** contribution from regularisation:  0.00239487132
  *** contribution from error: -0.803778887
  *** contribution from DIAG:  0.000960042991
  ***********************************************
  ENTER BFGS code FG_LNSRCH  -203924.827 -0.357307404  3080.67725
  EXIT FROM BFGS code FG_LNSRCH   0. -0.359281301  0.
  
 ---------------------------------------------------
  
 Iteration :  7
  ***********************************************
  *** Learn Path  7
  *** loss function: -0.801557422
  *** contribution from regularisation:  0.00241576787
  *** contribution from error: -0.803973198
  *** contribution from DIAG:  0.000575366954
  ***********************************************
  ENTER BFGS code FG_LNSRCH  -204066.997 -0.359281301  3018.302
  EXIT FROM BFGS code FG_LNSRCH   0. -0.359471798  0.
  
 ---------------------------------------------------
  
 Iteration :  8
  ***********************************************
  *** Learn Path  8
  *** loss function: -0.801561058
  *** contribution from regularisation:  0.00242976169
  *** contribution from error: -0.803990841
  *** contribution from DIAG:  0.000292746088
  ***********************************************
  ENTER BFGS code FG_LNSRCH  -204139.924 -0.359471798  3019.71948
  EXIT FROM BFGS code FG_LNSRCH   0. -0.359477371  0.
  
 ---------------------------------------------------
  
 Iteration :  9
  ***********************************************
  *** Learn Path  9
  *** loss function: -0.801552474
  *** contribution from regularisation:  0.00243886607
  *** contribution from error: -0.803991318
  *** contribution from DIAG:  6.24740278E-05
  ***********************************************
  ENTER BFGS code FG_LNSRCH  -204196.401 -0.359477371  3026.84985
  EXIT FROM BFGS code FG_LNSRCH   0. -0.359477341  0.
  
 ---------------------------------------------------
  
 Iteration :  10
 SIGNIFICANCE OF OUTPUTS IN LAYER 1
 RANK 1 NODE 1 -->  60.9500313 sigma out 19 active outputs
 RANK 2 NODE 10 -->  48.0878754 sigma out 19 active outputs
 RANK 3 NODE 9 -->  32.5256615 sigma out 19 active outputs
 RANK 4 NODE 13 -->  31.1976967 sigma out 19 active outputs
 RANK 5 NODE 5 -->  29.9244995 sigma out 19 active outputs
 RANK 6 NODE 6 -->  26.917263 sigma out 19 active outputs
 RANK 7 NODE 2 -->  24.6817226 sigma out 19 active outputs
 RANK 8 NODE 15 -->  23.2879124 sigma out 19 active outputs
 RANK 9 NODE 12 -->  22.9023266 sigma out 19 active outputs
 RANK 10 NODE 3 -->  22.0237064 sigma out 19 active outputs
 RANK 11 NODE 4 -->  21.6558609 sigma out 19 active outputs
 RANK 12 NODE 14 -->  21.5876865 sigma out 19 active outputs
 RANK 13 NODE 17 -->  21.4607353 sigma out 19 active outputs
 RANK 14 NODE 18 -->  21.2738838 sigma out 19 active outputs
 RANK 15 NODE 7 -->  20.1872597 sigma out 19 active outputs
 RANK 16 NODE 20 -->  19.1451454 sigma out 19 active outputs
 RANK 17 NODE 16 -->  18.3751564 sigma out 19 active outputs
 RANK 18 NODE 11 -->  17.1111221 sigma out 19 active outputs
 RANK 19 NODE 8 -->  16.7172031 sigma out 19 active outputs
 RANK 20 NODE 19 -->  13.7363338 sigma out 19 active outputs
 SIGNIFICANCE OF INPUTS TO LAYER 2 
     sorted by input significance 
 RANK 1 NODE 14 -->  51.192585 sigma in 20act. (  43.4526443 sig out 1act.)
 RANK 2 NODE 9 -->  45.5322571 sigma in 20act. (  39.8922653 sig out 1act.)
 RANK 3 NODE 11 -->  42.8857307 sigma in 20act. (  39.4808426 sig out 1act.)
 RANK 4 NODE 8 -->  40.9766808 sigma in 20act. (  35.1145782 sig out 1act.)
 RANK 5 NODE 3 -->  35.5202293 sigma in 20act. (  30.7339706 sig out 1act.)
 RANK 6 NODE 18 -->  34.1471786 sigma in 20act. (  27.7741947 sig out 1act.)
 RANK 7 NODE 2 -->  27.3949833 sigma in 20act. (  24.6847115 sig out 1act.)
 RANK 8 NODE 4 -->  26.4146881 sigma in 20act. (  23.3192959 sig out 1act.)
 RANK 9 NODE 1 -->  25.0704327 sigma in 20act. (  18.5333347 sig out 1act.)
 RANK 10 NODE 7 -->  23.2917194 sigma in 20act. (  19.6917515 sig out 1act.)
 RANK 11 NODE 13 -->  21.8593273 sigma in 20act. (  21.3090992 sig out 1act.)
 RANK 12 NODE 16 -->  20.8457184 sigma in 20act. (  18.4420261 sig out 1act.)
 RANK 13 NODE 19 -->  20.3706894 sigma in 20act. (  15.1648455 sig out 1act.)
 RANK 14 NODE 12 -->  16.7205734 sigma in 20act. (  12.4239492 sig out 1act.)
 RANK 15 NODE 17 -->  16.2136612 sigma in 20act. (  13.861392 sig out 1act.)
 RANK 16 NODE 5 -->  12.969346 sigma in 20act. (  10.3104734 sig out 1act.)
 RANK 17 NODE 10 -->  11.4314785 sigma in 20act. (  6.10180187 sig out 1act.)
 RANK 18 NODE 15 -->  8.37070179 sigma in 20act. (  4.12559986 sig out 1act.)
 RANK 19 NODE 6 -->  7.91137743 sigma in 20act. (  0.883439183 sig out 1act.)
     sorted by output significance 
 RANK 1 NODE 14 -->  43.4526443 sigma out 1act.(  51.192585 sig in 20act.)
 RANK 2 NODE 9 -->  39.8922653 sigma out 1act.(  45.5322571 sig in 20act.)
 RANK 3 NODE 11 -->  39.4808426 sigma out 1act.(  42.8857307 sig in 20act.)
 RANK 4 NODE 8 -->  35.1145782 sigma out 1act.(  40.9766808 sig in 20act.)
 RANK 5 NODE 3 -->  30.7339706 sigma out 1act.(  35.5202293 sig in 20act.)
 RANK 6 NODE 18 -->  27.7741947 sigma out 1act.(  34.1471786 sig in 20act.)
 RANK 7 NODE 2 -->  24.6847115 sigma out 1act.(  27.3949833 sig in 20act.)
 RANK 8 NODE 4 -->  23.3192959 sigma out 1act.(  26.4146881 sig in 20act.)
 RANK 9 NODE 13 -->  21.3090992 sigma out 1act.(  21.8593273 sig in 20act.)
 RANK 10 NODE 7 -->  19.6917515 sigma out 1act.(  23.2917194 sig in 20act.)
 RANK 11 NODE 1 -->  18.5333347 sigma out 1act.(  25.0704327 sig in 20act.)
 RANK 12 NODE 16 -->  18.4420261 sigma out 1act.(  20.8457184 sig in 20act.)
 RANK 13 NODE 19 -->  15.1648455 sigma out 1act.(  20.3706894 sig in 20act.)
 RANK 14 NODE 17 -->  13.861392 sigma out 1act.(  16.2136612 sig in 20act.)
 RANK 15 NODE 12 -->  12.4239492 sigma out 1act.(  16.7205734 sig in 20act.)
 RANK 16 NODE 5 -->  10.3104734 sigma out 1act.(  12.969346 sig in 20act.)
 RANK 17 NODE 10 -->  6.10180187 sigma out 1act.(  11.4314785 sig in 20act.)
 RANK 18 NODE 15 -->  4.12559986 sigma out 1act.(  8.37070179 sig in 20act.)
 RANK 19 NODE 6 -->  0.883439183 sigma out 1act.(  7.91137743 sig in 20act.)
 SIGNIFICANCE OF INPUTS TO LAYER 3 
 RANK  1 NODE 1 -->  106.787842 sigma in 19 active inputs
  ***********************************************
  *** Learn Path  10
  *** loss function: -0.801546574
  *** contribution from regularisation:  0.00244474318
  *** contribution from error: -0.803991318
  *** contribution from DIAG: -9.90308909E-05
  ***********************************************
 Iteration No:  10
 **********************************************
 *****  write out current network          ****
 *****      to "rescue.nb"                 ****
 **********************************************
 WRITE NETWORK WEIGHTS TO EXPERTISE
 SAVING EXPERTISE TO rescue.nb
  ENTER BFGS code FG_LNSRCH  -204236.05 -0.359477341  3033.39355
  EXIT FROM BFGS code FG_LNSRCH   0. -0.35947457  0.
  
 ---------------------------------------------------
  
 Iteration :  11
  ***********************************************
  *** Learn Path  11
  *** loss function: -0.801542401
  *** contribution from regularisation:  0.00244865776
  *** contribution from error: -0.803991079
  *** contribution from DIAG: -0.000207407124
  ***********************************************
  ENTER BFGS code FG_LNSRCH  -204262.599 -0.35947457  3038.41138
  EXIT FROM BFGS code FG_LNSRCH   0. -0.35947457  0.
  
 ---------------------------------------------------
  
 Iteration :  12
  ***********************************************
  *** Learn Path  12
  *** loss function: -0.80153966
  *** contribution from regularisation:  0.00245139026
  *** contribution from error: -0.803991079
  *** contribution from DIAG: -0.000283467321
  ***********************************************
  ENTER BFGS code FG_LNSRCH  -204281.282 -0.35947457  3042.25488
  EXIT FROM BFGS code FG_LNSRCH   0. -0.35947457  0.
  
 ---------------------------------------------------
  
 Iteration :  13
  ***********************************************
  *** Learn Path  13
  *** loss function: -0.801537991
  *** contribution from regularisation:  0.00245306757
  *** contribution from error: -0.803991079
  *** contribution from DIAG: -0.000336908328
  ***********************************************
  ENTER BFGS code FG_LNSRCH  -204294.469 -0.35947457  3045.42285
  EXIT FROM BFGS code FG_LNSRCH   0. -0.359473169  0.
  
 ---------------------------------------------------
  
 Iteration :  14
  ***********************************************
  *** Learn Path  14
  *** loss function: -0.801536679
  *** contribution from regularisation:  0.00245422032
  *** contribution from error: -0.803990901
  *** contribution from DIAG: -0.000369248854
  ***********************************************
  ENTER BFGS code FG_LNSRCH  -204302.38 -0.359473169  3047.94482
  EXIT FROM BFGS code FG_LNSRCH   0. -0.359473169  0.
  
 ---------------------------------------------------
  
 Iteration :  15
  ***********************************************
  *** Learn Path  15
  *** loss function: -0.801535785
  *** contribution from regularisation:  0.00245515234
  *** contribution from error: -0.80399096
  *** contribution from DIAG: -0.000391929905
  ***********************************************
  ENTER BFGS code FG_LNSRCH  -204307.921 -0.359473169  3050.01245
  EXIT FROM BFGS code FG_LNSRCH   0. -0.359473169  0.
  
 ---------------------------------------------------
  
 Iteration :  16
  ***********************************************
  *** Learn Path  16
  *** loss function: -0.80153501
  *** contribution from regularisation:  0.00245592115
  *** contribution from error: -0.80399096
  *** contribution from DIAG: -0.0004078497
  ***********************************************
  ENTER BFGS code FG_LNSRCH  -204311.781 -0.359473169  3051.76855
  EXIT FROM BFGS code FG_LNSRCH   0. -0.359472483  0.
  
 ---------------------------------------------------
  
 Iteration :  17
  ***********************************************
  *** Learn Path  17
  *** loss function: -0.801534414
  *** contribution from regularisation:  0.00245642359
  *** contribution from error: -0.803990841
  *** contribution from DIAG: -0.00039618928
  ***********************************************
  ENTER BFGS code FG_LNSRCH  -204308.669 -0.359472483  3053.19116
  EXIT FROM BFGS code FG_LNSRCH   0. -0.359473169  0.
  
 ---------------------------------------------------
  
 Iteration :  18
  ***********************************************
  *** Learn Path  18
  *** loss function: -0.801534295
  *** contribution from regularisation:  0.00245659635
  *** contribution from error: -0.803990901
  *** contribution from DIAG: -0.000410799374
  ***********************************************
  ENTER BFGS code FG_LNSRCH  -204312.36 -0.359473169  3054.39111
  EXIT FROM BFGS code FG_LNSRCH   0. -0.359473169  0.
  
 ---------------------------------------------------
  
 Iteration :  19
  ***********************************************
  *** Learn Path  19
  *** loss function: -0.801534057
  *** contribution from regularisation:  0.00245688041
  *** contribution from error: -0.80399096
  *** contribution from DIAG: -0.000421219389
  ***********************************************
  ENTER BFGS code FG_LNSRCH  -204314.943 -0.359473169  3055.56689
  EXIT FROM BFGS code FG_LNSRCH   0. -0.359472841  0.
  
 ---------------------------------------------------
  
 Iteration :  20
 SIGNIFICANCE OF OUTPUTS IN LAYER 1
 RANK 1 NODE 1 -->  60.9933853 sigma out 19 active outputs
 RANK 2 NODE 10 -->  48.082077 sigma out 19 active outputs
 RANK 3 NODE 9 -->  32.4172935 sigma out 19 active outputs
 RANK 4 NODE 13 -->  31.2579021 sigma out 19 active outputs
 RANK 5 NODE 5 -->  30.0429153 sigma out 19 active outputs
 RANK 6 NODE 6 -->  26.9469681 sigma out 19 active outputs
 RANK 7 NODE 2 -->  24.7663822 sigma out 19 active outputs
 RANK 8 NODE 15 -->  23.341835 sigma out 19 active outputs
 RANK 9 NODE 12 -->  22.929306 sigma out 19 active outputs
 RANK 10 NODE 3 -->  22.1188221 sigma out 19 active outputs
 RANK 11 NODE 14 -->  21.6499481 sigma out 19 active outputs
 RANK 12 NODE 4 -->  21.6276684 sigma out 19 active outputs
 RANK 13 NODE 17 -->  21.5213852 sigma out 19 active outputs
 RANK 14 NODE 18 -->  21.259552 sigma out 19 active outputs
 RANK 15 NODE 7 -->  20.2637405 sigma out 19 active outputs
 RANK 16 NODE 20 -->  19.1598911 sigma out 19 active outputs
 RANK 17 NODE 16 -->  18.4153442 sigma out 19 active outputs
 RANK 18 NODE 11 -->  17.1581688 sigma out 19 active outputs
 RANK 19 NODE 8 -->  16.7765293 sigma out 19 active outputs
 RANK 20 NODE 19 -->  13.7506628 sigma out 19 active outputs
 SIGNIFICANCE OF INPUTS TO LAYER 2 
     sorted by input significance 
 RANK 1 NODE 14 -->  51.1873856 sigma in 20act. (  43.6715126 sig out 1act.)
 RANK 2 NODE 9 -->  45.4923058 sigma in 20act. (  40.1363411 sig out 1act.)
 RANK 3 NODE 11 -->  42.9925308 sigma in 20act. (  39.3609962 sig out 1act.)
 RANK 4 NODE 8 -->  41.022934 sigma in 20act. (  35.2370186 sig out 1act.)
 RANK 5 NODE 3 -->  35.5637856 sigma in 20act. (  30.8176689 sig out 1act.)
 RANK 6 NODE 18 -->  34.1943245 sigma in 20act. (  27.8437195 sig out 1act.)
 RANK 7 NODE 2 -->  27.4618969 sigma in 20act. (  24.7100525 sig out 1act.)
 RANK 8 NODE 4 -->  26.4744358 sigma in 20act. (  23.3065586 sig out 1act.)
 RANK 9 NODE 1 -->  25.0827713 sigma in 20act. (  18.5887508 sig out 1act.)
 RANK 10 NODE 7 -->  23.3358345 sigma in 20act. (  19.7019806 sig out 1act.)
 RANK 11 NODE 13 -->  21.9231968 sigma in 20act. (  21.3570747 sig out 1act.)
 RANK 12 NODE 16 -->  20.8754025 sigma in 20act. (  18.5152359 sig out 1act.)
 RANK 13 NODE 19 -->  20.376049 sigma in 20act. (  15.2050076 sig out 1act.)
 RANK 14 NODE 12 -->  16.7758255 sigma in 20act. (  12.3919477 sig out 1act.)
 RANK 15 NODE 17 -->  16.2604675 sigma in 20act. (  13.8588171 sig out 1act.)
 RANK 16 NODE 5 -->  13.002306 sigma in 20act. (  10.3225498 sig out 1act.)
 RANK 17 NODE 10 -->  11.4673815 sigma in 20act. (  6.11356592 sig out 1act.)
 RANK 18 NODE 15 -->  8.39698029 sigma in 20act. (  4.14232922 sig out 1act.)
 RANK 19 NODE 6 -->  7.94445229 sigma in 20act. (  0.884599507 sig out 1act.)
     sorted by output significance 
 RANK 1 NODE 14 -->  43.6715126 sigma out 1act.(  51.1873856 sig in 20act.)
 RANK 2 NODE 9 -->  40.1363411 sigma out 1act.(  45.4923058 sig in 20act.)
 RANK 3 NODE 11 -->  39.3609962 sigma out 1act.(  42.9925308 sig in 20act.)
 RANK 4 NODE 8 -->  35.2370186 sigma out 1act.(  41.022934 sig in 20act.)
 RANK 5 NODE 3 -->  30.8176689 sigma out 1act.(  35.5637856 sig in 20act.)
 RANK 6 NODE 18 -->  27.8437195 sigma out 1act.(  34.1943245 sig in 20act.)
 RANK 7 NODE 2 -->  24.7100525 sigma out 1act.(  27.4618969 sig in 20act.)
 RANK 8 NODE 4 -->  23.3065586 sigma out 1act.(  26.4744358 sig in 20act.)
 RANK 9 NODE 13 -->  21.3570747 sigma out 1act.(  21.9231968 sig in 20act.)
 RANK 10 NODE 7 -->  19.7019806 sigma out 1act.(  23.3358345 sig in 20act.)
 RANK 11 NODE 1 -->  18.5887508 sigma out 1act.(  25.0827713 sig in 20act.)
 RANK 12 NODE 16 -->  18.5152359 sigma out 1act.(  20.8754025 sig in 20act.)
 RANK 13 NODE 19 -->  15.2050076 sigma out 1act.(  20.376049 sig in 20act.)
 RANK 14 NODE 17 -->  13.8588171 sigma out 1act.(  16.2604675 sig in 20act.)
 RANK 15 NODE 12 -->  12.3919477 sigma out 1act.(  16.7758255 sig in 20act.)
 RANK 16 NODE 5 -->  10.3225498 sigma out 1act.(  13.002306 sig in 20act.)
 RANK 17 NODE 10 -->  6.11356592 sigma out 1act.(  11.4673815 sig in 20act.)
 RANK 18 NODE 15 -->  4.14232922 sigma out 1act.(  8.39698029 sig in 20act.)
 RANK 19 NODE 6 -->  0.884599507 sigma out 1act.(  7.94445229 sig in 20act.)
 SIGNIFICANCE OF INPUTS TO LAYER 3 
 RANK  1 NODE 1 -->  107.047585 sigma in 19 active inputs
  ***********************************************
  *** Learn Path  20
  *** loss function: -0.801534057
  *** contribution from regularisation:  0.0024568392
  *** contribution from error: -0.803990901
  *** contribution from DIAG: -0.000428429106
  ***********************************************
 Iteration No:  20
 **********************************************
 *****  write out current network          ****
 *****      to "rescue.nb"                 ****
 **********************************************
 WRITE NETWORK WEIGHTS TO EXPERTISE
 SAVING EXPERTISE TO rescue.nb
  ENTER BFGS code FG_LNSRCH  -204316.783 -0.359472841  3056.4729
  EXIT FROM BFGS code FG_LNSRCH   0. -0.359472841  0.
  
 ---------------------------------------------------
  
 Iteration :  21
  ***********************************************
  *** Learn Path  21
  *** loss function: -0.801534116
  *** contribution from regularisation:  0.0024567612
  *** contribution from error: -0.803990901
  *** contribution from DIAG: -0.000433479901
  ***********************************************
  ENTER BFGS code FG_LNSRCH  -204318.09 -0.359472841  3057.37549
  EXIT FROM BFGS code NEW_X      -204318.09 -0.359472841  3057.37549
  ENTER BFGS code NEW_X      -204318.09 -0.359472841  3057.37549
  EXIT FROM BFGS code FG_LNSRCH   0.  3057.01611  0.
  
 ---------------------------------------------------
  
 Iteration :  22
  ***********************************************
  *** Learn Path  22
  *** loss function:  27821.75
  *** contribution from regularisation:  27821.4355
  *** contribution from error:  0.314453125
  *** contribution from DIAG: -0.0010320869
  ***********************************************
  ENTER BFGS code FG_LNSRCH   7.08817462E+09  3057.01611 -18877.1641
  EXIT FROM BFGS code FG_LNSRCH   0.  34.845295  0.
  
 ---------------------------------------------------
  
 Iteration :  23
  ***********************************************
  *** Learn Path  23
  *** loss function:  1.77832186
  *** contribution from regularisation:  1.4922533
  *** contribution from error:  0.286068559
  *** contribution from DIAG:  0.00226662937
  ***********************************************
  ENTER BFGS code FG_LNSRCH   453642.311  34.845295 -68.8421783
  EXIT FROM BFGS code FG_LNSRCH   0.  8.89655399  0.
  
 ---------------------------------------------------
  
 Iteration :  24
 WARNING in NB_TEACHER: limited eta to preset max. value
  ***********************************************
  *** Learn Path  24
  *** loss function:  0.230932206
  *** contribution from regularisation:  0.0429904237
  *** contribution from error:  0.18794179
  *** contribution from DIAG:  0.0019893006
  ***********************************************
  ENTER BFGS code FG_LNSRCH   59341.6435  8.89655399  9.92469788
  EXIT FROM BFGS code FG_LNSRCH   0.  1.7502799  0.
  
 ---------------------------------------------------
  
 Iteration :  25
  ***********************************************
  *** Learn Path  25
  *** loss function: -0.0855795741
  *** contribution from regularisation:  0.00129852514
  *** contribution from error: -0.0868780985
  *** contribution from DIAG:  0.006557466
  ***********************************************
  ENTER BFGS code FG_LNSRCH  -20132.542  1.7502799 -2.85434794
  EXIT FROM BFGS code FG_LNSRCH   0. -0.0700911433  0.
  
 ---------------------------------------------------
  
 Iteration :  26
  ***********************************************
  *** Learn Path  26
  *** loss function: -0.649544895
  *** contribution from regularisation:  0.000397414406
  *** contribution from error: -0.649942338
  *** contribution from DIAG:  0.00100072043
  ***********************************************
  ENTER BFGS code FG_LNSRCH  -165230.241 -0.0700911433  731.49823
  EXIT FROM BFGS code FG_LNSRCH   0. -0.330539405  0.
  
 ---------------------------------------------------
  
 Iteration :  27
  ***********************************************
  *** Learn Path  27
  *** loss function: -0.795726061
  *** contribution from regularisation:  0.00167758449
  *** contribution from error: -0.797403634
  *** contribution from DIAG:  0.000965299318
  ***********************************************
  ENTER BFGS code FG_LNSRCH  -202481.995 -0.330539405  2684.31348
  EXIT FROM BFGS code FG_LNSRCH   0. -0.35571754  0.
  
 ---------------------------------------------------
  
 Iteration :  28
  ***********************************************
  *** Learn Path  28
  *** loss function: -0.801126719
  *** contribution from regularisation:  0.0022027425
  *** contribution from error: -0.803329468
  *** contribution from DIAG: -0.000586403185
  ***********************************************
  ENTER BFGS code FG_LNSRCH  -204253.254 -0.35571754  3033.03223
  EXIT FROM BFGS code FG_LNSRCH   0. -0.358803004  0.
  
 ---------------------------------------------------
  
 Iteration :  29
  ***********************************************
  *** Learn Path  29
  *** loss function: -0.801501095
  *** contribution from regularisation:  0.00237634359
  *** contribution from error: -0.803877413
  *** contribution from DIAG: -0.000781365612
  ***********************************************
  ENTER BFGS code FG_LNSRCH  -204398.311 -0.358803004  3058.00903
  EXIT FROM BFGS code FG_LNSRCH   0. -0.356766611  0.
  
 ---------------------------------------------------
  
 Iteration :  30
 SIGNIFICANCE OF OUTPUTS IN LAYER 1
 RANK 1 NODE 1 -->  60.5965729 sigma out 19 active outputs
 RANK 2 NODE 10 -->  48.296566 sigma out 19 active outputs
 RANK 3 NODE 9 -->  32.4747887 sigma out 19 active outputs
 RANK 4 NODE 13 -->  31.4226227 sigma out 19 active outputs
 RANK 5 NODE 5 -->  29.9757614 sigma out 19 active outputs
 RANK 6 NODE 6 -->  27.057148 sigma out 19 active outputs
 RANK 7 NODE 2 -->  24.7068367 sigma out 19 active outputs
 RANK 8 NODE 15 -->  23.3946724 sigma out 19 active outputs
 RANK 9 NODE 12 -->  22.9648476 sigma out 19 active outputs
 RANK 10 NODE 3 -->  22.1544952 sigma out 19 active outputs
 RANK 11 NODE 4 -->  21.8014336 sigma out 19 active outputs
 RANK 12 NODE 14 -->  21.6212387 sigma out 19 active outputs
 RANK 13 NODE 17 -->  21.4708862 sigma out 19 active outputs
 RANK 14 NODE 18 -->  21.3009701 sigma out 19 active outputs
 RANK 15 NODE 7 -->  20.3278484 sigma out 19 active outputs
 RANK 16 NODE 20 -->  19.1599083 sigma out 19 active outputs
 RANK 17 NODE 16 -->  18.5336761 sigma out 19 active outputs
 RANK 18 NODE 11 -->  17.1529045 sigma out 19 active outputs
 RANK 19 NODE 8 -->  16.7670078 sigma out 19 active outputs
 RANK 20 NODE 19 -->  13.7480421 sigma out 19 active outputs
 SIGNIFICANCE OF INPUTS TO LAYER 2 
     sorted by input significance 
 RANK 1 NODE 14 -->  51.2633171 sigma in 20act. (  43.7354469 sig out 1act.)
 RANK 2 NODE 9 -->  45.3104248 sigma in 20act. (  39.8638496 sig out 1act.)
 RANK 3 NODE 11 -->  43.4020271 sigma in 20act. (  39.7828827 sig out 1act.)
 RANK 4 NODE 8 -->  40.9434967 sigma in 20act. (  35.2000656 sig out 1act.)
 RANK 5 NODE 3 -->  35.3974152 sigma in 20act. (  30.7077808 sig out 1act.)
 RANK 6 NODE 18 -->  33.976326 sigma in 20act. (  27.6637173 sig out 1act.)
 RANK 7 NODE 2 -->  27.4350414 sigma in 20act. (  24.737154 sig out 1act.)
 RANK 8 NODE 4 -->  26.4893112 sigma in 20act. (  23.3493652 sig out 1act.)
 RANK 9 NODE 1 -->  25.2379303 sigma in 20act. (  18.6627522 sig out 1act.)
 RANK 10 NODE 7 -->  23.3474998 sigma in 20act. (  19.7210884 sig out 1act.)
 RANK 11 NODE 13 -->  21.7286034 sigma in 20act. (  21.0834217 sig out 1act.)
 RANK 12 NODE 16 -->  20.9655304 sigma in 20act. (  18.609808 sig out 1act.)
 RANK 13 NODE 19 -->  20.4086685 sigma in 20act. (  15.221036 sig out 1act.)
 RANK 14 NODE 12 -->  17.0142193 sigma in 20act. (  12.7176847 sig out 1act.)
 RANK 15 NODE 17 -->  16.2174339 sigma in 20act. (  13.8768883 sig out 1act.)
 RANK 16 NODE 5 -->  13.0742159 sigma in 20act. (  10.3958244 sig out 1act.)
 RANK 17 NODE 10 -->  11.4404936 sigma in 20act. (  6.15527201 sig out 1act.)
 RANK 18 NODE 15 -->  8.30666256 sigma in 20act. (  4.02206564 sig out 1act.)
 RANK 19 NODE 6 -->  7.89945555 sigma in 20act. (  0.943641186 sig out 1act.)
     sorted by output significance 
 RANK 1 NODE 14 -->  43.7354469 sigma out 1act.(  51.2633171 sig in 20act.)
 RANK 2 NODE 9 -->  39.8638496 sigma out 1act.(  45.3104248 sig in 20act.)
 RANK 3 NODE 11 -->  39.7828827 sigma out 1act.(  43.4020271 sig in 20act.)
 RANK 4 NODE 8 -->  35.2000656 sigma out 1act.(  40.9434967 sig in 20act.)
 RANK 5 NODE 3 -->  30.7077808 sigma out 1act.(  35.3974152 sig in 20act.)
 RANK 6 NODE 18 -->  27.6637173 sigma out 1act.(  33.976326 sig in 20act.)
 RANK 7 NODE 2 -->  24.737154 sigma out 1act.(  27.4350414 sig in 20act.)
 RANK 8 NODE 4 -->  23.3493652 sigma out 1act.(  26.4893112 sig in 20act.)
 RANK 9 NODE 13 -->  21.0834217 sigma out 1act.(  21.7286034 sig in 20act.)
 RANK 10 NODE 7 -->  19.7210884 sigma out 1act.(  23.3474998 sig in 20act.)
 RANK 11 NODE 1 -->  18.6627522 sigma out 1act.(  25.2379303 sig in 20act.)
 RANK 12 NODE 16 -->  18.609808 sigma out 1act.(  20.9655304 sig in 20act.)
 RANK 13 NODE 19 -->  15.221036 sigma out 1act.(  20.4086685 sig in 20act.)
 RANK 14 NODE 17 -->  13.8768883 sigma out 1act.(  16.2174339 sig in 20act.)
 RANK 15 NODE 12 -->  12.7176847 sigma out 1act.(  17.0142193 sig in 20act.)
 RANK 16 NODE 5 -->  10.3958244 sigma out 1act.(  13.0742159 sig in 20act.)
 RANK 17 NODE 10 -->  6.15527201 sigma out 1act.(  11.4404936 sig in 20act.)
 RANK 18 NODE 15 -->  4.02206564 sigma out 1act.(  8.30666256 sig in 20act.)
 RANK 19 NODE 6 -->  0.943641186 sigma out 1act.(  7.89945555 sig in 20act.)
 SIGNIFICANCE OF INPUTS TO LAYER 3 
 RANK  1 NODE 1 -->  107.079773 sigma in 19 active inputs
  ***********************************************
  *** Learn Path  30
  *** loss function: -0.801085472
  *** contribution from regularisation:  0.00243479945
  *** contribution from error: -0.803520262
  *** contribution from DIAG: -0.00131496636
  ***********************************************
 Iteration No:  30
 **********************************************
 *****  write out current network          ****
 *****      to "rescue.nb"                 ****
 **********************************************
 WRITE NETWORK WEIGHTS TO EXPERTISE
 SAVING EXPERTISE TO rescue.nb
  ENTER BFGS code FG_LNSRCH  -204428.357 -0.356766611  3030.49731
  EXIT FROM BFGS code FG_LNSRCH   0. -0.356074214  0.
  
 ---------------------------------------------------
  
 Iteration :  31
  ***********************************************
  *** Learn Path  31
  *** loss function: -0.800943315
  *** contribution from regularisation:  0.00245181099
  *** contribution from error: -0.803395152
  *** contribution from DIAG: -0.0015107994
  ***********************************************
  ENTER BFGS code FG_LNSRCH  -204442.03 -0.356074214  3020.75
  EXIT FROM BFGS code FG_LNSRCH   0. -0.356074214  0.
  
 ---------------------------------------------------
  
 Iteration :  32
  ***********************************************
  *** Learn Path  32
  *** loss function: -0.800938308
  *** contribution from regularisation:  0.00245676236
  *** contribution from error: -0.803395092
  *** contribution from DIAG: -0.00158859428
  ***********************************************
  ENTER BFGS code FG_LNSRCH  -204460.588 -0.356074214  3021.2041
  EXIT FROM BFGS code NEW_X      -204460.588 -0.356074214  3021.2041
  ENTER BFGS code NEW_X      -204460.588 -0.356074214  3021.2041
  EXIT FROM BFGS code FG_LNSRCH   0. -0.0516485646  0.
  
 ---------------------------------------------------
  
 Iteration :  33
  ***********************************************
  *** Learn Path  33
  *** loss function: -0.612006009
  *** contribution from regularisation:  0.00290719536
  *** contribution from error: -0.614913225
  *** contribution from DIAG: -0.00115150143
  ***********************************************
  ENTER BFGS code FG_LNSRCH  -156214.747 -0.0516485646  926.278564
  EXIT FROM BFGS code FG_LNSRCH   0. -0.332058579  0.
  
 ---------------------------------------------------
  
 Iteration :  34
  ***********************************************
  *** Learn Path  34
  *** loss function: -0.795906067
  *** contribution from regularisation:  0.00235493504
  *** contribution from error: -0.798260987
  *** contribution from DIAG:  0.000703403144
  ***********************************************
  ENTER BFGS code FG_LNSRCH  -202594.577 -0.332058579  2734.14893
  EXIT FROM BFGS code FG_LNSRCH   0. -0.353457779  0.
  
 ---------------------------------------------------
  
 Iteration :  35
  ***********************************************
  *** Learn Path  35
  *** loss function: -0.800460398
  *** contribution from regularisation:  0.00247266982
  *** contribution from error: -0.802933097
  *** contribution from DIAG: -0.000298814615
  ***********************************************
  ENTER BFGS code FG_LNSRCH  -204010.226 -0.353457779  3012.7356
  EXIT FROM BFGS code FG_LNSRCH   0. -0.355897933  0.
  
 ---------------------------------------------------
  
 Iteration :  36
  ***********************************************
  *** Learn Path  36
  *** loss function: -0.800904155
  *** contribution from regularisation:  0.00246040942
  *** contribution from error: -0.803364575
  *** contribution from DIAG: -0.00146194
  ***********************************************
  ENTER BFGS code FG_LNSRCH  -204419.614 -0.355897933  3023.00098
  EXIT FROM BFGS code FG_LNSRCH   0. -0.356064618  0.
  
 ---------------------------------------------------
  
 Iteration :  37
  ***********************************************
  *** Learn Path  37
  *** loss function: -0.800933421
  *** contribution from regularisation:  0.00246003247
  *** contribution from error: -0.803393424
  *** contribution from DIAG: -0.00158929499
  ***********************************************
  ENTER BFGS code FG_LNSRCH  -204459.515 -0.356064618  3022.59058
  EXIT FROM BFGS code FG_LNSRCH   0. -0.35607338  0.
  
 ---------------------------------------------------
  
 Iteration :  38
  ***********************************************
  *** Learn Path  38
  *** loss function: -0.800935507
  *** contribution from regularisation:  0.00245943409
  *** contribution from error: -0.803394914
  *** contribution from DIAG: -0.00162285066
  ***********************************************
  ENTER BFGS code FG_LNSRCH  -204468.6 -0.35607338  3022.72314
  EXIT FROM BFGS code FG_LNSRCH   0. -0.35607338  0.
  
 ---------------------------------------------------
  
 Iteration :  39
  ***********************************************
  *** Learn Path  39
  *** loss function: -0.800935149
  *** contribution from regularisation:  0.00245979312
  *** contribution from error: -0.803394914
  *** contribution from DIAG: -0.0016265536
  ***********************************************
  ENTER BFGS code FG_LNSRCH  -204469.452 -0.35607338  3022.88745
  EXIT FROM BFGS code FG_LNSRCH   0. -0.356068999  0.
  
 ---------------------------------------------------
  
 Iteration :  40
 SIGNIFICANCE OF OUTPUTS IN LAYER 1
 RANK 1 NODE 1 -->  60.4129906 sigma out 19 active outputs
 RANK 2 NODE 10 -->  48.1349182 sigma out 19 active outputs
 RANK 3 NODE 9 -->  32.6584129 sigma out 19 active outputs
 RANK 4 NODE 13 -->  31.3472996 sigma out 19 active outputs
 RANK 5 NODE 5 -->  29.9869595 sigma out 19 active outputs
 RANK 6 NODE 6 -->  27.0580864 sigma out 19 active outputs
 RANK 7 NODE 2 -->  24.762455 sigma out 19 active outputs
 RANK 8 NODE 15 -->  23.453495 sigma out 19 active outputs
 RANK 9 NODE 12 -->  23.0874119 sigma out 19 active outputs
 RANK 10 NODE 3 -->  22.19133 sigma out 19 active outputs
 RANK 11 NODE 4 -->  21.8837452 sigma out 19 active outputs
 RANK 12 NODE 14 -->  21.6194553 sigma out 19 active outputs
 RANK 13 NODE 17 -->  21.532877 sigma out 19 active outputs
 RANK 14 NODE 18 -->  21.3123589 sigma out 19 active outputs
 RANK 15 NODE 7 -->  20.3034954 sigma out 19 active outputs
 RANK 16 NODE 20 -->  19.1836014 sigma out 19 active outputs
 RANK 17 NODE 16 -->  18.5210457 sigma out 19 active outputs
 RANK 18 NODE 11 -->  17.1506176 sigma out 19 active outputs
 RANK 19 NODE 8 -->  16.8224678 sigma out 19 active outputs
 RANK 20 NODE 19 -->  13.7629099 sigma out 19 active outputs
 SIGNIFICANCE OF INPUTS TO LAYER 2 
     sorted by input significance 
 RANK 1 NODE 14 -->  51.2109451 sigma in 20act. (  43.8017044 sig out 1act.)
 RANK 2 NODE 9 -->  45.2642326 sigma in 20act. (  39.8079224 sig out 1act.)
 RANK 3 NODE 11 -->  43.5032425 sigma in 20act. (  39.8223343 sig out 1act.)
 RANK 4 NODE 8 -->  40.8627281 sigma in 20act. (  35.2287331 sig out 1act.)
 RANK 5 NODE 3 -->  35.3789864 sigma in 20act. (  30.6704464 sig out 1act.)
 RANK 6 NODE 18 -->  33.8490105 sigma in 20act. (  27.6930256 sig out 1act.)
 RANK 7 NODE 2 -->  27.4466 sigma in 20act. (  24.781992 sig out 1act.)
 RANK 8 NODE 4 -->  26.5082359 sigma in 20act. (  23.4080353 sig out 1act.)
 RANK 9 NODE 1 -->  25.2503128 sigma in 20act. (  18.6933537 sig out 1act.)
 RANK 10 NODE 7 -->  23.3401089 sigma in 20act. (  19.7801495 sig out 1act.)
 RANK 11 NODE 13 -->  21.6806412 sigma in 20act. (  21.0636806 sig out 1act.)
 RANK 12 NODE 16 -->  21.0220184 sigma in 20act. (  18.6132259 sig out 1act.)
 RANK 13 NODE 19 -->  20.4074097 sigma in 20act. (  15.2937469 sig out 1act.)
 RANK 14 NODE 12 -->  17.1068649 sigma in 20act. (  12.7834187 sig out 1act.)
 RANK 15 NODE 17 -->  16.2275562 sigma in 20act. (  13.8563499 sig out 1act.)
 RANK 16 NODE 5 -->  13.1019306 sigma in 20act. (  10.4538689 sig out 1act.)
 RANK 17 NODE 10 -->  11.4840078 sigma in 20act. (  6.15980434 sig out 1act.)
 RANK 18 NODE 15 -->  8.33271599 sigma in 20act. (  3.99742436 sig out 1act.)
 RANK 19 NODE 6 -->  7.94673681 sigma in 20act. (  0.961040378 sig out 1act.)
     sorted by output significance 
 RANK 1 NODE 14 -->  43.8017044 sigma out 1act.(  51.2109451 sig in 20act.)
 RANK 2 NODE 11 -->  39.8223343 sigma out 1act.(  43.5032425 sig in 20act.)
 RANK 3 NODE 9 -->  39.8079224 sigma out 1act.(  45.2642326 sig in 20act.)
 RANK 4 NODE 8 -->  35.2287331 sigma out 1act.(  40.8627281 sig in 20act.)
 RANK 5 NODE 3 -->  30.6704464 sigma out 1act.(  35.3789864 sig in 20act.)
 RANK 6 NODE 18 -->  27.6930256 sigma out 1act.(  33.8490105 sig in 20act.)
 RANK 7 NODE 2 -->  24.781992 sigma out 1act.(  27.4466 sig in 20act.)
 RANK 8 NODE 4 -->  23.4080353 sigma out 1act.(  26.5082359 sig in 20act.)
 RANK 9 NODE 13 -->  21.0636806 sigma out 1act.(  21.6806412 sig in 20act.)
 RANK 10 NODE 7 -->  19.7801495 sigma out 1act.(  23.3401089 sig in 20act.)
 RANK 11 NODE 1 -->  18.6933537 sigma out 1act.(  25.2503128 sig in 20act.)
 RANK 12 NODE 16 -->  18.6132259 sigma out 1act.(  21.0220184 sig in 20act.)
 RANK 13 NODE 19 -->  15.2937469 sigma out 1act.(  20.4074097 sig in 20act.)
 RANK 14 NODE 17 -->  13.8563499 sigma out 1act.(  16.2275562 sig in 20act.)
 RANK 15 NODE 12 -->  12.7834187 sigma out 1act.(  17.1068649 sig in 20act.)
 RANK 16 NODE 5 -->  10.4538689 sigma out 1act.(  13.1019306 sig in 20act.)
 RANK 17 NODE 10 -->  6.15980434 sigma out 1act.(  11.4840078 sig in 20act.)
 RANK 18 NODE 15 -->  3.99742436 sigma out 1act.(  8.33271599 sig in 20act.)
 RANK 19 NODE 6 -->  0.961040378 sigma out 1act.(  7.94673681 sig in 20act.)
 SIGNIFICANCE OF INPUTS TO LAYER 3 
 RANK  1 NODE 1 -->  107.163765 sigma in 19 active inputs
  ***********************************************
  *** Learn Path  40
  *** loss function: -0.80093497
  *** contribution from regularisation:  0.00245923549
  *** contribution from error: -0.803394198
  *** contribution from DIAG: -0.00161745597
  ***********************************************
 Iteration No:  40
 **********************************************
 *****  write out current network          ****
 *****      to "rescue.nb"                 ****
 **********************************************
 WRITE NETWORK WEIGHTS TO EXPERTISE
 SAVING EXPERTISE TO rescue.nb
  ENTER BFGS code FG_LNSRCH  -204467.087 -0.356068999  3022.96655
  EXIT FROM BFGS code FG_LNSRCH   0. -0.356073231  0.
  
 ---------------------------------------------------
  
 Iteration :  41
  ***********************************************
  *** Learn Path  41
  *** loss function: -0.800935864
  *** contribution from regularisation:  0.00245908718
  *** contribution from error: -0.803394973
  *** contribution from DIAG: -0.00162597431
  ***********************************************
  ENTER BFGS code FG_LNSRCH  -204469.479 -0.356073231  3023.06885
  EXIT FROM BFGS code FG_LNSRCH   0. -0.356073231  0.
  
 ---------------------------------------------------
  
 Iteration :  42
  ***********************************************
  *** Learn Path  42
  *** loss function: -0.800935388
  *** contribution from regularisation:  0.00245953724
  *** contribution from error: -0.803394914
  *** contribution from DIAG: -0.0016270784
  ***********************************************
  ENTER BFGS code FG_LNSRCH  -204469.645 -0.356073231  3023.22168
  EXIT FROM BFGS code FG_LNSRCH   0. -0.356071115  0.
  
 ---------------------------------------------------
  
 Iteration :  43
  ***********************************************
  *** Learn Path  43
  *** loss function: -0.800934792
  *** contribution from regularisation:  0.00245976052
  *** contribution from error: -0.803394556
  *** contribution from DIAG: -0.00162715337
  ***********************************************
  ENTER BFGS code FG_LNSRCH  -204469.514 -0.356071115  3023.41772
  EXIT FROM BFGS code FG_LNSRCH   0. -0.356072962  0.
  
 ---------------------------------------------------
  
 Iteration :  44
  ***********************************************
  *** Learn Path  44
  *** loss function: -0.800935984
  *** contribution from regularisation:  0.00245890627
  *** contribution from error: -0.803394914
  *** contribution from DIAG: -0.00162729272
  ***********************************************
  ENTER BFGS code FG_LNSRCH  -204469.848 -0.356072962  3023.59814
  EXIT FROM BFGS code FG_LNSRCH   0. -0.356072962  0.
  
 ---------------------------------------------------
  
 Iteration :  45
  ***********************************************
  *** Learn Path  45
  *** loss function: -0.800934613
  *** contribution from regularisation:  0.00246029533
  *** contribution from error: -0.803394914
  *** contribution from DIAG: -0.00162730459
  ***********************************************
  ENTER BFGS code FG_LNSRCH  -204469.497 -0.356072962  3023.6189
  EXIT FROM BFGS code FG_LNSRCH   0. -0.356072962  0.
  
 ---------------------------------------------------
  
 Iteration :  46
  ***********************************************
  *** Learn Path  46
  *** loss function: -0.800934851
  *** contribution from regularisation:  0.00246002665
  *** contribution from error: -0.803394854
  *** contribution from DIAG: -0.001627299
  ***********************************************
  ENTER BFGS code FG_LNSRCH  -204469.564 -0.356072962  3023.82227
  EXIT FROM BFGS code NEW_X      -204469.564 -0.356072962  3023.82227
  ENTER BFGS code NEW_X      -204469.564 -0.356072962  3023.82227
  EXIT FROM BFGS code CONVERGENC -204469.564 -0.356072962  3023.82227
  
 ---------------------------------------------------
  
 Iteration :  100
 SIGNIFICANCE OF OUTPUTS IN LAYER 1
 RANK 1 NODE 1 -->  60.4700356 sigma out 19 active outputs
 RANK 2 NODE 10 -->  48.0920563 sigma out 19 active outputs
 RANK 3 NODE 9 -->  32.5358849 sigma out 19 active outputs
 RANK 4 NODE 13 -->  31.4369888 sigma out 19 active outputs
 RANK 5 NODE 5 -->  30.0613403 sigma out 19 active outputs
 RANK 6 NODE 6 -->  27.0611248 sigma out 19 active outputs
 RANK 7 NODE 2 -->  24.7165089 sigma out 19 active outputs
 RANK 8 NODE 15 -->  23.4939079 sigma out 19 active outputs
 RANK 9 NODE 12 -->  23.0052242 sigma out 19 active outputs
 RANK 10 NODE 3 -->  22.248806 sigma out 19 active outputs
 RANK 11 NODE 4 -->  21.7857037 sigma out 19 active outputs
 RANK 12 NODE 14 -->  21.7349167 sigma out 19 active outputs
 RANK 13 NODE 17 -->  21.480608 sigma out 19 active outputs
 RANK 14 NODE 18 -->  21.2636051 sigma out 19 active outputs
 RANK 15 NODE 7 -->  20.3831291 sigma out 19 active outputs
 RANK 16 NODE 20 -->  19.2544117 sigma out 19 active outputs
 RANK 17 NODE 16 -->  18.5741997 sigma out 19 active outputs
 RANK 18 NODE 11 -->  17.193428 sigma out 19 active outputs
 RANK 19 NODE 8 -->  16.8336105 sigma out 19 active outputs
 RANK 20 NODE 19 -->  13.7588081 sigma out 19 active outputs
 SIGNIFICANCE OF INPUTS TO LAYER 2 
     sorted by input significance 
 RANK 1 NODE 14 -->  51.2372246 sigma in 20act. (  43.787529 sig out 1act.)
 RANK 2 NODE 9 -->  45.2478867 sigma in 20act. (  39.929657 sig out 1act.)
 RANK 3 NODE 11 -->  43.5083313 sigma in 20act. (  39.8670311 sig out 1act.)
 RANK 4 NODE 8 -->  40.8527603 sigma in 20act. (  35.3122292 sig out 1act.)
 RANK 5 NODE 3 -->  35.3916245 sigma in 20act. (  30.7079773 sig out 1act.)
 RANK 6 NODE 18 -->  33.8916931 sigma in 20act. (  27.6471844 sig out 1act.)
 RANK 7 NODE 2 -->  27.4668064 sigma in 20act. (  24.6773968 sig out 1act.)
 RANK 8 NODE 4 -->  26.5325489 sigma in 20act. (  23.4000015 sig out 1act.)
 RANK 9 NODE 1 -->  25.2379055 sigma in 20act. (  18.7138081 sig out 1act.)
 RANK 10 NODE 7 -->  23.3448391 sigma in 20act. (  19.7452641 sig out 1act.)
 RANK 11 NODE 13 -->  21.7200222 sigma in 20act. (  21.0504131 sig out 1act.)
 RANK 12 NODE 16 -->  21.0049534 sigma in 20act. (  18.6397648 sig out 1act.)
 RANK 13 NODE 19 -->  20.4092865 sigma in 20act. (  15.2517271 sig out 1act.)
 RANK 14 NODE 12 -->  17.1326218 sigma in 20act. (  12.7414789 sig out 1act.)
 RANK 15 NODE 17 -->  16.2404842 sigma in 20act. (  13.8275223 sig out 1act.)
 RANK 16 NODE 5 -->  13.1090803 sigma in 20act. (  10.4318419 sig out 1act.)
 RANK 17 NODE 10 -->  11.4963417 sigma in 20act. (  6.16647911 sig out 1act.)
 RANK 18 NODE 15 -->  8.33380699 sigma in 20act. (  4.00495672 sig out 1act.)
 RANK 19 NODE 6 -->  7.94817781 sigma in 20act. (  0.961371541 sig out 1act.)
     sorted by output significance 
 RANK 1 NODE 14 -->  43.787529 sigma out 1act.(  51.2372246 sig in 20act.)
 RANK 2 NODE 9 -->  39.929657 sigma out 1act.(  45.2478867 sig in 20act.)
 RANK 3 NODE 11 -->  39.8670311 sigma out 1act.(  43.5083313 sig in 20act.)
 RANK 4 NODE 8 -->  35.3122292 sigma out 1act.(  40.8527603 sig in 20act.)
 RANK 5 NODE 3 -->  30.7079773 sigma out 1act.(  35.3916245 sig in 20act.)
 RANK 6 NODE 18 -->  27.6471844 sigma out 1act.(  33.8916931 sig in 20act.)
 RANK 7 NODE 2 -->  24.6773968 sigma out 1act.(  27.4668064 sig in 20act.)
 RANK 8 NODE 4 -->  23.4000015 sigma out 1act.(  26.5325489 sig in 20act.)
 RANK 9 NODE 13 -->  21.0504131 sigma out 1act.(  21.7200222 sig in 20act.)
 RANK 10 NODE 7 -->  19.7452641 sigma out 1act.(  23.3448391 sig in 20act.)
 RANK 11 NODE 1 -->  18.7138081 sigma out 1act.(  25.2379055 sig in 20act.)
 RANK 12 NODE 16 -->  18.6397648 sigma out 1act.(  21.0049534 sig in 20act.)
 RANK 13 NODE 19 -->  15.2517271 sigma out 1act.(  20.4092865 sig in 20act.)
 RANK 14 NODE 17 -->  13.8275223 sigma out 1act.(  16.2404842 sig in 20act.)
 RANK 15 NODE 12 -->  12.7414789 sigma out 1act.(  17.1326218 sig in 20act.)
 RANK 16 NODE 5 -->  10.4318419 sigma out 1act.(  13.1090803 sig in 20act.)
 RANK 17 NODE 10 -->  6.16647911 sigma out 1act.(  11.4963417 sig in 20act.)
 RANK 18 NODE 15 -->  4.00495672 sigma out 1act.(  8.33380699 sig in 20act.)
 RANK 19 NODE 6 -->  0.961371541 sigma out 1act.(  7.94817781 sig in 20act.)
 SIGNIFICANCE OF INPUTS TO LAYER 3 
 RANK  1 NODE 1 -->  107.203339 sigma in 19 active inputs
  ***********************************************
  *** Learn Path  100
  *** loss function: -0.800934792
  *** contribution from regularisation:  0.0024601107
  *** contribution from error: -0.803394914
  *** contribution from DIAG: -0.00162950077
  ***********************************************
 -----------------> Test sample
 END OF LEARNING , export EXPERTISE
 WRITE NETWORK WEIGHTS TO EXPERTISE
 SAVING EXPERTISE TO mumuhighmass_noip.nb
 NB_AHISTOUT: storage space 60674
