
       <<            hh                    tt  >> 
     <<              hh       ii           tt    >>
   <<                hh                  tttttt    >>
 <<        ppppp     hhhhhh   ii           tt        >>
   <<      pp  pp    hhh  hh  ii  -----    tt      >>
     <<    pp  pp    hh   hh  ii  -----    tt    >>
       <<  ppppp     hh   hh  ii           tt  >>
           pp          
           pp  //////////////////////////////
           pp  \\\\\\\\\\\\\\\   Phi-T(R) NeuroBayes(R) Teacher
      
  Algorithms by Michael Feindt 
  Implementation by Phi-T Project 2001-2003
  Copyright Phi-T GmbH 
  Version  20101206
  Library compiled with:
   NB_MAXPATTERN= 1500000
   NB_MAXNODE   = 100
  -----------------------------------
 found 254771 samples to learn from

 preprocessing flags/parameters:
 global preprocessing flag: 612
 individual preprocessing:
 variable # 2 : PreproFlag = 14
    parameter # 1 =  0.
    parameter # 2 =  0.
    parameter # 3 =  0.
    parameter # 4 =  0.
    parameter # 5 =  0.
    parameter # 6 =  0.
    parameter # 7 =  0.
    parameter # 8 =  0.
    parameter # 9 =  0.
    parameter # 10 =  0.
 variable # 3 : PreproFlag = 14
    parameter # 1 =  0.
    parameter # 2 =  0.
    parameter # 3 =  0.
    parameter # 4 =  0.
    parameter # 5 =  0.
    parameter # 6 =  0.
    parameter # 7 =  0.
    parameter # 8 =  0.
    parameter # 9 =  0.
    parameter # 10 =  0.
 variable # 4 : PreproFlag = 14
    parameter # 1 =  0.
    parameter # 2 =  0.
    parameter # 3 =  0.
    parameter # 4 =  0.
    parameter # 5 =  0.
    parameter # 6 =  0.
    parameter # 7 =  0.
    parameter # 8 =  0.
    parameter # 9 =  0.
    parameter # 10 =  0.
 variable # 5 : PreproFlag = 14
    parameter # 1 =  0.
    parameter # 2 =  0.
    parameter # 3 =  0.
    parameter # 4 =  0.
    parameter # 5 =  0.
    parameter # 6 =  0.
    parameter # 7 =  0.
    parameter # 8 =  0.
    parameter # 9 =  0.
    parameter # 10 =  0.
 variable # 6 : PreproFlag = 14
    parameter # 1 =  0.
    parameter # 2 =  0.
    parameter # 3 =  0.
    parameter # 4 =  0.
    parameter # 5 =  0.
    parameter # 6 =  0.
    parameter # 7 =  0.
    parameter # 8 =  0.
    parameter # 9 =  0.
    parameter # 10 =  0.
 variable # 7 : PreproFlag = 14
    parameter # 1 =  0.
    parameter # 2 =  0.
    parameter # 3 =  0.
    parameter # 4 =  0.
    parameter # 5 =  0.
    parameter # 6 =  0.
    parameter # 7 =  0.
    parameter # 8 =  0.
    parameter # 9 =  0.
    parameter # 10 =  0.
 variable # 8 : PreproFlag = 14
    parameter # 1 =  0.
    parameter # 2 =  0.
    parameter # 3 =  0.
    parameter # 4 =  0.
    parameter # 5 =  0.
    parameter # 6 =  0.
    parameter # 7 =  0.
    parameter # 8 =  0.
    parameter # 9 =  0.
    parameter # 10 =  0.
 variable # 9 : PreproFlag = 14
    parameter # 1 =  0.
    parameter # 2 =  0.
    parameter # 3 =  0.
    parameter # 4 =  0.
    parameter # 5 =  0.
    parameter # 6 =  0.
    parameter # 7 =  0.
    parameter # 8 =  0.
    parameter # 9 =  0.
    parameter # 10 =  0.
 variable # 10 : PreproFlag = 15
    parameter # 1 =  0.
    parameter # 2 =  0.
    parameter # 3 =  0.
    parameter # 4 =  0.
    parameter # 5 =  0.
    parameter # 6 =  0.
    parameter # 7 =  0.
    parameter # 8 =  0.
    parameter # 9 =  0.
    parameter # 10 =  0.
 variable # 11 : PreproFlag = 14
    parameter # 1 =  0.
    parameter # 2 =  0.
    parameter # 3 =  0.
    parameter # 4 =  0.
    parameter # 5 =  0.
    parameter # 6 =  0.
    parameter # 7 =  0.
    parameter # 8 =  0.
    parameter # 9 =  0.
    parameter # 10 =  0.
 variable # 12 : PreproFlag = 14
    parameter # 1 =  0.
    parameter # 2 =  0.
    parameter # 3 =  0.
    parameter # 4 =  0.
    parameter # 5 =  0.
    parameter # 6 =  0.
    parameter # 7 =  0.
    parameter # 8 =  0.
    parameter # 9 =  0.
    parameter # 10 =  0.
 variable # 13 : PreproFlag = 14
    parameter # 1 =  0.
    parameter # 2 =  0.
    parameter # 3 =  0.
    parameter # 4 =  0.
    parameter # 5 =  0.
    parameter # 6 =  0.
    parameter # 7 =  0.
    parameter # 8 =  0.
    parameter # 9 =  0.
    parameter # 10 =  0.
 variable # 14 : PreproFlag = 14
    parameter # 1 =  0.
    parameter # 2 =  0.
    parameter # 3 =  0.
    parameter # 4 =  0.
    parameter # 5 =  0.
    parameter # 6 =  0.
    parameter # 7 =  0.
    parameter # 8 =  0.
    parameter # 9 =  0.
    parameter # 10 =  0.
 variable # 15 : PreproFlag = 14
    parameter # 1 =  0.
    parameter # 2 =  0.
    parameter # 3 =  0.
    parameter # 4 =  0.
    parameter # 5 =  0.
    parameter # 6 =  0.
    parameter # 7 =  0.
    parameter # 8 =  0.
    parameter # 9 =  0.
    parameter # 10 =  0.
 variable # 16 : PreproFlag = 34
    parameter # 1 =  0.
    parameter # 2 =  0.
    parameter # 3 =  0.
    parameter # 4 =  0.
    parameter # 5 =  0.
    parameter # 6 =  0.
    parameter # 7 =  0.
    parameter # 8 =  0.
    parameter # 9 =  0.
    parameter # 10 =  0.
 variable # 17 : PreproFlag = 34
    parameter # 1 =  0.
    parameter # 2 =  0.
    parameter # 3 =  0.
    parameter # 4 =  0.
    parameter # 5 =  0.
    parameter # 6 =  0.
    parameter # 7 =  0.
    parameter # 8 =  0.
    parameter # 9 =  0.
    parameter # 10 =  0.
 variable # 18 : PreproFlag = 34
    parameter # 1 =  0.
    parameter # 2 =  0.
    parameter # 3 =  0.
    parameter # 4 =  0.
    parameter # 5 =  0.
    parameter # 6 =  0.
    parameter # 7 =  0.
    parameter # 8 =  0.
    parameter # 9 =  0.
    parameter # 10 =  0.
 variable # 19 : PreproFlag = 34
    parameter # 1 =  0.
    parameter # 2 =  0.
    parameter # 3 =  0.
    parameter # 4 =  0.
    parameter # 5 =  0.
    parameter # 6 =  0.
    parameter # 7 =  0.
    parameter # 8 =  0.
    parameter # 9 =  0.
    parameter # 10 =  0.
 variable # 20 : PreproFlag = 34
    parameter # 1 =  0.
    parameter # 2 =  0.
    parameter # 3 =  0.
    parameter # 4 =  0.
    parameter # 5 =  0.
    parameter # 6 =  0.
    parameter # 7 =  0.
    parameter # 8 =  0.
    parameter # 9 =  0.
    parameter # 10 =  0.
 variable # 21 : PreproFlag = 34
    parameter # 1 =  0.
    parameter # 2 =  0.
    parameter # 3 =  0.
    parameter # 4 =  0.
    parameter # 5 =  0.
    parameter # 6 =  0.
    parameter # 7 =  0.
    parameter # 8 =  0.
    parameter # 9 =  0.
    parameter # 10 =  0.
 variable # 22 : PreproFlag = 34
    parameter # 1 =  0.
    parameter # 2 =  0.
    parameter # 3 =  0.
    parameter # 4 =  0.
    parameter # 5 =  0.
    parameter # 6 =  0.
    parameter # 7 =  0.
    parameter # 8 =  0.
    parameter # 9 =  0.
    parameter # 10 =  0.
 variable # 23 : PreproFlag = 34
    parameter # 1 =  0.
    parameter # 2 =  0.
    parameter # 3 =  0.
    parameter # 4 =  0.
    parameter # 5 =  0.
    parameter # 6 =  0.
    parameter # 7 =  0.
    parameter # 8 =  0.
    parameter # 9 =  0.
    parameter # 10 =  0.
 variable # 24 : PreproFlag = 34
    parameter # 1 =  0.
    parameter # 2 =  0.
    parameter # 3 =  0.
    parameter # 4 =  0.
    parameter # 5 =  0.
    parameter # 6 =  0.
    parameter # 7 =  0.
    parameter # 8 =  0.
    parameter # 9 =  0.
    parameter # 10 =  0.
 variable # 25 : PreproFlag = 34
    parameter # 1 =  0.
    parameter # 2 =  0.
    parameter # 3 =  0.
    parameter # 4 =  0.
    parameter # 5 =  0.
    parameter # 6 =  0.
    parameter # 7 =  0.
    parameter # 8 =  0.
    parameter # 9 =  0.
    parameter # 10 =  0.

 Using weight factor:  1.
 now perform preprocessing
 ***  called with option   12
 ***  This will do for you:
 ***    input variable equalisation 
 ***    to Gaussian distribution with mean=0 and sigma=1
 ***    Then variables are decorrelated 
 ************************************
 The SPLOT flag is set to 1
 Signal fraction:  16.6683254 %
 ------------------------------
 Transdef: Tab for variable  1   -0.219721004 -0.219721004 -0.219721004
 -0.219721004 -0.219721004 -0.219721004 -0.219721004 -0.219721004 -0.219721004
 -0.219721004 -0.219721004 -0.219721004 -0.219721004 -0.219721004 -0.219721004
 -0.219721004 -0.219721004 -0.219721004 -0.219721004 -0.219721004 -0.219721004
 -0.219721004 -0.219721004 -0.219721004 -0.219721004 -0.219721004 -0.219721004
 -0.219721004 -0.219721004 -0.219721004 -0.219721004 -0.219721004 -0.219721004
 -0.219721004 -0.219721004 -0.219721004 -0.219721004 -0.219721004 -0.219721004
 -0.219721004 -0.219721004 -0.219721004 -0.219721004 -0.219721004 -0.219721004
 -0.219721004 -0.219721004 -0.219721004 -0.219721004 -0.219721004 -0.219721004
 -0.219721004 -0.219721004 -0.219721004 -0.219721004 -0.219721004 -0.219721004
 -0.219721004 -0.219721004 -0.219721004 -0.219721004 -0.219721004 -0.219721004
 -0.219721004 -0.219721004 -0.219721004 -0.219721004 -0.219721004 -0.219721004
  1.00476003  1.00476003  1.00476003  1.00476003  1.00476003  1.00476003
  1.00476003  1.00476003  1.00476003  1.00476003  1.00476003  1.00476003
  1.00476003  1.00476003  1.00476003  1.00476003  1.00476003  1.00476003
  1.00476003  1.00476003  1.00476003  1.00476003  1.00476003  1.00476003
  1.00476003  1.00476003  1.00476003  1.00476003  1.00476003  1.00476003
  1.00476003  1.00476003
 ------------------------------
 Transdef: Tab for variable  2    1.00004482  1.06600547  1.13152969  1.1987282
  1.26777983  1.33707666  1.4077301  1.47831559  1.54927301  1.61922407
  1.68872833  1.75459421  1.81894827  1.88084042  1.94233882  1.9989264
  2.05654454  2.11211896  2.16809464  2.22365236  2.27626085  2.33151221
  2.38690567  2.44065499  2.49551463  2.54963923  2.60390329  2.65655136
  2.70889783  2.76164818  2.81350994  2.86642456  2.91751099  2.97064352
  3.02266932  3.07287741  3.12560892  3.17756796  3.22851825  3.279387
  3.3310461  3.38273811  3.43502045  3.48697615  3.53917837  3.59179783
  3.64326477  3.69550109  3.74831676  3.80218124  3.85630512  3.91197228
  3.9673214  4.02162838  4.07901859  4.13566971  4.19489765  4.25327969
  4.31102371  4.37018108  4.43219185  4.49462986  4.55794525  4.62575817
  4.69206524  4.75964975  4.82902622  4.90184402  4.97641182  5.05007696
  5.12735844  5.20651674  5.2886219  5.37069798  5.45875168  5.55167055
  5.6483407  5.75027943  5.85449028  5.96683025  6.08246231  6.20737362
  6.33808517  6.47818804  6.63238525  6.79677296  6.9771862  7.16978455
  7.38722992  7.61417818  7.87972498  8.17168713  8.51605606  8.90381622
  9.3648901  9.96400833  10.6904755  11.678545  13.1610451  15.8272038
  1930.52856
 do regularised spline fit for input variable # 2
 ------------------------------
 Transdef: Tab for variable  3    1.00000155  1.05783975  1.11438298
  1.17450738  1.23669732  1.3005271  1.36161709  1.42629123  1.48807859
  1.55231214  1.6164602  1.68110347  1.74547136  1.80859041  1.86532712
  1.92131877  1.97649264  2.03094864  2.08547115  2.14012766  2.19643569
  2.24898291  2.3043294  2.35954475  2.41370106  2.46825528  2.52281046
  2.57637358  2.6289072  2.68139672  2.7345202  2.784091  2.83350921
  2.88696527  2.93909073  2.99088669  3.04194307  3.0929811  3.14268541
  3.19499922  3.24780917  3.30087233  3.35125828  3.40143776  3.45344472
  3.50490832  3.55559778  3.60730219  3.65874052  3.71201301  3.76450396
  3.82059097  3.87505913  3.93162727  3.98556304  4.04233313  4.09965181
  4.15804577  4.21610975  4.27481556  4.33572102  4.39822483  4.46058559
  4.52679729  4.59431553  4.66105795  4.72951555  4.80123138  4.87375641
  4.95088863  5.02965593  5.10624027  5.1868329  5.26868057  5.35638809
  5.44536686  5.54160404  5.63892746  5.73729324  5.84837246  5.96663284
  6.08837843  6.21550465  6.34913826  6.49258995  6.65078068  6.81959534
  7.007164  7.21103477  7.44089413  7.70398903  7.99508667  8.32128525
  8.69883347  9.1536684  9.72812462  10.4374266  11.3571587  12.8302832
  15.4647865  748.502441
 do regularised spline fit for input variable # 3
 ------------------------------
 Transdef: Tab for variable  4   -0.999598444 -0.980236709 -0.973259687
 -0.965830386 -0.957877755 -0.949864864 -0.941458464 -0.933060288 -0.924417853
 -0.915687203 -0.90682447 -0.897734761 -0.888597608 -0.879065633 -0.869309425
 -0.859230042 -0.849122107 -0.839084029 -0.828390181 -0.817235231 -0.805160642
 -0.793097496 -0.780402839 -0.767768621 -0.754069448 -0.739191175 -0.723789573
 -0.707874894 -0.690585256 -0.673030317 -0.654308319 -0.634265423 -0.614442945
 -0.592398286 -0.570402622 -0.546764791 -0.522615016 -0.497781754 -0.472116679
 -0.444297731 -0.415801287 -0.384197146 -0.351527184 -0.318428814 -0.282901913
 -0.246463537 -0.204415292 -0.161625832 -0.117558032 -0.0716923475
 -0.0236057937  0.02429685  0.0723676682  0.117955297  0.160656869  0.203348994
  0.243842244  0.281805396  0.316591501  0.351441473  0.384380996  0.414559484
  0.443583518  0.471594602  0.498155147  0.52385056  0.548107445  0.571453214
  0.593230247  0.614025712  0.634181857  0.653367043  0.672118068  0.689784348
  0.706348181  0.722946763  0.738352597  0.752674699  0.766541481  0.779837787
  0.792558849  0.804733992  0.816453099  0.828289509  0.83916688  0.849666297
  0.860039353  0.870021939  0.879800916  0.889843524  0.899113178  0.908304334
  0.917411089  0.926489711  0.93519938  0.943698168  0.952598214  0.961789727
  0.97054714  0.978979945  0.999517322
 do regularised spline fit for input variable # 4
 ------------------------------
 Transdef: Tab for variable  5    0.000746395555  0.0588741228  0.0708126724
  0.0795284808  0.0873869359  0.0945318788  0.101026386  0.107173502
  0.11282745  0.118346252  0.123516753  0.128621578  0.13307929  0.137586594
  0.141746968  0.145933717  0.149917662  0.153725728  0.157428503  0.16109097
  0.164514333  0.167905316  0.17127201  0.174509719  0.177475274  0.180572361
  0.183491409  0.186322272  0.18918854  0.191931665  0.194703281  0.197363302
  0.200079918  0.202717513  0.205235362  0.207744956  0.210275143  0.212707818
  0.215174168  0.217576444  0.219942123  0.222237527  0.224533215  0.226873249
  0.22912547  0.231404632  0.233697861  0.235967338  0.238133073  0.240377635
  0.242537588  0.244695485  0.246865332  0.249103948  0.251266301  0.253482044
  0.255627275  0.257863462  0.260042161  0.262317777  0.264584839  0.266852289
  0.269039869  0.271356225  0.273742318  0.276109278  0.278485715  0.281099021
  0.283725023  0.286315352  0.288951159  0.291672081  0.294407368  0.29733783
  0.300290525  0.303350985  0.306527257  0.309809178  0.313106418  0.316691995
  0.32031545  0.324063718  0.327917874  0.33194834  0.336298704  0.340725064
  0.34562391  0.350860357  0.35632965  0.362165153  0.36849016  0.375519753
  0.383382857  0.392153978  0.402084351  0.413638622  0.427967787  0.446229607
  0.471054286  0.509636402  0.725515306
 do regularised spline fit for input variable # 5
 ------------------------------
 Transdef: Tab for variable  6    1.33930371E-06  0.0107225133  0.0222766884
  0.034694992  0.0472068489  0.0610026941  0.0751099512  0.0897617489
  0.105305031  0.121881053  0.139265835  0.157185197  0.175661743  0.195460528
  0.214557737  0.234605819  0.256434083  0.279046118  0.302097678  0.32638824
  0.352466941  0.379575133  0.408620596  0.437913805  0.467682093  0.500305653
  0.5340361  0.56903863  0.606185138  0.645065248  0.686926961  0.730069399
  0.77567637  0.821540833  0.872036278  0.924561143  0.981150985  1.04079509
  1.10266185  1.16768885  1.23680782  1.30961275  1.38561964  1.4698292
  1.5603888  1.65370536  1.7544651  1.85945535  1.97317004  2.09331465
  2.22424126  2.36659026  2.51768208  2.68918657  2.87253141  3.06538248
  3.27833247  3.51679468  3.77434206  4.04539967  4.33096313  4.63264465
  4.93704939  5.2553215  5.58242464  5.90648508  6.2508564  6.62181759
  7.01010418  7.40332651  7.82343197  8.27764511  8.77110958  9.29307175
  9.88615036  10.5595388  11.3117142  12.1277514  13.0849543  14.1854763
  15.4189243  16.8944759  18.6880112  20.6846905  23.2258301  26.1809158
  29.7552223  34.1968498  39.6377907  46.6466827  55.2719727  66.3236313
  80.8051071  99.2914581  125.375839  164.367157  220.963318  321.592133
  518.975647  1093.96289  8757423.
 do regularised spline fit for input variable # 6
 ------------------------------
 Transdef: Tab for variable  7    2.094622E-06  0.0108834356  0.0228146985
  0.035557285  0.048214063  0.0622502714  0.0765945092  0.0924844593
  0.108786076  0.124854401  0.142296836  0.160924196  0.179543316  0.199199528
  0.220154971  0.242379978  0.265484005  0.289037347  0.313710719  0.33929044
  0.365603834  0.392546624  0.422117829  0.452856153  0.485203654  0.51839608
  0.553220391  0.589401364  0.62873286  0.66850853  0.710256636  0.753862619
  0.800587535  0.848533511  0.900194645  0.954482317  1.01324415  1.07452846
  1.13842106  1.20549679  1.27651739  1.35255766  1.42771912  1.51502037
  1.60516691  1.70204759  1.80714881  1.92000318  2.04069161  2.17144251
  2.30901575  2.4548173  2.61790204  2.78870463  2.97271156  3.17804956
  3.40070057  3.64045978  3.90514374  4.18642139  4.47071838  4.78780556
  5.09987736  5.422616  5.74635124  6.08401775  6.4438405  6.80177212
  7.18384171  7.58074856  7.99162626  8.46091747  8.95993996  9.49281693
  10.1190434  10.7918129  11.5291805  12.3837719  13.3534765  14.4706926
  15.7738991  17.2651405  19.0316544  21.1270809  23.5451164  26.6236267
  30.409647  34.8426666  40.2888565  47.2212753  56.0098877  67.0881958
  81.5083771  100.764099  126.809448  164.665619  222.678955  319.265289
  516.999817  1059.32214  5053846.5
 do regularised spline fit for input variable # 7
 ------------------------------
 Transdef: Tab for variable  8   -12.4943638 -6.12571096 -4.41190386
 -3.43418884 -2.70157981 -2.06636524 -1.47576189 -0.942753613 -0.443416268
 -0.0193927735  0.338299751  0.679957151  0.973971486  1.23044777  1.44773746
  1.63877726  1.80906963  1.96582127  2.10470009  2.24028301  2.37201929
  2.49673057  2.61892557  2.73569822  2.84874797  2.96890545  3.08426332
  3.19881773  3.31059456  3.42120838  3.52720928  3.6260705  3.719203
  3.80519247  3.89194679  3.96884394  4.03142452  4.08250904  4.12441015
  4.15971994  4.18994045  4.2162981  4.24365997  4.29798746  4.38044024
  4.47851992  4.5816288  4.67972136  4.77472878  4.8708744  4.96801376
  5.06375217  5.16007471  5.25201321  5.3401413  5.41674614  5.48382854
  5.55460739  5.63902378  5.72867107  5.81873941  5.90831757  5.99670601
  6.07957268  6.16398144  6.24823999  6.32891417  6.41063166  6.49269676
  6.56766891  6.64292145  6.71619081  6.78715038  6.86048508  6.93537426
  7.00614214  7.07940102  7.15172958  7.22646189  7.30124283  7.3702426
  7.43910789  7.50818014  7.58121538  7.65372229  7.7291379  7.80904198
  7.89304447  7.97633076  8.06550789  8.16471386  8.27256775  8.39006042
  8.52552223  8.69811821  8.93068504  9.23278236  9.65333557  10.2772522
  11.1747036  14.3414612
 do regularised spline fit for input variable # 8
 ------------------------------
 Transdef: Tab for variable  9   -12.5396748 -6.58864689 -4.72188282
 -3.64471483 -2.85134363 -2.16853094 -1.53380847 -0.985170364 -0.494680256
 -0.073625885  0.315492392  0.668903232  0.984849393  1.24690843  1.4700737
  1.66499305  1.83221853  1.98555589  2.12441111  2.25992727  2.39079213
  2.51730466  2.63818145  2.75904274  2.88321042  3.0026989  3.12154055
  3.23679733  3.34891868  3.45966506  3.55865884  3.65445185  3.74837685
  3.83930779  3.92190695  3.99375248  4.05333614  4.09978247  4.13809776
  4.17208099  4.20145988  4.22783995  4.26300001  4.33275604  4.42992878
  4.53180361  4.63511324  4.7325449  4.83090734  4.92540741  5.02208138
  5.11666632  5.20664787  5.29692698  5.38196468  5.45411682  5.52085781
  5.60237503  5.6912756  5.77672386  5.86326981  5.9503994  6.03372717
  6.1154294  6.19894123  6.28267527  6.36650562  6.44602013  6.52711344
  6.60503054  6.67891407  6.75336885  6.82640791  6.89951229  6.97250938
  7.04012299  7.11193466  7.18140125  7.25486088  7.32567596  7.39673805
  7.46500826  7.53843212  7.60836411  7.6831274  7.75999069  7.8383522
  7.9224205  8.01247978  8.10431099  8.20435143  8.3136425  8.44048691
  8.58053493  8.76616764  8.99907875  9.32248974  9.7634697  10.3882132
  11.2717457  14.7372913
 do regularised spline fit for input variable # 9
 ------------------------------
 Transdef: Tab for variable  10    1.42501372E-10  0.000439110736
  0.00175865483  0.00387491286  0.00700196903  0.0108830072  0.0156275742
  0.0214428529  0.0280134454  0.0354557149  0.0438656509  0.0534356609
  0.0636287332  0.0745984763  0.0872720778  0.100539148  0.114565358
  0.129119724  0.145217031  0.162236765  0.180063188  0.19909893  0.219039515
  0.23962298  0.262324512  0.28487426  0.309317827  0.335308135  0.36237812
  0.391443878  0.421872437  0.452469587  0.484899342  0.518596411  0.552790523
  0.588665009  0.626074314  0.664364457  0.70669198  0.751276314  0.795019269
  0.841381967  0.889566422  0.937939525  0.991071343  1.0440495  1.10095692
  1.16009784  1.22187829  1.28674352  1.3519038  1.41914034  1.49037826
  1.56436217  1.64048719  1.72539568  1.81102014  1.89942622  1.99073625
  2.08527517  2.18826866  2.29585075  2.4046123  2.51735878  2.64124179
  2.76797295  2.90119147  3.04141998  3.18467712  3.33560777  3.49694443
  3.66412115  3.84034681  4.03104687  4.23308611  4.45022869  4.67797232
  4.92124176  5.1833148  5.44998503  5.74212313  6.05722618  6.39475441
  6.76473999  7.14606667  7.554636  7.99755383  8.48092079  9.00196552
  9.57654381  10.1989784  10.866869  11.5896549  12.3749943  13.224987
  14.1286526  15.1253424  16.210865  17.3820877  18.6323929  19.9993744
 do monotonous regularised spline fit for input var # 10
 ------------------------------
 Transdef: Tab for variable  11    0.00399818411  0.457977891  0.647796273
  0.796122134  0.925407887  1.03973746  1.14277613  1.23746967  1.32886076
  1.41504169  1.50201201  1.58467412  1.6629976  1.73910427  1.81439257
  1.8873713  1.958354  2.02919817  2.09944892  2.1705308  2.23919845
  2.30692482  2.37399292  2.44218946  2.50919747  2.5752759  2.63921094
  2.70398045  2.76802015  2.8334589  2.89767838  2.96390104  3.0294776
  3.09466934  3.15832376  3.22490549  3.29035568  3.35673857  3.42201233
  3.48914075  3.5558033  3.62331915  3.69186044  3.75846195  3.82816601
  3.89748001  3.9661684  4.03602886  4.10647869  4.17606831  4.24660778
  4.32117271  4.39330196  4.46610498  4.54064369  4.61522961  4.68925953
  4.76464415  4.84108162  4.92178345  4.99482822  5.07723188  5.16042614
  5.24339676  5.33023882  5.4168787  5.50451422  5.59657001  5.69622803
  5.79208469  5.89762878  6.0017662  6.11024809  6.22558212  6.34723568
  6.47310448  6.60497284  6.74020672  6.88464499  7.03443146  7.1881032
  7.35071468  7.52673721  7.71238947  7.91147614  8.1210165  8.35202789
  8.60728455  8.88955975  9.17642593  9.5130024  9.89064026  10.3228245
  10.8156834  11.3904457  12.0910282  12.9729128  14.1133785  15.7216721
  18.712801  1803.18115
 do regularised spline fit for input variable # 11
 ------------------------------
 Transdef: Tab for variable  12    0.0173270814  0.0214595236  0.0220778696
  0.0224985629  0.0228361879  0.0231153332  0.0233658161  0.0235910285
  0.0238019004  0.0239933133  0.0241721869  0.0243489146  0.024519287
  0.0246840511  0.0248424411  0.0249922872  0.025134299  0.0252792798
  0.0254126806  0.0255489796  0.0256836452  0.0258197524  0.0259509776
  0.026078064  0.0262083318  0.0263369866  0.0264655761  0.0265958291
  0.026722759  0.0268458743  0.0269741714  0.0271062665  0.027235074
  0.0273691621  0.0275019445  0.0276329629  0.0277668312  0.0279028043
  0.0280341059  0.0281755254  0.0283168703  0.0284599718  0.0285983197
  0.028743403  0.0288851075  0.0290299095  0.0291850939  0.0293366984
  0.0294921603  0.029651165  0.0298148375  0.0299769584  0.0301466398
  0.0303173419  0.0304956287  0.0306726545  0.0308541618  0.0310440622
  0.0312396772  0.0314413831  0.0316512287  0.0318644159  0.0320793167
  0.0323094651  0.0325445384  0.0327805206  0.0330348238  0.0332932696
  0.0335665382  0.0338397212  0.0341344997  0.0344315842  0.0347564854
  0.0351062268  0.0354588032  0.0358324349  0.0362374298  0.0366641507
  0.0370971709  0.0375729874  0.038083896  0.0386112928  0.0391913354
  0.0398059934  0.040466249  0.0412094332  0.0419784188  0.0428429022
  0.0437535718  0.0448023342  0.0459362641  0.0471536517  0.0485274978
  0.0501466468  0.0520514771  0.0542224646  0.056732282  0.0597819053
  0.0643410385  0.0762805864  7773.79736
 do regularised spline fit for input variable # 12
 ------------------------------
 Transdef: Tab for variable  13    3.55864813E-06  0.0155734587  0.0322028622
  0.0500196442  0.0689666271  0.0890700668  0.110713929  0.132916808
  0.156286538  0.180591986  0.206145972  0.233314127  0.261545241  0.290391952
  0.322034836  0.355421066  0.389796227  0.425697982  0.463626713  0.504636168
  0.544855833  0.588581204  0.635111094  0.684629679  0.735515296  0.788502634
  0.842288256  0.901402295  0.963251293  1.02654433  1.09424186  1.16472626
  1.23833954  1.31383181  1.39348269  1.4803412  1.57376695  1.668818
  1.76720142  1.87096357  1.97901511  2.09534216  2.21220374  2.34122872
  2.47557688  2.61735344  2.76328373  2.92041612  3.0839808  3.25883436
  3.43453932  3.6260159  3.81588817  4.02439737  4.24659491  4.47716045
  4.72685146  4.97941113  5.25515032  5.53874397  5.84407806  6.16897869
  6.50843525  6.88588047  7.28231335  7.71389246  8.16755867  8.6646347
  9.20347595  9.80847645  10.4604034  11.1979666  11.992383  12.9102821
  13.8997707  15.0204926  16.278862  17.7222214  19.4025173  21.2781487
  23.3734665  25.7630196  28.6164684  31.8495483  35.6297073  40.123127
  45.4908752  51.7014503  58.9598885  68.3339233  79.0763779  92.6650848
  110.600815  132.94043  164.302917  207.230286  275.39389  389.328369
  626.249268  1301.60889  3519124.
 do regularised spline fit for input variable # 13
 ------------------------------
 Transdef: Tab for variable  14   -1. -0.99993372 -0.999783039 -0.999564648
 -0.99928081 -0.998938799 -0.998548508 -0.998095036 -0.997572064 -0.99699229
 -0.996345162 -0.995643973 -0.994865537 -0.994020879 -0.993103981 -0.9921211
 -0.991079152 -0.989940643 -0.988721013 -0.987400472 -0.985971093 -0.984492421
 -0.982898653 -0.981260777 -0.979423285 -0.977478862 -0.975303531 -0.97289592
 -0.970242977 -0.967200994 -0.963721871 -0.959552288 -0.954728901 -0.948776007
 -0.941663265 -0.932925105 -0.921517968 -0.907161236 -0.887333274 -0.862123072
 -0.82837528 -0.783919752 -0.720680177 -0.634076118 -0.508265972 -0.346673906
 -0.142648965  0.0785157681  0.294010043  0.473595381  0.606604218  0.703079641
  0.770223856  0.818751454  0.854942441  0.881617308  0.90027082  0.91478914
  0.926834583  0.93626076  0.943762302  0.949864507  0.95508033  0.959623754
  0.963397741  0.966746688  0.969572186  0.972064376  0.974262595  0.976348817
  0.978205502  0.97992897  0.981548011  0.983020604  0.984379053  0.985691786
  0.986958802  0.9881078  0.989187837  0.990177572  0.991110921  0.991981864
  0.992841244  0.993629515  0.99436003  0.995029151  0.995672226  0.996263862
  0.996782064  0.99726069  0.997704506  0.998101771  0.99845922  0.998767614
  0.99904573  0.999294162  0.999503255  0.999689519  0.999834418  0.999943256
  1.
 do regularised spline fit for input variable # 14
 ------------------------------
 Transdef: Tab for variable  15    2.89454746  37.9108047  41.6043701
  44.2926865  46.6080322  48.5444756  50.3550072  52.0002213  53.5580177
  55.1208191  56.6371841  58.1310158  59.4925766  60.8130035  62.0919571
  63.4169655  64.7141266  65.9710388  67.1926422  68.4546967  69.6600647
  70.8464203  72.0456696  73.2274475  74.3713684  75.5515747  76.7349701
  77.9188385  79.1069489  80.3387756  81.4985352  82.7133026  83.8971634
  85.0802765  86.3143005  87.5185547  88.7216873  89.9243011  91.1961975
  92.4096375  93.647438  94.8641281  96.1157913  97.3897552  98.673027
  99.9886627  101.287582  102.666588  104.055946  105.457405  106.900276
  108.395241  109.898682  111.427567  112.944687  114.518082  116.159836
  117.837616  119.504959  121.280045  122.99942  124.819626  126.610672
  128.577667  130.545212  132.552338  134.707062  136.918015  139.200287
  141.471954  143.863159  146.400696  149.040314  151.83725  154.719635
  157.721649  160.879578  164.194672  167.583344  171.190765  174.945587
  178.882416  183.094635  187.482697  192.152344  197.196793  202.888306
  208.716263  215.15332  222.207123  229.877197  238.247131  247.846893
  259.028625  271.588623  286.833344  305.08432  329.860901  365.396118
  427.891113  18673.6309
 do regularised spline fit for input variable # 15
 ------------------------------
 Transdef: Tab for variable  16    0.00100003695  0.00141842384  0.00195468403
  0.00262626004  0.00343601359  0.00439289911  0.00554316305  0.00684689172
  0.00839213096  0.0101752412  0.0121186282  0.0143785048  0.0168638341
  0.0196071118  0.0225411877  0.02587476  0.0294620395  0.0331203714
  0.0371704325  0.04139667  0.046037361  0.0508953445  0.0560727865
  0.0614053719  0.0671150833  0.0730778724  0.0793343782  0.0859764665
  0.0927182287  0.0995266363  0.107023187  0.114662856  0.122561231
  0.130821198  0.13902092  0.147403508  0.156228706  0.16539681  0.17466937
  0.184388533  0.19404541  0.204235703  0.214522839  0.22501345  0.23586522
  0.247213602  0.258076847  0.269531131  0.281018674  0.292802155  0.304591954
  0.316468775  0.328943431  0.341198713  0.353405535  0.365742981  0.37861684
  0.391798526  0.404884905  0.418290377  0.431558728  0.445199013  0.459359765
  0.473711312  0.487470388  0.501576304  0.515902579  0.530225217  0.54482305
  0.559413075  0.573795259  0.588397503  0.603517294  0.617993295  0.633085728
  0.64787966  0.663050294  0.678289056  0.693416595  0.708194017  0.723022759
  0.737509966  0.752522826  0.767503381  0.782316804  0.796912014  0.811677933
  0.826392412  0.840964317  0.856286764  0.870561481  0.884905219  0.898314238
  0.912573516  0.926308274  0.940012097  0.953658164  0.966614544  0.978799701
  0.990070581  0.999997258
 do regularised spline fit for input variable # 16
 build map for variable # 16
 ------------------------------
 Transdef: Tab for variable  17    0.00100082927  0.00142683962  0.00196681498
  0.00263769692  0.00345230452  0.00442712661  0.005612446  0.0070039276
  0.00856270455  0.0103206262  0.0123246741  0.0145980772  0.0170999933
  0.0198279135  0.0228870176  0.0260443576  0.0296032391  0.0334554799
  0.0374943204  0.0419702828  0.0464392975  0.0511790104  0.0563407876
  0.061699599  0.0674668252  0.0735569298  0.0797129571  0.0861606747
  0.0928580984  0.099658072  0.106656611  0.11426644  0.121998362  0.129820704
  0.138109893  0.146552727  0.155033767  0.163858652  0.173137635  0.182792157
  0.19269067  0.202578604  0.21286051  0.223129988  0.233994037  0.244771719
  0.255705118  0.267032057  0.278217286  0.289648712  0.30128786  0.312969714
  0.32543993  0.337936282  0.350244582  0.362857282  0.375419289  0.388914764
  0.401343226  0.414025128  0.427801728  0.441246688  0.454780877  0.468970358
  0.48285836  0.496883214  0.511530995  0.52575326  0.540534377  0.554886818
  0.569386363  0.584096551  0.59845835  0.613225043  0.62790978  0.642275929
  0.657381833  0.67235136  0.687163711  0.7024647  0.71743679  0.732671857
  0.747771621  0.763127327  0.778510571  0.793226957  0.808872759  0.82343483
  0.838324666  0.853239894  0.867901266  0.882644951  0.896824896  0.911727309
  0.92500788  0.938323379  0.951852202  0.965211809  0.977915585  0.989801049
  0.999999523
 do regularised spline fit for input variable # 17
 build map for variable # 17
 ------------------------------
 Transdef: Tab for variable  18   -153.175095 -75.8648529 -66.6706543
 -60.9503479 -56.3502502 -52.7377014 -49.4393501 -46.5890999 -43.964798
 -41.6266022 -39.4398499 -37.3621521 -35.3701477 -33.5563507 -31.786499
 -30.1940498 -28.6860504 -27.2751999 -25.9805489 -24.753849 -23.5583496
 -22.4545994 -21.3807507 -20.3479004 -19.3960991 -18.4741497 -17.5570488
 -16.6632996 -15.8069496 -15.0165501 -14.1864996 -13.4153004 -12.6546497
 -11.9271002 -11.22645 -10.5436497 -9.88564968 -9.23894978 -8.63389969
 -8.05589962 -7.48780012 -6.99049997 -6.47854996 -5.99795008 -5.50325012
 -5.04545021 -4.62769985 -4.22235012 -3.82835007 -3.47370005 -3.13144994
 -2.80824995 -2.51240015 -2.22219992 -1.96570003 -1.72920001 -1.50434995
 -1.30280006 -1.11210001 -0.931850016 -0.769699991 -0.624549985 -0.49090001
 -0.369300008 -0.255850017 -0.152099997 -0.0589499995  0.0419500023
  0.120900005  0.210700005  0.305150002  0.409500003  0.520299971  0.638549984
  0.774399996  0.920799971  1.08329999  1.26585007  1.47239995  1.7042501
  1.96500003  2.26900005  2.60255003  3.01305008  3.49489999  4.08414984
  4.7802  5.6322999  6.68389988  7.99510002  9.68204975  11.7045994  14.0523005
  16.6648998  19.3236504  22.2227001  25.2009506  28.6107502  33.2099991
  41.5054016  108.031303
 do regularised spline fit for input variable # 18
 build map for variable # 18
 ------------------------------
 Transdef: Tab for variable  19   -144.208405 -75.9878006 -66.9299011
 -61.1888504 -56.6385498 -52.8656006 -49.6657982 -46.8247528 -44.2582512
 -41.975647 -39.8012009 -37.7294006 -35.7351532 -34.0063019 -32.2779999
 -30.7266502 -29.2516518 -27.8539505 -26.5095997 -25.2314987 -24.0358505
 -22.9446983 -21.834549 -20.796299 -19.8043499 -18.9087486 -17.9986992
 -17.0893993 -16.2437496 -15.4244499 -14.62605 -13.8523006 -13.1106501
 -12.3859997 -11.6747999 -11.0149002 -10.3420506 -9.71199989 -9.07584953
 -8.47560024 -7.91925001 -7.37765026 -6.86000013 -6.36495018 -5.88564968 -5.421
 -4.97125006 -4.55725002 -4.16149998 -3.79189992 -3.43600011 -3.10615015
 -2.77839994 -2.48519993 -2.21005011 -1.95439994 -1.71270001 -1.48545003
 -1.27919996 -1.08765006 -0.914600015 -0.753600001 -0.601999998 -0.46724999
 -0.342000008 -0.229000002 -0.120549999 -0.0277999993  0.076700002  0.167199999
  0.265700012  0.369500011  0.483900011  0.605799973  0.739250004  0.889050007
  1.0476501  1.22694993  1.43554997  1.66320002  1.92149997  2.20900011
  2.54575014  2.94075012  3.39529991  3.94044995  4.60524988  5.43914986
  6.43834972  7.7565999  9.34000015  11.2427998  13.5377502  16.0910492
  18.8250504  21.7478504  24.668499  28.0868492  32.6555481  41.1052017
  108.3853
 do regularised spline fit for input variable # 19
 build map for variable # 19
 ------------------------------
 Transdef: Tab for variable  20   -15.3173084 -11.7536173 -10.6099911
 -9.89082146 -9.4242363 -9.10526085 -8.86653328 -8.67760181 -8.52754974
 -8.40270615 -8.29319382 -8.19651222 -8.10775375 -8.03013229 -7.95544577
 -7.8871274 -7.82312489 -7.76213884 -7.70079231 -7.64105129 -7.58598804
 -7.5310173 -7.47887373 -7.42687607 -7.37781143 -7.32831001 -7.28007793
 -7.23347187 -7.18798018 -7.14318419 -7.09714985 -7.05214214 -7.00710869
 -6.96193218 -6.91588116 -6.87067032 -6.82436275 -6.77839851 -6.73536587
 -6.69219494 -6.64934731 -6.60462713 -6.56070232 -6.51225281 -6.4607563
 -6.41018009 -6.35766172 -6.30456209 -6.25091076 -6.19549751 -6.1409626
 -6.08336544 -6.02525043 -5.96743488 -5.91052914 -5.85458565 -5.79898882
 -5.74068928 -5.68391418 -5.61854458 -5.54178619 -5.46786308 -5.40035629
 -5.32868004 -5.25187731 -5.16790819 -5.07592392 -4.97387648 -4.85845184
 -4.73629093 -4.62544155 -4.51245785 -4.39432096 -4.28638315 -4.17573404
 -4.01194191 -3.79720163 -3.60410786 -3.48308945 -3.26672649 -3.01594687
 -2.77925777 -2.51880169 -2.32571077 -2.11204529 -1.85316789 -1.62260723
 -1.45952439 -1.36499381 -1.34570861 -1.29890382 -1.24646962 -1.20638394
 -1.07551873 -0.948578715 -0.905440807 -0.8739236 -0.759984314 -0.546675324
  0.558418632  13.7181969
 do regularised spline fit for input variable # 20
 build map for variable # 20
 ------------------------------
 Transdef: Tab for variable  21   -15.4497967 -12.0442667 -10.8396978
 -10.0635738 -9.56090355 -9.19776344 -8.94561386 -8.7469883 -8.58457375
 -8.44755268 -8.3332634 -8.23258209 -8.14403152 -8.06137466 -7.98611212
 -7.91699028 -7.85127497 -7.78728342 -7.72507954 -7.6660738 -7.60778809
 -7.55399179 -7.50146389 -7.45057154 -7.39928627 -7.34825039 -7.30036545
 -7.25420475 -7.20905495 -7.16455936 -7.11985588 -7.07463837 -7.02953625
 -6.98624229 -6.94284439 -6.89979458 -6.85486984 -6.81197929 -6.76708364
 -6.7240386 -6.68046999 -6.63877583 -6.59494066 -6.54865646 -6.50043011
 -6.45000505 -6.39861012 -6.34563828 -6.29284477 -6.23771 -6.18431187
 -6.13222885 -6.07612848 -6.01751518 -5.95931625 -5.9032774 -5.84411144
 -5.78755379 -5.73195362 -5.67403793 -5.6031971 -5.52708292 -5.45581388
 -5.38735771 -5.31286144 -5.23387957 -5.14722061 -5.05331039 -4.94508839
 -4.81954002 -4.70522833 -4.59231281 -4.47920704 -4.36309338 -4.26304293
 -4.13757133 -3.95188856 -3.7299931 -3.57423401 -3.42457509 -3.19067073
 -2.93775773 -2.69864368 -2.42754507 -2.2812891 -1.95648742 -1.78116322
 -1.57383513 -1.38777304 -1.35556114 -1.33416736 -1.25818872 -1.22712886
 -1.1412034 -0.972692609 -0.920491815 -0.886105299 -0.81636107 -0.610420108
  0.54660821  15.3931847
 do regularised spline fit for input variable # 21
 build map for variable # 21
 ------------------------------
 Transdef: Tab for variable  22   -162.427704 -80.173996 -70.4627533
 -64.5063934 -60.0585022 -56.5054016 -53.6295509 -51.2120514 -48.9225502
 -46.8861008 -44.9942474 -43.2443504 -41.6376495 -40.1079025 -38.6137505
 -37.226799 -35.9241486 -34.6476517 -33.4369965 -32.3212509 -31.2186508
 -30.1882 -29.2127495 -28.2224007 -27.2933998 -26.3917007 -25.5105 -24.645401
 -23.8020992 -22.9939499 -22.2122993 -21.4445992 -20.6988487 -19.9739494
 -19.2533989 -18.5527496 -17.8552513 -17.2000999 -16.5499496 -15.9147997
 -15.3116999 -14.6955004 -14.0846996 -13.4706497 -12.8748999 -12.3032999
 -11.7558498 -11.19765 -10.6674995 -10.1350994 -9.61555004 -9.12180042
 -8.63870049 -8.15989971 -7.68525028 -7.22800016 -6.78744984 -6.3671999
 -5.94385004 -5.53464985 -5.11264992 -4.71700001 -4.32705021 -3.94145012
 -3.55744982 -3.19724989 -2.83100009 -2.47355008 -2.12879992 -1.80069995
 -1.48450005 -1.17215002 -0.872900009 -0.586700022 -0.31795001 -0.0584000014
  0.207100004  0.455200016  0.724099994  1.01734996  1.35010004  1.72710001
  2.12645006  2.57439995  3.07655001  3.65374994  4.29984999  5.0767498
  5.96164989  7.00460005  8.1929493  9.64374924  11.2619495  13.1427002
  15.3981495  17.7542  20.169651  22.72435  25.6823006  29.6157494  85.9027023
 do regularised spline fit for input variable # 22
 build map for variable # 22
 ------------------------------
 Transdef: Tab for variable  23   -155.712204 -80.7566528 -70.9635468
 -64.8598022 -60.4489517 -56.9051514 -53.9116516 -51.3265991 -49.0547028
 -46.9852486 -45.1155014 -43.3667526 -41.7516479 -40.2002983 -38.7602005
 -37.3860016 -36.1217995 -34.8477478 -33.6473503 -32.5338516 -31.4117012
 -30.3451996 -29.3503494 -28.3792992 -27.4211998 -26.5277996 -25.6332512
 -24.7752991 -23.9678001 -23.1571007 -22.3666496 -21.6035995 -20.8734512
 -20.1581993 -19.4492493 -18.7355995 -18.0415993 -17.3736 -16.7216492
 -16.0865498 -15.44275 -14.8171005 -14.1975002 -13.6131001 -13.0251999
 -12.4546003 -11.8954 -11.3537998 -10.8229504 -10.3036499 -9.80274963
 -9.30150032 -8.81760025 -8.32564926 -7.84579992 -7.39244986 -6.96010017
 -6.5229001 -6.10445023 -5.69460011 -5.28460026 -4.88665009 -4.50465012
 -4.12650013 -3.73675013 -3.36369991 -2.99370003 -2.64389992 -2.28945017
 -1.93814993 -1.60959995 -1.29879999 -0.980049968 -0.682099998 -0.405200005
 -0.144400001  0.1338  0.398199975  0.67930001  0.985849977  1.30980003
  1.67495  2.08940005  2.54110003  3.04589987  3.62594986  4.29545021
  5.04984999  5.91954994  6.94980001  8.15984917  9.52375031  11.1380997
  13.0408497  15.1914501  17.5192986  19.905899  22.6213989  25.6653004
  29.6007004  83.4753036
 do regularised spline fit for input variable # 23
 build map for variable # 23
 ------------------------------
 Transdef: Tab for variable  24    0.135053024  55.519928  113.678741
  161.569641  204.203934  242.355835  268.577087  284.920532  295.548828
  303.310913  309.622314  315.50177  320.848389  325.319336  329.628326
  333.470093  337.402771  341.105957  344.806366  348.296875  351.748962
  354.980225  358.374054  361.924011  365.28717  368.591614  371.97522
  375.320953  378.763428  382.211243  385.844727  389.593506  393.35199
  397.14151  401.147369  405.258301  409.648254  413.9646  418.544861
  423.236572  428.160278  433.646301  439.240021  445.181458  451.787903
  458.380432  465.918762  473.551605  481.354248  489.699951  498.665222
  508.435303  518.734131  530.413086  542.912109  555.188232  568.719055
  583.414124  598.490479  615.420044  632.384155  652.413574  672.584351
  694.89325  717.637939  743.39978  769.911621  801.125854  832.503784
  868.108032  905.749878  948.192017  993.161133  1043.98157  1097.75781
  1157.55627  1226.65796  1302.25464  1385.78638  1479.91577  1588.35999
  1707.57947  1836.54858  1989.98535  2166.60059  2367.3335  2620.23633
  2928.65234  3294.92041  3748.19336  4309.70801  5032.12939  5993.90088
  7267.92188  8873.46094  11246.7402  14795.9619  20215.916  29813.9141
  50401.0938  843734.062
 do regularised spline fit for input variable # 24
 build map for variable # 24
 ------------------------------
 Transdef: Tab for variable  25    0.18651709  53.0672531  112.324615
  158.631683  201.647003  241.028625  267.334167  283.108826  294.575317
  302.442444  308.858398  314.59906  319.809998  324.466888  328.557739
  332.756378  336.783936  340.418579  344.042633  347.404297  350.765747
  354.050201  357.384247  360.786072  364.219543  367.600861  370.945801
  374.389313  377.85791  381.38208  385.058167  388.883606  392.752289
  396.577789  400.519714  404.434998  408.617859  413.078003  417.59906
  422.470093  427.197205  432.240784  437.640228  443.513214  449.734436
  456.018219  462.47345  469.489258  477.249023  485.151001  494.27594
  503.132355  513.063782  523.821716  535.423462  547.698975  561.021973
  574.551025  589.376343  605.763428  622.626404  639.710815  659.621338
  680.794556  702.786621  726.053223  751.360229  778.120239  808.896973
  842.883179  879.235962  920.642456  964.931274  1012.52716  1061.68848
  1118.43469  1179.39722  1248.67505  1328.77881  1416.02612  1509.58838
  1621.61621  1745.47314  1883.40137  2034.76794  2219.56104  2443.25146
  2705.66797  3017.10303  3413.58545  3889.39795  4475.68652  5295.36377
  6285.42773  7658.89795  9698.41016  12688.7598  17136.2969  24934.0742
  42065.0781  524409.562
 do regularised spline fit for input variable # 25
 build map for variable # 25
  
  
  
 COVARIANCE MATRIX (IN PERCENT)
  
 0    1.0    2.0    3.0    4.0    5.0    6.0    7.0    8.0    9.0   10.0   11.0   12.0   13.0   14.0   15.0   16.0   17.0   18.0   19.0   20.0   21.0   22.0   23.0   24.0   25.0
 0    0.4    1.0    1.0    1.0    1.0    1.0    1.0    1.0    1.0    1.0    1.0    1.0    1.0    1.0    1.0    1.0    1.0    1.0    1.0    1.0    1.0    1.0    1.0    1.0    1.0
  
 1  100.0   26.3   27.0   27.9   24.5   23.8   23.9   27.8   27.8   16.4    5.9   23.7   31.5   14.3    9.3   14.8   15.1   19.6   18.2   18.0   17.8   25.7   24.6   11.1   11.0
 2   26.3  100.0  -32.9   33.4   17.0    1.4    7.5   32.6    4.6    2.9  -13.2   -3.4    7.8    6.7   -0.4    6.4    4.2   11.3    8.0   29.3    3.0   22.4    8.6   -4.0   10.1
 3   27.0  -32.9  100.0   33.7   17.3    6.5    0.2    6.1   35.6    2.2  -12.3   -4.0    6.8    7.3   -2.2    4.3    7.1    8.5   11.8    3.4   31.0    9.1   22.7   11.4   -4.4
 4   27.9   33.4   33.7  100.0   20.7    3.8    3.9   27.7   28.2    2.1   -5.9  -22.5    5.4    9.6  -28.3    6.2    6.7   15.4   14.8   30.4   31.2   32.7   31.8    4.6    3.6
 5   24.5   17.0   17.3   20.7  100.0    3.9    3.7   13.6   14.2    3.8   11.7   17.4    7.8   28.7   63.8   14.8   14.6    2.8    2.7    8.8    8.3   -0.2   -0.2    8.2    9.2
 6   23.8    1.4    6.5    3.8    3.9  100.0   19.4   -2.8    3.1   35.0    1.5    1.6   59.9    5.0    2.9    4.8    1.6   -6.2    0.2   -1.5    2.1    0.0    3.9   -0.2    2.2
 7   23.9    7.5    0.2    3.9    3.7   19.4  100.0    3.2   -2.6   35.4    1.5    1.3   59.9    4.5    2.7    2.5    4.2    0.4   -5.8    2.2   -2.0    4.0    0.7    1.6    0.6
 8   27.8   32.6    6.1   27.7   13.6   -2.8    3.2  100.0   13.6    0.1   -2.0    3.0    3.9    7.7   -9.8    8.3    8.7   21.8   10.2   48.0   10.1   26.6   13.2   31.0    7.3
 9   27.8    4.6   35.6   28.2   14.2    3.1   -2.6   13.6  100.0    0.3   -1.7    2.8    3.9    8.0   -9.5    8.5    8.3   10.6   20.6    9.3   47.7   13.8   25.7    8.4   29.4
10   16.4    2.9    2.2    2.1    3.8   35.0   35.4    0.1    0.3  100.0    0.9    1.9   41.4    6.6    3.2    3.6    2.7   -1.3   -1.6    0.3    0.1    1.1    1.1    0.4    0.8
11    5.9  -13.2  -12.3   -5.9   11.7    1.5    1.5   -2.0   -1.7    0.9  100.0    7.9    1.2    8.6   19.2   -3.9   -4.0   -1.6   -2.1   -1.4   -1.1   -1.8   -1.7   -8.3   -7.5
12   23.7   -3.4   -4.0  -22.5   17.4    1.6    1.3    3.0    2.8    1.9    7.9  100.0    3.3   10.3   18.8    5.2    5.2   -1.9   -1.5   -1.0   -2.2   -5.8   -5.5    5.6    6.8
13   31.5    7.8    6.8    5.4    7.8   59.9   59.9    3.9    3.9   41.4    1.2    3.3  100.0   20.0    4.8    6.6    5.4   -0.6   -0.6    2.8    2.5    5.0    5.3    1.7    2.3
14   14.3    6.7    7.3    9.6   28.7    5.0    4.5    7.7    8.0    6.6    8.6   10.3   20.0  100.0   15.7    5.7    5.1    2.0    1.8    6.8    6.6    2.4    2.4    1.8    1.9
15    9.3   -0.4   -2.2  -28.3   63.8    2.9    2.7   -9.8   -9.5    3.2   19.2   18.8    4.8   15.7  100.0    7.0    5.4   -4.7   -4.8  -18.3  -19.5  -15.8  -15.4    2.8    4.3
16   14.8    6.4    4.3    6.2   14.8    4.8    2.5    8.3    8.5    3.6   -3.9    5.2    6.6    5.7    7.0  100.0    0.8   10.2    5.2    6.0    1.8   11.1    8.1    9.9    2.6
17   15.1    4.2    7.1    6.7   14.6    1.6    4.2    8.7    8.3    2.7   -4.0    5.2    5.4    5.1    5.4    0.8  100.0    5.1   10.3    2.2    5.9    7.7   10.9    3.5   10.1
18   19.6   11.3    8.5   15.4    2.8   -6.2    0.4   21.8   10.6   -1.3   -1.6   -1.9   -0.6    2.0   -4.7   10.2    5.1  100.0    8.5    4.8    6.4   69.8   11.7    5.8    3.6
19   18.2    8.0   11.8   14.8    2.7    0.2   -5.8   10.2   20.6   -1.6   -2.1   -1.5   -0.6    1.8   -4.8    5.2   10.3    8.5  100.0    6.1    4.0   11.7   69.8    4.0    5.9
20   18.0   29.3    3.4   30.4    8.8   -1.5    2.2   48.0    9.3    0.3   -1.4   -1.0    2.8    6.8  -18.3    6.0    2.2    4.8    6.1  100.0    7.8   13.3    9.3   -1.1    3.6
21   17.8    3.0   31.0   31.2    8.3    2.1   -2.0   10.1   47.7    0.1   -1.1   -2.2    2.5    6.6  -19.5    1.8    5.9    6.4    4.0    7.8  100.0    9.7   13.1    4.3   -2.9
22   25.7   22.4    9.1   32.7   -0.2    0.0    4.0   26.6   13.8    1.1   -1.8   -5.8    5.0    2.4  -15.8   11.1    7.7   69.8   11.7   13.3    9.7  100.0   18.7    6.9    6.1
23   24.6    8.6   22.7   31.8   -0.2    3.9    0.7   13.2   25.7    1.1   -1.7   -5.5    5.3    2.4  -15.4    8.1   10.9   11.7   69.8    9.3   13.1   18.7  100.0    6.4    6.8
24   11.1   -4.0   11.4    4.6    8.2   -0.2    1.6   31.0    8.4    0.4   -8.3    5.6    1.7    1.8    2.8    9.9    3.5    5.8    4.0   -1.1    4.3    6.9    6.4  100.0    2.9
25   11.0   10.1   -4.4    3.6    9.2    2.2    0.6    7.3   29.4    0.8   -7.5    6.8    2.3    1.9    4.3    2.6   10.1    3.6    5.9    3.6   -2.9    6.1    6.8    2.9  100.0
 TOTAL CORRELATION TO TARGET (diagonal)  104.675174
 TOTAL CORRELATION OF ALL VARIABLES   66.3751011
 ROUND 1: MAX CORR (  66.3729589)  AFTER KILLING INPUT VARIABLE 14 CONTR  0.533274675
 ROUND 2: MAX CORR (  66.3602002)  AFTER KILLING INPUT VARIABLE 10 CONTR  1.30134488
 ROUND 3: MAX CORR (  66.3258982)  AFTER KILLING INPUT VARIABLE 21 CONTR  2.13340173
 ROUND 4: MAX CORR (  66.288474)  AFTER KILLING INPUT VARIABLE 20 CONTR  2.22777492
 ROUND 5: MAX CORR (  66.2471064)  AFTER KILLING INPUT VARIABLE 24 CONTR  2.34151209
 ROUND 6: MAX CORR (  66.197098)  AFTER KILLING INPUT VARIABLE 25 CONTR  2.57358274
 ROUND 7: MAX CORR (  66.1341208)  AFTER KILLING INPUT VARIABLE 5 CONTR  2.88684057
 ROUND 8: MAX CORR (  66.0743673)  AFTER KILLING INPUT VARIABLE 4 CONTR  2.81067948
 ROUND 9: MAX CORR (  66.0182935)  AFTER KILLING INPUT VARIABLE 19 CONTR  2.72156933
 ROUND 10: MAX CORR (  65.9271727)  AFTER KILLING INPUT VARIABLE 18 CONTR  3.46741595
 ROUND 11: MAX CORR (  65.7258596)  AFTER KILLING INPUT VARIABLE 16 CONTR  5.14815272
 ROUND 12: MAX CORR (  65.5003317)  AFTER KILLING INPUT VARIABLE 13 CONTR  5.44014394
 ROUND 13: MAX CORR (  65.248728)  AFTER KILLING INPUT VARIABLE 17 CONTR  5.73558592
 ROUND 14: MAX CORR (  64.7908208)  AFTER KILLING INPUT VARIABLE 15 CONTR  7.71660901
 ROUND 15: MAX CORR (  64.24786)  AFTER KILLING INPUT VARIABLE 9 CONTR  8.37036064
 ROUND 16: MAX CORR (  63.5879498)  AFTER KILLING INPUT VARIABLE 8 CONTR  9.18477868
 ROUND 17: MAX CORR (  62.6093693)  AFTER KILLING INPUT VARIABLE 23 CONTR  11.1127961
 ROUND 18: MAX CORR (  61.2336019)  AFTER KILLING INPUT VARIABLE 11 CONTR  13.0529351
 ROUND 19: MAX CORR (  59.4047238)  AFTER KILLING INPUT VARIABLE 22 CONTR  14.8537132
 ROUND 20: MAX CORR (  57.0462409)  AFTER KILLING INPUT VARIABLE 6 CONTR  16.5724955
 ROUND 21: MAX CORR (  53.2400232)  AFTER KILLING INPUT VARIABLE 7 CONTR  20.4883756
 ROUND 22: MAX CORR (  46.068276)  AFTER KILLING INPUT VARIABLE 12 CONTR  26.6873381
 ROUND 23: MAX CORR (  27.0329993)  AFTER KILLING INPUT VARIABLE 2 CONTR  37.3028552
 LAST REMAINING VARIABLE:  3
 total correlation to target:  66.3751011 %
 total significance:  335.027296 sigma
 correlations of single variables to target:
 variable 2:  26.3288029 %  ,  in sigma:  132.894225
 variable 3:  27.0329993 %  ,  in sigma:  136.448645
 variable 4:  27.8698635 %  ,  in sigma:  140.672705
 variable 5:  24.5467219 %  ,  in sigma:  123.899199
 variable 6:  23.8285419 %  ,  in sigma:  120.274196
 variable 7:  23.9339352 %  ,  in sigma:  120.806168
 variable 8:  27.8096989 %  ,  in sigma:  140.369025
 variable 9:  27.8418798 %  ,  in sigma:  140.531458
 variable 10:  16.3695363 %  ,  in sigma:  82.6249813
 variable 11:  5.94820084 %  ,  in sigma:  30.0234517
 variable 12:  23.7087992 %  ,  in sigma:  119.669797
 variable 13:  31.5136821 %  ,  in sigma:  159.064823
 variable 14:  14.293903 %  ,  in sigma:  72.148254
 variable 15:  9.26201985 %  ,  in sigma:  46.7499019
 variable 16:  14.849809 %  ,  in sigma:  74.9541812
 variable 17:  15.1126809 %  ,  in sigma:  76.2810229
 variable 18:  19.6335438 %  ,  in sigma:  99.1000082
 variable 19:  18.2169786 %  ,  in sigma:  91.9499173
 variable 20:  17.9905991 %  ,  in sigma:  90.8072704
 variable 21:  17.7709552 %  ,  in sigma:  89.6986212
 variable 22:  25.6686135 %  ,  in sigma:  129.561929
 variable 23:  24.623244 %  ,  in sigma:  124.285443
 variable 24:  11.0978995 %  ,  in sigma:  56.0164757
 variable 25:  11.0330972 %  ,  in sigma:  55.6893873
 variables sorted by significance:
 1 most relevant variable 3 corr  27.032999 , in sigma:  136.448644
 2 most relevant variable 2 corr  37.3028564 , in sigma:  188.285591
 3 most relevant variable 12 corr  26.6873379 , in sigma:  134.703925
 4 most relevant variable 7 corr  20.4883747 , in sigma:  103.414754
 5 most relevant variable 6 corr  16.5724964 , in sigma:  83.6494191
 6 most relevant variable 22 corr  14.853713 , in sigma:  74.9738866
 7 most relevant variable 11 corr  13.0529346 , in sigma:  65.8844856
 8 most relevant variable 23 corr  11.1127958 , in sigma:  56.0916649
 9 most relevant variable 8 corr  9.18477821 , in sigma:  46.3600259
 10 most relevant variable 9 corr  8.37036037 , in sigma:  42.2492644
 11 most relevant variable 15 corr  7.716609 , in sigma:  38.9494645
 12 most relevant variable 17 corr  5.73558569 , in sigma:  28.95028
 13 most relevant variable 13 corr  5.44014406 , in sigma:  27.459043
 14 most relevant variable 16 corr  5.14815283 , in sigma:  25.9852217
 15 most relevant variable 18 corr  3.46741605 , in sigma:  17.5017288
 16 most relevant variable 19 corr  2.7215693 , in sigma:  13.7370789
 17 most relevant variable 4 corr  2.81067944 , in sigma:  14.1868609
 18 most relevant variable 5 corr  2.88684058 , in sigma:  14.5712832
 19 most relevant variable 25 corr  2.57358265 , in sigma:  12.9901186
 20 most relevant variable 24 corr  2.3415122 , in sigma:  11.8187466
 21 most relevant variable 20 corr  2.22777486 , in sigma:  11.2446591
 22 most relevant variable 21 corr  2.13340163 , in sigma:  10.7683117
 23 most relevant variable 10 corr  1.30134487 , in sigma:  6.5685181
 24 most relevant variable 14 corr  0.533274651 , in sigma:  2.69169554
 global correlations between input variables:
 variable 2:  69.2963388 %
 variable 3:  69.915582 %
 variable 4:  75.743582 %
 variable 5:  79.562462 %
 variable 6:  66.0600828 %
 variable 7:  66.1538541 %
 variable 8:  64.2282661 %
 variable 9:  64.220336 %
 variable 10:  46.6319839 %
 variable 11:  39.7333496 %
 variable 12:  35.3233961 %
 variable 13:  79.5134764 %
 variable 14:  37.9276287 %
 variable 15:  79.794853 %
 variable 16:  23.8460882 %
 variable 17:  23.4031156 %
 variable 18:  71.344356 %
 variable 19:  71.2666699 %
 variable 20:  56.721619 %
 variable 21:  57.1444383 %
 variable 22:  74.7630577 %
 variable 23:  74.569762 %
 variable 24:  40.983963 %
 variable 25:  40.6940212 %
 significance loss when removing single variables:
 variable 2: corr =  20.1969972 %  ,  sigma =  101.944031
 variable 3: corr =  20.5863055 %  ,  sigma =  103.909058
 variable 4: corr =  3.42095476 %  ,  sigma =  17.2672162
 variable 5: corr =  3.40171873 %  ,  sigma =  17.1701226
 variable 6: corr =  9.3664877 %  ,  sigma =  47.2772017
 variable 7: corr =  9.37384578 %  ,  sigma =  47.3143415
 variable 8: corr =  5.67321323 %  ,  sigma =  28.635456
 variable 9: corr =  5.42784431 %  ,  sigma =  27.3969601
 variable 10: corr =  1.29305183 %  ,  sigma =  6.52665908
 variable 11: corr =  10.3395977 %  ,  sigma =  52.1889591
 variable 12: corr =  22.3170856 %  ,  sigma =  112.645144
 variable 13: corr =  5.00043613 %  ,  sigma =  25.239624
 variable 14: corr =  0.533274675 %  ,  sigma =  2.69169567
 variable 15: corr =  6.76259749 %  ,  sigma =  34.1341062
 variable 16: corr =  5.12509571 %  ,  sigma =  25.8688413
 variable 17: corr =  5.71584142 %  ,  sigma =  28.8506211
 variable 18: corr =  3.93433221 %  ,  sigma =  19.8584809
 variable 19: corr =  3.22564554 %  ,  sigma =  16.281396
 variable 20: corr =  2.31170811 %  ,  sigma =  11.6683109
 variable 21: corr =  2.12416348 %  ,  sigma =  10.7216823
 variable 22: corr =  4.56130163 %  ,  sigma =  23.0230994
 variable 23: corr =  4.09875892 %  ,  sigma =  20.6884222
 variable 24: corr =  2.69263525 %  ,  sigma =  13.5910348
 variable 25: corr =  2.92279621 %  ,  sigma =  14.7527686
 Keep only 23 most significant input variables
 NVar:   24. 3231
 -------------------------------------
 Teacher: actual network topology:
 Nodes(1)     =  24
 Nodes(2)     =  24
 Nodes(3)     =  1
 -------------------------------------
  
 ---------------------------------------------------
  
 Iteration :  1
 SIGNIFICANCE OF OUTPUTS IN LAYER 1
 RANK 1 NODE 11 -->  38.5476685 sigma out 24 active outputs
 RANK 2 NODE 1 -->  37.7074699 sigma out 24 active outputs
 RANK 3 NODE 8 -->  36.7725105 sigma out 24 active outputs
 RANK 4 NODE 9 -->  26.9009666 sigma out 24 active outputs
 RANK 5 NODE 17 -->  25.2828465 sigma out 24 active outputs
 RANK 6 NODE 20 -->  25.1119461 sigma out 24 active outputs
 RANK 7 NODE 10 -->  24.8517685 sigma out 24 active outputs
 RANK 8 NODE 5 -->  23.5624371 sigma out 24 active outputs
 RANK 9 NODE 2 -->  23.5320377 sigma out 24 active outputs
 RANK 10 NODE 22 -->  22.329792 sigma out 24 active outputs
 RANK 11 NODE 6 -->  20.6066761 sigma out 24 active outputs
 RANK 12 NODE 7 -->  20.5864372 sigma out 24 active outputs
 RANK 13 NODE 19 -->  19.8675022 sigma out 24 active outputs
 RANK 14 NODE 18 -->  19.8097916 sigma out 24 active outputs
 RANK 15 NODE 23 -->  19.714035 sigma out 24 active outputs
 RANK 16 NODE 3 -->  19.4191055 sigma out 24 active outputs
 RANK 17 NODE 21 -->  18.862318 sigma out 24 active outputs
 RANK 18 NODE 13 -->  17.9128132 sigma out 24 active outputs
 RANK 19 NODE 24 -->  17.8700657 sigma out 24 active outputs
 RANK 20 NODE 12 -->  16.9976311 sigma out 24 active outputs
 RANK 21 NODE 15 -->  16.1610241 sigma out 24 active outputs
 RANK 22 NODE 14 -->  16.1005058 sigma out 24 active outputs
 RANK 23 NODE 16 -->  15.7916546 sigma out 24 active outputs
 RANK 24 NODE 4 -->  14.3738747 sigma out 24 active outputs
 SIGNIFICANCE OF INPUTS TO LAYER 2 
     sorted by input significance 
 RANK 1 NODE 21 -->  57.3676529 sigma in 24act. (  68.8012543 sig out 1act.)
 RANK 2 NODE 12 -->  39.5874939 sigma in 24act. (  52.6045837 sig out 1act.)
 RANK 3 NODE 4 -->  32.6957741 sigma in 24act. (  37.8422775 sig out 1act.)
 RANK 4 NODE 15 -->  30.5223446 sigma in 24act. (  37.1424408 sig out 1act.)
 RANK 5 NODE 5 -->  29.4231949 sigma in 24act. (  30.866127 sig out 1act.)
 RANK 6 NODE 23 -->  26.441925 sigma in 24act. (  32.7050476 sig out 1act.)
 RANK 7 NODE 18 -->  26.0776825 sigma in 24act. (  25.8113823 sig out 1act.)
 RANK 8 NODE 20 -->  24.2958031 sigma in 24act. (  25.0902481 sig out 1act.)
 RANK 9 NODE 17 -->  22.7703762 sigma in 24act. (  33.1378174 sig out 1act.)
 RANK 10 NODE 13 -->  21.8414097 sigma in 24act. (  32.3453445 sig out 1act.)
 RANK 11 NODE 19 -->  19.2761478 sigma in 24act. (  20.2057152 sig out 1act.)
 RANK 12 NODE 22 -->  18.3665733 sigma in 24act. (  20.2457924 sig out 1act.)
 RANK 13 NODE 24 -->  18.2544651 sigma in 24act. (  19.0922661 sig out 1act.)
 RANK 14 NODE 9 -->  17.0484295 sigma in 24act. (  23.7858009 sig out 1act.)
 RANK 15 NODE 8 -->  16.6590157 sigma in 24act. (  21.9020901 sig out 1act.)
 RANK 16 NODE 1 -->  14.8583183 sigma in 24act. (  12.8593369 sig out 1act.)
 RANK 17 NODE 10 -->  13.9467583 sigma in 24act. (  8.78972244 sig out 1act.)
 RANK 18 NODE 3 -->  11.1956453 sigma in 24act. (  16.787075 sig out 1act.)
 RANK 19 NODE 14 -->  10.5306911 sigma in 24act. (  13.1722851 sig out 1act.)
 RANK 20 NODE 16 -->  8.7076149 sigma in 24act. (  6.76457405 sig out 1act.)
 RANK 21 NODE 11 -->  6.92090654 sigma in 24act. (  10.4612961 sig out 1act.)
 RANK 22 NODE 6 -->  6.62071276 sigma in 24act. (  11.1482887 sig out 1act.)
 RANK 23 NODE 7 -->  3.89293575 sigma in 24act. (  0.621571243 sig out 1act.)
 RANK 24 NODE 2 -->  2.67433858 sigma in 24act. (  2.36460447 sig out 1act.)
     sorted by output significance 
 RANK 1 NODE 21 -->  68.8012543 sigma out 1act.(  57.3676529 sig in 24act.)
 RANK 2 NODE 12 -->  52.6045837 sigma out 1act.(  39.5874939 sig in 24act.)
 RANK 3 NODE 4 -->  37.8422775 sigma out 1act.(  32.6957741 sig in 24act.)
 RANK 4 NODE 15 -->  37.1424408 sigma out 1act.(  30.5223446 sig in 24act.)
 RANK 5 NODE 17 -->  33.1378174 sigma out 1act.(  22.7703762 sig in 24act.)
 RANK 6 NODE 23 -->  32.7050476 sigma out 1act.(  26.441925 sig in 24act.)
 RANK 7 NODE 13 -->  32.3453445 sigma out 1act.(  21.8414097 sig in 24act.)
 RANK 8 NODE 5 -->  30.866127 sigma out 1act.(  29.4231949 sig in 24act.)
 RANK 9 NODE 18 -->  25.8113823 sigma out 1act.(  26.0776825 sig in 24act.)
 RANK 10 NODE 20 -->  25.0902481 sigma out 1act.(  24.2958031 sig in 24act.)
 RANK 11 NODE 9 -->  23.7858009 sigma out 1act.(  17.0484295 sig in 24act.)
 RANK 12 NODE 8 -->  21.9020901 sigma out 1act.(  16.6590157 sig in 24act.)
 RANK 13 NODE 22 -->  20.2457924 sigma out 1act.(  18.3665733 sig in 24act.)
 RANK 14 NODE 19 -->  20.2057152 sigma out 1act.(  19.2761478 sig in 24act.)
 RANK 15 NODE 24 -->  19.0922661 sigma out 1act.(  18.2544651 sig in 24act.)
 RANK 16 NODE 3 -->  16.787075 sigma out 1act.(  11.1956453 sig in 24act.)
 RANK 17 NODE 14 -->  13.1722851 sigma out 1act.(  10.5306911 sig in 24act.)
 RANK 18 NODE 1 -->  12.8593369 sigma out 1act.(  14.8583183 sig in 24act.)
 RANK 19 NODE 6 -->  11.1482887 sigma out 1act.(  6.62071276 sig in 24act.)
 RANK 20 NODE 11 -->  10.4612961 sigma out 1act.(  6.92090654 sig in 24act.)
 RANK 21 NODE 10 -->  8.78972244 sigma out 1act.(  13.9467583 sig in 24act.)
 RANK 22 NODE 16 -->  6.76457405 sigma out 1act.(  8.7076149 sig in 24act.)
 RANK 23 NODE 2 -->  2.36460447 sigma out 1act.(  2.67433858 sig in 24act.)
 RANK 24 NODE 7 -->  0.621571243 sigma out 1act.(  3.89293575 sig in 24act.)
 SIGNIFICANCE OF INPUTS TO LAYER 3 
 RANK  1 NODE 1 -->  137.791199 sigma in 24 active inputs
 SIGNIFICANCE OF OUTPUTS IN LAYER 1
 RANK 1 NODE 1 -->  54.2154732 sigma out 24 active outputs
 RANK 2 NODE 11 -->  48.0112724 sigma out 24 active outputs
 RANK 3 NODE 8 -->  41.6514015 sigma out 24 active outputs
 RANK 4 NODE 9 -->  32.2077408 sigma out 24 active outputs
 RANK 5 NODE 5 -->  29.4775257 sigma out 24 active outputs
 RANK 6 NODE 2 -->  28.7738171 sigma out 24 active outputs
 RANK 7 NODE 17 -->  28.4739609 sigma out 24 active outputs
 RANK 8 NODE 10 -->  28.1636734 sigma out 24 active outputs
 RANK 9 NODE 20 -->  27.9068298 sigma out 24 active outputs
 RANK 10 NODE 6 -->  24.9868927 sigma out 24 active outputs
 RANK 11 NODE 18 -->  24.6529083 sigma out 24 active outputs
 RANK 12 NODE 22 -->  23.909483 sigma out 24 active outputs
 RANK 13 NODE 19 -->  23.5342064 sigma out 24 active outputs
 RANK 14 NODE 7 -->  23.0945377 sigma out 24 active outputs
 RANK 15 NODE 3 -->  22.2641277 sigma out 24 active outputs
 RANK 16 NODE 12 -->  21.9148388 sigma out 24 active outputs
 RANK 17 NODE 23 -->  21.8814869 sigma out 24 active outputs
 RANK 18 NODE 21 -->  21.4752598 sigma out 24 active outputs
 RANK 19 NODE 24 -->  19.3317051 sigma out 24 active outputs
 RANK 20 NODE 15 -->  19.0831966 sigma out 24 active outputs
 RANK 21 NODE 13 -->  19.0407906 sigma out 24 active outputs
 RANK 22 NODE 16 -->  18.6713104 sigma out 24 active outputs
 RANK 23 NODE 14 -->  17.1138992 sigma out 24 active outputs
 RANK 24 NODE 4 -->  16.0589428 sigma out 24 active outputs
 SIGNIFICANCE OF INPUTS TO LAYER 2 
     sorted by input significance 
 RANK 1 NODE 21 -->  63.3751144 sigma in 24act. (  60.4375992 sig out 1act.)
 RANK 2 NODE 12 -->  53.3251228 sigma in 24act. (  46.4185944 sig out 1act.)
 RANK 3 NODE 15 -->  38.6608543 sigma in 24act. (  34.4706192 sig out 1act.)
 RANK 4 NODE 4 -->  36.7713737 sigma in 24act. (  33.7154083 sig out 1act.)
 RANK 5 NODE 17 -->  32.6934624 sigma in 24act. (  29.9299126 sig out 1act.)
 RANK 6 NODE 23 -->  32.2993698 sigma in 24act. (  30.0026093 sig out 1act.)
 RANK 7 NODE 13 -->  32.0597458 sigma in 24act. (  29.1378899 sig out 1act.)
 RANK 8 NODE 5 -->  29.9758816 sigma in 24act. (  26.989233 sig out 1act.)
 RANK 9 NODE 9 -->  25.1247482 sigma in 24act. (  21.1755314 sig out 1act.)
 RANK 10 NODE 18 -->  23.8226357 sigma in 24act. (  23.0437984 sig out 1act.)
 RANK 11 NODE 20 -->  23.7685623 sigma in 24act. (  22.4724693 sig out 1act.)
 RANK 12 NODE 8 -->  23.0025787 sigma in 24act. (  19.4566841 sig out 1act.)
 RANK 13 NODE 22 -->  20.725975 sigma in 24act. (  17.8279839 sig out 1act.)
 RANK 14 NODE 19 -->  19.8717804 sigma in 24act. (  18.8980904 sig out 1act.)
 RANK 15 NODE 3 -->  18.9616852 sigma in 24act. (  15.4018469 sig out 1act.)
 RANK 16 NODE 24 -->  18.4686184 sigma in 24act. (  17.3495541 sig out 1act.)
 RANK 17 NODE 1 -->  15.6013365 sigma in 24act. (  11.4625645 sig out 1act.)
 RANK 18 NODE 6 -->  15.4924479 sigma in 24act. (  11.3987761 sig out 1act.)
 RANK 19 NODE 11 -->  14.4944801 sigma in 24act. (  9.87781906 sig out 1act.)
 RANK 20 NODE 14 -->  14.0397673 sigma in 24act. (  12.3982697 sig out 1act.)
 RANK 21 NODE 10 -->  12.6550236 sigma in 24act. (  7.49119377 sig out 1act.)
 RANK 22 NODE 2 -->  10.5264187 sigma in 24act. (  2.6426146 sig out 1act.)
 RANK 23 NODE 7 -->  9.62380219 sigma in 24act. (  0.831354022 sig out 1act.)
 RANK 24 NODE 16 -->  9.24987316 sigma in 24act. (  6.00198984 sig out 1act.)
     sorted by output significance 
 RANK 1 NODE 21 -->  60.4375992 sigma out 1act.(  63.3751144 sig in 24act.)
 RANK 2 NODE 12 -->  46.4185944 sigma out 1act.(  53.3251228 sig in 24act.)
 RANK 3 NODE 15 -->  34.4706192 sigma out 1act.(  38.6608543 sig in 24act.)
 RANK 4 NODE 4 -->  33.7154083 sigma out 1act.(  36.7713737 sig in 24act.)
 RANK 5 NODE 23 -->  30.0026093 sigma out 1act.(  32.2993698 sig in 24act.)
 RANK 6 NODE 17 -->  29.9299126 sigma out 1act.(  32.6934624 sig in 24act.)
 RANK 7 NODE 13 -->  29.1378899 sigma out 1act.(  32.0597458 sig in 24act.)
 RANK 8 NODE 5 -->  26.989233 sigma out 1act.(  29.9758816 sig in 24act.)
 RANK 9 NODE 18 -->  23.0437984 sigma out 1act.(  23.8226357 sig in 24act.)
 RANK 10 NODE 20 -->  22.4724693 sigma out 1act.(  23.7685623 sig in 24act.)
 RANK 11 NODE 9 -->  21.1755314 sigma out 1act.(  25.1247482 sig in 24act.)
 RANK 12 NODE 8 -->  19.4566841 sigma out 1act.(  23.0025787 sig in 24act.)
 RANK 13 NODE 19 -->  18.8980904 sigma out 1act.(  19.8717804 sig in 24act.)
 RANK 14 NODE 22 -->  17.8279839 sigma out 1act.(  20.725975 sig in 24act.)
 RANK 15 NODE 24 -->  17.3495541 sigma out 1act.(  18.4686184 sig in 24act.)
 RANK 16 NODE 3 -->  15.4018469 sigma out 1act.(  18.9616852 sig in 24act.)
 RANK 17 NODE 14 -->  12.3982697 sigma out 1act.(  14.0397673 sig in 24act.)
 RANK 18 NODE 1 -->  11.4625645 sigma out 1act.(  15.6013365 sig in 24act.)
 RANK 19 NODE 6 -->  11.3987761 sigma out 1act.(  15.4924479 sig in 24act.)
 RANK 20 NODE 11 -->  9.87781906 sigma out 1act.(  14.4944801 sig in 24act.)
 RANK 21 NODE 10 -->  7.49119377 sigma out 1act.(  12.6550236 sig in 24act.)
 RANK 22 NODE 16 -->  6.00198984 sigma out 1act.(  9.24987316 sig in 24act.)
 RANK 23 NODE 2 -->  2.6426146 sigma out 1act.(  10.5264187 sig in 24act.)
 RANK 24 NODE 7 -->  0.831354022 sigma out 1act.(  9.62380219 sig in 24act.)
 SIGNIFICANCE OF INPUTS TO LAYER 3 
 RANK  1 NODE 1 -->  123.265373 sigma in 24 active inputs
  ***********************************************
  *** Learn Path  1
  *** loss function: -0.705855727
  *** contribution from regularisation:  0.00467921374
  *** contribution from error: -0.71053493
  *** contribution from DIAG:  0.000684896077
  ***********************************************
  
 ---------------------------------------------------
  
 Iteration :  2
  ***********************************************
  *** Learn Path  2
  *** loss function: -0.806270421
  *** contribution from regularisation:  0.00344128301
  *** contribution from error: -0.809711695
  *** contribution from DIAG: -0.00966375135
  ***********************************************
  ENTER BFGS code START      -207901.839  0.184162065  0.143187478
  EXIT FROM BFGS code FG_START    0.  0.184162065  0.
  
 ---------------------------------------------------
  
 Iteration :  3
  ***********************************************
  *** Learn Path  3
  *** loss function: -0.820930779
  *** contribution from regularisation:  0.00342313293
  *** contribution from error: -0.824353933
  *** contribution from DIAG: -0.00446460769
  ***********************************************
  ENTER BFGS code FG_START   -210286.815  0.184162065 -330.103058
  EXIT FROM BFGS code FG_LNSRCH   0.  0.162276223  0.
  
 ---------------------------------------------------
  
 Iteration :  4
  ***********************************************
  *** Learn Path  4
  *** loss function: -0.760454595
  *** contribution from regularisation:  0.00383214094
  *** contribution from error: -0.764286757
  *** contribution from DIAG: -0.00347725395
  ***********************************************
  ENTER BFGS code FG_LNSRCH  -194627.686  0.162276223 -680.550476
  EXIT FROM BFGS code FG_LNSRCH   0.  0.18197903  0.
  
 ---------------------------------------------------
  
 Iteration :  5
  ***********************************************
  *** Learn Path  5
  *** loss function: -0.818426251
  *** contribution from regularisation:  0.00349775166
  *** contribution from error: -0.821924031
  *** contribution from DIAG:  0.0193651188
  ***********************************************
  ENTER BFGS code FG_LNSRCH  -203577.597  0.18197903 -346.389526
  EXIT FROM BFGS code FG_LNSRCH   0.  0.184092551  0.
  
 ---------------------------------------------------
  
 Iteration :  6
  ***********************************************
  *** Learn Path  6
  *** loss function: -0.820792854
  *** contribution from regularisation:  0.0035003142
  *** contribution from error: -0.824293196
  *** contribution from DIAG:  0.0156878326
  ***********************************************
  ENTER BFGS code FG_LNSRCH  -205117.412  0.184092551 -448.622467
  EXIT FROM BFGS code FG_LNSRCH   0.  0.184161961  0.
  
 ---------------------------------------------------
  
 Iteration :  7
  ***********************************************
  *** Learn Path  7
  *** loss function: -0.820822716
  *** contribution from regularisation:  0.00353111653
  *** contribution from error: -0.824353814
  *** contribution from DIAG:  0.0107390322
  ***********************************************
  ENTER BFGS code FG_LNSRCH  -206385.834  0.184161961 -429.344452
  EXIT FROM BFGS code FG_LNSRCH   0.  0.184162065  0.
  
 ---------------------------------------------------
  
 Iteration :  8
  ***********************************************
  *** Learn Path  8
  *** loss function: -0.82080555
  *** contribution from regularisation:  0.00354840397
  *** contribution from error: -0.824353933
  *** contribution from DIAG:  0.0074127214
  ***********************************************
  ENTER BFGS code FG_LNSRCH  -207228.901  0.184162065 -430.833893
  EXIT FROM BFGS code FG_LNSRCH   0.  0.184162065  0.
  
 ---------------------------------------------------
  
 Iteration :  9
  ***********************************************
  *** Learn Path  9
  *** loss function: -0.820794344
  *** contribution from regularisation:  0.00355960918
  *** contribution from error: -0.824353933
  *** contribution from DIAG:  0.00509568164
  ***********************************************
  ENTER BFGS code FG_LNSRCH  -207816.361  0.184162065 -434.322205
  EXIT FROM BFGS code FG_LNSRCH   0.  0.184162065  0.
  
 ---------------------------------------------------
  
 Iteration :  10
 SIGNIFICANCE OF OUTPUTS IN LAYER 1
 RANK 1 NODE 1 -->  52.4971619 sigma out 24 active outputs
 RANK 2 NODE 11 -->  49.5884171 sigma out 24 active outputs
 RANK 3 NODE 8 -->  36.6274185 sigma out 24 active outputs
 RANK 4 NODE 5 -->  32.0893288 sigma out 24 active outputs
 RANK 5 NODE 9 -->  29.4422588 sigma out 24 active outputs
 RANK 6 NODE 2 -->  25.8085041 sigma out 24 active outputs
 RANK 7 NODE 17 -->  24.6575451 sigma out 24 active outputs
 RANK 8 NODE 10 -->  24.5432663 sigma out 24 active outputs
 RANK 9 NODE 18 -->  23.9342499 sigma out 24 active outputs
 RANK 10 NODE 20 -->  23.7788162 sigma out 24 active outputs
 RANK 11 NODE 12 -->  22.6465836 sigma out 24 active outputs
 RANK 12 NODE 6 -->  21.8073196 sigma out 24 active outputs
 RANK 13 NODE 22 -->  20.9816151 sigma out 24 active outputs
 RANK 14 NODE 19 -->  20.8712444 sigma out 24 active outputs
 RANK 15 NODE 7 -->  20.4368458 sigma out 24 active outputs
 RANK 16 NODE 23 -->  19.9519672 sigma out 24 active outputs
 RANK 17 NODE 3 -->  19.3910313 sigma out 24 active outputs
 RANK 18 NODE 21 -->  18.9347439 sigma out 24 active outputs
 RANK 19 NODE 15 -->  16.9127159 sigma out 24 active outputs
 RANK 20 NODE 24 -->  16.8661232 sigma out 24 active outputs
 RANK 21 NODE 13 -->  16.5457458 sigma out 24 active outputs
 RANK 22 NODE 4 -->  16.0274811 sigma out 24 active outputs
 RANK 23 NODE 16 -->  16.0033112 sigma out 24 active outputs
 RANK 24 NODE 14 -->  14.6399946 sigma out 24 active outputs
 SIGNIFICANCE OF INPUTS TO LAYER 2 
     sorted by input significance 
 RANK 1 NODE 21 -->  57.6479073 sigma in 24act. (  51.6457787 sig out 1act.)
 RANK 2 NODE 12 -->  48.6832771 sigma in 24act. (  39.472683 sig out 1act.)
 RANK 3 NODE 15 -->  37.6755753 sigma in 24act. (  30.4061947 sig out 1act.)
 RANK 4 NODE 4 -->  33.7469177 sigma in 24act. (  29.904398 sig out 1act.)
 RANK 5 NODE 17 -->  31.5926094 sigma in 24act. (  26.2824726 sig out 1act.)
 RANK 6 NODE 13 -->  30.7696285 sigma in 24act. (  26.3205128 sig out 1act.)
 RANK 7 NODE 23 -->  29.7279396 sigma in 24act. (  26.5057392 sig out 1act.)
 RANK 8 NODE 5 -->  26.3992233 sigma in 24act. (  23.1197052 sig out 1act.)
 RANK 9 NODE 9 -->  24.6679726 sigma in 24act. (  19.2680988 sig out 1act.)
 RANK 10 NODE 8 -->  20.8121891 sigma in 24act. (  16.7570438 sig out 1act.)
 RANK 11 NODE 20 -->  20.7493591 sigma in 24act. (  19.3134537 sig out 1act.)
 RANK 12 NODE 22 -->  20.1830292 sigma in 24act. (  16.4368305 sig out 1act.)
 RANK 13 NODE 18 -->  20.0363827 sigma in 24act. (  18.9514961 sig out 1act.)
 RANK 14 NODE 3 -->  19.5892754 sigma in 24act. (  14.7645693 sig out 1act.)
 RANK 15 NODE 6 -->  18.7943134 sigma in 24act. (  13.2215815 sig out 1act.)
 RANK 16 NODE 24 -->  18.7122536 sigma in 24act. (  16.6472778 sig out 1act.)
 RANK 17 NODE 19 -->  17.3287506 sigma in 24act. (  16.1347122 sig out 1act.)
 RANK 18 NODE 11 -->  15.3486366 sigma in 24act. (  10.6717653 sig out 1act.)
 RANK 19 NODE 14 -->  14.5317345 sigma in 24act. (  12.0406313 sig out 1act.)
 RANK 20 NODE 1 -->  14.2021284 sigma in 24act. (  10.7926655 sig out 1act.)
 RANK 21 NODE 2 -->  10.4502115 sigma in 24act. (  4.79627419 sig out 1act.)
 RANK 22 NODE 10 -->  10.2869501 sigma in 24act. (  5.88558435 sig out 1act.)
 RANK 23 NODE 16 -->  8.84904099 sigma in 24act. (  5.9453454 sig out 1act.)
 RANK 24 NODE 7 -->  8.16031742 sigma in 24act. (  1.86380374 sig out 1act.)
     sorted by output significance 
 RANK 1 NODE 21 -->  51.6457787 sigma out 1act.(  57.6479073 sig in 24act.)
 RANK 2 NODE 12 -->  39.472683 sigma out 1act.(  48.6832771 sig in 24act.)
 RANK 3 NODE 15 -->  30.4061947 sigma out 1act.(  37.6755753 sig in 24act.)
 RANK 4 NODE 4 -->  29.904398 sigma out 1act.(  33.7469177 sig in 24act.)
 RANK 5 NODE 23 -->  26.5057392 sigma out 1act.(  29.7279396 sig in 24act.)
 RANK 6 NODE 13 -->  26.3205128 sigma out 1act.(  30.7696285 sig in 24act.)
 RANK 7 NODE 17 -->  26.2824726 sigma out 1act.(  31.5926094 sig in 24act.)
 RANK 8 NODE 5 -->  23.1197052 sigma out 1act.(  26.3992233 sig in 24act.)
 RANK 9 NODE 20 -->  19.3134537 sigma out 1act.(  20.7493591 sig in 24act.)
 RANK 10 NODE 9 -->  19.2680988 sigma out 1act.(  24.6679726 sig in 24act.)
 RANK 11 NODE 18 -->  18.9514961 sigma out 1act.(  20.0363827 sig in 24act.)
 RANK 12 NODE 8 -->  16.7570438 sigma out 1act.(  20.8121891 sig in 24act.)
 RANK 13 NODE 24 -->  16.6472778 sigma out 1act.(  18.7122536 sig in 24act.)
 RANK 14 NODE 22 -->  16.4368305 sigma out 1act.(  20.1830292 sig in 24act.)
 RANK 15 NODE 19 -->  16.1347122 sigma out 1act.(  17.3287506 sig in 24act.)
 RANK 16 NODE 3 -->  14.7645693 sigma out 1act.(  19.5892754 sig in 24act.)
 RANK 17 NODE 6 -->  13.2215815 sigma out 1act.(  18.7943134 sig in 24act.)
 RANK 18 NODE 14 -->  12.0406313 sigma out 1act.(  14.5317345 sig in 24act.)
 RANK 19 NODE 1 -->  10.7926655 sigma out 1act.(  14.2021284 sig in 24act.)
 RANK 20 NODE 11 -->  10.6717653 sigma out 1act.(  15.3486366 sig in 24act.)
 RANK 21 NODE 16 -->  5.9453454 sigma out 1act.(  8.84904099 sig in 24act.)
 RANK 22 NODE 10 -->  5.88558435 sigma out 1act.(  10.2869501 sig in 24act.)
 RANK 23 NODE 2 -->  4.79627419 sigma out 1act.(  10.4502115 sig in 24act.)
 RANK 24 NODE 7 -->  1.86380374 sigma out 1act.(  8.16031742 sig in 24act.)
 SIGNIFICANCE OF INPUTS TO LAYER 3 
 RANK  1 NODE 1 -->  108.264824 sigma in 24 active inputs
  ***********************************************
  *** Learn Path  10
  *** loss function: -0.820787191
  *** contribution from regularisation:  0.00356674334
  *** contribution from error: -0.824353933
  *** contribution from DIAG:  0.0034678157
  ***********************************************
 Iteration No:  10
 **********************************************
 *****  write out current network          ****
 *****      to "rescue.nb"                 ****
 **********************************************
 WRITE NETWORK WEIGHTS TO EXPERTISE
 SAVING EXPERTISE TO rescue.nb
  ENTER BFGS code FG_LNSRCH  -208229.276  0.184162065 -436.863708
  EXIT FROM BFGS code NEW_X      -208229.276  0.184162065 -436.863708
  ENTER BFGS code NEW_X      -208229.276  0.184162065 -436.863708
  EXIT FROM BFGS code CONVERGENC -208229.276  0.184162065 -436.863708
  
 ---------------------------------------------------
  
 Iteration :  100
 SIGNIFICANCE OF OUTPUTS IN LAYER 1
 RANK 1 NODE 1 -->  52.6902122 sigma out 24 active outputs
 RANK 2 NODE 11 -->  49.5408173 sigma out 24 active outputs
 RANK 3 NODE 8 -->  36.9020462 sigma out 24 active outputs
 RANK 4 NODE 5 -->  32.0982475 sigma out 24 active outputs
 RANK 5 NODE 9 -->  29.5342197 sigma out 24 active outputs
 RANK 6 NODE 2 -->  25.9535103 sigma out 24 active outputs
 RANK 7 NODE 17 -->  24.7762871 sigma out 24 active outputs
 RANK 8 NODE 10 -->  24.6926575 sigma out 24 active outputs
 RANK 9 NODE 18 -->  24.0953388 sigma out 24 active outputs
 RANK 10 NODE 20 -->  23.8620605 sigma out 24 active outputs
 RANK 11 NODE 12 -->  22.6982651 sigma out 24 active outputs
 RANK 12 NODE 6 -->  21.9005547 sigma out 24 active outputs
 RANK 13 NODE 22 -->  21.0790558 sigma out 24 active outputs
 RANK 14 NODE 19 -->  20.9525414 sigma out 24 active outputs
 RANK 15 NODE 7 -->  20.500309 sigma out 24 active outputs
 RANK 16 NODE 23 -->  20.0719471 sigma out 24 active outputs
 RANK 17 NODE 3 -->  19.5407352 sigma out 24 active outputs
 RANK 18 NODE 21 -->  19.0321865 sigma out 24 active outputs
 RANK 19 NODE 15 -->  17.0235844 sigma out 24 active outputs
 RANK 20 NODE 24 -->  16.9688168 sigma out 24 active outputs
 RANK 21 NODE 13 -->  16.6668243 sigma out 24 active outputs
 RANK 22 NODE 4 -->  16.0526104 sigma out 24 active outputs
 RANK 23 NODE 16 -->  16.0304604 sigma out 24 active outputs
 RANK 24 NODE 14 -->  14.757679 sigma out 24 active outputs
 SIGNIFICANCE OF INPUTS TO LAYER 2 
     sorted by input significance 
 RANK 1 NODE 21 -->  57.9047585 sigma in 24act. (  51.7666092 sig out 1act.)
 RANK 2 NODE 12 -->  48.8565025 sigma in 24act. (  39.7039871 sig out 1act.)
 RANK 3 NODE 15 -->  37.7915192 sigma in 24act. (  30.6223011 sig out 1act.)
 RANK 4 NODE 4 -->  33.909874 sigma in 24act. (  29.9412975 sig out 1act.)
 RANK 5 NODE 17 -->  31.6302013 sigma in 24act. (  26.4906254 sig out 1act.)
 RANK 6 NODE 13 -->  30.8823338 sigma in 24act. (  26.3852615 sig out 1act.)
 RANK 7 NODE 23 -->  29.8540211 sigma in 24act. (  26.6831627 sig out 1act.)
 RANK 8 NODE 5 -->  26.4970112 sigma in 24act. (  23.2601604 sig out 1act.)
 RANK 9 NODE 9 -->  24.7648907 sigma in 24act. (  19.3071747 sig out 1act.)
 RANK 10 NODE 8 -->  20.8983994 sigma in 24act. (  16.8345032 sig out 1act.)
 RANK 11 NODE 20 -->  20.8531971 sigma in 24act. (  19.3604641 sig out 1act.)
 RANK 12 NODE 22 -->  20.252142 sigma in 24act. (  16.4872456 sig out 1act.)
 RANK 13 NODE 18 -->  20.1172543 sigma in 24act. (  19.0370293 sig out 1act.)
 RANK 14 NODE 3 -->  19.6529636 sigma in 24act. (  14.7899942 sig out 1act.)
 RANK 15 NODE 6 -->  18.8530216 sigma in 24act. (  13.321456 sig out 1act.)
 RANK 16 NODE 24 -->  18.76684 sigma in 24act. (  16.7351341 sig out 1act.)
 RANK 17 NODE 19 -->  17.3961353 sigma in 24act. (  16.2115784 sig out 1act.)
 RANK 18 NODE 11 -->  15.3857136 sigma in 24act. (  10.7180195 sig out 1act.)
 RANK 19 NODE 14 -->  14.5850363 sigma in 24act. (  12.1270666 sig out 1act.)
 RANK 20 NODE 1 -->  14.2426252 sigma in 24act. (  10.8661261 sig out 1act.)
 RANK 21 NODE 2 -->  10.4689856 sigma in 24act. (  4.81707764 sig out 1act.)
 RANK 22 NODE 10 -->  10.3076925 sigma in 24act. (  5.93059111 sig out 1act.)
 RANK 23 NODE 16 -->  8.87350178 sigma in 24act. (  5.96776009 sig out 1act.)
 RANK 24 NODE 7 -->  8.16931725 sigma in 24act. (  1.87483752 sig out 1act.)
     sorted by output significance 
 RANK 1 NODE 21 -->  51.7666092 sigma out 1act.(  57.9047585 sig in 24act.)
 RANK 2 NODE 12 -->  39.7039871 sigma out 1act.(  48.8565025 sig in 24act.)
 RANK 3 NODE 15 -->  30.6223011 sigma out 1act.(  37.7915192 sig in 24act.)
 RANK 4 NODE 4 -->  29.9412975 sigma out 1act.(  33.909874 sig in 24act.)
 RANK 5 NODE 23 -->  26.6831627 sigma out 1act.(  29.8540211 sig in 24act.)
 RANK 6 NODE 17 -->  26.4906254 sigma out 1act.(  31.6302013 sig in 24act.)
 RANK 7 NODE 13 -->  26.3852615 sigma out 1act.(  30.8823338 sig in 24act.)
 RANK 8 NODE 5 -->  23.2601604 sigma out 1act.(  26.4970112 sig in 24act.)
 RANK 9 NODE 20 -->  19.3604641 sigma out 1act.(  20.8531971 sig in 24act.)
 RANK 10 NODE 9 -->  19.3071747 sigma out 1act.(  24.7648907 sig in 24act.)
 RANK 11 NODE 18 -->  19.0370293 sigma out 1act.(  20.1172543 sig in 24act.)
 RANK 12 NODE 8 -->  16.8345032 sigma out 1act.(  20.8983994 sig in 24act.)
 RANK 13 NODE 24 -->  16.7351341 sigma out 1act.(  18.76684 sig in 24act.)
 RANK 14 NODE 22 -->  16.4872456 sigma out 1act.(  20.252142 sig in 24act.)
 RANK 15 NODE 19 -->  16.2115784 sigma out 1act.(  17.3961353 sig in 24act.)
 RANK 16 NODE 3 -->  14.7899942 sigma out 1act.(  19.6529636 sig in 24act.)
 RANK 17 NODE 6 -->  13.321456 sigma out 1act.(  18.8530216 sig in 24act.)
 RANK 18 NODE 14 -->  12.1270666 sigma out 1act.(  14.5850363 sig in 24act.)
 RANK 19 NODE 1 -->  10.8661261 sigma out 1act.(  14.2426252 sig in 24act.)
 RANK 20 NODE 11 -->  10.7180195 sigma out 1act.(  15.3857136 sig in 24act.)
 RANK 21 NODE 16 -->  5.96776009 sigma out 1act.(  8.87350178 sig in 24act.)
 RANK 22 NODE 10 -->  5.93059111 sigma out 1act.(  10.3076925 sig in 24act.)
 RANK 23 NODE 2 -->  4.81707764 sigma out 1act.(  10.4689856 sig in 24act.)
 RANK 24 NODE 7 -->  1.87483752 sigma out 1act.(  8.16931725 sig in 24act.)
 SIGNIFICANCE OF INPUTS TO LAYER 3 
 RANK  1 NODE 1 -->  108.73452 sigma in 24 active inputs
  ***********************************************
  *** Learn Path  100
  *** loss function: -0.820782542
  *** contribution from regularisation:  0.00357139995
  *** contribution from error: -0.824353933
  *** contribution from DIAG:  0.00119236566
  ***********************************************
 -----------------> Test sample
 END OF LEARNING , export EXPERTISE
 WRITE NETWORK WEIGHTS TO EXPERTISE
 SAVING EXPERTISE TO mumuhighmass_full.nb
 NB_AHISTOUT: storage space 65334
