
       <<            hh                    tt  >> 
     <<              hh       ii           tt    >>
   <<                hh                  tttttt    >>
 <<        ppppp     hhhhhh   ii           tt        >>
   <<      pp  pp    hhh  hh  ii  -----    tt      >>
     <<    pp  pp    hh   hh  ii  -----    tt    >>
       <<  ppppp     hh   hh  ii           tt  >>
           pp          
           pp  //////////////////////////////
           pp  \\\\\\\\\\\\\\\   Phi-T(R) NeuroBayes(R) Teacher
      
  Algorithms by Michael Feindt 
  Implementation by Phi-T Project 2001-2003
  Copyright Phi-T GmbH 
  Version  20101206
  Library compiled with:
   NB_MAXPATTERN= 1500000
   NB_MAXNODE   = 100
  -----------------------------------
 found 1000000 samples to learn from

 preprocessing flags/parameters:
 global preprocessing flag: 612
 individual preprocessing:
 variable # 2 : PreproFlag = 34
    parameter # 1 =  0.
    parameter # 2 =  0.
    parameter # 3 =  0.
    parameter # 4 =  0.
    parameter # 5 =  0.
    parameter # 6 =  0.
    parameter # 7 =  0.
    parameter # 8 =  0.
    parameter # 9 =  0.
    parameter # 10 =  0.
 variable # 3 : PreproFlag = 34
    parameter # 1 =  0.
    parameter # 2 =  0.
    parameter # 3 =  0.
    parameter # 4 =  0.
    parameter # 5 =  0.
    parameter # 6 =  0.
    parameter # 7 =  0.
    parameter # 8 =  0.
    parameter # 9 =  0.
    parameter # 10 =  0.
 variable # 4 : PreproFlag = 34
    parameter # 1 =  0.
    parameter # 2 =  0.
    parameter # 3 =  0.
    parameter # 4 =  0.
    parameter # 5 =  0.
    parameter # 6 =  0.
    parameter # 7 =  0.
    parameter # 8 =  0.
    parameter # 9 =  0.
    parameter # 10 =  0.
 variable # 5 : PreproFlag = 34
    parameter # 1 =  0.
    parameter # 2 =  0.
    parameter # 3 =  0.
    parameter # 4 =  0.
    parameter # 5 =  0.
    parameter # 6 =  0.
    parameter # 7 =  0.
    parameter # 8 =  0.
    parameter # 9 =  0.
    parameter # 10 =  0.
 variable # 6 : PreproFlag = 34
    parameter # 1 =  0.
    parameter # 2 =  0.
    parameter # 3 =  0.
    parameter # 4 =  0.
    parameter # 5 =  0.
    parameter # 6 =  0.
    parameter # 7 =  0.
    parameter # 8 =  0.
    parameter # 9 =  0.
    parameter # 10 =  0.
 variable # 7 : PreproFlag = 34
    parameter # 1 =  0.
    parameter # 2 =  0.
    parameter # 3 =  0.
    parameter # 4 =  0.
    parameter # 5 =  0.
    parameter # 6 =  0.
    parameter # 7 =  0.
    parameter # 8 =  0.
    parameter # 9 =  0.
    parameter # 10 =  0.
 variable # 8 : PreproFlag = 34
    parameter # 1 =  0.
    parameter # 2 =  0.
    parameter # 3 =  0.
    parameter # 4 =  0.
    parameter # 5 =  0.
    parameter # 6 =  0.
    parameter # 7 =  0.
    parameter # 8 =  0.
    parameter # 9 =  0.
    parameter # 10 =  0.
 variable # 9 : PreproFlag = 34
    parameter # 1 =  0.
    parameter # 2 =  0.
    parameter # 3 =  0.
    parameter # 4 =  0.
    parameter # 5 =  0.
    parameter # 6 =  0.
    parameter # 7 =  0.
    parameter # 8 =  0.
    parameter # 9 =  0.
    parameter # 10 =  0.
 variable # 10 : PreproFlag = 34
    parameter # 1 =  0.
    parameter # 2 =  0.
    parameter # 3 =  0.
    parameter # 4 =  0.
    parameter # 5 =  0.
    parameter # 6 =  0.
    parameter # 7 =  0.
    parameter # 8 =  0.
    parameter # 9 =  0.
    parameter # 10 =  0.
 variable # 11 : PreproFlag = 34
    parameter # 1 =  0.
    parameter # 2 =  0.
    parameter # 3 =  0.
    parameter # 4 =  0.
    parameter # 5 =  0.
    parameter # 6 =  0.
    parameter # 7 =  0.
    parameter # 8 =  0.
    parameter # 9 =  0.
    parameter # 10 =  0.
 variable # 12 : PreproFlag = 34
    parameter # 1 =  0.
    parameter # 2 =  0.
    parameter # 3 =  0.
    parameter # 4 =  0.
    parameter # 5 =  0.
    parameter # 6 =  0.
    parameter # 7 =  0.
    parameter # 8 =  0.
    parameter # 9 =  0.
    parameter # 10 =  0.
 variable # 13 : PreproFlag = 34
    parameter # 1 =  0.
    parameter # 2 =  0.
    parameter # 3 =  0.
    parameter # 4 =  0.
    parameter # 5 =  0.
    parameter # 6 =  0.
    parameter # 7 =  0.
    parameter # 8 =  0.
    parameter # 9 =  0.
    parameter # 10 =  0.

 Using weight factor:  1.
 now perform preprocessing
 ***  called with option   12
 ***  This will do for you:
 ***    input variable equalisation 
 ***    to Gaussian distribution with mean=0 and sigma=1
 ***    Then variables are decorrelated 
 ************************************
 Signal fraction:  49.8501015 %
 ------------------------------
 Transdef: Tab for variable  1   -1. -1. -1. -1. -1. -1. -1. -1. -1. -1. -1.
 -1. -1. -1. -1. -1. -1. -1. -1. -1. -1. -1. -1. -1. -1. -1. -1. -1. -1. -1.
 -1. -1. -1. -1. -1. -1. -1. -1. -1. -1. -1. -1. -1. -1. -1. -1. -1. -1. -1.
 -1. -1.  1.  1.  1.  1.  1.  1.  1.  1.  1.  1.  1.  1.  1.  1.  1.  1.  1.
  1.  1.  1.  1.  1.  1.  1.  1.  1.  1.  1.  1.  1.  1.  1.  1.  1.  1.  1.
  1.  1.  1.  1.  1.  1.  1.  1.  1.  1.  1.  1.  1.  1.
 ------------------------------
 Transdef: Tab for variable  2    1.00003481  1.07727289  1.14767623
  1.20310295  1.21861267  1.23379171  1.2492677  1.26479292  1.28061676
  1.29590189  1.31135392  1.32710373  1.34253311  1.3583101  1.3741256
  1.38980937  1.40567422  1.42104459  1.43706703  1.45295215  1.46901977
  1.48483586  1.50091302  1.51667905  1.53244424  1.54844284  1.56442416
  1.5807457  1.59684789  1.61271286  1.62879586  1.64454126  1.66083145
  1.67701483  1.69319689  1.709692  1.72589898  1.74242032  1.75908327
  1.77540708  1.79162061  1.80809498  1.8248713  1.8413986  1.85793757
  1.87466502  1.8911345  1.90782917  1.92477107  1.94140005  1.95823467
  1.97546446  1.99299383  2.01020598  2.02757549  2.04531217  2.06305075
  2.08070374  2.09865522  2.11696243  2.13531303  2.15379286  2.17227888
  2.19155264  2.21070623  2.23025656  2.24986792  2.27030444  2.29031515
  2.31110525  2.33215141  2.35318804  2.37516022  2.39765692  2.42045975
  2.44387197  2.46784019  2.49270487  2.51822853  2.54525685  2.57422113
  2.60541391  2.6409502  2.68155193  2.72730923  2.77914357  2.83607268
  2.8990159  2.97074056  3.04899764  3.13833308  3.24010658  3.35891533
  3.49672914  3.66486049  3.87325621  4.13283825  4.48470688  5.02815914
  6.04052448  41.9010544
 do regularised spline fit for input variable # 2
 build map for variable # 2
 warning: map is empty for variable 2
 ------------------------------
 Transdef: Tab for variable  3    1.50156903  2.00307846  2.09890318
  2.17771816  2.24707985  2.30873775  2.36301565  2.41292  2.45877194
  2.50189066  2.54110909  2.57689738  2.61064816  2.64116144  2.66970658
  2.69717169  2.7243135  2.7509439  2.77712297  2.80289626  2.82869053
  2.85441208  2.88035727  2.90656948  2.93315315  2.95953083  2.98538828
  3.01180029  3.03803539  3.06470823  3.0912571  3.11832571  3.14525127
  3.17249537  3.20006609  3.22823954  3.25690269  3.28630519  3.31523085
  3.34448338  3.37465715  3.40529442  3.43606925  3.46706891  3.49911189
  3.53161478  3.56458187  3.59798574  3.63201284  3.66683102  3.70140815
  3.73656225  3.77225113  3.80959201  3.84691238  3.88529396  3.92448902
  3.96496296  4.00600433  4.04721785  4.0912919  4.1350193  4.18006706
  4.22610283  4.27405453  4.32191563  4.37098551  4.42228794  4.47454309
  4.52893543  4.5843091  4.64277506  4.7030201  4.76672554  4.83148909
  4.89833736  4.96984673  5.04451561  5.12228155  5.20454979  5.29182577
  5.38406944  5.48218918  5.58703232  5.69953823  5.82258844  5.95734835
  6.10807514  6.27261639  6.45592594  6.66064072  6.89605808  7.166399
  7.47835541  7.86581707  8.34029007  8.94047737  9.74941254  10.9876194
  13.4075489  733.357117
 do regularised spline fit for input variable # 3
 build map for variable # 3
 warning: map is empty for variable 3
 ------------------------------
 Transdef: Tab for variable  4    10.0000305  10.3115501  10.6248951
  10.9402199  11.2527695  11.5722694  11.8882504  12.2093353  12.5366001
  12.8689947  13.2043495  13.54496  13.8900404  14.2461243  14.5964546
  14.9593792  15.3207893  15.6915646  16.0659904  16.4513245  16.8436604
  17.2427406  17.6487198  18.0676003  18.4944954  18.925745  19.3696156
  19.8390846  20.3008003  20.7718201  21.2610359  21.75527  22.2627258
  22.7823601  23.3181496  23.8687191  24.4279003  24.9903641  25.5804062
  26.1656208  26.7688751  27.3908348  28.0240974  28.6811409  29.3482742
  30.0246086  30.7279243  31.4413109  32.1794739  32.9479752  33.7355537
  34.5289078  35.3397064  36.1874695  37.035614  37.9202042  38.8295212
  39.765522  40.7363434  41.7169724  42.7469025  43.8149986  44.9053154
  46.0294571  47.1929054  48.393734  49.6308403  50.9010468  52.2364655
  53.6578293  55.1125259  56.6316833  58.171814  59.7827835  61.4697495
  63.2465057  65.0879517  67.0377121  69.0664673  71.1800385  73.4238586
  75.7827988  78.3006744  80.973175  83.8608093  86.945816  90.2106628
  93.8297272  97.6941223  101.94384  106.696198  111.957458  117.78479
  124.509018  132.311523  141.826599  153.394073  168.650177  191.103226
  232.901489  8347.1709
 do regularised spline fit for input variable # 4
 build map for variable # 4
 warning: map is empty for variable 4
 ------------------------------
 Transdef: Tab for variable  5    10.0000095  10.3140306  10.6277046  10.93787
  11.2530994  11.5678654  11.8844147  12.204565  12.5196104  12.8510151
  13.1851845  13.5167694  13.8604898  14.2049999  14.5516901  14.9091892
  15.2683897  15.6414146  16.0131111  16.3951797  16.7873344  17.1750298
  17.5842171  18.0005951  18.42556  18.8589439  19.3019905  19.7489815
  20.2062187  20.6670151  21.1394005  21.6262398  22.1328011  22.6347256
  23.1595688  23.6953583  24.22892  24.7911568  25.3888397  25.964325
  26.5758858  27.1863861  27.8061638  28.4626789  29.1394749  29.8134003
  30.4956856  31.2017651  31.9284859  32.6602325  33.4345627  34.2128792
  35.0100784  35.8379669  36.681633  37.5437775  38.4367447  39.3601227
  40.3073578  41.278717  42.2733498  43.3010178  44.3794556  45.5069237
  46.6307602  47.8280945  49.0558472  50.2997665  51.6125641  52.9928818
  54.4142189  55.8792343  57.3912964  59.0145645  60.6708946  62.4045181
  64.2134094  66.0939636  68.10672  70.1824951  72.3901367  74.7268753
  77.2194519  79.8384171  82.6413879  85.6747894  89.0030136  92.5251617
  96.285141  100.490494  105.154327  110.327156  116.071198  122.644623
  130.352615  139.475983  150.816956  165.989517  188.545715  229.263046
  9705.30762
 do regularised spline fit for input variable # 5
 build map for variable # 5
 warning: map is empty for variable 5
 ------------------------------
 Transdef: Tab for variable  6    3.38415342E-12  0.000281941902  0.0011116825
  0.00248584314  0.00440504914  0.00690073799  0.0098899696  0.0134580508
  0.0176145229  0.022245463  0.0274786092  0.033295922  0.0395452306
  0.0465165041  0.0540933236  0.062280871  0.0711010545  0.080457814
  0.0903840959  0.100815788  0.11217051  0.124018684  0.136521518  0.149700522
  0.163527489  0.177850187  0.192899823  0.208797395  0.225239739  0.242594466
  0.26077351  0.279279113  0.298704207  0.319050938  0.339984715  0.362641871
  0.385789603  0.409947217  0.434971035  0.460445464  0.487190276  0.514643431
  0.543290377  0.573132753  0.604499519  0.637207627  0.670012355  0.704187691
  0.74097985  0.778266668  0.817388892  0.856536508  0.899003983  0.941918254
  0.986330628  1.03321886  1.08087885  1.13130569  1.18323386  1.23763084
  1.29436779  1.35357761  1.41510367  1.47911167  1.54710603  1.61745262
  1.6901052  1.76563406  1.84512925  1.92813182  2.01669335  2.10902452
  2.20705318  2.30882597  2.4147253  2.52633476  2.64711022  2.77321243
  2.90695524  3.0531292  3.20744252  3.37282705  3.54987288  3.74345541
  3.9513483  4.17798662  4.43015575  4.70443392  5.01206303  5.34947491
  5.73037481  6.17492962  6.68863535  7.28062153  7.98445129  8.84578133
  9.94101143  11.390008  13.4135838  16.5791588  24.9987087
 do regularised spline fit for input variable # 6
 build map for variable # 6
 warning: map is empty for variable 6
 ------------------------------
 Transdef: Tab for variable  7    0.00789215695  0.0115266219  0.0118293595
  0.0120413862  0.012210086  0.0123532694  0.0124805532  0.0125945052
  0.0126990089  0.0127974711  0.0128893256  0.0129801771  0.013065828
  0.0131497746  0.0132289976  0.0133051183  0.0133789089  0.0134509075
  0.0135218836  0.0135900937  0.0136584323  0.013726077  0.0137923975
  0.013858323  0.0139236338  0.0139898844  0.0140555669  0.0141209234
  0.0141852871  0.0142504107  0.0143153779  0.0143796075  0.0144450571
  0.0145104397  0.0145754749  0.0146415439  0.0147080179  0.014773733
  0.0148412706  0.0149086677  0.0149777513  0.015046712  0.0151163964
  0.0151874926  0.0152587257  0.0153319668  0.0154073145  0.0154830422
  0.0155592524  0.0156368222  0.0157143325  0.0157936215  0.015875902
  0.015960779  0.0160471611  0.016136162  0.0162274316  0.0163198821
  0.0164153185  0.0165121146  0.0166122876  0.0167125687  0.0168179944
  0.0169272795  0.0170397349  0.0171579812  0.017277902  0.0174033083
  0.0175351016  0.0176692232  0.0178115666  0.0179580525  0.018112693
  0.0182780903  0.0184505694  0.0186337829  0.0188235808  0.0190267693
  0.0192432776  0.0194673575  0.0197099186  0.019973062  0.0202545822
  0.0205609463  0.020892011  0.0212631691  0.0216654204  0.0221139751
  0.0226119403  0.0231757015  0.0238044988  0.0245023891  0.0252891518
  0.0261644889  0.0271442123  0.0282937363  0.0296893436  0.0315692276
  0.0342516825  0.0387175232  3.06886721
 do regularised spline fit for input variable # 7
 build map for variable # 7
 warning: map is empty for variable 7
 ------------------------------
 Transdef: Tab for variable  8    19.4087296  25.4331131  27.5691681
  29.2334671  30.6571407  31.9847107  33.1879578  34.3548279  35.4730759
  36.5515518  37.6040421  38.6203461  39.6331406  40.6282806  41.6050644
  42.5709572  43.5276604  44.4774475  45.4060555  46.3465347  47.2960243
  48.2376022  49.1783791  50.1319237  51.0807877  52.0249786  52.9820442
  53.9233017  54.8861237  55.867527  56.8560944  57.8343735  58.8460922
  59.859993  60.8830948  61.9143066  62.9749031  64.0488586  65.1051788
  66.193985  67.2842712  68.4049301  69.5398254  70.6950226  71.8497238
  73.0302582  74.2522736  75.4810791  76.7125168  77.9598999  79.2576141
  80.5695877  81.9052505  83.2706146  84.684494  86.1218796  87.575943
  89.0622253  90.6100311  92.1830597  93.7730713  95.4182053  97.0992584
  98.8164368  100.587196  102.385178  104.26593  106.214935  108.205505
  110.260162  112.409119  114.59935  116.873306  119.220367  121.670647
  124.174232  126.824799  129.586182  132.493774  135.497162  138.703796
  142.051666  145.612396  149.321106  153.271011  157.513016  162.015656
  166.90033  172.118164  177.867615  184.17865  191.237061  199.137405
  208.322968  218.735306  231.443542  247.19133  267.641022  297.274536
  349.502808  9709.80566
 do regularised spline fit for input variable # 8
 build map for variable # 8
 warning: map is empty for variable 8
 ------------------------------
 Transdef: Tab for variable  9    5.02329556E-08  0.000411332527
  0.000816632644  0.001229994  0.00163276284  0.00204276526  0.00245128013
  0.00286058243  0.00326782791  0.00367669016  0.00409064442  0.00449852645
  0.00490704644  0.00532017462  0.00573714077  0.00615087943  0.00657205703
  0.00699829683  0.00742139295  0.00785348751  0.00828923285  0.00872432813
  0.00915993005  0.0096020624  0.010046497  0.0104887914  0.0109320227
  0.0113869077  0.0118444161  0.0122986138  0.0127600729  0.0132243186
  0.0136888633  0.0141657013  0.0146538885  0.015148785  0.0156422257
  0.0161411054  0.0166519284  0.0171660632  0.0176943988  0.0182241499
  0.0187572986  0.0193053316  0.0198568646  0.0204226635  0.0209843684
  0.021566011  0.022158701  0.0227447767  0.0233439952  0.0239612982
  0.0245880894  0.0252365079  0.0258955844  0.0265757963  0.0272480082
  0.0279419795  0.0286562108  0.0293863043  0.0301391631  0.0309058316
  0.0316943601  0.0324870422  0.0333190039  0.0341725424  0.0350327119
  0.0359188318  0.0368531495  0.0377974883  0.0387985669  0.0397970006
  0.0408556163  0.0419478938  0.043065235  0.0442255437  0.0454281643
  0.0466991663  0.0480257124  0.0493829623  0.0508184507  0.0523261763
  0.0539012961  0.0555426702  0.0572355427  0.0590034053  0.0608959496
  0.0628312901  0.0648870021  0.0670434386  0.069293052  0.0716472119
  0.0741176531  0.0767750442  0.0795389563  0.0824729055  0.0855053961
  0.0888369456  0.0923867524  0.0960267037  0.099998571
 do regularised spline fit for input variable # 9
 build map for variable # 9
 warning: map is empty for variable 9
 ------------------------------
 Transdef: Tab for variable  10    0.105510935  0.516392112  0.56723702
  0.600480258  0.626388311  0.647411287  0.666279078  0.682709694  0.697698712
  0.711579621  0.724323988  0.736511588  0.747929335  0.758640766  0.769103765
  0.779163361  0.788847804  0.798338175  0.807543457  0.816302061  0.825052977
  0.833454967  0.841806471  0.850085616  0.858062804  0.86584264  0.873626471
  0.881566167  0.889212847  0.896672785  0.904055357  0.911453128  0.918884754
  0.926179528  0.933482409  0.940758824  0.948016584  0.955156803  0.962581515
  0.969777822  0.977041662  0.984406948  0.991770983  0.999035895  1.00647557
  1.01382065  1.0212189  1.02855575  1.03611946  1.0436995  1.05159187
  1.0594089  1.06719804  1.07518601  1.08313608  1.09122443  1.09952807
  1.10813785  1.1166718  1.12555754  1.13438177  1.14343905  1.15251422
  1.16201973  1.17166138  1.18173099  1.19204903  1.20262635  1.21347713
  1.22466958  1.2365644  1.24883723  1.26130271  1.27451921  1.28809583
  1.30267704  1.31845152  1.33481991  1.35221171  1.37066913  1.39073384
  1.4123168  1.43582523  1.46193147  1.49150646  1.52422643  1.56083906
  1.60362566  1.65535879  1.71749055  1.79438317  1.89218211  2.01765895
  2.18292665  2.40090132  2.67638493  3.02852917  3.45101953  3.92518806
  4.44516754  4.99995947
 do regularised spline fit for input variable # 10
 build map for variable # 10
 warning: map is empty for variable 10
 ------------------------------
 Transdef: Tab for variable  11    0.129531115  0.517928481  0.568748355
  0.601330042  0.626978993  0.648293197  0.666753709  0.68316704  0.698064208
  0.711832821  0.724631548  0.73676765  0.74820745  0.759248078  0.769867539
  0.779805779  0.789640546  0.798804402  0.807888985  0.816927254  0.825624168
  0.834156752  0.842364132  0.850556374  0.858607769  0.866603136  0.874313474
  0.881996155  0.889632165  0.897184849  0.904601991  0.911946177  0.919360042
  0.926679969  0.934072554  0.94150579  0.948828042  0.956036329  0.963270128
  0.970649362  0.977842748  0.985231161  0.992548704  0.999884248  1.00734472
  1.0146358  1.022053  1.02948225  1.03704143  1.04468131  1.05235076
  1.06013727  1.06792295  1.07587337  1.08379805  1.09201741  1.10029209
  1.10867453  1.11734962  1.1260829  1.13495159  1.14403915  1.15346074
  1.1629622  1.17282867  1.18285298  1.19311833  1.20372224  1.21462786
  1.22590256  1.23787272  1.250157  1.26275539  1.27614439  1.29001999
  1.30491138  1.32029676  1.336393  1.35390973  1.37272048  1.39297199
  1.4146812  1.43801689  1.46424592  1.49291945  1.52599216  1.56344199
  1.60699606  1.65808725  1.71993005  1.79736662  1.89456892  2.01914358
  2.18325233  2.40043688  2.6747992  3.03690052  3.46057272  3.94001126
  4.44757366  4.99996853
 do regularised spline fit for input variable # 11
 build map for variable # 11
 warning: map is empty for variable 11
 ------------------------------
 Transdef: Tab for variable  12    3.21376348E-07  0.00728885503  0.0147214048
  0.0221650153  0.0296188425  0.0370316431  0.0444694608  0.0519358516
  0.0593171716  0.0666400641  0.0739949495  0.0815066844  0.0889736116
  0.096493423  0.104047403  0.11149846  0.11914102  0.126623765  0.134317204
  0.141791463  0.149337471  0.156827867  0.164375812  0.172000706  0.179574445
  0.187131673  0.194694698  0.202135384  0.209812731  0.217417702  0.22502099
  0.232659981  0.240469471  0.248129636  0.255863905  0.263459861  0.271139741
  0.278869748  0.286647201  0.294421166  0.302116454  0.309855789  0.317750037
  0.325559855  0.333409965  0.341273963  0.349111497  0.357113987  0.365011007
  0.372961164  0.381050169  0.389054656  0.397197068  0.405248463  0.413279116
  0.421412826  0.429524839  0.437793553  0.445974648  0.454166472  0.46239537
  0.470510274  0.478828162  0.487012923  0.495403945  0.503780663  0.512046099
  0.520347595  0.528839469  0.537282169  0.545853198  0.554639637  0.563186169
  0.5719769  0.580648363  0.589313865  0.598329484  0.60746026  0.616383851
  0.625391245  0.634353697  0.643480778  0.652821898  0.661935747  0.67145896
  0.681159139  0.690823793  0.700936913  0.711190462  0.721795261  0.732922196
  0.744603395  0.75650537  0.768905163  0.781929255  0.79573977  0.810392857
  0.826968193  0.845579863  0.870221019  0.999999583
 do regularised spline fit for input variable # 12
 build map for variable # 12
 warning: map is empty for variable 12
 ------------------------------
 Transdef: Tab for variable  13    0.00375784328  0.329874635  0.470496655
  0.580663323  0.675050735  0.758422971  0.837026119  0.909703493  0.977797389
  1.04497945  1.10911143  1.17069972  1.23060739  1.28967357  1.3472712
  1.40350318  1.46037507  1.5151515  1.5689193  1.62308311  1.67721105
  1.73055923  1.78409028  1.83721757  1.89144838  1.945737  1.99817359
  2.05253458  2.10534263  2.15964627  2.21329784  2.26723194  2.32120466
  2.37542796  2.42936659  2.48375225  2.5384388  2.59395528  2.65021396
  2.70568419  2.76229429  2.81950569  2.8773632  2.93539095  2.99449658
  3.05413985  3.11408854  3.17520857  3.23688221  3.29798746  3.36146832
  3.42446756  3.48870993  3.55290794  3.62045336  3.68750668  3.75417304
  3.82335734  3.89330149  3.9659338  4.03887463  4.11537552  4.19219875
  4.271101  4.35159111  4.43653965  4.52224064  4.60878277  4.70206261
  4.79496479  4.89081907  4.99081039  5.09389877  5.20301485  5.31581974
  5.43375111  5.55740356  5.68595076  5.8223381  5.96651268  6.11886215
  6.27835369  6.45032692  6.63247108  6.82482815  7.03203678  7.25530148
  7.49945068  7.76623154  8.0531311  8.37495422  8.73260498  9.13615799
  9.59765911  10.146965  10.8113842  11.6372585  12.7581367  14.4203281
  17.4896984  733.734558
 do regularised spline fit for input variable # 13
 build map for variable # 13
 warning: map is empty for variable 13
  
  
  
 COVARIANCE MATRIX (IN PERCENT)
  
 0    1.0    2.0    3.0    4.0    5.0    6.0    7.0    8.0    9.0   10.0   11.0   12.0   13.0
 0    1.0    1.0    1.0    1.0    1.0    1.0    1.0    1.0    1.0    1.0    1.0    1.0    1.0
  
 1  100.0   41.9   30.1    9.8   10.4   24.6    8.7    8.6   32.4   24.5   24.7   17.6   31.3
 2   41.9  100.0   24.1   13.2   13.5    4.2    6.9   10.5   21.8   10.4   10.7   28.5   48.0
 3   30.1   24.1  100.0   18.2   19.3   -0.4    8.8   24.6   15.2    6.7    6.3   14.1   75.4
 4    9.8   13.2   18.2  100.0   -6.2    2.4   18.7   19.6    2.7    2.8    0.6   14.7   16.6
 5   10.4   13.5   19.3   -6.2  100.0    2.7   16.7   25.7    2.5    0.7    2.7   11.9   17.9
 6   24.6    4.2   -0.4    2.4    2.7  100.0    0.9    4.8   83.6    9.1    9.0   -0.1    2.7
 7    8.7    6.9    8.8   18.7   16.7    0.9  100.0  -33.9    4.4    1.1    1.2   -1.5    9.3
 8    8.6   10.5   24.6   19.6   25.7    4.8  -33.9  100.0   -0.8    2.1    1.8  -17.9   23.9
 9   32.4   21.8   15.2    2.7    2.5   83.6    4.4   -0.8  100.0   11.8   11.9    7.8   17.0
10   24.5   10.4    6.7    2.8    0.7    9.1    1.1    2.1   11.8  100.0   13.9    5.5    7.0
11   24.7   10.7    6.3    0.6    2.7    9.0    1.2    1.8   11.9   13.9  100.0    5.5    7.0
12   17.6   28.5   14.1   14.7   11.9   -0.1   -1.5  -17.9    7.8    5.5    5.5  100.0   -4.5
13   31.3   48.0   75.4   16.6   17.9    2.7    9.3   23.9   17.0    7.0    7.0   -4.5  100.0
 TOTAL CORRELATION TO TARGET (diagonal)  84.7281203
 TOTAL CORRELATION OF ALL VARIABLES   57.5845988
 ROUND 1: MAX CORR (  57.5838557)  AFTER KILLING INPUT VARIABLE 5 CONTR  0.292540557
 ROUND 2: MAX CORR (  57.5812584)  AFTER KILLING INPUT VARIABLE 4 CONTR  0.546916519
 ROUND 3: MAX CORR (  57.5591932)  AFTER KILLING INPUT VARIABLE 8 CONTR  1.59392473
 ROUND 4: MAX CORR (  57.5145905)  AFTER KILLING INPUT VARIABLE 9 CONTR  2.26552578
 ROUND 5: MAX CORR (  57.4615831)  AFTER KILLING INPUT VARIABLE 12 CONTR  2.46872019
 ROUND 6: MAX CORR (  57.3082039)  AFTER KILLING INPUT VARIABLE 7 CONTR  4.19562955
 ROUND 7: MAX CORR (  57.1557343)  AFTER KILLING INPUT VARIABLE 13 CONTR  4.17759096
 ROUND 8: MAX CORR (  55.0402004)  AFTER KILLING INPUT VARIABLE 10 CONTR  15.4063072
 ROUND 9: MAX CORR (  52.169999)  AFTER KILLING INPUT VARIABLE 11 CONTR  17.5418035
 ROUND 10: MAX CORR (  47.7851531)  AFTER KILLING INPUT VARIABLE 3 CONTR  20.9353274
 ROUND 11: MAX CORR (  41.9440167)  AFTER KILLING INPUT VARIABLE 6 CONTR  22.8936744
 LAST REMAINING VARIABLE:  2
 total correlation to target:  57.5845988 %
 total significance:  575.845988 sigma
 correlations of single variables to target:
 variable 2:  41.9440167 %  ,  in sigma:  419.440167
 variable 3:  30.078224 %  ,  in sigma:  300.78224
 variable 4:  9.78507247 %  ,  in sigma:  97.8507247
 variable 5:  10.422805 %  ,  in sigma:  104.22805
 variable 6:  24.6333185 %  ,  in sigma:  246.333185
 variable 7:  8.67832917 %  ,  in sigma:  86.7832917
 variable 8:  8.57954162 %  ,  in sigma:  85.7954162
 variable 9:  32.4439256 %  ,  in sigma:  324.439256
 variable 10:  24.5415672 %  ,  in sigma:  245.415672
 variable 11:  24.6581281 %  ,  in sigma:  246.581281
 variable 12:  17.5834779 %  ,  in sigma:  175.834779
 variable 13:  31.3472591 %  ,  in sigma:  313.472591
 variables sorted by significance:
 1 most relevant variable 2 corr  41.9440155 , in sigma:  419.440155
 2 most relevant variable 6 corr  22.8936749 , in sigma:  228.936749
 3 most relevant variable 3 corr  20.9353275 , in sigma:  209.353275
 4 most relevant variable 11 corr  17.5418034 , in sigma:  175.418034
 5 most relevant variable 10 corr  15.4063072 , in sigma:  154.063072
 6 most relevant variable 13 corr  4.17759085 , in sigma:  41.7759085
 7 most relevant variable 7 corr  4.1956296 , in sigma:  41.956296
 8 most relevant variable 12 corr  2.4687202 , in sigma:  24.687202
 9 most relevant variable 9 corr  2.26552582 , in sigma:  22.6552582
 10 most relevant variable 8 corr  1.59392476 , in sigma:  15.9392476
 11 most relevant variable 4 corr  0.546916544 , in sigma:  5.46916544
 12 most relevant variable 5 corr  0.29254055 , in sigma:  2.9254055
 global correlations between input variables:
 variable 2:  67.8941123 %
 variable 3:  82.3833292 %
 variable 4:  47.5577508 %
 variable 5:  49.5303084 %
 variable 6:  86.1092533 %
 variable 7:  57.574678 %
 variable 8:  66.8879257 %
 variable 9:  86.9786778 %
 variable 10:  19.180307 %
 variable 11:  19.2414308 %
 variable 12:  61.0144023 %
 variable 13:  85.2047279 %
 significance loss when removing single variables:
 variable 2: corr =  23.8550299 %  ,  sigma =  238.550299
 variable 3: corr =  12.4449675 %  ,  sigma =  124.449675
 variable 4: corr =  0.606745434 %  ,  sigma =  6.06745434
 variable 5: corr =  0.292540557 %  ,  sigma =  2.92540557
 variable 6: corr =  8.30605237 %  ,  sigma =  83.0605237
 variable 7: corr =  4.28450414 %  ,  sigma =  42.8450414
 variable 8: corr =  1.66246243 %  ,  sigma =  16.6246243
 variable 9: corr =  2.50275476 %  ,  sigma =  25.0275476
 variable 10: corr =  15.1956231 %  ,  sigma =  151.956231
 variable 11: corr =  15.3126299 %  ,  sigma =  153.126299
 variable 12: corr =  2.81236965 %  ,  sigma =  28.1236965
 variable 13: corr =  2.60098065 %  ,  sigma =  26.0098065
 Keep only 11 most significant input variables
 NVar:   12. 1587
 -------------------------------------
 Teacher: actual network topology:
 Nodes(1)     =  12
 Nodes(2)     =  12
 Nodes(3)     =  1
 -------------------------------------
  
 ---------------------------------------------------
  
 Iteration :  1
 SIGNIFICANCE OF OUTPUTS IN LAYER 1
 RANK 1 NODE 7 -->  232.53125 sigma out 12 active outputs
 RANK 2 NODE 1 -->  175.468613 sigma out 12 active outputs
 RANK 3 NODE 2 -->  162.893097 sigma out 12 active outputs
 RANK 4 NODE 9 -->  127.927574 sigma out 12 active outputs
 RANK 5 NODE 4 -->  108.578163 sigma out 12 active outputs
 RANK 6 NODE 8 -->  106.675095 sigma out 12 active outputs
 RANK 7 NODE 10 -->  92.7082138 sigma out 12 active outputs
 RANK 8 NODE 5 -->  80.3260269 sigma out 12 active outputs
 RANK 9 NODE 12 -->  77.0502472 sigma out 12 active outputs
 RANK 10 NODE 6 -->  69.044014 sigma out 12 active outputs
 RANK 11 NODE 11 -->  66.0167084 sigma out 12 active outputs
 RANK 12 NODE 3 -->  51.1573372 sigma out 12 active outputs
 SIGNIFICANCE OF INPUTS TO LAYER 2 
     sorted by input significance 
 RANK 1 NODE 6 -->  238.980453 sigma in 12act. (  237.589996 sig out 1act.)
 RANK 2 NODE 1 -->  204.522919 sigma in 12act. (  245.868484 sig out 1act.)
 RANK 3 NODE 4 -->  155.014938 sigma in 12act. (  187.815308 sig out 1act.)
 RANK 4 NODE 11 -->  152.700058 sigma in 12act. (  178.336014 sig out 1act.)
 RANK 5 NODE 12 -->  131.822296 sigma in 12act. (  166.475266 sig out 1act.)
 RANK 6 NODE 7 -->  97.3611755 sigma in 12act. (  112.81794 sig out 1act.)
 RANK 7 NODE 9 -->  66.4652405 sigma in 12act. (  91.0951843 sig out 1act.)
 RANK 8 NODE 10 -->  44.9075279 sigma in 12act. (  19.4481449 sig out 1act.)
 RANK 9 NODE 8 -->  38.0026245 sigma in 12act. (  42.7167206 sig out 1act.)
 RANK 10 NODE 3 -->  35.4836693 sigma in 12act. (  28.5945663 sig out 1act.)
 RANK 11 NODE 2 -->  27.1834202 sigma in 12act. (  30.0524502 sig out 1act.)
 RANK 12 NODE 5 -->  25.1700497 sigma in 12act. (  10.5894356 sig out 1act.)
     sorted by output significance 
 RANK 1 NODE 1 -->  245.868484 sigma out 1act.(  204.522919 sig in 12act.)
 RANK 2 NODE 6 -->  237.589996 sigma out 1act.(  238.980453 sig in 12act.)
 RANK 3 NODE 4 -->  187.815308 sigma out 1act.(  155.014938 sig in 12act.)
 RANK 4 NODE 11 -->  178.336014 sigma out 1act.(  152.700058 sig in 12act.)
 RANK 5 NODE 12 -->  166.475266 sigma out 1act.(  131.822296 sig in 12act.)
 RANK 6 NODE 7 -->  112.81794 sigma out 1act.(  97.3611755 sig in 12act.)
 RANK 7 NODE 9 -->  91.0951843 sigma out 1act.(  66.4652405 sig in 12act.)
 RANK 8 NODE 8 -->  42.7167206 sigma out 1act.(  38.0026245 sig in 12act.)
 RANK 9 NODE 2 -->  30.0524502 sigma out 1act.(  27.1834202 sig in 12act.)
 RANK 10 NODE 3 -->  28.5945663 sigma out 1act.(  35.4836693 sig in 12act.)
 RANK 11 NODE 10 -->  19.4481449 sigma out 1act.(  44.9075279 sig in 12act.)
 RANK 12 NODE 5 -->  10.5894356 sigma out 1act.(  25.1700497 sig in 12act.)
 SIGNIFICANCE OF INPUTS TO LAYER 3 
 RANK  1 NODE 1 -->  486.574493 sigma in 12 active inputs
 SIGNIFICANCE OF OUTPUTS IN LAYER 1
 RANK 1 NODE 7 -->  259.151581 sigma out 12 active outputs
 RANK 2 NODE 1 -->  195.237045 sigma out 12 active outputs
 RANK 3 NODE 2 -->  178.677917 sigma out 12 active outputs
 RANK 4 NODE 9 -->  142.006424 sigma out 12 active outputs
 RANK 5 NODE 8 -->  123.878036 sigma out 12 active outputs
 RANK 6 NODE 4 -->  115.684875 sigma out 12 active outputs
 RANK 7 NODE 10 -->  107.154755 sigma out 12 active outputs
 RANK 8 NODE 12 -->  88.4509811 sigma out 12 active outputs
 RANK 9 NODE 5 -->  82.4979706 sigma out 12 active outputs
 RANK 10 NODE 6 -->  78.4122925 sigma out 12 active outputs
 RANK 11 NODE 11 -->  77.2312927 sigma out 12 active outputs
 RANK 12 NODE 3 -->  56.0861359 sigma out 12 active outputs
 SIGNIFICANCE OF INPUTS TO LAYER 2 
     sorted by input significance 
 RANK 1 NODE 1 -->  243.367752 sigma in 12act. (  232.491135 sig out 1act.)
 RANK 2 NODE 6 -->  243.09314 sigma in 12act. (  221.254822 sig out 1act.)
 RANK 3 NODE 4 -->  182.630768 sigma in 12act. (  180.833206 sig out 1act.)
 RANK 4 NODE 11 -->  176.897827 sigma in 12act. (  169.522186 sig out 1act.)
 RANK 5 NODE 12 -->  145.735092 sigma in 12act. (  157.562958 sig out 1act.)
 RANK 6 NODE 7 -->  111.465508 sigma in 12act. (  103.169388 sig out 1act.)
 RANK 7 NODE 9 -->  82.6827393 sigma in 12act. (  85.4883499 sig out 1act.)
 RANK 8 NODE 8 -->  44.4615097 sigma in 12act. (  38.8795776 sig out 1act.)
 RANK 9 NODE 2 -->  29.558157 sigma in 12act. (  28.1357765 sig out 1act.)
 RANK 10 NODE 3 -->  24.3218307 sigma in 12act. (  26.5405235 sig out 1act.)
 RANK 11 NODE 10 -->  20.5963993 sigma in 12act. (  17.8188972 sig out 1act.)
 RANK 12 NODE 5 -->  11.528717 sigma in 12act. (  9.81037712 sig out 1act.)
     sorted by output significance 
 RANK 1 NODE 1 -->  232.491135 sigma out 1act.(  243.367752 sig in 12act.)
 RANK 2 NODE 6 -->  221.254822 sigma out 1act.(  243.09314 sig in 12act.)
 RANK 3 NODE 4 -->  180.833206 sigma out 1act.(  182.630768 sig in 12act.)
 RANK 4 NODE 11 -->  169.522186 sigma out 1act.(  176.897827 sig in 12act.)
 RANK 5 NODE 12 -->  157.562958 sigma out 1act.(  145.735092 sig in 12act.)
 RANK 6 NODE 7 -->  103.169388 sigma out 1act.(  111.465508 sig in 12act.)
 RANK 7 NODE 9 -->  85.4883499 sigma out 1act.(  82.6827393 sig in 12act.)
 RANK 8 NODE 8 -->  38.8795776 sigma out 1act.(  44.4615097 sig in 12act.)
 RANK 9 NODE 2 -->  28.1357765 sigma out 1act.(  29.558157 sig in 12act.)
 RANK 10 NODE 3 -->  26.5405235 sigma out 1act.(  24.3218307 sig in 12act.)
 RANK 11 NODE 10 -->  17.8188972 sigma out 1act.(  20.5963993 sig in 12act.)
 RANK 12 NODE 5 -->  9.81037712 sigma out 1act.(  11.528717 sig in 12act.)
 SIGNIFICANCE OF INPUTS TO LAYER 3 
 RANK  1 NODE 1 -->  458.959595 sigma in 12 active inputs
  ***********************************************
  *** Learn Path  1
  *** loss function: -0.182049915
  *** contribution from regularisation:  0.000288153213
  *** contribution from error: -0.182338074
  *** contribution from DIAG:  0.00123222626
  ***********************************************
  
 ---------------------------------------------------
  
 Iteration :  2
  ***********************************************
  *** Learn Path  2
  *** loss function: -0.203014746
  *** contribution from regularisation:  0.000298166007
  *** contribution from error: -0.203312919
  *** contribution from DIAG:  0.000116796713
  ***********************************************
  ENTER BFGS code START      -202997.954  0.401673079  0.
  EXIT FROM BFGS code FG_START    0.  0.401673079  0.
  
 ---------------------------------------------------
  
 Iteration :  3
  ***********************************************
  *** Learn Path  3
  *** loss function: -0.203134283
  *** contribution from regularisation:  0.000291705335
  *** contribution from error: -0.203425989
  *** contribution from DIAG:  0.000155869915
  ***********************************************
  ENTER BFGS code FG_START   -202978.416  0.401673079  71.579895
  EXIT FROM BFGS code FG_LNSRCH   0.  0.409858048  0.
  
 ---------------------------------------------------
  
 Iteration :  4
  ***********************************************
  *** Learn Path  4
  *** loss function: -0.175847188
  *** contribution from regularisation:  0.000299424748
  *** contribution from error: -0.176146612
  *** contribution from DIAG:  0.00296810479
  ***********************************************
  ENTER BFGS code FG_LNSRCH  -172879.079  0.409858048 -4536.85938
  EXIT FROM BFGS code FG_LNSRCH   0.  0.403547227  0.
  
 ---------------------------------------------------
  
 Iteration :  5
  ***********************************************
  *** Learn Path  5
  *** loss function: -0.202387244
  *** contribution from regularisation:  0.000293031073
  *** contribution from error: -0.202680275
  *** contribution from DIAG:  0.000211052073
  ***********************************************
  ENTER BFGS code FG_LNSRCH  -202176.185  0.403547227 -330.094177
  EXIT FROM BFGS code FG_LNSRCH   0.  0.402400792  0.
  
 ---------------------------------------------------
  
 Iteration :  6
  ***********************************************
  *** Learn Path  6
  *** loss function: -0.203234509
  *** contribution from regularisation:  0.000296901911
  *** contribution from error: -0.203531414
  *** contribution from DIAG:  0.000129697481
  ***********************************************
  ENTER BFGS code FG_LNSRCH  -203104.812  0.402400792 -47.3575668
  EXIT FROM BFGS code NEW_X      -203104.812  0.402400792 -47.3575668
  ENTER BFGS code NEW_X      -203104.812  0.402400792 -47.3575668
  EXIT FROM BFGS code FG_LNSRCH   0.  0.40236035  0.
  
 ---------------------------------------------------
  
 Iteration :  7
  ***********************************************
  *** Learn Path  7
  *** loss function: -0.203366473
  *** contribution from regularisation:  0.000295707345
  *** contribution from error: -0.203662187
  *** contribution from DIAG:  0.00014630545
  ***********************************************
  ENTER BFGS code FG_LNSRCH  -203220.162  0.40236035  59.8417244
  EXIT FROM BFGS code NEW_X      -203220.162  0.40236035  59.8417244
  ENTER BFGS code NEW_X      -203220.162  0.40236035  59.8417244
  EXIT FROM BFGS code FG_LNSRCH   0.  0.4034172  0.
  
 ---------------------------------------------------
  
 Iteration :  8
  ***********************************************
  *** Learn Path  8
  *** loss function: -0.20374161
  *** contribution from regularisation:  0.000289024814
  *** contribution from error: -0.204030633
  *** contribution from DIAG:  0.000152591849
  ***********************************************
  ENTER BFGS code FG_LNSRCH  -203589.026  0.4034172  149.844681
  EXIT FROM BFGS code NEW_X      -203589.026  0.4034172  149.844681
  ENTER BFGS code NEW_X      -203589.026  0.4034172  149.844681
  EXIT FROM BFGS code FG_LNSRCH   0.  0.40574035  0.
  
 ---------------------------------------------------
  
 Iteration :  9
  ***********************************************
  *** Learn Path  9
  *** loss function: -0.204281285
  *** contribution from regularisation:  0.000282744761
  *** contribution from error: -0.204564035
  *** contribution from DIAG:  0.000144742706
  ***********************************************
  ENTER BFGS code FG_LNSRCH  -204136.549  0.40574035  348.236969
  EXIT FROM BFGS code NEW_X      -204136.549  0.40574035  348.236969
  ENTER BFGS code NEW_X      -204136.549  0.40574035  348.236969
  EXIT FROM BFGS code FG_LNSRCH   0.  0.410878569  0.
  
 ---------------------------------------------------
  
 Iteration :  10
 SIGNIFICANCE OF OUTPUTS IN LAYER 1
 RANK 1 NODE 7 -->  244.24707 sigma out 12 active outputs
 RANK 2 NODE 1 -->  220.33049 sigma out 12 active outputs
 RANK 3 NODE 2 -->  206.51152 sigma out 12 active outputs
 RANK 4 NODE 9 -->  110.999008 sigma out 12 active outputs
 RANK 5 NODE 4 -->  97.5921173 sigma out 12 active outputs
 RANK 6 NODE 10 -->  97.0124588 sigma out 12 active outputs
 RANK 7 NODE 12 -->  93.9434128 sigma out 12 active outputs
 RANK 8 NODE 8 -->  92.4311829 sigma out 12 active outputs
 RANK 9 NODE 11 -->  73.8069839 sigma out 12 active outputs
 RANK 10 NODE 3 -->  67.6559601 sigma out 12 active outputs
 RANK 11 NODE 6 -->  66.6918182 sigma out 12 active outputs
 RANK 12 NODE 5 -->  60.5326691 sigma out 12 active outputs
 SIGNIFICANCE OF INPUTS TO LAYER 2 
     sorted by input significance 
 RANK 1 NODE 6 -->  216.853317 sigma in 12act. (  198.43837 sig out 1act.)
 RANK 2 NODE 1 -->  214.706802 sigma in 12act. (  206.71431 sig out 1act.)
 RANK 3 NODE 11 -->  212.024658 sigma in 12act. (  203.269821 sig out 1act.)
 RANK 4 NODE 4 -->  191.569016 sigma in 12act. (  195.67691 sig out 1act.)
 RANK 5 NODE 12 -->  124.558365 sigma in 12act. (  129.274811 sig out 1act.)
 RANK 6 NODE 7 -->  103.497284 sigma in 12act. (  96.9332733 sig out 1act.)
 RANK 7 NODE 9 -->  102.086746 sigma in 12act. (  100.077141 sig out 1act.)
 RANK 8 NODE 2 -->  56.3796921 sigma in 12act. (  54.125946 sig out 1act.)
 RANK 9 NODE 10 -->  37.6704636 sigma in 12act. (  33.9460182 sig out 1act.)
 RANK 10 NODE 8 -->  37.2334518 sigma in 12act. (  33.1145325 sig out 1act.)
 RANK 11 NODE 3 -->  12.4264746 sigma in 12act. (  12.6885595 sig out 1act.)
 RANK 12 NODE 5 -->  6.86274242 sigma in 12act. (  1.40913236 sig out 1act.)
     sorted by output significance 
 RANK 1 NODE 1 -->  206.71431 sigma out 1act.(  214.706802 sig in 12act.)
 RANK 2 NODE 11 -->  203.269821 sigma out 1act.(  212.024658 sig in 12act.)
 RANK 3 NODE 6 -->  198.43837 sigma out 1act.(  216.853317 sig in 12act.)
 RANK 4 NODE 4 -->  195.67691 sigma out 1act.(  191.569016 sig in 12act.)
 RANK 5 NODE 12 -->  129.274811 sigma out 1act.(  124.558365 sig in 12act.)
 RANK 6 NODE 9 -->  100.077141 sigma out 1act.(  102.086746 sig in 12act.)
 RANK 7 NODE 7 -->  96.9332733 sigma out 1act.(  103.497284 sig in 12act.)
 RANK 8 NODE 2 -->  54.125946 sigma out 1act.(  56.3796921 sig in 12act.)
 RANK 9 NODE 10 -->  33.9460182 sigma out 1act.(  37.6704636 sig in 12act.)
 RANK 10 NODE 8 -->  33.1145325 sigma out 1act.(  37.2334518 sig in 12act.)
 RANK 11 NODE 3 -->  12.6885595 sigma out 1act.(  12.4264746 sig in 12act.)
 RANK 12 NODE 5 -->  1.40913236 sigma out 1act.(  6.86274242 sig in 12act.)
 SIGNIFICANCE OF INPUTS TO LAYER 3 
 RANK  1 NODE 1 -->  450.756744 sigma in 12 active inputs
  ***********************************************
  *** Learn Path  10
  *** loss function: -0.204928488
  *** contribution from regularisation:  0.000281905144
  *** contribution from error: -0.205210388
  *** contribution from DIAG:  0.0001524283
  ***********************************************
  ENTER BFGS code FG_LNSRCH  -204776.064  0.410878569  43.1028824
  EXIT FROM BFGS code NEW_X      -204776.064  0.410878569  43.1028824
  ENTER BFGS code NEW_X      -204776.064  0.410878569  43.1028824
  EXIT FROM BFGS code FG_LNSRCH   0.  0.412390649  0.
  
 ---------------------------------------------------
  
 Iteration :  11
  ***********************************************
  *** Learn Path  11
  *** loss function: -0.205200598
  *** contribution from regularisation:  0.000295461476
  *** contribution from error: -0.205496058
  *** contribution from DIAG:  0.000179013659
  ***********************************************
  ENTER BFGS code FG_LNSRCH  -205021.585  0.412390649  4095.3457
  EXIT FROM BFGS code NEW_X      -205021.585  0.412390649  4095.3457
  ENTER BFGS code NEW_X      -205021.585  0.412390649  4095.3457
  EXIT FROM BFGS code FG_LNSRCH   0.  0.422199041  0.
  
 ---------------------------------------------------
  
 Iteration :  12
  ***********************************************
  *** Learn Path  12
  *** loss function: -0.205975294
  *** contribution from regularisation:  0.000294240337
  *** contribution from error: -0.206269532
  *** contribution from DIAG:  0.000186020334
  ***********************************************
  ENTER BFGS code FG_LNSRCH  -205789.274  0.422199041 -148.350647
  EXIT FROM BFGS code NEW_X      -205789.274  0.422199041 -148.350647
  ENTER BFGS code NEW_X      -205789.274  0.422199041 -148.350647
  EXIT FROM BFGS code FG_LNSRCH   0.  0.423955917  0.
  
 ---------------------------------------------------
  
 Iteration :  13
  ***********************************************
  *** Learn Path  13
  *** loss function: -0.206035614
  *** contribution from regularisation:  0.000287479808
  *** contribution from error: -0.206323087
  *** contribution from DIAG:  0.000188817678
  ***********************************************
  ENTER BFGS code FG_LNSRCH  -205846.8  0.423955917 -196.246567
  EXIT FROM BFGS code NEW_X      -205846.8  0.423955917 -196.246567
  ENTER BFGS code NEW_X      -205846.8  0.423955917 -196.246567
  EXIT FROM BFGS code FG_LNSRCH   0.  0.426457494  0.
  
 ---------------------------------------------------
  
 Iteration :  14
  ***********************************************
  *** Learn Path  14
  *** loss function: -0.206089824
  *** contribution from regularisation:  0.000295844831
  *** contribution from error: -0.206385672
  *** contribution from DIAG:  0.000209227219
  ***********************************************
  ENTER BFGS code FG_LNSRCH  -205880.593  0.426457494  331.742126
  EXIT FROM BFGS code NEW_X      -205880.593  0.426457494  331.742126
  ENTER BFGS code NEW_X      -205880.593  0.426457494  331.742126
  EXIT FROM BFGS code CONVERGENC -205880.593  0.426457494  331.742126
  
 ---------------------------------------------------
  
 Iteration :  100
 SIGNIFICANCE OF OUTPUTS IN LAYER 1
 RANK 1 NODE 1 -->  292.445862 sigma out 12 active outputs
 RANK 2 NODE 2 -->  282.279602 sigma out 12 active outputs
 RANK 3 NODE 7 -->  253.156219 sigma out 12 active outputs
 RANK 4 NODE 9 -->  133.528519 sigma out 12 active outputs
 RANK 5 NODE 10 -->  131.630859 sigma out 12 active outputs
 RANK 6 NODE 4 -->  114.105934 sigma out 12 active outputs
 RANK 7 NODE 3 -->  106.988228 sigma out 12 active outputs
 RANK 8 NODE 12 -->  106.564407 sigma out 12 active outputs
 RANK 9 NODE 11 -->  102.775444 sigma out 12 active outputs
 RANK 10 NODE 8 -->  91.6784821 sigma out 12 active outputs
 RANK 11 NODE 6 -->  88.3686295 sigma out 12 active outputs
 RANK 12 NODE 5 -->  57.278492 sigma out 12 active outputs
 SIGNIFICANCE OF INPUTS TO LAYER 2 
     sorted by input significance 
 RANK 1 NODE 11 -->  306.484222 sigma in 12act. (  297.158173 sig out 1act.)
 RANK 2 NODE 1 -->  240.414658 sigma in 12act. (  218.081924 sig out 1act.)
 RANK 3 NODE 4 -->  238.417999 sigma in 12act. (  251.6884 sig out 1act.)
 RANK 4 NODE 6 -->  235.917404 sigma in 12act. (  222.294312 sig out 1act.)
 RANK 5 NODE 9 -->  145.601166 sigma in 12act. (  130.961975 sig out 1act.)
 RANK 6 NODE 12 -->  131.083054 sigma in 12act. (  129.602295 sig out 1act.)
 RANK 7 NODE 7 -->  106.027771 sigma in 12act. (  102.268517 sig out 1act.)
 RANK 8 NODE 2 -->  102.410072 sigma in 12act. (  97.7263565 sig out 1act.)
 RANK 9 NODE 10 -->  65.1080704 sigma in 12act. (  59.3077698 sig out 1act.)
 RANK 10 NODE 8 -->  36.3189659 sigma in 12act. (  33.0751686 sig out 1act.)
 RANK 11 NODE 5 -->  19.7113152 sigma in 12act. (  18.8566418 sig out 1act.)
 RANK 12 NODE 3 -->  6.35472012 sigma in 12act. (  3.65025306 sig out 1act.)
     sorted by output significance 
 RANK 1 NODE 11 -->  297.158173 sigma out 1act.(  306.484222 sig in 12act.)
 RANK 2 NODE 4 -->  251.6884 sigma out 1act.(  238.417999 sig in 12act.)
 RANK 3 NODE 6 -->  222.294312 sigma out 1act.(  235.917404 sig in 12act.)
 RANK 4 NODE 1 -->  218.081924 sigma out 1act.(  240.414658 sig in 12act.)
 RANK 5 NODE 9 -->  130.961975 sigma out 1act.(  145.601166 sig in 12act.)
 RANK 6 NODE 12 -->  129.602295 sigma out 1act.(  131.083054 sig in 12act.)
 RANK 7 NODE 7 -->  102.268517 sigma out 1act.(  106.027771 sig in 12act.)
 RANK 8 NODE 2 -->  97.7263565 sigma out 1act.(  102.410072 sig in 12act.)
 RANK 9 NODE 10 -->  59.3077698 sigma out 1act.(  65.1080704 sig in 12act.)
 RANK 10 NODE 8 -->  33.0751686 sigma out 1act.(  36.3189659 sig in 12act.)
 RANK 11 NODE 5 -->  18.8566418 sigma out 1act.(  19.7113152 sig in 12act.)
 RANK 12 NODE 3 -->  3.65025306 sigma out 1act.(  6.35472012 sig in 12act.)
 SIGNIFICANCE OF INPUTS TO LAYER 3 
 RANK  1 NODE 1 -->  554.582581 sigma in 12 active inputs
  ***********************************************
  *** Learn Path  100
  *** loss function: -0.206093699
  *** contribution from regularisation:  0.000291965815
  *** contribution from error: -0.206385657
  *** contribution from DIAG:  0.000206270546
  ***********************************************
 -----------------> Test sample
 Sum of Weights for output node  2  1000000.
 FLAT2DEF: TAB(KK=1, II= 2) =  -5.37400723
 create test 22 plots 9100/9200:  2
 END OF LEARNING , export EXPERTISE
 WRITE NETWORK WEIGHTS TO EXPERTISE
 SAVING EXPERTISE TO bshhet.nb
 NB_AHISTOUT: storage space 42002
