makedepend: warning:  main.cpp, line 1: cannot find include file "iostream"
	not in /Users/mcoombes/Documents/ComputerWork/root/root_v5r32/include/iostream
	not in /Users/mcoombes/Documents/workspaces/workspace/RICHHeavyParticleSearch/macros/ParticleFinder/ParticleFinder/src/iostream
	not in /Users/mcoombes/Documents/workspaces/workspace/RICHHeavyParticleSearch/macros/ParticleFinder/Utilities/src/iostream
	not in /usr/include/iostream
makedepend: warning:  main.cpp (reading /Users/mcoombes/Documents/workspaces/workspace/RICHHeavyParticleSearch/macros/ParticleFinder/Utilities/src/ChainTuples.h, line 4): cannot find include file "iostream"
	not in /Users/mcoombes/Documents/ComputerWork/root/root_v5r32/include/iostream
	not in /Users/mcoombes/Documents/workspaces/workspace/RICHHeavyParticleSearch/macros/ParticleFinder/ParticleFinder/src/iostream
	not in /Users/mcoombes/Documents/workspaces/workspace/RICHHeavyParticleSearch/macros/ParticleFinder/Utilities/src/iostream
	not in /usr/include/iostream
makedepend: warning:  main.cpp (reading /Users/mcoombes/Documents/workspaces/workspace/RICHHeavyParticleSearch/macros/ParticleFinder/Utilities/src/ChainTuples.h, line 5): cannot find include file "vector"
	not in /Users/mcoombes/Documents/ComputerWork/root/root_v5r32/include/vector
	not in /Users/mcoombes/Documents/workspaces/workspace/RICHHeavyParticleSearch/macros/ParticleFinder/ParticleFinder/src/vector
	not in /Users/mcoombes/Documents/workspaces/workspace/RICHHeavyParticleSearch/macros/ParticleFinder/Utilities/src/vector
	not in /usr/include/vector
makedepend: warning:  main.cpp (reading /Users/mcoombes/Documents/workspaces/workspace/RICHHeavyParticleSearch/macros/ParticleFinder/Utilities/src/ChainTuples.h, line 6): cannot find include file "fstream"
	not in /Users/mcoombes/Documents/ComputerWork/root/root_v5r32/include/fstream
	not in /Users/mcoombes/Documents/workspaces/workspace/RICHHeavyParticleSearch/macros/ParticleFinder/ParticleFinder/src/fstream
	not in /Users/mcoombes/Documents/workspaces/workspace/RICHHeavyParticleSearch/macros/ParticleFinder/Utilities/src/fstream
	not in /usr/include/fstream
makedepend: warning:  main.cpp (reading /Users/mcoombes/Documents/ComputerWork/root/root_v5r32/include/Rtypeinfo.h, line 32): cannot find include file "typeinfo"
	not in /Users/mcoombes/Documents/ComputerWork/root/root_v5r32/include/typeinfo
	not in /Users/mcoombes/Documents/workspaces/workspace/RICHHeavyParticleSearch/macros/ParticleFinder/ParticleFinder/src/typeinfo
	not in /Users/mcoombes/Documents/workspaces/workspace/RICHHeavyParticleSearch/macros/ParticleFinder/Utilities/src/typeinfo
	not in /usr/include/typeinfo
makedepend: warning:  main.cpp (reading /Users/mcoombes/Documents/ComputerWork/root/root_v5r32/include/TGenericClassInfo.h, line 15): cannot find include file "vector"
	not in /Users/mcoombes/Documents/ComputerWork/root/root_v5r32/include/vector
	not in /Users/mcoombes/Documents/workspaces/workspace/RICHHeavyParticleSearch/macros/ParticleFinder/ParticleFinder/src/vector
	not in /Users/mcoombes/Documents/workspaces/workspace/RICHHeavyParticleSearch/macros/ParticleFinder/Utilities/src/vector
	not in /usr/include/vector
makedepend: warning:  main.cpp (reading /Users/mcoombes/Documents/ComputerWork/root/root_v5r32/include/TSchemaHelper.h, line 7): cannot find include file "string"
	not in /Users/mcoombes/Documents/ComputerWork/root/root_v5r32/include/string
	not in /Users/mcoombes/Documents/workspaces/workspace/RICHHeavyParticleSearch/macros/ParticleFinder/ParticleFinder/src/string
	not in /Users/mcoombes/Documents/workspaces/workspace/RICHHeavyParticleSearch/macros/ParticleFinder/Utilities/src/string
	not in /usr/include/string
makedepend: warning:  main.cpp (reading /Users/mcoombes/Documents/ComputerWork/root/root_v5r32/include/Riosfwd.h, line 33): cannot find include file "iosfwd"
	not in /Users/mcoombes/Documents/ComputerWork/root/root_v5r32/include/iosfwd
	not in /Users/mcoombes/Documents/workspaces/workspace/RICHHeavyParticleSearch/macros/ParticleFinder/ParticleFinder/src/iosfwd
	not in /Users/mcoombes/Documents/workspaces/workspace/RICHHeavyParticleSearch/macros/ParticleFinder/Utilities/src/iosfwd
	not in /usr/include/iosfwd
makedepend: warning:  main.cpp (reading /Users/mcoombes/Documents/ComputerWork/root/root_v5r32/include/TObject.h, line 42): cannot find include file "stdarg.h"
	not in /Users/mcoombes/Documents/ComputerWork/root/root_v5r32/include/stdarg.h
	not in /Users/mcoombes/Documents/workspaces/workspace/RICHHeavyParticleSearch/macros/ParticleFinder/ParticleFinder/src/stdarg.h
	not in /Users/mcoombes/Documents/workspaces/workspace/RICHHeavyParticleSearch/macros/ParticleFinder/Utilities/src/stdarg.h
	not in /usr/include/stdarg.h
makedepend: warning:  main.cpp (reading /Users/mcoombes/Documents/ComputerWork/root/root_v5r32/include/TString.h, line 39): cannot find include file "stdarg.h"
	not in /Users/mcoombes/Documents/ComputerWork/root/root_v5r32/include/stdarg.h
	not in /Users/mcoombes/Documents/workspaces/workspace/RICHHeavyParticleSearch/macros/ParticleFinder/ParticleFinder/src/stdarg.h
	not in /Users/mcoombes/Documents/workspaces/workspace/RICHHeavyParticleSearch/macros/ParticleFinder/Utilities/src/stdarg.h
	not in /usr/include/stdarg.h
makedepend: warning:  main.cpp (reading /Users/mcoombes/Documents/ComputerWork/root/root_v5r32/include/TString.h, line 40): cannot find include file "string"
	not in /Users/mcoombes/Documents/ComputerWork/root/root_v5r32/include/string
	not in /Users/mcoombes/Documents/workspaces/workspace/RICHHeavyParticleSearch/macros/ParticleFinder/ParticleFinder/src/string
	not in /Users/mcoombes/Documents/workspaces/workspace/RICHHeavyParticleSearch/macros/ParticleFinder/Utilities/src/string
	not in /usr/include/string
makedepend: warning:  main.cpp (reading /Users/mcoombes/Documents/ComputerWork/root/root_v5r32/include/TObjArray.h, line 29): cannot find include file "iterator"
	not in /Users/mcoombes/Documents/ComputerWork/root/root_v5r32/include/iterator
	not in /Users/mcoombes/Documents/workspaces/workspace/RICHHeavyParticleSearch/macros/ParticleFinder/ParticleFinder/src/iterator
	not in /Users/mcoombes/Documents/workspaces/workspace/RICHHeavyParticleSearch/macros/ParticleFinder/Utilities/src/iterator
	not in /usr/include/iterator
makedepend: warning:  main.cpp (reading /Users/mcoombes/Documents/ComputerWork/root/root_v5r32/include/TClass.h, line 36): cannot find include file "map"
	not in /Users/mcoombes/Documents/ComputerWork/root/root_v5r32/include/map
	not in /Users/mcoombes/Documents/workspaces/workspace/RICHHeavyParticleSearch/macros/ParticleFinder/ParticleFinder/src/map
	not in /Users/mcoombes/Documents/workspaces/workspace/RICHHeavyParticleSearch/macros/ParticleFinder/Utilities/src/map
	not in /usr/include/map
makedepend: warning:  main.cpp (reading /Users/mcoombes/Documents/ComputerWork/root/root_v5r32/include/TClass.h, line 37): cannot find include file "string"
	not in /Users/mcoombes/Documents/ComputerWork/root/root_v5r32/include/string
	not in /Users/mcoombes/Documents/workspaces/workspace/RICHHeavyParticleSearch/macros/ParticleFinder/ParticleFinder/src/string
	not in /Users/mcoombes/Documents/workspaces/workspace/RICHHeavyParticleSearch/macros/ParticleFinder/Utilities/src/string
	not in /usr/include/string
makedepend: warning:  main.cpp (reading /Users/mcoombes/Documents/workspaces/workspace/RICHHeavyParticleSearch/macros/ParticleFinder/Utilities/src/ReadFile.h, line 4): cannot find include file "iostream"
	not in /Users/mcoombes/Documents/ComputerWork/root/root_v5r32/include/iostream
	not in /Users/mcoombes/Documents/workspaces/workspace/RICHHeavyParticleSearch/macros/ParticleFinder/ParticleFinder/src/iostream
	not in /Users/mcoombes/Documents/workspaces/workspace/RICHHeavyParticleSearch/macros/ParticleFinder/Utilities/src/iostream
	not in /usr/include/iostream
makedepend: warning:  main.cpp (reading /Users/mcoombes/Documents/workspaces/workspace/RICHHeavyParticleSearch/macros/ParticleFinder/Utilities/src/ReadFile.h, line 5): cannot find include file "fstream"
	not in /Users/mcoombes/Documents/ComputerWork/root/root_v5r32/include/fstream
	not in /Users/mcoombes/Documents/workspaces/workspace/RICHHeavyParticleSearch/macros/ParticleFinder/ParticleFinder/src/fstream
	not in /Users/mcoombes/Documents/workspaces/workspace/RICHHeavyParticleSearch/macros/ParticleFinder/Utilities/src/fstream
	not in /usr/include/fstream
makedepend: warning:  main.cpp (reading /Users/mcoombes/Documents/workspaces/workspace/RICHHeavyParticleSearch/macros/ParticleFinder/Utilities/src/ReadFile.h, line 6): cannot find include file "string"
	not in /Users/mcoombes/Documents/ComputerWork/root/root_v5r32/include/string
	not in /Users/mcoombes/Documents/workspaces/workspace/RICHHeavyParticleSearch/macros/ParticleFinder/ParticleFinder/src/string
	not in /Users/mcoombes/Documents/workspaces/workspace/RICHHeavyParticleSearch/macros/ParticleFinder/Utilities/src/string
	not in /usr/include/string
makedepend: warning:  main.cpp (reading /Users/mcoombes/Documents/workspaces/workspace/RICHHeavyParticleSearch/macros/ParticleFinder/Utilities/src/ReadFile.h, line 7): cannot find include file "vector"
	not in /Users/mcoombes/Documents/ComputerWork/root/root_v5r32/include/vector
	not in /Users/mcoombes/Documents/workspaces/workspace/RICHHeavyParticleSearch/macros/ParticleFinder/ParticleFinder/src/vector
	not in /Users/mcoombes/Documents/workspaces/workspace/RICHHeavyParticleSearch/macros/ParticleFinder/Utilities/src/vector
	not in /usr/include/vector
makedepend: warning:  main.cpp (reading /Users/mcoombes/Documents/workspaces/workspace/RICHHeavyParticleSearch/macros/ParticleFinder/ParticleFinder/src/RichParticleFinder.h, line 4): cannot find include file "iostream"
	not in /Users/mcoombes/Documents/ComputerWork/root/root_v5r32/include/iostream
	not in /Users/mcoombes/Documents/workspaces/workspace/RICHHeavyParticleSearch/macros/ParticleFinder/ParticleFinder/src/iostream
	not in /Users/mcoombes/Documents/workspaces/workspace/RICHHeavyParticleSearch/macros/ParticleFinder/Utilities/src/iostream
	not in /usr/include/iostream
makedepend: warning:  main.cpp (reading /Users/mcoombes/Documents/workspaces/workspace/RICHHeavyParticleSearch/macros/ParticleFinder/ParticleFinder/src/RichParticleFinder.h, line 5): cannot find include file "string"
	not in /Users/mcoombes/Documents/ComputerWork/root/root_v5r32/include/string
	not in /Users/mcoombes/Documents/workspaces/workspace/RICHHeavyParticleSearch/macros/ParticleFinder/ParticleFinder/src/string
	not in /Users/mcoombes/Documents/workspaces/workspace/RICHHeavyParticleSearch/macros/ParticleFinder/Utilities/src/string
	not in /usr/include/string
makedepend: warning:  main.cpp (reading /Users/mcoombes/Documents/workspaces/workspace/RICHHeavyParticleSearch/macros/ParticleFinder/ParticleFinder/src/RichParticleFinder.h, line 6): cannot find include file "sstream"
	not in /Users/mcoombes/Documents/ComputerWork/root/root_v5r32/include/sstream
	not in /Users/mcoombes/Documents/workspaces/workspace/RICHHeavyParticleSearch/macros/ParticleFinder/ParticleFinder/src/sstream
	not in /Users/mcoombes/Documents/workspaces/workspace/RICHHeavyParticleSearch/macros/ParticleFinder/Utilities/src/sstream
	not in /usr/include/sstream
makedepend: warning:  main.cpp (reading /Users/mcoombes/Documents/ComputerWork/root/root_v5r32/include/TList.h, line 32): cannot find include file "iterator"
	not in /Users/mcoombes/Documents/ComputerWork/root/root_v5r32/include/iterator
	not in /Users/mcoombes/Documents/workspaces/workspace/RICHHeavyParticleSearch/macros/ParticleFinder/ParticleFinder/src/iterator
	not in /Users/mcoombes/Documents/workspaces/workspace/RICHHeavyParticleSearch/macros/ParticleFinder/Utilities/src/iterator
	not in /usr/include/iterator
makedepend: warning:  main.cpp (reading /Users/mcoombes/Documents/ComputerWork/root/root_v5r32/include/TMap.h, line 35): cannot find include file "iterator"
	not in /Users/mcoombes/Documents/ComputerWork/root/root_v5r32/include/iterator
	not in /Users/mcoombes/Documents/workspaces/workspace/RICHHeavyParticleSearch/macros/ParticleFinder/ParticleFinder/src/iterator
	not in /Users/mcoombes/Documents/workspaces/workspace/RICHHeavyParticleSearch/macros/ParticleFinder/Utilities/src/iterator
	not in /usr/include/iterator
makedepend: warning:  main.cpp (reading /Users/mcoombes/Documents/ComputerWork/root/root_v5r32/include/TH1.h, line 64): cannot find include file "float.h"
	not in /Users/mcoombes/Documents/ComputerWork/root/root_v5r32/include/float.h
	not in /Users/mcoombes/Documents/workspaces/workspace/RICHHeavyParticleSearch/macros/ParticleFinder/ParticleFinder/src/float.h
	not in /Users/mcoombes/Documents/workspaces/workspace/RICHHeavyParticleSearch/macros/ParticleFinder/Utilities/src/float.h
	not in /usr/include/float.h
makedepend: warning:  main.cpp (reading /Users/mcoombes/Documents/workspaces/workspace/RICHHeavyParticleSearch/macros/ParticleFinder/ParticleFinder/src/RichParticle.h, line 4): cannot find include file "iostream"
	not in /Users/mcoombes/Documents/ComputerWork/root/root_v5r32/include/iostream
	not in /Users/mcoombes/Documents/workspaces/workspace/RICHHeavyParticleSearch/macros/ParticleFinder/ParticleFinder/src/iostream
	not in /Users/mcoombes/Documents/workspaces/workspace/RICHHeavyParticleSearch/macros/ParticleFinder/Utilities/src/iostream
	not in /usr/include/iostream
makedepend: warning:  main.cpp (reading /Users/mcoombes/Documents/workspaces/workspace/RICHHeavyParticleSearch/macros/ParticleFinder/ParticleFinder/src/RichParticle.h, line 5): cannot find include file "map"
	not in /Users/mcoombes/Documents/ComputerWork/root/root_v5r32/include/map
	not in /Users/mcoombes/Documents/workspaces/workspace/RICHHeavyParticleSearch/macros/ParticleFinder/ParticleFinder/src/map
	not in /Users/mcoombes/Documents/workspaces/workspace/RICHHeavyParticleSearch/macros/ParticleFinder/Utilities/src/map
	not in /usr/include/map
makedepend: warning:  main.cpp (reading /Users/mcoombes/Documents/workspaces/workspace/RICHHeavyParticleSearch/macros/ParticleFinder/ParticleFinder/src/RichParticle.h, line 6): cannot find include file "string"
	not in /Users/mcoombes/Documents/ComputerWork/root/root_v5r32/include/string
	not in /Users/mcoombes/Documents/workspaces/workspace/RICHHeavyParticleSearch/macros/ParticleFinder/ParticleFinder/src/string
	not in /Users/mcoombes/Documents/workspaces/workspace/RICHHeavyParticleSearch/macros/ParticleFinder/Utilities/src/string
	not in /usr/include/string
makedepend: warning:  main.cpp (reading /Users/mcoombes/Documents/workspaces/workspace/RICHHeavyParticleSearch/macros/ParticleFinder/ParticleFinder/src/RichHist.h, line 4): cannot find include file "string"
	not in /Users/mcoombes/Documents/ComputerWork/root/root_v5r32/include/string
	not in /Users/mcoombes/Documents/workspaces/workspace/RICHHeavyParticleSearch/macros/ParticleFinder/ParticleFinder/src/string
	not in /Users/mcoombes/Documents/workspaces/workspace/RICHHeavyParticleSearch/macros/ParticleFinder/Utilities/src/string
	not in /usr/include/string
makedepend: warning:  main.cpp (reading /Users/mcoombes/Documents/workspaces/workspace/RICHHeavyParticleSearch/macros/ParticleFinder/ParticleFinder/src/RichHist.h, line 5): cannot find include file "map"
	not in /Users/mcoombes/Documents/ComputerWork/root/root_v5r32/include/map
	not in /Users/mcoombes/Documents/workspaces/workspace/RICHHeavyParticleSearch/macros/ParticleFinder/ParticleFinder/src/map
	not in /Users/mcoombes/Documents/workspaces/workspace/RICHHeavyParticleSearch/macros/ParticleFinder/Utilities/src/map
	not in /usr/include/map
makedepend: warning:  main.cpp (reading /Users/mcoombes/Documents/workspaces/workspace/RICHHeavyParticleSearch/macros/ParticleFinder/ParticleFinder/src/IRichHist.h, line 4): cannot find include file "string"
	not in /Users/mcoombes/Documents/ComputerWork/root/root_v5r32/include/string
	not in /Users/mcoombes/Documents/workspaces/workspace/RICHHeavyParticleSearch/macros/ParticleFinder/ParticleFinder/src/string
	not in /Users/mcoombes/Documents/workspaces/workspace/RICHHeavyParticleSearch/macros/ParticleFinder/Utilities/src/string
	not in /usr/include/string
makedepend: warning:  main.cpp (reading /Users/mcoombes/Documents/workspaces/workspace/RICHHeavyParticleSearch/macros/ParticleFinder/ParticleFinder/src/IRichHist.h, line 5): cannot find include file "map"
	not in /Users/mcoombes/Documents/ComputerWork/root/root_v5r32/include/map
	not in /Users/mcoombes/Documents/workspaces/workspace/RICHHeavyParticleSearch/macros/ParticleFinder/ParticleFinder/src/map
	not in /Users/mcoombes/Documents/workspaces/workspace/RICHHeavyParticleSearch/macros/ParticleFinder/Utilities/src/map
	not in /usr/include/map
makedepend: warning:  main.cpp (reading /Users/mcoombes/Documents/workspaces/workspace/RICHHeavyParticleSearch/macros/ParticleFinder/ParticleFinder/src/RichHist1D.h, line 6): cannot find include file "string"
	not in /Users/mcoombes/Documents/ComputerWork/root/root_v5r32/include/string
	not in /Users/mcoombes/Documents/workspaces/workspace/RICHHeavyParticleSearch/macros/ParticleFinder/ParticleFinder/src/string
	not in /Users/mcoombes/Documents/workspaces/workspace/RICHHeavyParticleSearch/macros/ParticleFinder/Utilities/src/string
	not in /usr/include/string
makedepend: warning:  main.cpp (reading /Users/mcoombes/Documents/workspaces/workspace/RICHHeavyParticleSearch/macros/ParticleFinder/ParticleFinder/src/RichHist2D.h, line 6): cannot find include file "string"
	not in /Users/mcoombes/Documents/ComputerWork/root/root_v5r32/include/string
	not in /Users/mcoombes/Documents/workspaces/workspace/RICHHeavyParticleSearch/macros/ParticleFinder/ParticleFinder/src/string
	not in /Users/mcoombes/Documents/workspaces/workspace/RICHHeavyParticleSearch/macros/ParticleFinder/Utilities/src/string
	not in /usr/include/string
makedepend: warning:  main.cpp (reading /Users/mcoombes/Documents/workspaces/workspace/RICHHeavyParticleSearch/macros/ParticleFinder/ParticleFinder/src/RichHist2D.h, line 7): cannot find include file "map"
	not in /Users/mcoombes/Documents/ComputerWork/root/root_v5r32/include/map
	not in /Users/mcoombes/Documents/workspaces/workspace/RICHHeavyParticleSearch/macros/ParticleFinder/ParticleFinder/src/map
	not in /Users/mcoombes/Documents/workspaces/workspace/RICHHeavyParticleSearch/macros/ParticleFinder/Utilities/src/map
	not in /usr/include/map
makedepend: warning:  main.cpp, line 4: cannot find include file "utility"
	not in /Users/mcoombes/Documents/ComputerWork/root/root_v5r32/include/utility
	not in /Users/mcoombes/Documents/workspaces/workspace/RICHHeavyParticleSearch/macros/ParticleFinder/ParticleFinder/src/utility
	not in /Users/mcoombes/Documents/workspaces/workspace/RICHHeavyParticleSearch/macros/ParticleFinder/Utilities/src/utility
	not in /usr/include/utility
makedepend: warning:  /Users/mcoombes/Documents/workspaces/workspace/RICHHeavyParticleSearch/macros/ParticleFinder/Users/example/PartSearch/../../../ParticleFinder/src/RichHist1D.cpp, line 2: cannot find include file "iostream"
	not in /Users/mcoombes/Documents/ComputerWork/root/root_v5r32/include/iostream
	not in /Users/mcoombes/Documents/workspaces/workspace/RICHHeavyParticleSearch/macros/ParticleFinder/ParticleFinder/src/iostream
	not in /Users/mcoombes/Documents/workspaces/workspace/RICHHeavyParticleSearch/macros/ParticleFinder/Utilities/src/iostream
	not in /usr/include/iostream
