This is pdfTeX, Version 3.1415926-2.4-1.40.13 (TeX Live 2012/Debian) (format=pdflatex 2014.5.7)  13 AUG 2014 19:17
entering extended mode
 restricted \write18 enabled.
 %&-line parsing enabled.
**main.tex
(./main.tex
LaTeX2e <2011/06/27>
Babel <v3.8m> and hyphenation patterns for english, dumylang, nohyphenation, lo
aded.
(/usr/share/texlive/texmf-dist/tex/latex/base/article.cls
Document Class: article 2007/10/19 v1.4h Standard LaTeX document class
(/usr/share/texlive/texmf-dist/tex/latex/base/size12.clo
File: size12.clo 2007/10/19 v1.4h Standard LaTeX file (size option)
)
\c@part=\count79
\c@section=\count80
\c@subsection=\count81
\c@subsubsection=\count82
\c@paragraph=\count83
\c@subparagraph=\count84
\c@figure=\count85
\c@table=\count86
\abovecaptionskip=\skip41
\belowcaptionskip=\skip42
\bibindent=\dimen102
)
(/usr/share/texlive/texmf-dist/tex/latex/base/ifthen.sty
Package: ifthen 2001/05/26 v1.1c Standard LaTeX ifthen package (DPC)
)
(/usr/share/texlive/texmf-dist/tex/latex/booktabs/booktabs.sty
Package: booktabs 2005/04/14 v1.61803 publication quality tables
\heavyrulewidth=\dimen103
\lightrulewidth=\dimen104
\cmidrulewidth=\dimen105
\belowrulesep=\dimen106
\belowbottomsep=\dimen107
\aboverulesep=\dimen108
\abovetopsep=\dimen109
\cmidrulesep=\dimen110
\cmidrulekern=\dimen111
\defaultaddspace=\dimen112
\@cmidla=\count87
\@cmidlb=\count88
\@aboverulesep=\dimen113
\@belowrulesep=\dimen114
\@thisruleclass=\count89
\@lastruleclass=\count90
\@thisrulewidth=\dimen115
)
(/usr/share/texlive/texmf-dist/tex/latex/multirow/multirow.sty
\bigstrutjot=\dimen116
)
(/usr/share/texlive/texmf-dist/tex/latex/rotating/rotating.sty
Package: rotating 2009/03/28 v2.16a rotated objects in LaTeX

(/usr/share/texlive/texmf-dist/tex/latex/graphics/graphicx.sty
Package: graphicx 1999/02/16 v1.0f Enhanced LaTeX Graphics (DPC,SPQR)

(/usr/share/texlive/texmf-dist/tex/latex/graphics/keyval.sty
Package: keyval 1999/03/16 v1.13 key=value parser (DPC)
\KV@toks@=\toks14
)
(/usr/share/texlive/texmf-dist/tex/latex/graphics/graphics.sty
Package: graphics 2009/02/05 v1.0o Standard LaTeX Graphics (DPC,SPQR)

(/usr/share/texlive/texmf-dist/tex/latex/graphics/trig.sty
Package: trig 1999/03/16 v1.09 sin cos tan (DPC)
)
(/usr/share/texlive/texmf-dist/tex/latex/latexconfig/graphics.cfg
File: graphics.cfg 2010/04/23 v1.9 graphics configuration of TeX Live
)
Package graphics Info: Driver file: pdftex.def on input line 91.

(/usr/share/texlive/texmf-dist/tex/latex/pdftex-def/pdftex.def
File: pdftex.def 2011/05/27 v0.06d Graphics/color for pdfTeX

(/usr/share/texlive/texmf-dist/tex/generic/oberdiek/infwarerr.sty
Package: infwarerr 2010/04/08 v1.3 Providing info/warning/error messages (HO)
)
(/usr/share/texlive/texmf-dist/tex/generic/oberdiek/ltxcmds.sty
Package: ltxcmds 2011/11/09 v1.22 LaTeX kernel commands for general use (HO)
)
\Gread@gobject=\count91
))
\Gin@req@height=\dimen117
\Gin@req@width=\dimen118
)
\c@r@tfl@t=\count92
\rotFPtop=\skip43
\rotFPbot=\skip44
\rot@float@box=\box26
\rot@mess@toks=\toks15
)
(./preamble.tex
(/usr/share/texlive/texmf-dist/tex/latex/microtype/microtype.sty
Package: microtype 2010/01/10 v2.4 Micro-typography with pdfTeX (RS)
\MT@toks=\toks16
\MT@count=\count93
LaTeX Info: Redefining \lsstyle on input line 1597.
LaTeX Info: Redefining \lslig on input line 1597.
\MT@outer@space=\skip45
LaTeX Info: Redefining \textls on input line 1605.
\MT@outer@kern=\dimen119
LaTeX Info: Redefining \textmicrotypecontext on input line 2156.
Package microtype Info: Loading configuration file microtype.cfg.

(/usr/share/texlive/texmf-dist/tex/latex/microtype/microtype.cfg
File: microtype.cfg 2010/01/10 v2.4 microtype main configuration file (RS)
))

! LaTeX Error: File `lineno.sty' not found.

Type X to quit or <RETURN> to proceed,
or enter new name. (Default extension: sty)

Enter file name: 
(/usr/share/texlive/texmf-dist/tex/latex/tools/xspace.sty
Package: xspace 2009/10/20 v1.13 Space after command names (DPC,MH)
)
(/usr/share/texlive/texmf-dist/tex/latex/graphics/color.sty
Package: color 2005/11/14 v1.0j Standard LaTeX Color (DPC)

(/usr/share/texlive/texmf-dist/tex/latex/latexconfig/color.cfg
File: color.cfg 2007/01/18 v1.5 color configuration of teTeX/TeXLive
)
Package color Info: Driver file: pdftex.def on input line 130.
)
(/usr/share/texlive/texmf-dist/tex/latex/colortbl/colortbl.sty
Package: colortbl 2012/02/13 v1.0a Color table columns (DPC)

(/usr/share/texlive/texmf-dist/tex/latex/tools/array.sty
Package: array 2008/09/09 v2.4c Tabular extension package (FMi)
\col@sep=\dimen120
\extrarowheight=\dimen121
\NC@list=\toks17
\extratabsurround=\skip46
\backup@length=\skip47
)
\everycr=\toks18
\minrowclearance=\skip48
)
(/usr/share/texlive/texmf-dist/tex/latex/amsmath/amsmath.sty
Package: amsmath 2000/07/18 v2.13 AMS math features
\@mathmargin=\skip49

For additional information on amsmath, use the `?' option.
(/usr/share/texlive/texmf-dist/tex/latex/amsmath/amstext.sty
Package: amstext 2000/06/29 v2.01

(/usr/share/texlive/texmf-dist/tex/latex/amsmath/amsgen.sty
File: amsgen.sty 1999/11/30 v2.0
\@emptytoks=\toks19
\ex@=\dimen122
))
(/usr/share/texlive/texmf-dist/tex/latex/amsmath/amsbsy.sty
Package: amsbsy 1999/11/29 v1.2d
\pmbraise@=\dimen123
)
(/usr/share/texlive/texmf-dist/tex/latex/amsmath/amsopn.sty
Package: amsopn 1999/12/14 v2.01 operator names
)
\inf@bad=\count94
LaTeX Info: Redefining \frac on input line 211.
\uproot@=\count95
\leftroot@=\count96
LaTeX Info: Redefining \overline on input line 307.
\classnum@=\count97
\DOTSCASE@=\count98
LaTeX Info: Redefining \ldots on input line 379.
LaTeX Info: Redefining \dots on input line 382.
LaTeX Info: Redefining \cdots on input line 467.
\Mathstrutbox@=\box27
\strutbox@=\box28
\big@size=\dimen124
LaTeX Font Info:    Redeclaring font encoding OML on input line 567.
LaTeX Font Info:    Redeclaring font encoding OMS on input line 568.
\macc@depth=\count99
\c@MaxMatrixCols=\count100
\dotsspace@=\muskip10
\c@parentequation=\count101
\dspbrk@lvl=\count102
\tag@help=\toks20
\row@=\count103
\column@=\count104
\maxfields@=\count105
\andhelp@=\toks21
\eqnshift@=\dimen125
\alignsep@=\dimen126
\tagshift@=\dimen127
\tagwidth@=\dimen128
\totwidth@=\dimen129
\lineht@=\dimen130
\@envbody=\toks22
\multlinegap=\skip50
\multlinetaggap=\skip51
\mathdisplay@stack=\toks23
LaTeX Info: Redefining \[ on input line 2666.
LaTeX Info: Redefining \] on input line 2667.
)
(/usr/share/texlive/texmf-dist/tex/latex/amsfonts/amssymb.sty
Package: amssymb 2009/06/22 v3.00

(/usr/share/texlive/texmf-dist/tex/latex/amsfonts/amsfonts.sty
Package: amsfonts 2009/06/22 v3.00 Basic AMSFonts support
\symAMSa=\mathgroup4
\symAMSb=\mathgroup5
LaTeX Font Info:    Overwriting math alphabet `\mathfrak' in version `bold'
(Font)                  U/euf/m/n --> U/euf/b/n on input line 96.
))
(/usr/share/texlive/texmf-dist/tex/latex/was/upgreek.sty
Package: upgreek 2003/02/12 v2.0 (WaS)
Package upgreek Info: Using Euler Roman for upright Greek on input line 31.
\symugrf@m=\mathgroup6
LaTeX Font Info:    Overwriting symbol font `ugrf@m' in version `bold'
(Font)                  U/eur/m/n --> U/eur/b/n on input line 38.
)
(/usr/share/texlive/texmf-dist/tex/latex/hyperref/hyperref.sty
Package: hyperref 2012/05/13 v6.82q Hypertext links for LaTeX

(/usr/share/texlive/texmf-dist/tex/generic/oberdiek/hobsub-hyperref.sty
Package: hobsub-hyperref 2012/05/28 v1.13 Bundle oberdiek, subset hyperref (HO)


(/usr/share/texlive/texmf-dist/tex/generic/oberdiek/hobsub-generic.sty
Package: hobsub-generic 2012/05/28 v1.13 Bundle oberdiek, subset generic (HO)
Package: hobsub 2012/05/28 v1.13 Construct package bundles (HO)
Package hobsub Info: Skipping package `infwarerr' (already loaded).
Package hobsub Info: Skipping package `ltxcmds' (already loaded).
Package: ifluatex 2010/03/01 v1.3 Provides the ifluatex switch (HO)
Package ifluatex Info: LuaTeX not detected.
Package: ifvtex 2010/03/01 v1.5 Detect VTeX and its facilities (HO)
Package ifvtex Info: VTeX not detected.
Package: intcalc 2007/09/27 v1.1 Expandable calculations with integers (HO)
Package: ifpdf 2011/01/30 v2.3 Provides the ifpdf switch (HO)
Package ifpdf Info: pdfTeX in PDF mode is detected.
Package: etexcmds 2011/02/16 v1.5 Avoid name clashes with e-TeX commands (HO)
Package etexcmds Info: Could not find \expanded.
(etexcmds)             That can mean that you are not using pdfTeX 1.50 or
(etexcmds)             that some package has redefined \expanded.
(etexcmds)             In the latter case, load this package earlier.
Package: kvsetkeys 2012/04/25 v1.16 Key value parser (HO)
Package: kvdefinekeys 2011/04/07 v1.3 Define keys (HO)
Package: pdftexcmds 2011/11/29 v0.20 Utility functions of pdfTeX for LuaTeX (HO
)
Package pdftexcmds Info: LuaTeX not detected.
Package pdftexcmds Info: \pdf@primitive is available.
Package pdftexcmds Info: \pdf@ifprimitive is available.
Package pdftexcmds Info: \pdfdraftmode found.
Package: pdfescape 2011/11/25 v1.13 Implements pdfTeX's escape features (HO)
Package: bigintcalc 2012/04/08 v1.3 Expandable calculations on big integers (HO
)
Package: bitset 2011/01/30 v1.1 Handle bit-vector datatype (HO)
Package: uniquecounter 2011/01/30 v1.2 Provide unlimited unique counter (HO)
)
Package hobsub Info: Skipping package `hobsub' (already loaded).
Package: letltxmacro 2010/09/02 v1.4 Let assignment for LaTeX macros (HO)
Package: hopatch 2012/05/28 v1.2 Wrapper for package hooks (HO)
Package: xcolor-patch 2011/01/30 xcolor patch
Package: atveryend 2011/06/30 v1.8 Hooks at the very end of document (HO)
Package atveryend Info: \enddocument detected (standard20110627).
Package: atbegshi 2011/10/05 v1.16 At begin shipout hook (HO)
Package: refcount 2011/10/16 v3.4 Data extraction from label references (HO)
Package: hycolor 2011/01/30 v1.7 Color options for hyperref/bookmark (HO)
)
(/usr/share/texlive/texmf-dist/tex/generic/ifxetex/ifxetex.sty
Package: ifxetex 2010/09/12 v0.6 Provides ifxetex conditional
)
(/usr/share/texlive/texmf-dist/tex/latex/oberdiek/kvoptions.sty
Package: kvoptions 2011/06/30 v3.11 Key value format for package options (HO)
)
\@linkdim=\dimen131
\Hy@linkcounter=\count106
\Hy@pagecounter=\count107

(/usr/share/texlive/texmf-dist/tex/latex/hyperref/pd1enc.def
File: pd1enc.def 2012/05/13 v6.82q Hyperref: PDFDocEncoding definition (HO)
)
\Hy@SavedSpaceFactor=\count108

(/usr/share/texlive/texmf-dist/tex/latex/latexconfig/hyperref.cfg
File: hyperref.cfg 2002/06/06 v1.2 hyperref configuration of TeXLive
)
Package hyperref Info: Hyper figures OFF on input line 4062.
Package hyperref Info: Link nesting OFF on input line 4067.
Package hyperref Info: Hyper index ON on input line 4070.
Package hyperref Info: Plain pages OFF on input line 4077.
Package hyperref Info: Backreferencing OFF on input line 4082.
Package hyperref Info: Implicit mode ON; LaTeX internals redefined.
Package hyperref Info: Bookmarks ON on input line 4300.
\c@Hy@tempcnt=\count109

(/usr/share/texlive/texmf-dist/tex/latex/url/url.sty
\Urlmuskip=\muskip11
Package: url 2006/04/12  ver 3.3  Verb mode for urls, etc.
)
LaTeX Info: Redefining \url on input line 4653.
\Fld@menulength=\count110
\Field@Width=\dimen132
\Fld@charsize=\dimen133
Package hyperref Info: Hyper figures OFF on input line 5773.
Package hyperref Info: Link nesting OFF on input line 5778.
Package hyperref Info: Hyper index ON on input line 5781.
Package hyperref Info: backreferencing OFF on input line 5788.
Package hyperref Info: Link coloring OFF on input line 5793.
Package hyperref Info: Link coloring with OCG OFF on input line 5798.
Package hyperref Info: PDF/A mode OFF on input line 5803.
LaTeX Info: Redefining \ref on input line 5843.
LaTeX Info: Redefining \pageref on input line 5847.
\Hy@abspage=\count111
\c@Item=\count112
\c@Hfootnote=\count113
)

Package hyperref Message: Driver (autodetected): hpdftex.

(/usr/share/texlive/texmf-dist/tex/latex/hyperref/hpdftex.def
File: hpdftex.def 2012/05/13 v6.82q Hyperref driver for pdfTeX
\Fld@listcount=\count114
\c@bookmark@seq@number=\count115

(/usr/share/texlive/texmf-dist/tex/latex/oberdiek/rerunfilecheck.sty
Package: rerunfilecheck 2011/04/15 v1.7 Rerun checks for auxiliary files (HO)
Package uniquecounter Info: New unique counter `rerunfilecheck' on input line 2
82.
)
\Hy@SectionHShift=\skip52
)
(/usr/share/texlive/texmf-dist/tex/latex/oberdiek/hypcap.sty
Package: hypcap 2011/02/16 v1.11 Adjusting the anchors of captions (HO)
)
(./lhcb-symbols-def.tex) (./cite.sty
LaTeX Info: Redefining \cite on input line 302.
LaTeX Info: Redefining \nocite on input line 373.
Package: cite 2010/09/10  v 5.3
) (./mciteplus.sty
Package: mciteplus 2008/09/30 v1.1 enhanced mcite
\@mcitetmptoksA=\toks24
\@mcitetmpdima=\dimen134
\@mcitetmpdimb=\dimen135
\@mcitetmpcnta=\count116
\@mcitetmpcntb=\count117
\c@mcitebibitemcount=\count118
\c@mcitesubitemcount=\count119

** mciteplus: Detected cite.sty. Invoking hooks.
)) (/usr/share/texlive/texmf-dist/tex/latex/tools/longtable.sty
Package: longtable 2004/02/01 v4.11 Multi-page Table package (DPC)
\LTleft=\skip53
\LTright=\skip54
\LTpre=\skip55
\LTpost=\skip56
\LTchunksize=\count120
\LTcapwidth=\dimen136
\LT@head=\box29
\LT@firsthead=\box30
\LT@foot=\box31
\LT@lastfoot=\box32
\LT@cols=\count121
\LT@rows=\count122
\c@LT@tables=\count123
\c@LT@chunks=\count124
\LT@p@ftn=\toks25
) (./main.aux)
\openout1 = `main.aux'.

LaTeX Font Info:    Checking defaults for OML/cmm/m/it on input line 31.
LaTeX Font Info:    ... okay on input line 31.
LaTeX Font Info:    Checking defaults for T1/cmr/m/n on input line 31.
LaTeX Font Info:    ... okay on input line 31.
LaTeX Font Info:    Checking defaults for OT1/cmr/m/n on input line 31.
LaTeX Font Info:    ... okay on input line 31.
LaTeX Font Info:    Checking defaults for OMS/cmsy/m/n on input line 31.
LaTeX Font Info:    ... okay on input line 31.
LaTeX Font Info:    Checking defaults for OMX/cmex/m/n on input line 31.
LaTeX Font Info:    ... okay on input line 31.
LaTeX Font Info:    Checking defaults for U/cmr/m/n on input line 31.
LaTeX Font Info:    ... okay on input line 31.
LaTeX Font Info:    Checking defaults for PD1/pdf/m/n on input line 31.
LaTeX Font Info:    ... okay on input line 31.

(/usr/share/texlive/texmf-dist/tex/context/base/supp-pdf.mkii
[Loading MPS to PDF converter (version 2006.09.02).]
\scratchcounter=\count125
\scratchdimen=\dimen137
\scratchbox=\box33
\nofMPsegments=\count126
\nofMParguments=\count127
\everyMPshowfont=\toks26
\MPscratchCnt=\count128
\MPscratchDim=\dimen138
\MPnumerator=\count129
\makeMPintoPDFobject=\count130
\everyMPtoPDFconversion=\toks27
) (/usr/share/texlive/texmf-dist/tex/latex/oberdiek/epstopdf-base.sty
Package: epstopdf-base 2010/02/09 v2.5 Base part for package epstopdf

(/usr/share/texlive/texmf-dist/tex/latex/oberdiek/grfext.sty
Package: grfext 2010/08/19 v1.1 Manage graphics extensions (HO)
)
Package grfext Info: Graphics extension search list:
(grfext)             [.png,.pdf,.jpg,.mps,.jpeg,.jbig2,.jb2,.PNG,.PDF,.JPG,.JPE
G,.JBIG2,.JB2,.eps]
(grfext)             \AppendGraphicsExtensions on input line 452.

(/usr/share/texlive/texmf-dist/tex/latex/latexconfig/epstopdf-sys.cfg
File: epstopdf-sys.cfg 2010/07/13 v1.3 Configuration of (r)epstopdf for TeX Liv
e
))
LaTeX Info: Redefining \microtypecontext on input line 31.
Package microtype Info: Generating PDF output.
Package microtype Info: Character protrusion enabled (level 2).
Package microtype Info: Using default protrusion set `alltext'.
Package microtype Info: Automatic font expansion enabled (level 2),
(microtype)             stretch: 20, shrink: 20, step: 1, non-selected.
Package microtype Info: Using default expansion set `basictext'.
Package microtype Info: No tracking.
Package microtype Info: No adjustment of interword spacing.
Package microtype Info: No adjustment of character kerning.

(/usr/share/texlive/texmf-dist/tex/latex/microtype/mt-cmr.cfg
File: mt-cmr.cfg 2009/11/09 v2.0 microtype config. file: Computer Modern Roman 
(RS)
)
\AtBeginShipoutBox=\box34
Package hyperref Info: Link coloring OFF on input line 31.

(/usr/share/texlive/texmf-dist/tex/latex/hyperref/nameref.sty
Package: nameref 2010/04/30 v2.40 Cross-referencing by name of section

(/usr/share/texlive/texmf-dist/tex/generic/oberdiek/gettitlestring.sty
Package: gettitlestring 2010/12/03 v1.4 Cleanup title references (HO)
)
\c@section@level=\count131
)
LaTeX Info: Redefining \ref on input line 31.
LaTeX Info: Redefining \pageref on input line 31.
LaTeX Info: Redefining \nameref on input line 31.

(./main.out) (./main.out)
\@outlinefile=\write3
\openout3 = `main.out'.

 (./title-LHCb-ANA.tex
LaTeX Font Info:    Try loading font information for U+msa on input line 17.

(/usr/share/texlive/texmf-dist/tex/latex/amsfonts/umsa.fd
File: umsa.fd 2009/06/22 v3.00 AMS symbols A
)
(/usr/share/texlive/texmf-dist/tex/latex/microtype/mt-msa.cfg
File: mt-msa.cfg 2006/02/04 v1.1 microtype config. file: AMS symbols (a) (RS)
)
LaTeX Font Info:    Try loading font information for U+msb on input line 17.

(/usr/share/texlive/texmf-dist/tex/latex/amsfonts/umsb.fd
File: umsb.fd 2009/06/22 v3.00 AMS symbols B
)
(/usr/share/texlive/texmf-dist/tex/latex/microtype/mt-msb.cfg
File: mt-msb.cfg 2005/06/01 v1.0 microtype config. file: AMS symbols (b) (RS)
)
(/usr/share/texlive/texmf-dist/tex/latex/microtype/mt-eur.cfg
File: mt-eur.cfg 2006/07/31 v1.1 microtype config. file: AMS Euler Roman (RS)
)
<figs/lhcb-logo.pdf, id=232, 614.295pt x 794.97pt>
File: figs/lhcb-logo.pdf Graphic file (type pdf)
 <use figs/lhcb-logo.pdf>
Package pdftex.def Info: figs/lhcb-logo.pdf used on input line 20.
(pdftex.def)             Requested size: 63.73389pt x 82.47356pt.

Overfull \hbox (6.00954pt too wide) in paragraph at lines 16--29
[]|  [] 
 []

[1

{/var/lib/texmf/fonts/map/pdftex/updmap/pdftex.map} <./figs/lhcb-logo.pdf>])
(./main.tocpdfTeX warning (ext4): destination with the same identifier (name{pa
ge.1}) has been already used, duplicate ignored
<to be read again> 
                   \relax 
l.38 ...oring functions}}{22}{subsubsection.7.2.6}
                                                   [1])
\tf@toc=\write4
\openout4 = `main.toc'.

 [2] (./introduction.tex)pdfTeX warning (ext4): destination with the same ident
ifier (name{page.1}) has been already used, duplicate ignored
<to be read again> 
                   \relax 
l.81 \newpage
              [1

] (./conceptual.tex
LaTeX Font Info:    Try loading font information for OMS+cmr on input line 14.

(/usr/share/texlive/texmf-dist/tex/latex/base/omscmr.fd
File: omscmr.fd 1999/05/25 v2.5h Standard LaTeX font definitions
)
LaTeX Font Info:    Font shape `OMS/cmr/m/n' in size <12> not available
(Font)              Font shape `OMS/cmsy/m/n' tried instead on input line 14.
) (./architecture.texpdfTeX warning (ext4): destination with the same identifie
r (name{page.2}) has been already used, duplicate ignored
<to be read again> 
                   \relax 
l.7 
     [2]
Missing character: There is no ‚ in font cmr12!
Missing character: There is no Ä in font cmr12!
Missing character: There is no ú in font cmr12!
Missing character: There is no ‚ in font cmr12!
Missing character: There is no Ä in font cmr12!
Missing character: There is no ù in font cmr12!
 [3]
Missing character: There is no ‚ in font cmr12!
Missing character: There is no Ä in font cmr12!
Missing character: There is no ú in font cmr12!
Missing character: There is no ‚ in font cmr12!
Missing character: There is no Ä in font cmr12!
Missing character: There is no ù in font cmr12!
) (./implementation.tex [4]
<figs/poller.pdf, id=347, 702.625pt x 521.95pt>
File: figs/poller.pdf Graphic file (type pdf)
 <use figs/poller.pdf>
Package pdftex.def Info: figs/poller.pdf used on input line 32.
(pdftex.def)             Requested size: 364.20921pt x 270.5554pt.
 [5]
[6 <./figs/poller.pdf>] [7]
! Misplaced alignment tab character &.
l.72 ...t StatusCode issueAlarm(const std::string&
                                                   msg) : In case the \texti...

? 
[8]) (./implementationNFiles.tex [9] [10] [11] [12]
! Misplaced alignment tab character &.
l.72 ...t StatusCode issueAlarm(const std::string&
                                                   msg) : In case the \texti...

? 
[13] [14]
Overfull \hbox (28.60474pt too wide) in paragraph at lines 115--115
[] \OT1/cmr/m/n/12 (-20) poller.scanDirectory = "/daqarea/lhcb/data/2014/RAW/FU
LL/LHCb1/TEST" 
 []

[15]
Underfull \hbox (badness 10000) in paragraph at lines 133--134
[]\OT1/cmr/m/n/12 (+20) run the \OT1/cmr/m/it/12 (+20) Se-tup-Van-Der-Meer[]v6r
1.sh \OT1/cmr/m/n/12 (+20) script, which is in-side \OT1/cmr/m/it/12 (+20) Mon-
i-
 []

<figs/testpoller3.pdf, id=410, 597.23125pt x 845.1575pt>
File: figs/testpoller3.pdf Graphic file (type pdf)

<use figs/testpoller3.pdf>
Package pdftex.def Info: figs/testpoller3.pdf used on input line 144.
(pdftex.def)             Requested size: 442.34517pt x 625.9742pt.


LaTeX Warning: Float too large for page by 34.35513pt on input line 145.

<figs/testpoller3.pdf, id=411, page=2, 597.23125pt x 845.1575pt>
File: figs/testpoller3.pdf Graphic file (type pdf)

<use figs/testpoller3.pdf, page 2>
Package pdftex.def Info: figs/testpoller3.pdf, page2 used on input line 150.
(pdftex.def)             Requested size: 442.34517pt x 625.9742pt.


LaTeX Warning: Float too large for page by 34.35513pt on input line 151.

[16] [17 <./figs/testpoller3.pdf>] [18 <./figs/testpoller3.pdf>])
(./HltOneMon.tex

Package hyperref Warning: Token not allowed in a PDF string (PDFDocEncoding):
(hyperref)                removing `\let' on input line 4.


Package hyperref Warning: Token not allowed in a PDF string (PDFDocEncoding):
(hyperref)                removing `\new@ifnextchar' on input line 4.


Package hyperref Warning: Token not allowed in a PDF string (PDFDocEncoding):
(hyperref)                removing `\@auxout' on input line 4.


Package hyperref Warning: Token not allowed in a PDF string (PDFDocEncoding):
(hyperref)                removing `\@ifnextchar' on input line 4.

<figs/monitorHardWare.pdf, id=437, 620.3175pt x 289.08pt>
File: figs/monitorHardWare.pdf Graphic file (type pdf)

<use figs/monitorHardWare.pdf>
Package pdftex.def Info: figs/monitorHardWare.pdf used on input line 14.
(pdftex.def)             Requested size: 364.19522pt x 169.72203pt.

<figs/monitorInfoFlow.pdf, id=439, 626.34pt x 458.71375pt>
File: figs/monitorInfoFlow.pdf Graphic file (type pdf)

<use figs/monitorInfoFlow.pdf>
Package pdftex.def Info: figs/monitorInfoFlow.pdf used on input line 20.
(pdftex.def)             Requested size: 364.20448pt x 266.7331pt.
 [19 <./figs/monitorHardWare.pdf>] [20 <./figs/monitorInfoFlow.pdf>] [21] [22]
! Misplaced alignment tab character &.
<argument> ...ype() == LHCb::ODIN::LumiTrigger ) &
                                                  & ( odin-$>$bunchCrossingT...
l.74 ...ingType() == LHCb::ODIN::BeamCrossing ) )}
                                                   respectively).If the trig...

? 
! Misplaced alignment tab character &.
<argument> ...pe() == LHCb::ODIN::LumiTrigger ) &&
                                                   ( odin-$>$bunchCrossingTy...
l.74 ...ingType() == LHCb::ODIN::BeamCrossing ) )}
                                                   respectively).If the trig...

? 
! Missing $ inserted.
<inserted text> 
                $
l.89 ...signaloverbg,chi2perdof,chi2perdof\_bg,pT}
                                                  .\par
? 
! Extra }, or forgotten $.
<recently read> \egroup 
                        
l.89 ...signaloverbg,chi2perdof,chi2perdof\_bg,pT}
                                                  .\par
? 
! Missing $ inserted.
<inserted text> 
                $
l.89 ...loverbg,chi2perdof,chi2perdof\_bg,pT}.\par
                                                  
? 
! Missing } inserted.
<inserted text> 
                }
l.89 ...loverbg,chi2perdof,chi2perdof\_bg,pT}.\par
                                                  
? 

Underfull \hbox (badness 10000) in paragraph at lines 89--89
[]\OT1/cmr/m/it/12 (+20) HistoWrapper() \OT1/cmr/m/n/12 (+20) :The de-fault con
-struc-tor ini-tial-izes the vari-
 []


Underfull \hbox (badness 10000) in paragraph at lines 89--89
\OT1/cmr/m/n/12 (+20) ables and books the fol-low-ing his-tograms for each mea-

 []


Underfull \hbox (badness 10000) in paragraph at lines 89--89
\OT1/cmr/m/n/12 (+20) sured quan-tity :\OT1/cmr/m/it/12 (+20) in-vari-ant mass,
left,center,right,tmp,rate per
 []

[23] [24] [25]) [26] (./main.bbl
Missing character: There is no √ in font cmr12!
Missing character: There is no ∂ in font cmr12!
Missing character: There is no ‚ in font cmr12!
Missing character: There is no Ä in font cmr12!
Missing character: There is no ì in font cmr12!

! Undefined control sequence.
<argument> {\it Raw \toupper 
                             {E}vent wiki}, 
l.38 ...tles}}{{\it Raw \toupper{E}vent wiki}, }{}
                                                  ,
? 

Underfull \hbox (badness 10000) in paragraph at lines 45--51
[]\OT1/cmr/m/it/12 (+20) Odin raw bank\OT1/cmr/m/n/12 (+20) , , http://lhcb-onl
ine.web.cern.ch/lhcb-
 []


Underfull \hbox (badness 10000) in paragraph at lines 52--59
[]\OT1/cmr/m/it/12 (+20) Routing bits\OT1/cmr/m/n/12 (+20) , , https://twiki.ce
rn.ch/twiki/bin/view/LHCb/HltRoutingBits,
 []


Underfull \hbox (badness 10000) in paragraph at lines 60--68
[]\OT1/cmr/m/it/12 (+20) Hlt de-ci-sion re-ports\OT1/cmr/m/n/12 (+20) , , http:
//lhcb-release-area.web.cern.ch/LHCb-release-
 []


Underfull \hbox (badness 10000) in paragraph at lines 60--68
\OT1/cmr/m/n/12 (+20) area/DOC/davinci /re-leases/latest/doxygen/d7/db8/class[]
l[]h[]cb[]1[]1[]hlt[]dec
 []

! Undefined control sequence.
<argument> {\it Aida::\toupper 
                               {IH}istogram1\toupper {D}}, 
l.70 ...da::\toupper{IH}istogram1\toupper{D}}, }{}
                                                  ,
? 
! Undefined control sequence.
<argument> ...ida::\toupper {IH}istogram1\toupper 
                                                  {D}}, 
l.70 ...da::\toupper{IH}istogram1\toupper{D}}, }{}
                                                  ,
? 

Overfull \hbox (31.50117pt too wide) in paragraph at lines 70--76
[]\OT1/cmr/m/it/12 (-20) Aida::IHistogram1D\OT1/cmr/m/n/12 (-20) , , http://aid
a.freehep.org/doc/v3.2.0/api/hep/aida/IHistogram1D.html. 
 []

! Undefined control sequence.
<argument> {\it \toupper 
                         {T}rending tool}, 
l.77 ...itles}}{{\it \toupper{T}rending tool}, }{}
                                                  ,
? 

Underfull \hbox (badness 10000) in paragraph at lines 84--91
[]\OT1/cmr/m/it/12 (+20) Odin fields\OT1/cmr/m/n/12 (+20) , , http://svn.cern.c
h/guest/lhcb/LHCb/trunk/Kernel/LHCbAlgs
 []

! Undefined control sequence.
<argument> {\it Lumi \toupper 
                              {C}ounters}, 
l.92 ...itles}}{{\it Lumi \toupper{C}ounters}, }{}
                                                  ,
? 

Underfull \hbox (badness 10000) in paragraph at lines 92--99
[]\OT1/cmr/m/it/12 (+20) Lumi Coun-ters\OT1/cmr/m/n/12 (+20) , , https://twiki.
cern.ch/twiki/bin/view/LHCb/FileSummary
 []

! Undefined control sequence.
<argument> {\it Lumi \toupper 
                              {C}ounters \toupper {XML}}, 
l.101   \toupper{XML}}, }{}
                           ,
? 
! Undefined control sequence.
<argument> {\it Lumi \toupper {C}ounters \toupper 
                                                  {XML}}, 
l.101   \toupper{XML}}, }{}
                           ,
? 

Overfull \hbox (1.73006pt too wide) in paragraph at lines 101--108
[]\OT1/cmr/m/it/12 (-20) Lumi Coun-ters XML\OT1/cmr/m/n/12 (-20) , , https://sv
nweb.cern.ch/trac/lhcb/browser/LHCb/trunk/Event
 []

! Undefined control sequence.
<argument> {\it Lumi \toupper 
                              {S}ummary \toupper {XML}}, 
l.110   \toupper{XML}}, }{}
                           ,
? 
! Undefined control sequence.
<argument> {\it Lumi \toupper {S}ummary \toupper 
                                                 {XML}}, 
l.110   \toupper{XML}}, }{}
                           ,
? 

Overfull \hbox (4.08205pt too wide) in paragraph at lines 110--117
[]\OT1/cmr/m/it/12 (-20) Lumi Sum-mary XML\OT1/cmr/m/n/12 (-20) , , https://svn
web.cern.ch/trac/lhcb/browser/LHCb/trunk/Event
 []

! Undefined control sequence.
<argument> {\it Hlt\toupper 
                            {O}bject\toupper {S}ummary}, 
l.119   Hlt\toupper{O}bject\toupper{S}ummary}, }{}
                                                  ,
? 
! Undefined control sequence.
<argument> {\it Hlt\toupper {O}bject\toupper 
                                             {S}ummary}, 
l.119   Hlt\toupper{O}bject\toupper{S}ummary}, }{}
                                                  ,
? 

Overfull \hbox (44.01952pt too wide) in paragraph at lines 119--126
[]\OT1/cmr/m/it/12 (-20) HltObjectSummary\OT1/cmr/m/n/12 (-20) , , https://svnw
eb.cern.ch/trac/lhcb/browser/LHCb/trunk/Event/HltEvent
 []

! Undefined control sequence.
<argument> {\it \toupper 
                         {TT}ree}, 
l.127 ...rticletitles}}{{\it \toupper{TT}ree}, }{}
                                                  ,
? 
)
Package atveryend Info: Empty hook `BeforeClearDocument' on input line 95.
 [27]
Package atveryend Info: Empty hook `AfterLastShipout' on input line 95.
 (./main.aux)
Package atveryend Info: Executing hook `AtVeryEndDocument' on input line 95.
Package atveryend Info: Executing hook `AtEndAfterFileList' on input line 95.
Package rerunfilecheck Info: File `main.out' has not changed.
(rerunfilecheck)             Checksum: 5F77D522427A196CAAE3084832E13E91;4132.
Package atveryend Info: Empty hook `AtVeryVeryEnd' on input line 95.
 ) 
Here is how much of TeX's memory you used:
 9252 strings out of 495059
 131256 string characters out of 3182031
 253753 words of memory out of 3000000
 12003 multiletter control sequences out of 15000+200000
 19261 words of font info for 129 fonts, out of 3000000 for 9000
 14 hyphenation exceptions out of 8191
 36i,12n,35p,1453b,435s stack positions out of 5000i,500n,10000p,200000b,50000s
</usr/share/texlive/texmf-dist/fonts/type1/public/amsfonts/cm/cmbx10.pfb></us
r/share/texlive/texmf-dist/fonts/type1/public/amsfonts/cm/cmbx12.pfb></usr/shar
e/texlive/texmf-dist/fonts/type1/public/amsfonts/cm/cmmi12.pfb></usr/share/texl
ive/texmf-dist/fonts/type1/public/amsfonts/cm/cmr10.pfb></usr/share/texlive/tex
mf-dist/fonts/type1/public/amsfonts/cm/cmr12.pfb></usr/share/texlive/texmf-dist
/fonts/type1/public/amsfonts/cm/cmr8.pfb></usr/share/texlive/texmf-dist/fonts/t
ype1/public/amsfonts/cm/cmsy10.pfb></usr/share/texlive/texmf-dist/fonts/type1/p
ublic/amsfonts/cm/cmti10.pfb></usr/share/texlive/texmf-dist/fonts/type1/public/
amsfonts/cm/cmti12.pfb>
Output written on main.pdf (30 pages, 401770 bytes).
PDF statistics:
 585 PDF objects out of 1000 (max. 8388607)
 520 compressed objects within 6 object streams
 106 named destinations out of 1000 (max. 500000)
 15847 words of extra memory for PDF output out of 17280 (max. 10000000)

