\BOOKMARK [1][-]{section.1}{Introduction}{}
\BOOKMARK [1][-]{section.2}{Conceptual design}{}
\BOOKMARK [2][-]{subsection.2.1}{Main agents and concept}{section.2}
\BOOKMARK [2][-]{subsection.2.2}{Requirements}{section.2}
\BOOKMARK [1][-]{section.3}{Architecture}{}
\BOOKMARK [2][-]{subsection.3.1}{Poller}{section.3}
\BOOKMARK [3][-]{subsubsection.3.1.1}{Purpose and functionality}{subsection.3.1}
\BOOKMARK [3][-]{subsubsection.3.1.2}{Interfaces}{subsection.3.1}
\BOOKMARK [2][-]{subsection.3.2}{EventSelector}{section.3}
\BOOKMARK [3][-]{subsubsection.3.2.1}{Purpose and functionality}{subsection.3.2}
\BOOKMARK [3][-]{subsubsection.3.2.2}{Interfaces}{subsection.3.2}
\BOOKMARK [1][-]{section.4}{Implementation and workflow}{}
\BOOKMARK [2][-]{subsection.4.1}{Dependencies}{section.4}
\BOOKMARK [2][-]{subsection.4.2}{Workflow}{section.4}
\BOOKMARK [3][-]{subsubsection.4.2.1}{Poller}{subsection.4.2}
\BOOKMARK [3][-]{subsubsection.4.2.2}{EventSelector}{subsection.4.2}
\BOOKMARK [3][-]{subsubsection.4.2.3}{Details about Poller methods and member variables}{subsection.4.2}
\BOOKMARK [3][-]{subsubsection.4.2.4}{Details about EventSelector methods and member variables}{subsection.4.2}
\BOOKMARK [1][-]{section.5}{Implementation and workflow of the FilePollerNFiles}{}
\BOOKMARK [2][-]{subsection.5.1}{Introduction}{section.5}
\BOOKMARK [2][-]{subsection.5.2}{Dependencies}{section.5}
\BOOKMARK [2][-]{subsection.5.3}{Workflow}{section.5}
\BOOKMARK [3][-]{subsubsection.5.3.1}{Poller}{subsection.5.3}
\BOOKMARK [3][-]{subsubsection.5.3.2}{EventSelector}{subsection.5.3}
\BOOKMARK [3][-]{subsubsection.5.3.3}{Details about Poller methods and member variables}{subsection.5.3}
\BOOKMARK [3][-]{subsubsection.5.3.4}{Details about EventSelector methods and member variables}{subsection.5.3}
\BOOKMARK [1][-]{section.6}{How to run and test Poller}{}
\BOOKMARK [2][-]{subsection.6.1}{Prerequisites}{section.6}
\BOOKMARK [2][-]{subsection.6.2}{Running}{section.6}
