
       <<            hh                    tt  >> 
     <<              hh       ii           tt    >>
   <<                hh                  tttttt    >>
 <<        ppppp     hhhhhh   ii           tt        >>
   <<      pp  pp    hhh  hh  ii  -----    tt      >>
     <<    pp  pp    hh   hh  ii  -----    tt    >>
       <<  ppppp     hh   hh  ii           tt  >>
           pp          
           pp  //////////////////////////////
           pp  \\\\\\\\\\\\\\\   Phi-T(R) NeuroBayes(R) Teacher
      
  Algorithms by Michael Feindt 
  Implementation by Phi-T Project 2001-2003
  Copyright Phi-T GmbH 
  Version  20101206
  Library compiled with:
   NB_MAXPATTERN= 1500000
   NB_MAXNODE   = 100
  -----------------------------------
 found 1000000 samples to learn from

 preprocessing flags/parameters:
 global preprocessing flag: 612
 individual preprocessing:
 variable # 2 : PreproFlag = 18
    parameter # 1 =  0.
    parameter # 2 =  0.
    parameter # 3 =  0.
    parameter # 4 =  0.
    parameter # 5 =  0.
    parameter # 6 =  0.
    parameter # 7 =  0.
    parameter # 8 =  0.
    parameter # 9 =  0.
    parameter # 10 =  0.
 variable # 3 : PreproFlag = 18
    parameter # 1 =  0.
    parameter # 2 =  0.
    parameter # 3 =  0.
    parameter # 4 =  0.
    parameter # 5 =  0.
    parameter # 6 =  0.
    parameter # 7 =  0.
    parameter # 8 =  0.
    parameter # 9 =  0.
    parameter # 10 =  0.
 variable # 4 : PreproFlag = 34
    parameter # 1 =  0.
    parameter # 2 =  0.
    parameter # 3 =  0.
    parameter # 4 =  0.
    parameter # 5 =  0.
    parameter # 6 =  0.
    parameter # 7 =  0.
    parameter # 8 =  0.
    parameter # 9 =  0.
    parameter # 10 =  0.
 variable # 5 : PreproFlag = 34
    parameter # 1 =  0.
    parameter # 2 =  0.
    parameter # 3 =  0.
    parameter # 4 =  0.
    parameter # 5 =  0.
    parameter # 6 =  0.
    parameter # 7 =  0.
    parameter # 8 =  0.
    parameter # 9 =  0.
    parameter # 10 =  0.
 variable # 6 : PreproFlag = 34
    parameter # 1 =  0.
    parameter # 2 =  0.
    parameter # 3 =  0.
    parameter # 4 =  0.
    parameter # 5 =  0.
    parameter # 6 =  0.
    parameter # 7 =  0.
    parameter # 8 =  0.
    parameter # 9 =  0.
    parameter # 10 =  0.
 variable # 7 : PreproFlag = 34
    parameter # 1 =  0.
    parameter # 2 =  0.
    parameter # 3 =  0.
    parameter # 4 =  0.
    parameter # 5 =  0.
    parameter # 6 =  0.
    parameter # 7 =  0.
    parameter # 8 =  0.
    parameter # 9 =  0.
    parameter # 10 =  0.
 variable # 8 : PreproFlag = 34
    parameter # 1 =  0.
    parameter # 2 =  0.
    parameter # 3 =  0.
    parameter # 4 =  0.
    parameter # 5 =  0.
    parameter # 6 =  0.
    parameter # 7 =  0.
    parameter # 8 =  0.
    parameter # 9 =  0.
    parameter # 10 =  0.
 variable # 9 : PreproFlag = 34
    parameter # 1 =  0.
    parameter # 2 =  0.
    parameter # 3 =  0.
    parameter # 4 =  0.
    parameter # 5 =  0.
    parameter # 6 =  0.
    parameter # 7 =  0.
    parameter # 8 =  0.
    parameter # 9 =  0.
    parameter # 10 =  0.
 variable # 10 : PreproFlag = 34
    parameter # 1 =  0.
    parameter # 2 =  0.
    parameter # 3 =  0.
    parameter # 4 =  0.
    parameter # 5 =  0.
    parameter # 6 =  0.
    parameter # 7 =  0.
    parameter # 8 =  0.
    parameter # 9 =  0.
    parameter # 10 =  0.
 variable # 11 : PreproFlag = 34
    parameter # 1 =  0.
    parameter # 2 =  0.
    parameter # 3 =  0.
    parameter # 4 =  0.
    parameter # 5 =  0.
    parameter # 6 =  0.
    parameter # 7 =  0.
    parameter # 8 =  0.
    parameter # 9 =  0.
    parameter # 10 =  0.
 variable # 12 : PreproFlag = 34
    parameter # 1 =  0.
    parameter # 2 =  0.
    parameter # 3 =  0.
    parameter # 4 =  0.
    parameter # 5 =  0.
    parameter # 6 =  0.
    parameter # 7 =  0.
    parameter # 8 =  0.
    parameter # 9 =  0.
    parameter # 10 =  0.
 variable # 13 : PreproFlag = 34
    parameter # 1 =  0.
    parameter # 2 =  0.
    parameter # 3 =  0.
    parameter # 4 =  0.
    parameter # 5 =  0.
    parameter # 6 =  0.
    parameter # 7 =  0.
    parameter # 8 =  0.
    parameter # 9 =  0.
    parameter # 10 =  0.
 variable # 14 : PreproFlag = 34
    parameter # 1 =  0.
    parameter # 2 =  0.
    parameter # 3 =  0.
    parameter # 4 =  0.
    parameter # 5 =  0.
    parameter # 6 =  0.
    parameter # 7 =  0.
    parameter # 8 =  0.
    parameter # 9 =  0.
    parameter # 10 =  0.
 variable # 15 : PreproFlag = 34
    parameter # 1 =  0.
    parameter # 2 =  0.
    parameter # 3 =  0.
    parameter # 4 =  0.
    parameter # 5 =  0.
    parameter # 6 =  0.
    parameter # 7 =  0.
    parameter # 8 =  0.
    parameter # 9 =  0.
    parameter # 10 =  0.
 variable # 16 : PreproFlag = 34
    parameter # 1 =  0.
    parameter # 2 =  0.
    parameter # 3 =  0.
    parameter # 4 =  0.
    parameter # 5 =  0.
    parameter # 6 =  0.
    parameter # 7 =  0.
    parameter # 8 =  0.
    parameter # 9 =  0.
    parameter # 10 =  0.
 variable # 17 : PreproFlag = 34
    parameter # 1 =  0.
    parameter # 2 =  0.
    parameter # 3 =  0.
    parameter # 4 =  0.
    parameter # 5 =  0.
    parameter # 6 =  0.
    parameter # 7 =  0.
    parameter # 8 =  0.
    parameter # 9 =  0.
    parameter # 10 =  0.

 Using weight factor:  1.
 now perform preprocessing
 ***  called with option   12
 ***  This will do for you:
 ***    input variable equalisation 
 ***    to Gaussian distribution with mean=0 and sigma=1
 ***    Then variables are decorrelated 
 ************************************
 Signal fraction:  47.2845001 %
 ------------------------------
 Transdef: Tab for variable  1   -1. -1. -1. -1. -1. -1. -1. -1. -1. -1. -1.
 -1. -1. -1. -1. -1. -1. -1. -1. -1. -1. -1. -1. -1. -1. -1. -1. -1. -1. -1.
 -1. -1. -1. -1. -1. -1. -1. -1. -1. -1. -1. -1. -1. -1. -1. -1. -1. -1. -1.
 -1. -1. -1. -1.  1.  1.  1.  1.  1.  1.  1.  1.  1.  1.  1.  1.  1.  1.  1.
  1.  1.  1.  1.  1.  1.  1.  1.  1.  1.  1.  1.  1.  1.  1.  1.  1.  1.  1.
  1.  1.  1.  1.  1.  1.  1.  1.  1.  1.  1.  1.  1.  1.
 ------------------------------
 Transdef: Tab for variable  2    0.  0.  0.  0.  0.  0.  0.  0.  0.  0.  0.
  0.  0.  0.  0.  0.  0.  0.  0.  0.  0.  0.  0.  0.  0.  0.  0.  0.  0.  0.
  0.  0.  0.  0.  0.  0.  0.  0.  0.  0.  0.  0.  0.  0.  0.  0.  0.  0.  0.
  0.  0.  0.  0.  0.  0.  0.  0.  0.  0.  0.  0.  0.  0.  0.  0.  0.  0.  0.
  0.  0.  0.  0.  0.  0.  0.  0.  0.  0.  0.  0.  0.  0.  0.  0.  0.  0.  0.
  0.  0.  0.  0.  0.  0.  1.  1.  1.  1.  1.  1.  1.  1.
 build map for variable # 2
 ------------------------------
 Transdef: Tab for variable  3    0.  0.  0.  0.  0.  0.  0.  0.  0.  0.  0.
  0.  0.  0.  0.  0.  0.  0.  0.  0.  0.  0.  0.  0.  0.  0.  0.  0.  0.  0.
  0.  0.  0.  0.  0.  0.  0.  0.  0.  0.  0.  0.  0.  0.  0.  0.  0.  0.  0.
  0.  0.  0.  0.  0.  0.  0.  0.  0.  0.  0.  0.  0.  0.  0.  0.  0.  0.  0.
  0.  0.  0.  0.  0.  0.  0.  0.  0.  0.  0.  0.  0.  0.  0.  0.  0.  0.  0.
  0.  0.  0.  0.  0.  0.  1.  1.  1.  1.  1.  1.  1.  1.
 build map for variable # 3
 ------------------------------
 Transdef: Tab for variable  4   -202.449905 -83.5268478 -70.2305984
 -61.7472496 -55.5144997 -50.4909515 -46.2129517 -42.4908524 -39.2141495
 -36.2180481 -33.4629517 -30.8884506 -28.4778996 -26.20825 -24.0736504
 -22.0564499 -20.1489487 -18.3780003 -16.6923504 -15.0632 -13.5348492
 -12.0580502 -10.6373005 -9.29405022 -8.02275085 -6.77789974 -5.62069988
 -4.60305023 -3.63820004 -2.80805016 -2.08150005 -1.45904994 -0.938149989
 -0.4921 -0.104199998  0.282000005  0.4727  0.665600002  0.870800018
  1.08560002  1.3053  1.53030002  1.76545  2.01029992  2.26869988  2.54250002
  2.82455015  3.12505007  3.45055008  3.80360007  4.18370008  4.59140015
  5.02759981  5.4836998  5.97609997  6.50029993  7.0559001  7.64190006
  8.26029968  8.9110508  9.58135033  10.2833996  11.0038996  11.7457504
  12.5173492  13.3025999  14.1125002  14.9491005  15.7912502  16.6497993
  17.5163498  18.4244995  19.3451004  20.2938995  21.2561989  22.2480507
  23.2558994  24.2960014  25.3487015  26.4576492  27.5931511  28.7782497
  30.0228004  31.3022995  32.6691513  34.0904503  35.6079483  37.2268982
  38.9731979  40.8227501  42.8618011  45.1114502  47.5674515  50.2867508
  53.4091988  57.0221481  61.1503983  66.2315521  73.0017014  83.5948029
  187.8396
 do regularised spline fit for input variable # 4
 build map for variable # 4
 ------------------------------
 Transdef: Tab for variable  5   -226.245697 -86.3375549 -73.1066513
 -64.6753998 -58.2957497 -53.2058487 -48.9390488 -45.1978531 -41.871048
 -38.8252983 -36.0633011 -33.4945526 -31.0841007 -28.8397999 -26.6828995
 -24.6514511 -22.6987991 -20.8975487 -19.2009506 -17.569149 -15.99685
 -14.5082998 -13.0834503 -11.7513504 -10.44835 -9.19680023 -7.99679995
 -6.85545015 -5.80074978 -4.80945015 -3.91120005 -3.09210014 -2.38150001
 -1.76664996 -1.24160004 -0.803049982 -0.439350009 -0.138600007  0.204300001
  0.334199995  0.469300002  0.615999997  0.766900003  0.928149998  1.10300004
  1.28815007  1.48599994  1.69760001  1.93274999  2.18470001  2.45499992
  2.75075006  3.06489992  3.40724993  3.77995014  4.18120003  4.61149979
  5.06510019  5.55725002  6.09369993  6.66730022  7.2730999  7.90570021
  8.57830048  9.29609966  10.0500507  10.8325005  11.64995  12.4697495
  13.3267002  14.2276001  15.1407509  16.0732994  17.0247002  18.0250511
  19.0405998  20.0658493  21.1340504  22.2262001  23.3575001  24.4978504
  25.7070007  26.9584999  28.2453499  29.5905495  31.0135002  32.5134506
  34.1013985  35.8283997  37.7227478  39.8028984  42.0707474  44.5892487
  47.3984489  50.6020508  54.2639008  58.5676003  63.7483521  70.6222534
  81.3361511  185.519196
 do regularised spline fit for input variable # 5
 build map for variable # 5
 warning: map is empty for variable 5
 ------------------------------
 Transdef: Tab for variable  6    1.00004113  1.09142387  1.17184639  1.2093693
  1.22437894  1.23932469  1.25443637  1.26974058  1.28500223  1.30005527
  1.31534362  1.33046508  1.34543204  1.36071908  1.37605262  1.3912909
  1.40652525  1.42149055  1.43702841  1.45241475  1.46785438  1.48314166
  1.49857259  1.51376498  1.52929521  1.54469955  1.5601747  1.57590926
  1.5915606  1.60707617  1.62248373  1.6382947  1.65391231  1.66975927
  1.68530536  1.70127618  1.71698856  1.73295438  1.74886942  1.76467836
  1.78035927  1.79623616  1.81234562  1.82855105  1.84464025  1.86088812
  1.87704372  1.89330077  1.90958869  1.92602825  1.94231153  1.95888138
  1.97573793  1.99290109  2.00997305  2.02718639  2.04490805  2.06254458
  2.07996416  2.09785676  2.11587858  2.13431215  2.15276694  2.17137122
  2.19077826  2.20972967  2.22922015  2.24877095  2.26917553  2.28934145
  2.31002951  2.33122063  2.35257292  2.37469268  2.3973639  2.42056966
  2.44426179  2.46856833  2.49389505  2.52007151  2.54765511  2.57700014
  2.60965872  2.64667559  2.68919754  2.73767614  2.79157209  2.85130095
  2.91843653  2.99336743  3.07831335  3.17476511  3.28713322  3.42184663
  3.57965899  3.77473903  4.02718973  4.36364126  4.87709665  5.82846355
  34.6666489
 do regularised spline fit for input variable # 6
 build map for variable # 6
 warning: map is empty for variable 6
 ------------------------------
 Transdef: Tab for variable  7    1.50156903  1.99424219  2.08023214
  2.15380836  2.21823502  2.27655363  2.32969904  2.37851048  2.42444253
  2.4663868  2.50626278  2.54301643  2.57729864  2.60955048  2.63930035
  2.66704035  2.69408321  2.72065926  2.74657202  2.77199888  2.79760742
  2.82303977  2.84843302  2.87413311  2.89990664  2.92589545  2.9520154
  2.97793031  3.003824  3.02987981  3.05620003  3.08275819  3.10961819
  3.13684106  3.16407204  3.19192195  3.21961808  3.24830341  3.27724075
  3.30630207  3.33575487  3.36534882  3.39540672  3.4265027  3.45720434
  3.48889399  3.52151704  3.55454302  3.58757687  3.62180853  3.65591908
  3.69112921  3.72628689  3.76178908  3.79905844  3.83659744  3.87501764
  3.9143281  3.95512366  3.99616575  4.03822899  4.08249903  4.12624645
  4.17207909  4.21841431  4.26639748  4.31479979  4.36520147  4.41724205
  4.46985912  4.52511406  4.58144999  4.64054728  4.70098829  4.76587677
  4.83144569  4.89954901  4.97256184  5.04874849  5.12855101  5.21228218
  5.30101299  5.3981657  5.50002861  5.6085062  5.72632313  5.85274029
  5.99485493  6.15542412  6.32990551  6.52580118  6.75147438  7.00908279
  7.30552387  7.6652956  8.10787201  8.67226791  9.43075752  10.5537281
  12.7403107  126.420212
 do regularised spline fit for input variable # 7
 build map for variable # 7
 warning: map is empty for variable 7
 ------------------------------
 Transdef: Tab for variable  8    10.0000305  10.2931404  10.5932903
  10.8905449  11.1930304  11.503335  11.81318  12.1247253  12.4397202
  12.7657852  13.0928602  13.4224548  13.7619896  14.1083794  14.4617996
  14.816885  15.1794853  15.5464296  15.9188499  16.3014259  16.6897697
  17.0821609  17.4907112  17.9003906  18.3303566  18.7656288  19.2067699
  19.6716194  20.136919  20.6127052  21.0966244  21.6017895  22.113266
  22.6411934  23.1737804  23.7249146  24.2881126  24.8587589  25.4605942
  26.0396748  26.6571999  27.2904453  27.9358253  28.5966835  29.27141
  29.9547958  30.6778488  31.4118805  32.1585083  32.9418907  33.7513695
  34.5591583  35.3864479  36.258091  37.1316109  38.0505981  38.9835434
  39.9536362  40.9241486  41.9413223  42.9852562  44.0701294  45.1844673
  46.3519287  47.5453415  48.7682266  50.0342255  51.3483009  52.7176437
  54.1686707  55.638649  57.1754341  58.7685242  60.4121056  62.1395111
  63.9195709  65.7995987  67.7746277  69.8275223  71.9627075  74.21595
  76.5406036  79.0437622  81.7309875  84.534729  87.5354156  90.7703476
  94.2491226  98.0074615  102.05278  106.549698  111.537903  117.072845
  123.310715  130.598267  139.334595  149.929352  163.820358  183.726181
  219.420135  3009.41846
 do regularised spline fit for input variable # 8
 build map for variable # 8
 warning: map is empty for variable 8
 ------------------------------
 Transdef: Tab for variable  9    10.0000095  10.2987146  10.59799  10.8938398
  11.19946  11.5045547  11.8106508  12.1205006  12.4337606  12.7587147
  13.0906553  13.4221153  13.7593498  14.1073151  14.4568806  14.8088503
  15.1689644  15.5387402  15.912015  16.2950249  16.6853065  17.0756245
  17.4794235  17.893755  18.3227463  18.7565804  19.1965752  19.65131
  20.1047859  20.5735855  21.0478306  21.5394402  22.0505333  22.5559902
  23.0886154  23.6331654  24.1774387  24.7468395  25.3493099  25.940321
  26.5575714  27.1779747  27.8075352  28.4667206  29.1494255  29.8432465
  30.5379753  31.265831  32.0099182  32.7649689  33.5685654  34.3561783
  35.1798706  36.038063  36.8960114  37.7665405  38.6888847  39.6414604
  40.6093903  41.5877304  42.6122971  43.6568604  44.7687302  45.9209557
  47.1045609  48.3256378  49.565033  50.8618088  52.2439499  53.6647148
  55.121666  56.6155815  58.2068253  59.8191299  61.5454597  63.3019257
  65.1419296  67.0623932  69.0699768  71.170845  73.4009857  75.6967926
  78.184021  80.784668  83.575882  86.5962067  89.8058777  93.1854324
  96.8468933  100.863602  105.292465  110.233955  115.697098  121.891678
  129.067566  137.580383  147.949799  161.893494  181.693329  217.042877
  1133.23022
 do regularised spline fit for input variable # 9
 build map for variable # 9
 warning: map is empty for variable 9
 ------------------------------
 Transdef: Tab for variable  10    3.38415342E-12  0.000282733585
  0.00112458819  0.00251947902  0.00445513567  0.00693309493  0.0099208951
  0.0135118281  0.0177269951  0.0223744269  0.0276195388  0.0334060267
  0.0397297032  0.046703238  0.0543626845  0.0625478551  0.0713912249
  0.0808623582  0.0908679664  0.101319239  0.112672448  0.124664083
  0.137137532  0.150479347  0.164312303  0.178893149  0.194093049  0.209897459
  0.226400435  0.243581921  0.261640787  0.280563921  0.300258934  0.320756316
  0.341690898  0.364019811  0.38718611  0.411317229  0.436239839  0.461432397
  0.487984419  0.515400112  0.543962955  0.574071169  0.605325699  0.63777101
  0.670731902  0.704720974  0.741224885  0.778333008  0.817280531  0.856399059
  0.8981359  0.941115856  0.98546052  1.03236127  1.07998717  1.12996459
  1.18176043  1.23610353  1.29278731  1.3518939  1.4125911  1.47613144
  1.54343402  1.6128701  1.68494904  1.76037252  1.83852077  1.92080677
  2.00921822  2.09963083  2.19654131  2.29807901  2.40395951  2.51364565
  2.63135242  2.75651693  2.88894463  3.03199959  3.18537903  3.34976864
  3.52341223  3.71190977  3.91505837  4.13725471  4.38217926  4.65022612
  4.95169353  5.28165054  5.64960861  6.06702852  6.56206512  7.13750553
  7.82591248  8.66059113  9.71693039  11.1221695  13.1050425  16.2539597
  24.9987087
 do regularised spline fit for input variable # 10
 build map for variable # 10
 warning: map is empty for variable 10
 ------------------------------
 Transdef: Tab for variable  11    0.00743769063  0.0115492251  0.0118634617
  0.0120786065  0.0122482888  0.01239614  0.0125240656  0.0126407063
  0.0127480738  0.0128482692  0.0129452441  0.013036225  0.0131238718
  0.0132085998  0.0132891107  0.0133673064  0.0134427007  0.0135176294
  0.0135890264  0.0136604607  0.0137309171  0.0138005484  0.0138676576
  0.0139365308  0.0140055567  0.0140732676  0.0141403032  0.0142063219
  0.0142731955  0.0143394452  0.0144064743  0.014473496  0.0145406956
  0.0146087464  0.0146761928  0.0147433821  0.0148107838  0.0148797408
  0.0149487201  0.0150187537  0.0150878448  0.0151599739  0.0152321123
  0.0153046437  0.0153782088  0.0154548455  0.0155302063  0.0156079894
  0.0156865269  0.0157663934  0.015846394  0.0159306843  0.0160153806
  0.0161016304  0.0161916278  0.0162805095  0.0163737014  0.0164667815
  0.0165640712  0.0166624933  0.0167619511  0.0168661401  0.0169750601
  0.0170863681  0.017202137  0.0173210017  0.0174436755  0.017572403
  0.0177038722  0.0178422909  0.0179876424  0.0181368366  0.0182941407
  0.0184594337  0.0186356716  0.018815767  0.0190100558  0.0192123
  0.0194217451  0.0196510125  0.0198936928  0.0201544203  0.0204365794
  0.020741377  0.0210726149  0.0214436166  0.0218426473  0.0222824514
  0.0227790698  0.0233238712  0.0239414275  0.0246171597  0.0253745317
  0.0262170974  0.0271643419  0.028266903  0.0295946561  0.0314019844
  0.0339140967  0.0380133577  0.363816142
 do regularised spline fit for input variable # 11
 build map for variable # 11
 warning: map is empty for variable 11
 ------------------------------
 Transdef: Tab for variable  12    19.4087296  25.4377613  27.6059151
  29.2971878  30.7556133  32.1059647  33.3479424  34.5459137  35.7015762
  36.8063431  37.8613052  38.9173622  39.9556122  40.9686661  41.9684029
  42.9560699  43.9272766  44.9040947  45.8790207  46.8373032  47.8035049
  48.7863083  49.7773933  50.7604218  51.7290878  52.7013855  53.6818695
  54.6536789  55.656414  56.6663055  57.671463  58.6978226  59.7269745
  60.7609024  61.8080521  62.8637695  63.94981  65.0307465  66.127121
  67.2239838  68.3466339  69.5037231  70.6646423  71.8328552  73.0204468
  74.2419434  75.4799194  76.7160873  77.9661789  79.2500839  80.5688477
  81.89711  83.2555084  84.6536102  86.0647507  87.5108948  88.9666595
  90.4742813  92.0347519  93.5868378  95.1812592  96.8300934  98.4956512
  100.217842  101.97995  103.764084  105.602112  107.490501  109.465897
  111.492302  113.526764  115.676163  117.864151  120.137756  122.469551
  124.875664  127.40892  130.037018  132.796509  135.673203  138.72287
  141.859222  145.227676  148.75415  152.41449  156.356659  160.491211
  164.954987  169.765442  175.091415  180.841064  187.315277  194.434296
  202.697754  212.189056  223.326385  237.155121  254.855377  280.527893
  323.637421  2954.40723
 do regularised spline fit for input variable # 12
 build map for variable # 12
 warning: map is empty for variable 12
 ------------------------------
 Transdef: Tab for variable  13    5.02329556E-08  0.000415576418
  0.000829821744  0.00124693313  0.00165741425  0.00207269029  0.00248174276
  0.00289657572  0.00330750155  0.00372295454  0.00414021919  0.00455017295
  0.00496787252  0.00538918748  0.00581192505  0.0062372135  0.0066608456
  0.00709421607  0.007527282  0.00796275958  0.0084014982  0.00884393044
  0.00928677619  0.00973718148  0.0101825334  0.0106316637  0.0110858884
  0.0115455147  0.0120078847  0.0124635035  0.0129298288  0.0133995749
  0.0138721168  0.0143584283  0.0148535892  0.015349335  0.0158485621
  0.016358465  0.0168736745  0.0173968896  0.0179317743  0.018461369
  0.0190002769  0.0195506364  0.0201080963  0.0206740201  0.0212466232
  0.0218265541  0.0224218722  0.0230241567  0.0236327983  0.0242545418
  0.0248871334  0.0255328603  0.0262046698  0.026880037  0.0275605377
  0.0282498542  0.0289692767  0.0297174975  0.0304708146  0.0312537551
  0.032048706  0.0328597128  0.033698678  0.034546148  0.0354047567
  0.0363013968  0.0372410752  0.0382090211  0.0391925424  0.0402108505
  0.0412777513  0.0423656814  0.0434994996  0.0446655452  0.0458989963
  0.0471796021  0.048489742  0.0498493016  0.051297918  0.0528078526
  0.0543856025  0.055998899  0.0576835684  0.0594575182  0.0613515414
  0.0633271635  0.0653871596  0.0675362274  0.0697773993  0.0721266419
  0.0746091753  0.0772514492  0.0800085068  0.0828687549  0.085852094
  0.0891013518  0.0925650224  0.0961344987  0.0999999344
 do regularised spline fit for input variable # 13
 build map for variable # 13
 warning: map is empty for variable 13
 ------------------------------
 Transdef: Tab for variable  14    0.142102748  0.519136071  0.570073247
  0.603694797  0.629985571  0.651470184  0.670458734  0.686659694  0.702017486
  0.716109514  0.729187608  0.741616666  0.752890468  0.763873816  0.774634004
  0.784817874  0.794773877  0.80442214  0.813703775  0.822921515  0.831615746
  0.840259314  0.848707199  0.857085824  0.865117669  0.873148561  0.88124305
  0.889174223  0.896773875  0.904379725  0.912007928  0.919665694  0.927294493
  0.934858441  0.942365527  0.949806869  0.957283735  0.964854836  0.972287178
  0.979751348  0.987293839  0.99474442  1.00227261  1.00986409  1.01742339
  1.02512622  1.03270328  1.0405128  1.04845619  1.05642319  1.06440568
  1.07262087  1.08086252  1.08906758  1.09748292  1.10622001  1.11495233
  1.12401557  1.1329813  1.14208961  1.15131402  1.16108406  1.17088962
  1.18128991  1.19188142  1.20264864  1.21358252  1.2248615  1.23687387
  1.24936199  1.2621038  1.2754662  1.28908491  1.30381775  1.31974816
  1.33635831  1.35411477  1.37282515  1.39316225  1.41462636  1.43838525
  1.46495056  1.49406123  1.52658486  1.56329954  1.60552633  1.65592086
  1.71631312  1.79009366  1.88136137  1.99600148  2.14356685  2.33227396
  2.55738139  2.82716513  3.1425643  3.48584175  3.8429327  4.21601868
  4.60012627  4.99995947
 do regularised spline fit for input variable # 14
 build map for variable # 14
 warning: map is empty for variable 14
 ------------------------------
 Transdef: Tab for variable  15    0.129531115  0.520613551  0.572010517
  0.605002999  0.630808473  0.652298689  0.670890152  0.687441826  0.70262295
  0.7166605  0.729556203  0.741816401  0.753426373  0.764683127  0.775344431
  0.785585642  0.795523107  0.804735541  0.814213276  0.823185086  0.831870794
  0.840492487  0.848981977  0.857317209  0.865620792  0.873659849  0.881666064
  0.889469266  0.897236705  0.904927909  0.912579715  0.920231581  0.927806616
  0.935518384  0.943076253  0.950685143  0.958160043  0.965603411  0.973191738
  0.980548739  0.988178074  0.995800972  1.00337267  1.01100421  1.01862586
  1.02626348  1.03398752  1.04173839  1.04962373  1.05763841  1.06556833
  1.07365787  1.08194971  1.0904026  1.09881926  1.10734415  1.11600447
  1.12486207  1.13375604  1.14299309  1.15247726  1.16215277  1.17224622
  1.18232834  1.19286847  1.20363379  1.21485758  1.22617376  1.2381916
  1.25062203  1.26345897  1.27716064  1.29131579  1.30635989  1.32187283
  1.33816338  1.35562027  1.37454438  1.39458561  1.41658807  1.44032669
  1.46656489  1.49558973  1.52843702  1.56575525  1.60870361  1.6581949
  1.71798873  1.79180264  1.88182616  1.9965744  2.14149404  2.32384109
  2.5487504  2.82411575  3.14118528  3.48486233  3.84548807  4.21660995
  4.59751511  4.99996853
 do regularised spline fit for input variable # 15
 build map for variable # 15
 warning: map is empty for variable 15
 ------------------------------
 Transdef: Tab for variable  16    3.21376348E-07  0.00760889892  0.0152924843
  0.0230381675  0.0306898542  0.0383430012  0.0460027196  0.0536233336
  0.0612316541  0.0687741786  0.0763916597  0.0841424316  0.0918294787
  0.0996271148  0.107410371  0.11515674  0.122921251  0.130767524  0.138628334
  0.146350294  0.154082745  0.161727592  0.169650763  0.177437946  0.185221612
  0.192985982  0.200708658  0.208569884  0.216375187  0.224184573  0.232050627
  0.239992872  0.247843578  0.25576371  0.263562739  0.271502227  0.279401511
  0.287448645  0.295441866  0.303353399  0.311395824  0.319437891  0.32748729
  0.335421294  0.343496919  0.351509929  0.359547138  0.367821753  0.375988722
  0.384183943  0.392411828  0.400577068  0.408812702  0.416988611  0.425332487
  0.433530867  0.441809207  0.450076759  0.458386898  0.466668487  0.474873215
  0.483199954  0.491596818  0.500084996  0.508355319  0.516611576  0.524987161
  0.533455014  0.541962147  0.550590158  0.559071183  0.567596912  0.576164484
  0.584680319  0.593361974  0.602172732  0.61096549  0.619667768  0.628496766
  0.637336016  0.646057367  0.654975474  0.663833559  0.672900915  0.682195544
  0.691353738  0.700937212  0.710605681  0.720600367  0.731039882  0.741741359
  0.752634525  0.763985991  0.775720656  0.787998855  0.801048338  0.81501174
  0.830159843  0.847559094  0.870505631  0.982612491
 do regularised spline fit for input variable # 16
 build map for variable # 16
 warning: map is empty for variable 16
 ------------------------------
 Transdef: Tab for variable  17    0.00375784328  0.325329781  0.465211451
  0.574806213  0.667730689  0.748778462  0.825972795  0.896715403  0.963867903
  1.03004861  1.09326148  1.15303123  1.21106958  1.26936197  1.32598281
  1.38124812  1.43685567  1.49155188  1.54449224  1.59704041  1.65028524
  1.70309997  1.75610375  1.80875492  1.86206031  1.91594982  1.96832037
  2.02062058  2.07324314  2.12570143  2.17878962  2.23205805  2.28470898
  2.33815956  2.39169359  2.4453423  2.49951839  2.55428982  2.60909057
  2.66436458  2.71976948  2.77649784  2.83276224  2.88957405  2.94762373
  3.00572395  3.06531572  3.1245389  3.18488765  3.24687481  3.30791306
  3.37037587  3.43342543  3.49697661  3.56054211  3.62659478  3.69213867
  3.75753069  3.82571363  3.89573717  3.96804547  4.04007721  4.11593723
  4.19194698  4.26915169  4.34959221  4.43333292  4.51871777  4.60601377
  4.69890499  4.79209137  4.88799095  4.98818398  5.09319115  5.20368385
  5.31828976  5.43810034  5.56311703  5.69217873  5.83085918  5.97809887
  6.13367701  6.3005228  6.47500324  6.66090679  6.85817146  7.0758853
  7.30930853  7.56132126  7.8382535  8.14327621  8.48712063  8.87477112
  9.31063652  9.82712269  10.4544029  11.2235661  12.2621498  13.7872133
  16.6024017  123.712173
 do regularised spline fit for input variable # 17
 build map for variable # 17
 warning: map is empty for variable 17
  
  
  
 COVARIANCE MATRIX (IN PERCENT)
  
 0    1.0    2.0    3.0    4.0    5.0    6.0    7.0    8.0    9.0   10.0   11.0   12.0   13.0   14.0   15.0   16.0   17.0
 0    1.0    1.0    1.0    1.0    1.0    1.0    1.0    1.0    1.0    1.0    1.0    1.0    1.0    1.0    1.0    1.0    1.0
  
 1  100.0   24.6   25.1   37.4   35.6   42.8   30.0   10.4   10.0   23.1   11.8    6.2   32.0   28.1   28.1   22.3   30.3
 2   24.6  100.0    6.8   12.6    7.0   10.0    0.2    2.2    2.9   13.3    1.2    2.3   13.7   -1.5    5.6    4.9    3.2
 3   25.1    6.8  100.0    6.3    9.5   10.0    0.1    2.6    1.3   13.8    1.2    2.3   14.1    5.6   -1.5    4.8    3.1
 4   37.4   12.6    6.3  100.0   21.2   13.9    3.9    5.1    5.5    7.6   19.8   15.1   14.3   17.8   16.3   18.1    0.0
 5   35.6    7.0    9.5   21.2  100.0   13.1    3.4    5.9   -1.1    7.2   19.4   16.0   13.9   15.6   18.9   17.5   -0.3
 6   42.8   10.0   10.0   13.9   13.1  100.0   24.0   12.1   12.5    3.9    5.9    7.2   21.5   11.6   11.9   30.4   47.4
 7   30.0    0.2    0.1    3.9    3.4   24.0  100.0   14.0   15.6   -1.5   -2.0   12.9   15.0    7.6    7.2   18.6   72.9
 8   10.4    2.2    2.6    5.1    5.9   12.1   14.0  100.0   -6.4    0.2   15.5  -10.4    4.8    2.6    1.6   34.0    8.0
 9   10.0    2.9    1.3    5.5   -1.1   12.5   15.6   -6.4  100.0    0.6    9.9   -9.2    4.4    1.2    2.4   30.9    9.9
10   23.1   13.3   13.8    7.6    7.2    3.9   -1.5    0.2    0.6  100.0   -0.6   -0.5   83.5   11.1   11.0    1.1    1.4
11   11.8    1.2    1.2   19.8   19.4    5.9   -2.0   15.5    9.9   -0.6  100.0  -19.4   10.3   10.3   10.4   19.7   -6.2
12    6.2    2.3    2.3   15.1   16.0    7.2   12.9  -10.4   -9.2   -0.5  -19.4  100.0    2.4    1.5    1.5   23.4    2.6
13   32.0   13.7   14.1   14.3   13.9   21.5   15.0    4.8    4.4   83.5   10.3    2.4  100.0   13.9   14.0    9.5   16.3
14   28.1   -1.5    5.6   17.8   15.6   11.6    7.6    2.6    1.2   11.1   10.3    1.5   13.9  100.0   15.4    5.9    8.0
15   28.1    5.6   -1.5   16.3   18.9   11.9    7.2    1.6    2.4   11.0   10.4    1.5   14.0   15.4  100.0    6.0    7.9
16   22.3    4.9    4.8   18.1   17.5   30.4   18.6   34.0   30.9    1.1   19.7   23.4    9.5    5.9    6.0  100.0   -2.2
17   30.3    3.2    3.1    0.0   -0.3   47.4   72.9    8.0    9.9    1.4   -6.2    2.6   16.3    8.0    7.9   -2.2  100.0
 TOTAL CORRELATION TO TARGET (diagonal)  107.592257
 TOTAL CORRELATION OF ALL VARIABLES   70.6863597
 ROUND 1: MAX CORR (  70.6859537)  AFTER KILLING INPUT VARIABLE 8 CONTR  0.239567109
 ROUND 2: MAX CORR (  70.6847276)  AFTER KILLING INPUT VARIABLE 17 CONTR  0.416336796
 ROUND 3: MAX CORR (  70.68342)  AFTER KILLING INPUT VARIABLE 9 CONTR  0.429948725
 ROUND 4: MAX CORR (  70.6792966)  AFTER KILLING INPUT VARIABLE 13 CONTR  0.763470102
 ROUND 5: MAX CORR (  70.6558278)  AFTER KILLING INPUT VARIABLE 16 CONTR  1.82125693
 ROUND 6: MAX CORR (  70.639195)  AFTER KILLING INPUT VARIABLE 11 CONTR  1.53301315
 ROUND 7: MAX CORR (  70.4037576)  AFTER KILLING INPUT VARIABLE 12 CONTR  5.76253285
 ROUND 8: MAX CORR (  69.3683114)  AFTER KILLING INPUT VARIABLE 15 CONTR  12.030231
 ROUND 9: MAX CORR (  68.1093931)  AFTER KILLING INPUT VARIABLE 10 CONTR  13.1557288
 ROUND 10: MAX CORR (  66.4616648)  AFTER KILLING INPUT VARIABLE 14 CONTR  14.8908205
 ROUND 11: MAX CORR (  64.5919953)  AFTER KILLING INPUT VARIABLE 2 CONTR  15.6533393
 ROUND 12: MAX CORR (  62.0056756)  AFTER KILLING INPUT VARIABLE 3 CONTR  18.0948073
 ROUND 13: MAX CORR (  58.6446923)  AFTER KILLING INPUT VARIABLE 7 CONTR  20.1371268
 ROUND 14: MAX CORR (  53.2957827)  AFTER KILLING INPUT VARIABLE 5 CONTR  24.4695623
 ROUND 15: MAX CORR (  42.8309846)  AFTER KILLING INPUT VARIABLE 4 CONTR  31.7166708
 LAST REMAINING VARIABLE:  6
 total correlation to target:  70.6863597 %
 total significance:  706.863597 sigma
 correlations of single variables to target:
 variable 2:  24.6121657 %  ,  in sigma:  246.121657
 variable 3:  25.1208617 %  ,  in sigma:  251.208617
 variable 4:  37.3745051 %  ,  in sigma:  373.745051
 variable 5:  35.5992034 %  ,  in sigma:  355.992034
 variable 6:  42.8309846 %  ,  in sigma:  428.309846
 variable 7:  30.0332877 %  ,  in sigma:  300.332877
 variable 8:  10.3884325 %  ,  in sigma:  103.884325
 variable 9:  10.0491686 %  ,  in sigma:  100.491686
 variable 10:  23.0609257 %  ,  in sigma:  230.609257
 variable 11:  11.848373 %  ,  in sigma:  118.48373
 variable 12:  6.18999529 %  ,  in sigma:  61.8999529
 variable 13:  32.0455691 %  ,  in sigma:  320.455691
 variable 14:  28.0701812 %  ,  in sigma:  280.701812
 variable 15:  28.0812692 %  ,  in sigma:  280.812692
 variable 16:  22.3469675 %  ,  in sigma:  223.469675
 variable 17:  30.272415 %  ,  in sigma:  302.72415
 variables sorted by significance:
 1 most relevant variable 6 corr  42.830986 , in sigma:  428.30986
 2 most relevant variable 4 corr  31.716671 , in sigma:  317.16671
 3 most relevant variable 5 corr  24.4695625 , in sigma:  244.695625
 4 most relevant variable 7 corr  20.1371269 , in sigma:  201.371269
 5 most relevant variable 3 corr  18.0948067 , in sigma:  180.948067
 6 most relevant variable 2 corr  15.6533394 , in sigma:  156.533394
 7 most relevant variable 14 corr  14.8908205 , in sigma:  148.908205
 8 most relevant variable 10 corr  13.1557283 , in sigma:  131.557283
 9 most relevant variable 15 corr  12.0302315 , in sigma:  120.302315
 10 most relevant variable 12 corr  5.76253271 , in sigma:  57.6253271
 11 most relevant variable 11 corr  1.53301311 , in sigma:  15.3301311
 12 most relevant variable 16 corr  1.82125688 , in sigma:  18.2125688
 13 most relevant variable 13 corr  0.763470113 , in sigma:  7.63470113
 14 most relevant variable 9 corr  0.429948717 , in sigma:  4.29948717
 15 most relevant variable 17 corr  0.416336805 , in sigma:  4.16336805
 16 most relevant variable 8 corr  0.239567116 , in sigma:  2.39567116
 global correlations between input variables:
 variable 2:  21.2468281 %
 variable 3:  20.1139276 %
 variable 4:  38.7415913 %
 variable 5:  38.533042 %
 variable 6:  66.319464 %
 variable 7:  79.5732141 %
 variable 8:  46.7453115 %
 variable 9:  44.3450883 %
 variable 10:  86.1354393 %
 variable 11:  44.5979395 %
 variable 12:  48.6147105 %
 variable 13:  87.0560494 %
 variable 14:  28.221111 %
 variable 15:  28.9520413 %
 variable 16:  68.3659146 %
 variable 17:  83.4290812 %
 significance loss when removing single variables:
 variable 2: corr =  14.3917325 %  ,  sigma =  143.917325
 variable 3: corr =  15.7980624 %  ,  sigma =  157.980624
 variable 4: corr =  20.0105684 %  ,  sigma =  200.105684
 variable 5: corr =  18.771004 %  ,  sigma =  187.71004
 variable 6: corr =  19.4994116 %  ,  sigma =  194.994116
 variable 7: corr =  13.1897472 %  ,  sigma =  131.897472
 variable 8: corr =  0.239567109 %  ,  sigma =  2.39567109
 variable 9: corr =  0.371794306 %  ,  sigma =  3.71794306
 variable 10: corr =  6.88427524 %  ,  sigma =  68.8427524
 variable 11: corr =  1.72543526 %  ,  sigma =  17.2543526
 variable 12: corr =  5.93416627 %  ,  sigma =  59.3416627
 variable 13: corr =  0.767118745 %  ,  sigma =  7.67118745
 variable 14: corr =  12.2044779 %  ,  sigma =  122.044779
 variable 15: corr =  11.9075599 %  ,  sigma =  119.075599
 variable 16: corr =  1.31098177 %  ,  sigma =  13.1098177
 variable 17: corr =  0.400969088 %  ,  sigma =  4.00969088
 Keep only 15 most significant input variables
 NVar:   16. 2103
 -------------------------------------
 Teacher: actual network topology:
 Nodes(1)     =  16
 Nodes(2)     =  16
 Nodes(3)     =  1
 -------------------------------------
  
 ---------------------------------------------------
  
 Iteration :  1
 SIGNIFICANCE OF OUTPUTS IN LAYER 1
 RANK 1 NODE 5 -->  285.196259 sigma out 16 active outputs
 RANK 2 NODE 7 -->  151.372314 sigma out 16 active outputs
 RANK 3 NODE 13 -->  130.863602 sigma out 16 active outputs
 RANK 4 NODE 14 -->  119.091759 sigma out 16 active outputs
 RANK 5 NODE 16 -->  106.616234 sigma out 16 active outputs
 RANK 6 NODE 9 -->  104.036949 sigma out 16 active outputs
 RANK 7 NODE 6 -->  95.5353012 sigma out 16 active outputs
 RANK 8 NODE 1 -->  93.1666107 sigma out 16 active outputs
 RANK 9 NODE 3 -->  91.3698196 sigma out 16 active outputs
 RANK 10 NODE 10 -->  85.1981583 sigma out 16 active outputs
 RANK 11 NODE 2 -->  79.5233612 sigma out 16 active outputs
 RANK 12 NODE 15 -->  79.3328934 sigma out 16 active outputs
 RANK 13 NODE 4 -->  75.7487564 sigma out 16 active outputs
 RANK 14 NODE 12 -->  69.8067245 sigma out 16 active outputs
 RANK 15 NODE 8 -->  50.0224457 sigma out 16 active outputs
 RANK 16 NODE 11 -->  47.4574623 sigma out 16 active outputs
 SIGNIFICANCE OF INPUTS TO LAYER 2 
     sorted by input significance 
 RANK 1 NODE 9 -->  305.252594 sigma in 16act. (  316.166565 sig out 1act.)
 RANK 2 NODE 4 -->  228.283661 sigma in 16act. (  270.262085 sig out 1act.)
 RANK 3 NODE 3 -->  126.057701 sigma in 16act. (  157.594299 sig out 1act.)
 RANK 4 NODE 13 -->  118.538513 sigma in 16act. (  147.515778 sig out 1act.)
 RANK 5 NODE 16 -->  115.595772 sigma in 16act. (  152.083679 sig out 1act.)
 RANK 6 NODE 2 -->  87.0702972 sigma in 16act. (  110.260765 sig out 1act.)
 RANK 7 NODE 5 -->  71.3980331 sigma in 16act. (  85.1297302 sig out 1act.)
 RANK 8 NODE 8 -->  64.6807861 sigma in 16act. (  82.8061523 sig out 1act.)
 RANK 9 NODE 15 -->  54.330101 sigma in 16act. (  68.0596771 sig out 1act.)
 RANK 10 NODE 11 -->  54.1765594 sigma in 16act. (  71.9328003 sig out 1act.)
 RANK 11 NODE 14 -->  49.6514053 sigma in 16act. (  65.361557 sig out 1act.)
 RANK 12 NODE 10 -->  43.9172363 sigma in 16act. (  35.382679 sig out 1act.)
 RANK 13 NODE 1 -->  34.6492157 sigma in 16act. (  16.8892841 sig out 1act.)
 RANK 14 NODE 7 -->  29.5977459 sigma in 16act. (  27.3600903 sig out 1act.)
 RANK 15 NODE 12 -->  26.5619488 sigma in 16act. (  0.607077241 sig out 1act.)
 RANK 16 NODE 6 -->  24.9819717 sigma in 16act. (  13.4012794 sig out 1act.)
     sorted by output significance 
 RANK 1 NODE 9 -->  316.166565 sigma out 1act.(  305.252594 sig in 16act.)
 RANK 2 NODE 4 -->  270.262085 sigma out 1act.(  228.283661 sig in 16act.)
 RANK 3 NODE 3 -->  157.594299 sigma out 1act.(  126.057701 sig in 16act.)
 RANK 4 NODE 16 -->  152.083679 sigma out 1act.(  115.595772 sig in 16act.)
 RANK 5 NODE 13 -->  147.515778 sigma out 1act.(  118.538513 sig in 16act.)
 RANK 6 NODE 2 -->  110.260765 sigma out 1act.(  87.0702972 sig in 16act.)
 RANK 7 NODE 5 -->  85.1297302 sigma out 1act.(  71.3980331 sig in 16act.)
 RANK 8 NODE 8 -->  82.8061523 sigma out 1act.(  64.6807861 sig in 16act.)
 RANK 9 NODE 11 -->  71.9328003 sigma out 1act.(  54.1765594 sig in 16act.)
 RANK 10 NODE 15 -->  68.0596771 sigma out 1act.(  54.330101 sig in 16act.)
 RANK 11 NODE 14 -->  65.361557 sigma out 1act.(  49.6514053 sig in 16act.)
 RANK 12 NODE 10 -->  35.382679 sigma out 1act.(  43.9172363 sig in 16act.)
 RANK 13 NODE 7 -->  27.3600903 sigma out 1act.(  29.5977459 sig in 16act.)
 RANK 14 NODE 1 -->  16.8892841 sigma out 1act.(  34.6492157 sig in 16act.)
 RANK 15 NODE 6 -->  13.4012794 sigma out 1act.(  24.9819717 sig in 16act.)
 RANK 16 NODE 12 -->  0.607077241 sigma out 1act.(  26.5619488 sig in 16act.)
 SIGNIFICANCE OF INPUTS TO LAYER 3 
 RANK  1 NODE 1 -->  534.354675 sigma in 16 active inputs
 SIGNIFICANCE OF OUTPUTS IN LAYER 1
 RANK 1 NODE 5 -->  325.521149 sigma out 16 active outputs
 RANK 2 NODE 7 -->  174.349823 sigma out 16 active outputs
 RANK 3 NODE 13 -->  159.98558 sigma out 16 active outputs
 RANK 4 NODE 14 -->  139.137253 sigma out 16 active outputs
 RANK 5 NODE 16 -->  128.239807 sigma out 16 active outputs
 RANK 6 NODE 9 -->  121.546349 sigma out 16 active outputs
 RANK 7 NODE 1 -->  115.125877 sigma out 16 active outputs
 RANK 8 NODE 6 -->  111.766472 sigma out 16 active outputs
 RANK 9 NODE 3 -->  104.750168 sigma out 16 active outputs
 RANK 10 NODE 10 -->  97.2546844 sigma out 16 active outputs
 RANK 11 NODE 2 -->  93.3959274 sigma out 16 active outputs
 RANK 12 NODE 15 -->  92.8809357 sigma out 16 active outputs
 RANK 13 NODE 4 -->  90.0609131 sigma out 16 active outputs
 RANK 14 NODE 12 -->  81.7339478 sigma out 16 active outputs
 RANK 15 NODE 8 -->  57.0217896 sigma out 16 active outputs
 RANK 16 NODE 11 -->  46.7405434 sigma out 16 active outputs
 SIGNIFICANCE OF INPUTS TO LAYER 2 
     sorted by input significance 
 RANK 1 NODE 9 -->  355.118073 sigma in 16act. (  284.389557 sig out 1act.)
 RANK 2 NODE 4 -->  275.26297 sigma in 16act. (  234.351151 sig out 1act.)
 RANK 3 NODE 3 -->  153.200745 sigma in 16act. (  138.035995 sig out 1act.)
 RANK 4 NODE 16 -->  134.985596 sigma in 16act. (  133.993088 sig out 1act.)
 RANK 5 NODE 13 -->  132.523605 sigma in 16act. (  128.94812 sig out 1act.)
 RANK 6 NODE 2 -->  102.660271 sigma in 16act. (  98.9718704 sig out 1act.)
 RANK 7 NODE 5 -->  85.1812057 sigma in 16act. (  74.1411285 sig out 1act.)
 RANK 8 NODE 8 -->  68.8905182 sigma in 16act. (  74.9797668 sig out 1act.)
 RANK 9 NODE 11 -->  61.8474541 sigma in 16act. (  61.4708328 sig out 1act.)
 RANK 10 NODE 15 -->  58.920536 sigma in 16act. (  60.423008 sig out 1act.)
 RANK 11 NODE 14 -->  57.4236603 sigma in 16act. (  58.4022102 sig out 1act.)
 RANK 12 NODE 10 -->  29.9111729 sigma in 16act. (  31.7140312 sig out 1act.)
 RANK 13 NODE 7 -->  24.8389626 sigma in 16act. (  24.6234169 sig out 1act.)
 RANK 14 NODE 1 -->  16.4114609 sigma in 16act. (  14.8589792 sig out 1act.)
 RANK 15 NODE 6 -->  13.514039 sigma in 16act. (  12.0561514 sig out 1act.)
 RANK 16 NODE 12 -->  7.62261581 sigma in 16act. (  0.538366556 sig out 1act.)
     sorted by output significance 
 RANK 1 NODE 9 -->  284.389557 sigma out 1act.(  355.118073 sig in 16act.)
 RANK 2 NODE 4 -->  234.351151 sigma out 1act.(  275.26297 sig in 16act.)
 RANK 3 NODE 3 -->  138.035995 sigma out 1act.(  153.200745 sig in 16act.)
 RANK 4 NODE 16 -->  133.993088 sigma out 1act.(  134.985596 sig in 16act.)
 RANK 5 NODE 13 -->  128.94812 sigma out 1act.(  132.523605 sig in 16act.)
 RANK 6 NODE 2 -->  98.9718704 sigma out 1act.(  102.660271 sig in 16act.)
 RANK 7 NODE 8 -->  74.9797668 sigma out 1act.(  68.8905182 sig in 16act.)
 RANK 8 NODE 5 -->  74.1411285 sigma out 1act.(  85.1812057 sig in 16act.)
 RANK 9 NODE 11 -->  61.4708328 sigma out 1act.(  61.8474541 sig in 16act.)
 RANK 10 NODE 15 -->  60.423008 sigma out 1act.(  58.920536 sig in 16act.)
 RANK 11 NODE 14 -->  58.4022102 sigma out 1act.(  57.4236603 sig in 16act.)
 RANK 12 NODE 10 -->  31.7140312 sigma out 1act.(  29.9111729 sig in 16act.)
 RANK 13 NODE 7 -->  24.6234169 sigma out 1act.(  24.8389626 sig in 16act.)
 RANK 14 NODE 1 -->  14.8589792 sigma out 1act.(  16.4114609 sig in 16act.)
 RANK 15 NODE 6 -->  12.0561514 sigma out 1act.(  13.514039 sig in 16act.)
 RANK 16 NODE 12 -->  0.538366556 sigma out 1act.(  7.62261581 sig in 16act.)
 SIGNIFICANCE OF INPUTS TO LAYER 3 
 RANK  1 NODE 1 -->  472.405396 sigma in 16 active inputs
  ***********************************************
  *** Learn Path  1
  *** loss function: -0.310022116
  *** contribution from regularisation:  0.000431644003
  *** contribution from error: -0.310453773
  *** contribution from DIAG:  0.000607741822
  ***********************************************
  
 ---------------------------------------------------
  
 Iteration :  2
  ***********************************************
  *** Learn Path  2
  *** loss function: -0.342142373
  *** contribution from regularisation:  0.000490378123
  *** contribution from error: -0.342632741
  *** contribution from DIAG:  0.00010135959
  ***********************************************
  ENTER BFGS code START      -342141.003 -0.153848827  0.
  EXIT FROM BFGS code FG_START    0. -0.153848827  0.
  
 ---------------------------------------------------
  
 Iteration :  3
  ***********************************************
  *** Learn Path  3
  *** loss function: -0.34240517
  *** contribution from regularisation:  0.000476113404
  *** contribution from error: -0.342881292
  *** contribution from DIAG:  0.000133101668
  ***********************************************
  ENTER BFGS code FG_START   -342272.063 -0.153848827 -1830.13965
  EXIT FROM BFGS code FG_LNSRCH   0. -0.270875841  0.
  
 ---------------------------------------------------
  
 Iteration :  4
  ***********************************************
  *** Learn Path  4
  *** loss function: -0.331564188
  *** contribution from regularisation:  0.000523259107
  *** contribution from error: -0.332087457
  *** contribution from DIAG:  0.000620652223
  ***********************************************
  ENTER BFGS code FG_LNSRCH  -330943.534 -0.270875841 -2487.21924
  EXIT FROM BFGS code FG_LNSRCH   0. -0.193773508  0.
  
 ---------------------------------------------------
  
 Iteration :  5
  ***********************************************
  *** Learn Path  5
  *** loss function: -0.342753738
  *** contribution from regularisation:  0.000486860401
  *** contribution from error: -0.343240589
  *** contribution from DIAG:  0.000122352882
  ***********************************************
  ENTER BFGS code FG_LNSRCH  -342631.393 -0.193773508 -1486.53296
  EXIT FROM BFGS code NEW_X      -342631.393 -0.193773508 -1486.53296
  ENTER BFGS code NEW_X      -342631.393 -0.193773508 -1486.53296
  EXIT FROM BFGS code FG_LNSRCH   0. -0.199342176  0.
  
 ---------------------------------------------------
  
 Iteration :  6
  ***********************************************
  *** Learn Path  6
  *** loss function: -0.343629122
  *** contribution from regularisation:  0.000486252422
  *** contribution from error: -0.344115376
  *** contribution from DIAG:  0.000154644367
  ***********************************************
  ENTER BFGS code FG_LNSRCH  -343474.465 -0.199342176 -663.559387
  EXIT FROM BFGS code NEW_X      -343474.465 -0.199342176 -663.559387
  ENTER BFGS code NEW_X      -343474.465 -0.199342176 -663.559387
  EXIT FROM BFGS code FG_LNSRCH   0. -0.205923185  0.
  
 ---------------------------------------------------
  
 Iteration :  7
  ***********************************************
  *** Learn Path  7
  *** loss function: -0.34395647
  *** contribution from regularisation:  0.000486762234
  *** contribution from error: -0.344443232
  *** contribution from DIAG:  0.00019411961
  ***********************************************
  ENTER BFGS code FG_LNSRCH  -343762.34 -0.205923185 -1234.44983
  EXIT FROM BFGS code NEW_X      -343762.34 -0.205923185 -1234.44983
  ENTER BFGS code NEW_X      -343762.34 -0.205923185 -1234.44983
  EXIT FROM BFGS code FG_LNSRCH   0. -0.244411707  0.
  
 ---------------------------------------------------
  
 Iteration :  8
  ***********************************************
  *** Learn Path  8
  *** loss function: -0.344789475
  *** contribution from regularisation:  0.000493051659
  *** contribution from error: -0.345282525
  *** contribution from DIAG:  0.000186441976
  ***********************************************
  ENTER BFGS code FG_LNSRCH  -344603.02 -0.244411707 -125.588234
  EXIT FROM BFGS code NEW_X      -344603.02 -0.244411707 -125.588234
  ENTER BFGS code NEW_X      -344603.02 -0.244411707 -125.588234
  EXIT FROM BFGS code FG_LNSRCH   0. -0.340262175  0.
  
 ---------------------------------------------------
  
 Iteration :  9
  ***********************************************
  *** Learn Path  9
  *** loss function: -0.346182436
  *** contribution from regularisation:  0.000529159559
  *** contribution from error: -0.346711606
  *** contribution from DIAG:  0.000169904146
  ***********************************************
  ENTER BFGS code FG_LNSRCH  -346012.529 -0.340262175 -2284.36768
  EXIT FROM BFGS code NEW_X      -346012.529 -0.340262175 -2284.36768
  ENTER BFGS code NEW_X      -346012.529 -0.340262175 -2284.36768
  EXIT FROM BFGS code FG_LNSRCH   0. -0.418580383  0.
  
 ---------------------------------------------------
  
 Iteration :  10
 SIGNIFICANCE OF OUTPUTS IN LAYER 1
 RANK 1 NODE 5 -->  309.199585 sigma out 16 active outputs
 RANK 2 NODE 1 -->  226.551956 sigma out 16 active outputs
 RANK 3 NODE 13 -->  206.474625 sigma out 16 active outputs
 RANK 4 NODE 15 -->  195.611954 sigma out 16 active outputs
 RANK 5 NODE 7 -->  168.137543 sigma out 16 active outputs
 RANK 6 NODE 16 -->  166.175323 sigma out 16 active outputs
 RANK 7 NODE 14 -->  147.676788 sigma out 16 active outputs
 RANK 8 NODE 9 -->  129.12532 sigma out 16 active outputs
 RANK 9 NODE 12 -->  128.020538 sigma out 16 active outputs
 RANK 10 NODE 10 -->  127.02977 sigma out 16 active outputs
 RANK 11 NODE 3 -->  111.876419 sigma out 16 active outputs
 RANK 12 NODE 6 -->  104.072578 sigma out 16 active outputs
 RANK 13 NODE 2 -->  92.0432892 sigma out 16 active outputs
 RANK 14 NODE 4 -->  81.2029495 sigma out 16 active outputs
 RANK 15 NODE 8 -->  69.4182968 sigma out 16 active outputs
 RANK 16 NODE 11 -->  63.9345093 sigma out 16 active outputs
 SIGNIFICANCE OF INPUTS TO LAYER 2 
     sorted by input significance 
 RANK 1 NODE 9 -->  385.623596 sigma in 16act. (  366.612915 sig out 1act.)
 RANK 2 NODE 4 -->  326.276581 sigma in 16act. (  256.760132 sig out 1act.)
 RANK 3 NODE 3 -->  185.358429 sigma in 16act. (  172.934021 sig out 1act.)
 RANK 4 NODE 13 -->  164.207092 sigma in 16act. (  148.569809 sig out 1act.)
 RANK 5 NODE 16 -->  140.861343 sigma in 16act. (  127.426331 sig out 1act.)
 RANK 6 NODE 2 -->  133.707748 sigma in 16act. (  126.571754 sig out 1act.)
 RANK 7 NODE 8 -->  124.515152 sigma in 16act. (  128.264908 sig out 1act.)
 RANK 8 NODE 5 -->  90.7737579 sigma in 16act. (  83.0740356 sig out 1act.)
 RANK 9 NODE 14 -->  81.3157272 sigma in 16act. (  83.1324081 sig out 1act.)
 RANK 10 NODE 7 -->  76.0205002 sigma in 16act. (  78.6024704 sig out 1act.)
 RANK 11 NODE 11 -->  69.1283875 sigma in 16act. (  69.882515 sig out 1act.)
 RANK 12 NODE 10 -->  55.1669044 sigma in 16act. (  60.6969414 sig out 1act.)
 RANK 13 NODE 15 -->  51.6214447 sigma in 16act. (  52.7444687 sig out 1act.)
 RANK 14 NODE 12 -->  26.9810581 sigma in 16act. (  26.202507 sig out 1act.)
 RANK 15 NODE 1 -->  19.9283638 sigma in 16act. (  18.8999557 sig out 1act.)
 RANK 16 NODE 6 -->  9.34190941 sigma in 16act. (  6.48962259 sig out 1act.)
     sorted by output significance 
 RANK 1 NODE 9 -->  366.612915 sigma out 1act.(  385.623596 sig in 16act.)
 RANK 2 NODE 4 -->  256.760132 sigma out 1act.(  326.276581 sig in 16act.)
 RANK 3 NODE 3 -->  172.934021 sigma out 1act.(  185.358429 sig in 16act.)
 RANK 4 NODE 13 -->  148.569809 sigma out 1act.(  164.207092 sig in 16act.)
 RANK 5 NODE 8 -->  128.264908 sigma out 1act.(  124.515152 sig in 16act.)
 RANK 6 NODE 16 -->  127.426331 sigma out 1act.(  140.861343 sig in 16act.)
 RANK 7 NODE 2 -->  126.571754 sigma out 1act.(  133.707748 sig in 16act.)
 RANK 8 NODE 14 -->  83.1324081 sigma out 1act.(  81.3157272 sig in 16act.)
 RANK 9 NODE 5 -->  83.0740356 sigma out 1act.(  90.7737579 sig in 16act.)
 RANK 10 NODE 7 -->  78.6024704 sigma out 1act.(  76.0205002 sig in 16act.)
 RANK 11 NODE 11 -->  69.882515 sigma out 1act.(  69.1283875 sig in 16act.)
 RANK 12 NODE 10 -->  60.6969414 sigma out 1act.(  55.1669044 sig in 16act.)
 RANK 13 NODE 15 -->  52.7444687 sigma out 1act.(  51.6214447 sig in 16act.)
 RANK 14 NODE 12 -->  26.202507 sigma out 1act.(  26.9810581 sig in 16act.)
 RANK 15 NODE 1 -->  18.8999557 sigma out 1act.(  19.9283638 sig in 16act.)
 RANK 16 NODE 6 -->  6.48962259 sigma out 1act.(  9.34190941 sig in 16act.)
 SIGNIFICANCE OF INPUTS TO LAYER 3 
 RANK  1 NODE 1 -->  577.447754 sigma in 16 active inputs
  ***********************************************
  *** Learn Path  10
  *** loss function: -0.34745267
  *** contribution from regularisation:  0.000545982155
  *** contribution from error: -0.347998649
  *** contribution from DIAG:  0.000173341337
  ***********************************************
  ENTER BFGS code FG_LNSRCH  -347279.315 -0.418580383  3872.38574
  EXIT FROM BFGS code NEW_X      -347279.315 -0.418580383  3872.38574
  ENTER BFGS code NEW_X      -347279.315 -0.418580383  3872.38574
  EXIT FROM BFGS code FG_LNSRCH   0. -0.457907289  0.
  
 ---------------------------------------------------
  
 Iteration :  11
  ***********************************************
  *** Learn Path  11
  *** loss function: -0.349338591
  *** contribution from regularisation:  0.000545119576
  *** contribution from error: -0.349883705
  *** contribution from DIAG:  0.000178300543
  ***********************************************
  ENTER BFGS code FG_LNSRCH  -349160.282 -0.457907289  1742.44897
  EXIT FROM BFGS code NEW_X      -349160.282 -0.457907289  1742.44897
  ENTER BFGS code NEW_X      -349160.282 -0.457907289  1742.44897
  EXIT FROM BFGS code FG_LNSRCH   0. -0.639307737  0.
  
 ---------------------------------------------------
  
 Iteration :  12
  ***********************************************
  *** Learn Path  12
  *** loss function: -0.350395232
  *** contribution from regularisation:  0.000675170391
  *** contribution from error: -0.351070404
  *** contribution from DIAG:  0.000187575017
  ***********************************************
  ENTER BFGS code FG_LNSRCH  -350207.645 -0.639307737  169.608643
  EXIT FROM BFGS code NEW_X      -350207.645 -0.639307737  169.608643
  ENTER BFGS code NEW_X      -350207.645 -0.639307737  169.608643
  EXIT FROM BFGS code FG_LNSRCH   0. -0.615891159  0.
  
 ---------------------------------------------------
  
 Iteration :  13
  ***********************************************
  *** Learn Path  13
  *** loss function: -0.352857888
  *** contribution from regularisation:  0.00051284855
  *** contribution from error: -0.353370726
  *** contribution from DIAG:  0.000201677627
  ***********************************************
  ENTER BFGS code FG_LNSRCH  -352656.207 -0.615891159 -5331.30469
  EXIT FROM BFGS code NEW_X      -352656.207 -0.615891159 -5331.30469
  ENTER BFGS code NEW_X      -352656.207 -0.615891159 -5331.30469
  EXIT FROM BFGS code FG_LNSRCH   0. -0.630192935  0.
  
 ---------------------------------------------------
  
 Iteration :  14
  ***********************************************
  *** Learn Path  14
  *** loss function: -0.353518099
  *** contribution from regularisation:  0.000537106011
  *** contribution from error: -0.354055196
  *** contribution from DIAG:  0.000221347524
  ***********************************************
  ENTER BFGS code FG_LNSRCH  -353296.766 -0.630192935 -2413.08936
  EXIT FROM BFGS code NEW_X      -353296.766 -0.630192935 -2413.08936
  ENTER BFGS code NEW_X      -353296.766 -0.630192935 -2413.08936
  EXIT FROM BFGS code FG_LNSRCH   0. -0.691193819  0.
  
 ---------------------------------------------------
  
 Iteration :  15
  ***********************************************
  *** Learn Path  15
  *** loss function: -0.354389995
  *** contribution from regularisation:  0.000567489769
  *** contribution from error: -0.354957491
  *** contribution from DIAG:  0.000243773582
  ***********************************************
  ENTER BFGS code FG_LNSRCH  -354146.211 -0.691193819  1883.02612
  EXIT FROM BFGS code NEW_X      -354146.211 -0.691193819  1883.02612
  ENTER BFGS code NEW_X      -354146.211 -0.691193819  1883.02612
  EXIT FROM BFGS code FG_LNSRCH   0. -0.698902845  0.
  
 ---------------------------------------------------
  
 Iteration :  16
  ***********************************************
  *** Learn Path  16
  *** loss function: -0.354749203
  *** contribution from regularisation:  0.000538866501
  *** contribution from error: -0.355288059
  *** contribution from DIAG:  0.000262313988
  ***********************************************
  ENTER BFGS code FG_LNSRCH  -354486.888 -0.698902845  591.704834
  EXIT FROM BFGS code NEW_X      -354486.888 -0.698902845  591.704834
  ENTER BFGS code NEW_X      -354486.888 -0.698902845  591.704834
  EXIT FROM BFGS code FG_LNSRCH   0. -0.717946053  0.
  
 ---------------------------------------------------
  
 Iteration :  17
  ***********************************************
  *** Learn Path  17
  *** loss function: -0.355477631
  *** contribution from regularisation:  0.000547594798
  *** contribution from error: -0.356025219
  *** contribution from DIAG:  0.000286616443
  ***********************************************
  ENTER BFGS code FG_LNSRCH  -355191.026 -0.717946053 -577.788757
  EXIT FROM BFGS code NEW_X      -355191.026 -0.717946053 -577.788757
  ENTER BFGS code NEW_X      -355191.026 -0.717946053 -577.788757
  EXIT FROM BFGS code FG_LNSRCH   0. -0.718296826  0.
  
 ---------------------------------------------------
  
 Iteration :  18
  ***********************************************
  *** Learn Path  18
  *** loss function: -0.356294602
  *** contribution from regularisation:  0.000540565699
  *** contribution from error: -0.356835157
  *** contribution from DIAG:  0.000304502144
  ***********************************************
  ENTER BFGS code FG_LNSRCH  -355990.102 -0.718296826 -1924.14233
  EXIT FROM BFGS code NEW_X      -355990.102 -0.718296826 -1924.14233
  ENTER BFGS code NEW_X      -355990.102 -0.718296826 -1924.14233
  EXIT FROM BFGS code FG_LNSRCH   0. -0.718065739  0.
  
 ---------------------------------------------------
  
 Iteration :  19
  ***********************************************
  *** Learn Path  19
  *** loss function: -0.35675329
  *** contribution from regularisation:  0.000542901165
  *** contribution from error: -0.357296199
  *** contribution from DIAG:  0.00035198417
  ***********************************************
  ENTER BFGS code FG_LNSRCH  -356401.316 -0.718065739  265.127808
  EXIT FROM BFGS code NEW_X      -356401.316 -0.718065739  265.127808
  ENTER BFGS code NEW_X      -356401.316 -0.718065739  265.127808
  EXIT FROM BFGS code FG_LNSRCH   0. -0.714042187  0.
  
 ---------------------------------------------------
  
 Iteration :  20
 SIGNIFICANCE OF OUTPUTS IN LAYER 1
 RANK 1 NODE 1 -->  401.778229 sigma out 16 active outputs
 RANK 2 NODE 5 -->  360.428833 sigma out 16 active outputs
 RANK 3 NODE 3 -->  286.55188 sigma out 16 active outputs
 RANK 4 NODE 14 -->  265.255951 sigma out 16 active outputs
 RANK 5 NODE 13 -->  252.962463 sigma out 16 active outputs
 RANK 6 NODE 16 -->  209.071518 sigma out 16 active outputs
 RANK 7 NODE 15 -->  207.985092 sigma out 16 active outputs
 RANK 8 NODE 12 -->  207.260223 sigma out 16 active outputs
 RANK 9 NODE 7 -->  191.701187 sigma out 16 active outputs
 RANK 10 NODE 10 -->  170.640854 sigma out 16 active outputs
 RANK 11 NODE 6 -->  153.766495 sigma out 16 active outputs
 RANK 12 NODE 8 -->  152.361481 sigma out 16 active outputs
 RANK 13 NODE 9 -->  150.523346 sigma out 16 active outputs
 RANK 14 NODE 2 -->  117.099419 sigma out 16 active outputs
 RANK 15 NODE 4 -->  106.753586 sigma out 16 active outputs
 RANK 16 NODE 11 -->  79.8161697 sigma out 16 active outputs
 SIGNIFICANCE OF INPUTS TO LAYER 2 
     sorted by input significance 
 RANK 1 NODE 9 -->  558.235291 sigma in 16act. (  553.816956 sig out 1act.)
 RANK 2 NODE 4 -->  373.4487 sigma in 16act. (  292.315887 sig out 1act.)
 RANK 3 NODE 3 -->  289.432648 sigma in 16act. (  292.903961 sig out 1act.)
 RANK 4 NODE 13 -->  254.981873 sigma in 16act. (  234.797882 sig out 1act.)
 RANK 5 NODE 8 -->  226.222382 sigma in 16act. (  192.039642 sig out 1act.)
 RANK 6 NODE 16 -->  199.498322 sigma in 16act. (  164.006393 sig out 1act.)
 RANK 7 NODE 2 -->  174.40152 sigma in 16act. (  149.554611 sig out 1act.)
 RANK 8 NODE 5 -->  148.605087 sigma in 16act. (  145.535904 sig out 1act.)
 RANK 9 NODE 14 -->  130.363312 sigma in 16act. (  125.722923 sig out 1act.)
 RANK 10 NODE 7 -->  118.242249 sigma in 16act. (  121.950645 sig out 1act.)
 RANK 11 NODE 11 -->  107.223892 sigma in 16act. (  105.668808 sig out 1act.)
 RANK 12 NODE 15 -->  90.2884521 sigma in 16act. (  92.0916061 sig out 1act.)
 RANK 13 NODE 10 -->  74.8979645 sigma in 16act. (  79.5809402 sig out 1act.)
 RANK 14 NODE 12 -->  52.5379105 sigma in 16act. (  53.2873383 sig out 1act.)
 RANK 15 NODE 1 -->  44.6765633 sigma in 16act. (  44.8359337 sig out 1act.)
 RANK 16 NODE 6 -->  15.5358067 sigma in 16act. (  14.8967819 sig out 1act.)
     sorted by output significance 
 RANK 1 NODE 9 -->  553.816956 sigma out 1act.(  558.235291 sig in 16act.)
 RANK 2 NODE 3 -->  292.903961 sigma out 1act.(  289.432648 sig in 16act.)
 RANK 3 NODE 4 -->  292.315887 sigma out 1act.(  373.4487 sig in 16act.)
 RANK 4 NODE 13 -->  234.797882 sigma out 1act.(  254.981873 sig in 16act.)
 RANK 5 NODE 8 -->  192.039642 sigma out 1act.(  226.222382 sig in 16act.)
 RANK 6 NODE 16 -->  164.006393 sigma out 1act.(  199.498322 sig in 16act.)
 RANK 7 NODE 2 -->  149.554611 sigma out 1act.(  174.40152 sig in 16act.)
 RANK 8 NODE 5 -->  145.535904 sigma out 1act.(  148.605087 sig in 16act.)
 RANK 9 NODE 14 -->  125.722923 sigma out 1act.(  130.363312 sig in 16act.)
 RANK 10 NODE 7 -->  121.950645 sigma out 1act.(  118.242249 sig in 16act.)
 RANK 11 NODE 11 -->  105.668808 sigma out 1act.(  107.223892 sig in 16act.)
 RANK 12 NODE 15 -->  92.0916061 sigma out 1act.(  90.2884521 sig in 16act.)
 RANK 13 NODE 10 -->  79.5809402 sigma out 1act.(  74.8979645 sig in 16act.)
 RANK 14 NODE 12 -->  53.2873383 sigma out 1act.(  52.5379105 sig in 16act.)
 RANK 15 NODE 1 -->  44.8359337 sigma out 1act.(  44.6765633 sig in 16act.)
 RANK 16 NODE 6 -->  14.8967819 sigma out 1act.(  15.5358067 sig in 16act.)
 SIGNIFICANCE OF INPUTS TO LAYER 3 
 RANK  1 NODE 1 -->  837.937378 sigma in 16 active inputs
  ***********************************************
  *** Learn Path  20
  *** loss function: -0.356989413
  *** contribution from regularisation:  0.000532829028
  *** contribution from error: -0.357522249
  *** contribution from DIAG:  0.000368495617
  ***********************************************
  ENTER BFGS code FG_LNSRCH  -356620.913 -0.714042187 -956.105347
  EXIT FROM BFGS code NEW_X      -356620.913 -0.714042187 -956.105347
  ENTER BFGS code NEW_X      -356620.913 -0.714042187 -956.105347
  EXIT FROM BFGS code FG_LNSRCH   0. -0.715826988  0.
  
 ---------------------------------------------------
  
 Iteration :  21
  ***********************************************
  *** Learn Path  21
  *** loss function: -0.357087791
  *** contribution from regularisation:  0.000536289357
  *** contribution from error: -0.357624084
  *** contribution from DIAG:  0.000390926434
  ***********************************************
  ENTER BFGS code FG_LNSRCH  -356696.851 -0.715826988  1133.06616
  EXIT FROM BFGS code NEW_X      -356696.851 -0.715826988  1133.06616
  ENTER BFGS code NEW_X      -356696.851 -0.715826988  1133.06616
  EXIT FROM BFGS code CONVERGENC -356696.851 -0.715826988  1133.06616
  
 ---------------------------------------------------
  
 Iteration :  100
 SIGNIFICANCE OF OUTPUTS IN LAYER 1
 RANK 1 NODE 1 -->  403.536682 sigma out 16 active outputs
 RANK 2 NODE 5 -->  359.995087 sigma out 16 active outputs
 RANK 3 NODE 3 -->  286.350586 sigma out 16 active outputs
 RANK 4 NODE 14 -->  265.383362 sigma out 16 active outputs
 RANK 5 NODE 13 -->  253.454422 sigma out 16 active outputs
 RANK 6 NODE 15 -->  211.314896 sigma out 16 active outputs
 RANK 7 NODE 16 -->  210.124268 sigma out 16 active outputs
 RANK 8 NODE 12 -->  207.923798 sigma out 16 active outputs
 RANK 9 NODE 7 -->  193.668213 sigma out 16 active outputs
 RANK 10 NODE 10 -->  171.236206 sigma out 16 active outputs
 RANK 11 NODE 6 -->  154.96817 sigma out 16 active outputs
 RANK 12 NODE 8 -->  153.783432 sigma out 16 active outputs
 RANK 13 NODE 9 -->  151.166397 sigma out 16 active outputs
 RANK 14 NODE 2 -->  117.905388 sigma out 16 active outputs
 RANK 15 NODE 4 -->  107.611214 sigma out 16 active outputs
 RANK 16 NODE 11 -->  79.5927048 sigma out 16 active outputs
 SIGNIFICANCE OF INPUTS TO LAYER 2 
     sorted by input significance 
 RANK 1 NODE 9 -->  556.869568 sigma in 16act. (  552.326355 sig out 1act.)
 RANK 2 NODE 4 -->  377.386627 sigma in 16act. (  293.581177 sig out 1act.)
 RANK 3 NODE 3 -->  290.182404 sigma in 16act. (  294.602112 sig out 1act.)
 RANK 4 NODE 13 -->  255.945892 sigma in 16act. (  234.731094 sig out 1act.)
 RANK 5 NODE 8 -->  227.809677 sigma in 16act. (  193.554214 sig out 1act.)
 RANK 6 NODE 16 -->  199.91864 sigma in 16act. (  164.695541 sig out 1act.)
 RANK 7 NODE 2 -->  176.821503 sigma in 16act. (  151.716141 sig out 1act.)
 RANK 8 NODE 5 -->  147.964279 sigma in 16act. (  145.042679 sig out 1act.)
 RANK 9 NODE 14 -->  132.415482 sigma in 16act. (  128.212402 sig out 1act.)
 RANK 10 NODE 7 -->  120.476219 sigma in 16act. (  124.620506 sig out 1act.)
 RANK 11 NODE 11 -->  108.420723 sigma in 16act. (  106.907021 sig out 1act.)
 RANK 12 NODE 15 -->  90.8839111 sigma in 16act. (  92.6481247 sig out 1act.)
 RANK 13 NODE 10 -->  76.3888092 sigma in 16act. (  81.4568558 sig out 1act.)
 RANK 14 NODE 12 -->  54.1727524 sigma in 16act. (  54.9347801 sig out 1act.)
 RANK 15 NODE 1 -->  44.4539757 sigma in 16act. (  44.7957344 sig out 1act.)
 RANK 16 NODE 6 -->  15.1937895 sigma in 16act. (  14.4959135 sig out 1act.)
     sorted by output significance 
 RANK 1 NODE 9 -->  552.326355 sigma out 1act.(  556.869568 sig in 16act.)
 RANK 2 NODE 3 -->  294.602112 sigma out 1act.(  290.182404 sig in 16act.)
 RANK 3 NODE 4 -->  293.581177 sigma out 1act.(  377.386627 sig in 16act.)
 RANK 4 NODE 13 -->  234.731094 sigma out 1act.(  255.945892 sig in 16act.)
 RANK 5 NODE 8 -->  193.554214 sigma out 1act.(  227.809677 sig in 16act.)
 RANK 6 NODE 16 -->  164.695541 sigma out 1act.(  199.91864 sig in 16act.)
 RANK 7 NODE 2 -->  151.716141 sigma out 1act.(  176.821503 sig in 16act.)
 RANK 8 NODE 5 -->  145.042679 sigma out 1act.(  147.964279 sig in 16act.)
 RANK 9 NODE 14 -->  128.212402 sigma out 1act.(  132.415482 sig in 16act.)
 RANK 10 NODE 7 -->  124.620506 sigma out 1act.(  120.476219 sig in 16act.)
 RANK 11 NODE 11 -->  106.907021 sigma out 1act.(  108.420723 sig in 16act.)
 RANK 12 NODE 15 -->  92.6481247 sigma out 1act.(  90.8839111 sig in 16act.)
 RANK 13 NODE 10 -->  81.4568558 sigma out 1act.(  76.3888092 sig in 16act.)
 RANK 14 NODE 12 -->  54.9347801 sigma out 1act.(  54.1727524 sig in 16act.)
 RANK 15 NODE 1 -->  44.7957344 sigma out 1act.(  44.4539757 sig in 16act.)
 RANK 16 NODE 6 -->  14.4959135 sigma out 1act.(  15.1937895 sig in 16act.)
 SIGNIFICANCE OF INPUTS TO LAYER 3 
 RANK  1 NODE 1 -->  840.022461 sigma in 16 active inputs
  ***********************************************
  *** Learn Path  100
  *** loss function: -0.357087642
  *** contribution from regularisation:  0.000536423351
  *** contribution from error: -0.357624054
  *** contribution from DIAG:  0.000389973371
  ***********************************************
 -----------------> Test sample
 Sum of Weights for output node  2  1000000.
 FLAT2DEF: TAB(KK=1, II= 2) =  -9.1875124
 create test 22 plots 9100/9200:  2
 END OF LEARNING , export EXPERTISE
 WRITE NETWORK WEIGHTS TO EXPERTISE
 SAVING EXPERTISE TO bshhet.nb
 NB_AHISTOUT: storage space 53320
