makedepend: warning:  ChainTuples.cpp (reading ChainTuples.h, line 4): cannot find include file "iostream"
	not in /Users/mcoombes/Documents/ComputerWork/root/root_v5r32/include/iostream
	not in /opt/local/include/iostream
	not in /usr/include/iostream
makedepend: warning:  ChainTuples.cpp (reading ChainTuples.h, line 5): cannot find include file "vector"
	not in /Users/mcoombes/Documents/ComputerWork/root/root_v5r32/include/vector
	not in /opt/local/include/vector
	not in /usr/include/vector
makedepend: warning:  ChainTuples.cpp (reading ChainTuples.h, line 6): cannot find include file "fstream"
	not in /Users/mcoombes/Documents/ComputerWork/root/root_v5r32/include/fstream
	not in /opt/local/include/fstream
	not in /usr/include/fstream
makedepend: warning:  ChainTuples.cpp (reading /Users/mcoombes/Documents/ComputerWork/root/root_v5r32/include/Rtypeinfo.h, line 32): cannot find include file "typeinfo"
	not in /Users/mcoombes/Documents/ComputerWork/root/root_v5r32/include/typeinfo
	not in /opt/local/include/typeinfo
	not in /usr/include/typeinfo
makedepend: warning:  ChainTuples.cpp (reading /Users/mcoombes/Documents/ComputerWork/root/root_v5r32/include/TGenericClassInfo.h, line 15): cannot find include file "vector"
	not in /Users/mcoombes/Documents/ComputerWork/root/root_v5r32/include/vector
	not in /opt/local/include/vector
	not in /usr/include/vector
makedepend: warning:  ChainTuples.cpp (reading /Users/mcoombes/Documents/ComputerWork/root/root_v5r32/include/TSchemaHelper.h, line 7): cannot find include file "string"
	not in /Users/mcoombes/Documents/ComputerWork/root/root_v5r32/include/string
	not in /opt/local/include/string
	not in /usr/include/string
makedepend: warning:  ChainTuples.cpp (reading /Users/mcoombes/Documents/ComputerWork/root/root_v5r32/include/Riosfwd.h, line 33): cannot find include file "iosfwd"
	not in /Users/mcoombes/Documents/ComputerWork/root/root_v5r32/include/iosfwd
	not in /opt/local/include/iosfwd
	not in /usr/include/iosfwd
makedepend: warning:  ChainTuples.cpp (reading /Users/mcoombes/Documents/ComputerWork/root/root_v5r32/include/TObject.h, line 42): cannot find include file "stdarg.h"
	not in /Users/mcoombes/Documents/ComputerWork/root/root_v5r32/include/stdarg.h
	not in /opt/local/include/stdarg.h
	not in /usr/include/stdarg.h
makedepend: warning:  ChainTuples.cpp (reading /Users/mcoombes/Documents/ComputerWork/root/root_v5r32/include/TString.h, line 39): cannot find include file "stdarg.h"
	not in /Users/mcoombes/Documents/ComputerWork/root/root_v5r32/include/stdarg.h
	not in /opt/local/include/stdarg.h
	not in /usr/include/stdarg.h
makedepend: warning:  ChainTuples.cpp (reading /Users/mcoombes/Documents/ComputerWork/root/root_v5r32/include/TString.h, line 40): cannot find include file "string"
	not in /Users/mcoombes/Documents/ComputerWork/root/root_v5r32/include/string
	not in /opt/local/include/string
	not in /usr/include/string
makedepend: warning:  ChainTuples.cpp (reading /Users/mcoombes/Documents/ComputerWork/root/root_v5r32/include/TObjArray.h, line 29): cannot find include file "iterator"
	not in /Users/mcoombes/Documents/ComputerWork/root/root_v5r32/include/iterator
	not in /opt/local/include/iterator
	not in /usr/include/iterator
makedepend: warning:  ChainTuples.cpp (reading /Users/mcoombes/Documents/ComputerWork/root/root_v5r32/include/TClass.h, line 36): cannot find include file "map"
	not in /Users/mcoombes/Documents/ComputerWork/root/root_v5r32/include/map
	not in /opt/local/include/map
	not in /usr/include/map
makedepend: warning:  ChainTuples.cpp (reading /Users/mcoombes/Documents/ComputerWork/root/root_v5r32/include/TClass.h, line 37): cannot find include file "string"
	not in /Users/mcoombes/Documents/ComputerWork/root/root_v5r32/include/string
	not in /opt/local/include/string
	not in /usr/include/string
makedepend: warning:  ChainTuples.cpp (reading ReadFile.h, line 4): cannot find include file "iostream"
	not in /Users/mcoombes/Documents/ComputerWork/root/root_v5r32/include/iostream
	not in /opt/local/include/iostream
	not in /usr/include/iostream
makedepend: warning:  ChainTuples.cpp (reading ReadFile.h, line 5): cannot find include file "fstream"
	not in /Users/mcoombes/Documents/ComputerWork/root/root_v5r32/include/fstream
	not in /opt/local/include/fstream
	not in /usr/include/fstream
makedepend: warning:  ChainTuples.cpp (reading ReadFile.h, line 6): cannot find include file "string"
	not in /Users/mcoombes/Documents/ComputerWork/root/root_v5r32/include/string
	not in /opt/local/include/string
	not in /usr/include/string
makedepend: warning:  ChainTuples.cpp (reading ReadFile.h, line 7): cannot find include file "vector"
	not in /Users/mcoombes/Documents/ComputerWork/root/root_v5r32/include/vector
	not in /opt/local/include/vector
	not in /usr/include/vector
makedepend: warning:  RichParticle.cpp (reading RichParticle.h, line 4): cannot find include file "iostream"
	not in /Users/mcoombes/Documents/ComputerWork/root/root_v5r32/include/iostream
	not in /opt/local/include/iostream
	not in /usr/include/iostream
makedepend: warning:  RichParticle.cpp (reading RichParticle.h, line 5): cannot find include file "map"
	not in /Users/mcoombes/Documents/ComputerWork/root/root_v5r32/include/map
	not in /opt/local/include/map
	not in /usr/include/map
makedepend: warning:  RichParticle.cpp (reading RichParticle.h, line 6): cannot find include file "string"
	not in /Users/mcoombes/Documents/ComputerWork/root/root_v5r32/include/string
	not in /opt/local/include/string
	not in /usr/include/string
makedepend: warning:  RichParticleFinder.cpp (reading RichParticleFinder.h, line 4): cannot find include file "iostream"
	not in /Users/mcoombes/Documents/ComputerWork/root/root_v5r32/include/iostream
	not in /opt/local/include/iostream
	not in /usr/include/iostream
makedepend: warning:  RichParticleFinder.cpp (reading RichParticleFinder.h, line 5): cannot find include file "string"
	not in /Users/mcoombes/Documents/ComputerWork/root/root_v5r32/include/string
	not in /opt/local/include/string
	not in /usr/include/string
makedepend: warning:  RichParticleFinder.cpp (reading RichParticleFinder.h, line 6): cannot find include file "sstream"
	not in /Users/mcoombes/Documents/ComputerWork/root/root_v5r32/include/sstream
	not in /opt/local/include/sstream
	not in /usr/include/sstream
makedepend: warning:  RichParticleFinder.cpp (reading /Users/mcoombes/Documents/ComputerWork/root/root_v5r32/include/TList.h, line 32): cannot find include file "iterator"
	not in /Users/mcoombes/Documents/ComputerWork/root/root_v5r32/include/iterator
	not in /opt/local/include/iterator
	not in /usr/include/iterator
makedepend: warning:  RichParticleFinder.cpp (reading /Users/mcoombes/Documents/ComputerWork/root/root_v5r32/include/TMap.h, line 35): cannot find include file "iterator"
	not in /Users/mcoombes/Documents/ComputerWork/root/root_v5r32/include/iterator
	not in /opt/local/include/iterator
	not in /usr/include/iterator
makedepend: warning:  RichParticleFinder.cpp (reading /Users/mcoombes/Documents/ComputerWork/root/root_v5r32/include/TH1.h, line 64): cannot find include file "float.h"
	not in /Users/mcoombes/Documents/ComputerWork/root/root_v5r32/include/float.h
	not in /opt/local/include/float.h
	not in /usr/include/float.h
makedepend: warning:  main.cpp, line 1: cannot find include file "iostream"
	not in /Users/mcoombes/Documents/ComputerWork/root/root_v5r32/include/iostream
	not in /opt/local/include/iostream
	not in /usr/include/iostream
makedepend: warning:  main.cpp, line 4: cannot find include file "utility"
	not in /Users/mcoombes/Documents/ComputerWork/root/root_v5r32/include/utility
	not in /opt/local/include/utility
	not in /usr/include/utility
